forrtl: error (69): process interrupted (SIGINT)
Image              PC                Routine            Line        Source             
vasp_std           0000000001778ABE  Unknown               Unknown  Unknown
libpthread-2.28.s  0000152526859C20  Unknown               Unknown  Unknown
libmpi.so.12.0     0000152526F69271  Unknown               Unknown  Unknown
libmpi.so.12       0000152526F63D6E  PMPIDI_CH3I_Progr     Unknown  Unknown
libmpi.so.12       00001525271FDA00  MPIR_Waitall_impl     Unknown  Unknown
libmpi.so.12       000015252706FF4B  MPIC_Waitall          Unknown  Unknown
libmpi.so.12       0000152526F3D5ED  MPIR_Alltoall_int     Unknown  Unknown
libmpi.so.12       0000152526F3CA9A  MPIR_Alltoall         Unknown  Unknown
libmpi.so.12       0000152526F3CA38  MPIR_Alltoall_imp     Unknown  Unknown
libmpi.so.12       0000152526F3C29E  PMPI_Alltoall         Unknown  Unknown
libmpifort.so.12.  00001525276176C6  mpi_alltoall__        Unknown  Unknown
vasp_std           0000000000412DF7  Unknown               Unknown  Unknown
vasp_std           0000000000585479  Unknown               Unknown  Unknown
vasp_std           0000000000E835EB  Unknown               Unknown  Unknown
vasp_std           0000000000EF8360  Unknown               Unknown  Unknown
vasp_std           000000000161C771  Unknown               Unknown  Unknown
vasp_std           00000000015F6996  Unknown               Unknown  Unknown
vasp_std           000000000040758E  Unknown               Unknown  Unknown
libc-2.28.so       0000152526123493  __libc_start_main     Unknown  Unknown
vasp_std           00000000004074A9  Unknown               Unknown  Unknown
forrtl: error (69): process interrupted (SIGINT)
Image              PC                Routine            Line        Source             
vasp_std           0000000001778ABE  Unknown               Unknown  Unknown
libpthread-2.28.s  000014AA49474C20  Unknown               Unknown  Unknown
libmpi.so.12.0     000014AA49B84271  Unknown               Unknown  Unknown
libmpi.so.12       000014AA49B7ED6E  PMPIDI_CH3I_Progr     Unknown  Unknown
libmpi.so.12       000014AA49E18A00  MPIR_Waitall_impl     Unknown  Unknown
libmpi.so.12       000014AA49C8AF4B  MPIC_Waitall          Unknown  Unknown
libmpi.so.12       000014AA49B585ED  MPIR_Alltoall_int     Unknown  Unknown
libmpi.so.12       000014AA49B57A9A  MPIR_Alltoall         Unknown  Unknown
libmpi.so.12       000014AA49B57A38  MPIR_Alltoall_imp     Unknown  Unknown
libmpi.so.12       000014AA49B5729E  PMPI_Alltoall         Unknown  Unknown
libmpifort.so.12.  000014AA4A2326C6  mpi_alltoall__        Unknown  Unknown
vasp_std           0000000000412DF7  Unknown               Unknown  Unknown
vasp_std           0000000000585479  Unknown               Unknown  Unknown
vasp_std           0000000000E835EB  Unknown               Unknown  Unknown
vasp_std           0000000000EF8360  Unknown               Unknown  Unknown
vasp_std           000000000161C771  Unknown               Unknown  Unknown
vasp_std           00000000015F6996  Unknown               Unknown  Unknown
vasp_std           000000000040758E  Unknown               Unknown  Unknown
libc-2.28.so       000014AA48D3E493  __libc_start_main     Unknown  Unknown
vasp_std           00000000004074A9  Unknown               Unknown  Unknown
forrtl: error (69): process interrupted (SIGINT)
Image              PC                Routine            Line        Source             
vasp_std           0000000001778ABE  Unknown               Unknown  Unknown
libpthread-2.28.s  000015105EFE8C20  Unknown               Unknown  Unknown
libmpi.so.12.0     000015105F6F8271  Unknown               Unknown  Unknown
libmpi.so.12       000015105F6F2D6E  PMPIDI_CH3I_Progr     Unknown  Unknown
libmpi.so.12       000015105F98CA00  MPIR_Waitall_impl     Unknown  Unknown
libmpi.so.12       000015105F7FEF4B  MPIC_Waitall          Unknown  Unknown
libmpi.so.12       000015105F6CC5ED  MPIR_Alltoall_int     Unknown  Unknown
libmpi.so.12       000015105F6CBA9A  MPIR_Alltoall         Unknown  Unknown
libmpi.so.12       000015105F6CBA38  MPIR_Alltoall_imp     Unknown  Unknown
libmpi.so.12       000015105F6CB29E  PMPI_Alltoall         Unknown  Unknown
libmpifort.so.12.  000015105FDA66C6  mpi_alltoall__        Unknown  Unknown
vasp_std           0000000000412DF7  Unknown               Unknown  Unknown
vasp_std           0000000000585479  Unknown               Unknown  Unknown
vasp_std           0000000000E835EB  Unknown               Unknown  Unknown
vasp_std           0000000000EF8360  Unknown               Unknown  Unknown
vasp_std           000000000161C771  Unknown               Unknown  Unknown
vasp_std           00000000015F6996  Unknown               Unknown  Unknown
vasp_std           000000000040758E  Unknown               Unknown  Unknown
libc-2.28.so       000015105E8B2493  __libc_start_main     Unknown  Unknown
vasp_std           00000000004074A9  Unknown               Unknown  Unknown
forrtl: error (69): process interrupted (SIGINT)
Image              PC                Routine            Line        Source             
vasp_std           0000000001778ABE  Unknown               Unknown  Unknown
libpthread-2.28.s  00001480C87F7C20  Unknown               Unknown  Unknown
libmpi.so.12.0     00001480C8F07271  Unknown               Unknown  Unknown
libmpi.so.12       00001480C8F01D6E  PMPIDI_CH3I_Progr     Unknown  Unknown
libmpi.so.12       00001480C919BA00  MPIR_Waitall_impl     Unknown  Unknown
libmpi.so.12       00001480C900DF4B  MPIC_Waitall          Unknown  Unknown
libmpi.so.12       00001480C8EDE887  MPIR_Alltoallv_in     Unknown  Unknown
libmpi.so.12       00001480C8EDDE09  MPIR_Alltoallv        Unknown  Unknown
libmpi.so.12       00001480C8EDDD91  MPIR_Alltoallv_im     Unknown  Unknown
libmpi.so.12       00001480C8EDD0F2  MPI_Alltoallv         Unknown  Unknown
libmpifort.so.12.  00001480C95B577A  pmpi_alltoallv__      Unknown  Unknown
vasp_std           0000000000411F0E  Unknown               Unknown  Unknown
vasp_std           000000000159C3BD  Unknown               Unknown  Unknown
vasp_std           0000000001592C92  Unknown               Unknown  Unknown
vasp_std           000000000159397A  Unknown               Unknown  Unknown
vasp_std           0000000001593276  Unknown               Unknown  Unknown
vasp_std           000000000058F5A4  Unknown               Unknown  Unknown
vasp_std           0000000000E83544  Unknown               Unknown  Unknown
vasp_std           0000000000EF8360  Unknown               Unknown  Unknown
vasp_std           000000000161C771  Unknown               Unknown  Unknown
vasp_std           00000000015F6996  Unknown               Unknown  Unknown
vasp_std           000000000040758E  Unknown               Unknown  Unknown
libc-2.28.so       00001480C80C1493  __libc_start_main     Unknown  Unknown
vasp_std           00000000004074A9  Unknown               Unknown  Unknown
