Intel(R) Parallel Studio XE 2019 Update 1 for Linux*
Copyright (C) 2009-2018 Intel Corporation. All rights reserved.

------------------------------------------------------------
Sender: LSF System <lsfadmin@node07>
Subject: Job 406718: <co-hollow> in cluster <cluster1> Exited

Job <co-hollow> was submitted from host <manage01> by user <phu> in cluster <cluster1> at Mon Nov 24 21:43:39 2025
Job was executed on host(s) <8*node07>, in queue <long>, as user <phu> in cluster <cluster1> at Mon Nov 24 19:57:44 2025
</data/home/phu/> was used as the home directory.
</data/home/phu/pp/COO/1-1/quasi-ts/2-9-2/opt/POSCAR_44> was used as the working directory.
Started at Mon Nov 24 19:57:44 2025
Terminated at Mon Nov 24 20:16:35 2025
Results reported at Mon Nov 24 20:16:35 2025

Your job looked like:

------------------------------------------------------------
# LSBATCH: User input
#!/bin/bash
#BSUB -q long
#BSUB -R "span[hosts=1]"
#BSUB -n 8
#BSUB -o %J.out
#BSUB -e %J.err
#BSUB -J co-hollow

#export I_MPI_ADJUST_REDUCE=3
#export MPIR_CVAR_COLL_ALIAS_CHECK=0

ulimit -s unlimited
source /data/home/phu/apps/Intel/2019/parallel_studio_xe_2019/psxevars.sh intel64
source /data/home/phu/apps/Intel/2019/profile.d/mpi_intelmpi-5.0.2.044.sh intel64
cd $LS_SUBCWD
NP=`echo $LSB_HOSTS | wc -w`

mpirun -n $NP /data/apps/vasp/vasp_std > print-out

------------------------------------------------------------

TERM_OWNER: job killed by owner.
Exited with signal termination: 14.

Resource usage summary:

    CPU time :                                   6576.53 sec.
    Max Memory :                                 1534 MB
    Average Memory :                             1408.63 MB
    Total Requested Memory :                     -
    Delta Memory :                               -
    Max Swap :                                   -
    Max Processes :                              14
    Max Threads :                                15
    Run time :                                   1131 sec.
    Turnaround time :                            0 sec.

The output (if any) is above this job summary.



PS:

Read file <406718.err> for stderr output of this job.

