forrtl: error (69): process interrupted (SIGINT)
Image              PC                Routine            Line        Source             
vasp_std           0000000001778ABE  Unknown               Unknown  Unknown
libpthread-2.28.s  00001458ED814C20  Unknown               Unknown  Unknown
vasp_std           00000000015931A6  Unknown               Unknown  Unknown
vasp_std           000000000063654B  Unknown               Unknown  Unknown
vasp_std           000000000064E54B  Unknown               Unknown  Unknown
vasp_std           0000000001611657  Unknown               Unknown  Unknown
vasp_std           000000000040758E  Unknown               Unknown  Unknown
libc-2.28.so       00001458ED0DE493  __libc_start_main     Unknown  Unknown
vasp_std           00000000004074A9  Unknown               Unknown  Unknown
forrtl: error (69): process interrupted (SIGINT)
Image              PC                Routine            Line        Source             
vasp_std           0000000001778ABE  Unknown               Unknown  Unknown
libpthread-2.28.s  0000149C5631AC20  Unknown               Unknown  Unknown
vasp_std           00000000015931A6  Unknown               Unknown  Unknown
vasp_std           000000000063654B  Unknown               Unknown  Unknown
vasp_std           000000000064E54B  Unknown               Unknown  Unknown
vasp_std           0000000001611657  Unknown               Unknown  Unknown
vasp_std           000000000040758E  Unknown               Unknown  Unknown
libc-2.28.so       0000149C55BE4493  __libc_start_main     Unknown  Unknown
vasp_std           00000000004074A9  Unknown               Unknown  Unknown
forrtl: error (69): process interrupted (SIGINT)
Image              PC                Routine            Line        Source             
vasp_std           0000000001778ABE  Unknown               Unknown  Unknown
libpthread-2.28.s  000014AF2368EC20  Unknown               Unknown  Unknown
vasp_std           00000000015931A6  Unknown               Unknown  Unknown
vasp_std           000000000063654B  Unknown               Unknown  Unknown
vasp_std           000000000064E54B  Unknown               Unknown  Unknown
vasp_std           0000000001611657  Unknown               Unknown  Unknown
vasp_std           000000000040758E  Unknown               Unknown  Unknown
libc-2.28.so       000014AF22F58493  __libc_start_main     Unknown  Unknown
vasp_std           00000000004074A9  Unknown               Unknown  Unknown
forrtl: error (69): process interrupted (SIGINT)
Image              PC                Routine            Line        Source             
vasp_std           0000000001778ABE  Unknown               Unknown  Unknown
libpthread-2.28.s  0000148C89B28C20  Unknown               Unknown  Unknown
vasp_std           00000000015931A6  Unknown               Unknown  Unknown
vasp_std           000000000063654B  Unknown               Unknown  Unknown
vasp_std           000000000064E54B  Unknown               Unknown  Unknown
vasp_std           0000000001611657  Unknown               Unknown  Unknown
vasp_std           000000000040758E  Unknown               Unknown  Unknown
libc-2.28.so       0000148C893F2493  __libc_start_main     Unknown  Unknown
vasp_std           00000000004074A9  Unknown               Unknown  Unknown
forrtl: error (69): process interrupted (SIGINT)
Image              PC                Routine            Line        Source             
vasp_std           0000000001778ABE  Unknown               Unknown  Unknown
libpthread-2.28.s  000014C49A91AC20  Unknown               Unknown  Unknown
libmkl_avx512.so   000014C492A1B0FA  mkl_dft_avx512_co     Unknown  Unknown
libmkl_avx512.so   000014C4928508E2  Unknown               Unknown  Unknown
libmkl_intel_lp64  000014C4A2A28339  DftiComputeBackwa     Unknown  Unknown
libmkl_intel_lp64  000014C4A2A2EA1F  fftw_execute_dft      Unknown  Unknown
vasp_std           0000000001592CA3  Unknown               Unknown  Unknown
vasp_std           000000000159397A  Unknown               Unknown  Unknown
vasp_std           0000000001593276  Unknown               Unknown  Unknown
vasp_std           000000000063654B  Unknown               Unknown  Unknown
vasp_std           000000000064E54B  Unknown               Unknown  Unknown
vasp_std           0000000001611657  Unknown               Unknown  Unknown
vasp_std           000000000040758E  Unknown               Unknown  Unknown
libc-2.28.so       000014C49A1E4493  __libc_start_main     Unknown  Unknown
vasp_std           00000000004074A9  Unknown               Unknown  Unknown
forrtl: error (69): process interrupted (SIGINT)
Image              PC                Routine            Line        Source             
vasp_std           0000000001778ABE  Unknown               Unknown  Unknown
libpthread-2.28.s  000014A6B3295C20  Unknown               Unknown  Unknown
vasp_std           000000000159C1E7  Unknown               Unknown  Unknown
vasp_std           0000000001592C92  Unknown               Unknown  Unknown
vasp_std           000000000159397A  Unknown               Unknown  Unknown
vasp_std           0000000001593276  Unknown               Unknown  Unknown
vasp_std           000000000063654B  Unknown               Unknown  Unknown
vasp_std           000000000064E54B  Unknown               Unknown  Unknown
vasp_std           0000000001611657  Unknown               Unknown  Unknown
vasp_std           000000000040758E  Unknown               Unknown  Unknown
libc-2.28.so       000014A6B2B5F493  __libc_start_main     Unknown  Unknown
vasp_std           00000000004074A9  Unknown               Unknown  Unknown
forrtl: error (69): process interrupted (SIGINT)
Image              PC                Routine            Line        Source             
vasp_std           0000000001778ABE  Unknown               Unknown  Unknown
libpthread-2.28.s  000014FE6E28BC20  Unknown               Unknown  Unknown
libmkl_avx512.so   000014FE6638C123  mkl_dft_avx512_co     Unknown  Unknown
libmkl_avx512.so   000014FE661C18E2  Unknown               Unknown  Unknown
libmkl_intel_lp64  000014FE76399339  DftiComputeBackwa     Unknown  Unknown
libmkl_intel_lp64  000014FE7639FA1F  fftw_execute_dft      Unknown  Unknown
vasp_std           0000000001592CA3  Unknown               Unknown  Unknown
vasp_std           000000000159397A  Unknown               Unknown  Unknown
vasp_std           0000000001593276  Unknown               Unknown  Unknown
vasp_std           000000000063654B  Unknown               Unknown  Unknown
vasp_std           000000000064E54B  Unknown               Unknown  Unknown
vasp_std           0000000001611657  Unknown               Unknown  Unknown
vasp_std           000000000040758E  Unknown               Unknown  Unknown
libc-2.28.so       000014FE6DB55493  __libc_start_main     Unknown  Unknown
vasp_std           00000000004074A9  Unknown               Unknown  Unknown
forrtl: error (69): process interrupted (SIGINT)
Image              PC                Routine            Line        Source             
vasp_std           0000000001778ABE  Unknown               Unknown  Unknown
libpthread-2.28.s  0000153F6A6D6C20  Unknown               Unknown  Unknown
libmpi.so.12.0     0000153F6ADE6589  Unknown               Unknown  Unknown
libmpi.so.12       0000153F6ADE0D6E  PMPIDI_CH3I_Progr     Unknown  Unknown
libmpi.so.12       0000153F6B07AA00  MPIR_Waitall_impl     Unknown  Unknown
libmpi.so.12       0000153F6AEECF4B  MPIC_Waitall          Unknown  Unknown
libmpi.so.12       0000153F6ADBD887  MPIR_Alltoallv_in     Unknown  Unknown
libmpi.so.12       0000153F6ADBCE09  MPIR_Alltoallv        Unknown  Unknown
libmpi.so.12       0000153F6ADBCD91  MPIR_Alltoallv_im     Unknown  Unknown
libmpi.so.12       0000153F6ADBC0F2  MPI_Alltoallv         Unknown  Unknown
libmpifort.so.12.  0000153F6B49477A  pmpi_alltoallv__      Unknown  Unknown
vasp_std           0000000000411F0E  Unknown               Unknown  Unknown
vasp_std           000000000159C3BD  Unknown               Unknown  Unknown
vasp_std           0000000001592C92  Unknown               Unknown  Unknown
vasp_std           000000000159397A  Unknown               Unknown  Unknown
vasp_std           0000000001593276  Unknown               Unknown  Unknown
vasp_std           000000000063654B  Unknown               Unknown  Unknown
vasp_std           000000000064E54B  Unknown               Unknown  Unknown
vasp_std           0000000001611657  Unknown               Unknown  Unknown
vasp_std           000000000040758E  Unknown               Unknown  Unknown
libc-2.28.so       0000153F69FA0493  __libc_start_main     Unknown  Unknown
vasp_std           00000000004074A9  Unknown               Unknown  Unknown
