forrtl: error (69): process interrupted (SIGINT)
Image              PC                Routine            Line        Source             
vasp_std           0000000001778ABE  Unknown               Unknown  Unknown
libpthread-2.28.s  000015006A6FEC20  Unknown               Unknown  Unknown
vasp_std           000000000159C1E7  Unknown               Unknown  Unknown
vasp_std           0000000001592C92  Unknown               Unknown  Unknown
vasp_std           000000000159397A  Unknown               Unknown  Unknown
vasp_std           0000000001593276  Unknown               Unknown  Unknown
vasp_std           000000000058F5A4  Unknown               Unknown  Unknown
vasp_std           0000000000E83544  Unknown               Unknown  Unknown
vasp_std           0000000000EF8360  Unknown               Unknown  Unknown
vasp_std           000000000161C771  Unknown               Unknown  Unknown
vasp_std           00000000015F6996  Unknown               Unknown  Unknown
vasp_std           000000000040758E  Unknown               Unknown  Unknown
libc-2.28.so       0000150069FC8493  __libc_start_main     Unknown  Unknown
vasp_std           00000000004074A9  Unknown               Unknown  Unknown
forrtl: error (69): process interrupted (SIGINT)
Image              PC                Routine            Line        Source             
vasp_std           0000000001778ABE  Unknown               Unknown  Unknown
libpthread-2.28.s  000014EDB3D9AC20  Unknown               Unknown  Unknown
libmpi.so.12.0     000014EDB44AA271  Unknown               Unknown  Unknown
libmpi.so.12       000014EDB44A4D6E  PMPIDI_CH3I_Progr     Unknown  Unknown
libmpi.so.12       000014EDB473EA00  MPIR_Waitall_impl     Unknown  Unknown
libmpi.so.12       000014EDB45B0F4B  MPIC_Waitall          Unknown  Unknown
libmpi.so.12       000014EDB447E5ED  MPIR_Alltoall_int     Unknown  Unknown
libmpi.so.12       000014EDB447DA9A  MPIR_Alltoall         Unknown  Unknown
libmpi.so.12       000014EDB447DA38  MPIR_Alltoall_imp     Unknown  Unknown
libmpi.so.12       000014EDB447D29E  PMPI_Alltoall         Unknown  Unknown
libmpifort.so.12.  000014EDB4B586C6  mpi_alltoall__        Unknown  Unknown
vasp_std           0000000000412DF7  Unknown               Unknown  Unknown
vasp_std           0000000000585479  Unknown               Unknown  Unknown
vasp_std           0000000000E835EB  Unknown               Unknown  Unknown
vasp_std           0000000000EF8360  Unknown               Unknown  Unknown
vasp_std           000000000161C771  Unknown               Unknown  Unknown
vasp_std           00000000015F6996  Unknown               Unknown  Unknown
vasp_std           000000000040758E  Unknown               Unknown  Unknown
libc-2.28.so       000014EDB3664493  __libc_start_main     Unknown  Unknown
vasp_std           00000000004074A9  Unknown               Unknown  Unknown
forrtl: error (69): process interrupted (SIGINT)
Image              PC                Routine            Line        Source             
vasp_std           0000000001778ABE  Unknown               Unknown  Unknown
libpthread-2.28.s  00001479D0A54C20  Unknown               Unknown  Unknown
libmpi.so.12.0     00001479D1164639  Unknown               Unknown  Unknown
libmpi.so.12       00001479D115ED6E  PMPIDI_CH3I_Progr     Unknown  Unknown
libmpi.so.12       00001479D13F8A00  MPIR_Waitall_impl     Unknown  Unknown
libmpi.so.12       00001479D126AF4B  MPIC_Waitall          Unknown  Unknown
libmpi.so.12       00001479D113B887  MPIR_Alltoallv_in     Unknown  Unknown
libmpi.so.12       00001479D113AE09  MPIR_Alltoallv        Unknown  Unknown
libmpi.so.12       00001479D113AD91  MPIR_Alltoallv_im     Unknown  Unknown
libmpi.so.12       00001479D113A0F2  MPI_Alltoallv         Unknown  Unknown
libmpifort.so.12.  00001479D181277A  pmpi_alltoallv__      Unknown  Unknown
vasp_std           0000000000411F0E  Unknown               Unknown  Unknown
vasp_std           000000000159C3BD  Unknown               Unknown  Unknown
vasp_std           0000000001592C92  Unknown               Unknown  Unknown
vasp_std           000000000159397A  Unknown               Unknown  Unknown
vasp_std           0000000001593276  Unknown               Unknown  Unknown
vasp_std           000000000058F5A4  Unknown               Unknown  Unknown
vasp_std           0000000000E83544  Unknown               Unknown  Unknown
vasp_std           0000000000EF8360  Unknown               Unknown  Unknown
vasp_std           000000000161C771  Unknown               Unknown  Unknown
vasp_std           00000000015F6996  Unknown               Unknown  Unknown
vasp_std           000000000040758E  Unknown               Unknown  Unknown
libc-2.28.so       00001479D031E493  __libc_start_main     Unknown  Unknown
vasp_std           00000000004074A9  Unknown               Unknown  Unknown
forrtl: error (69): process interrupted (SIGINT)
Image              PC                Routine            Line        Source             
vasp_std           0000000001778ABE  Unknown               Unknown  Unknown
libpthread-2.28.s  000015211F6A8C20  Unknown               Unknown  Unknown
libmpi.so.12.0     000015211FDB8271  Unknown               Unknown  Unknown
libmpi.so.12       000015211FDB2D6E  PMPIDI_CH3I_Progr     Unknown  Unknown
libmpi.so.12       000015212004CA00  MPIR_Waitall_impl     Unknown  Unknown
libmpi.so.12       000015211FEBEF4B  MPIC_Waitall          Unknown  Unknown
libmpi.so.12       000015211FD8C5ED  MPIR_Alltoall_int     Unknown  Unknown
libmpi.so.12       000015211FD8BA9A  MPIR_Alltoall         Unknown  Unknown
libmpi.so.12       000015211FD8BA38  MPIR_Alltoall_imp     Unknown  Unknown
libmpi.so.12       000015211FD8B29E  PMPI_Alltoall         Unknown  Unknown
libmpifort.so.12.  00001521204666C6  mpi_alltoall__        Unknown  Unknown
vasp_std           0000000000412DF7  Unknown               Unknown  Unknown
vasp_std           0000000000585479  Unknown               Unknown  Unknown
vasp_std           0000000000E835EB  Unknown               Unknown  Unknown
vasp_std           0000000000EF8360  Unknown               Unknown  Unknown
vasp_std           000000000161C771  Unknown               Unknown  Unknown
vasp_std           00000000015F6996  Unknown               Unknown  Unknown
vasp_std           000000000040758E  Unknown               Unknown  Unknown
libc-2.28.so       000015211EF72493  __libc_start_main     Unknown  Unknown
vasp_std           00000000004074A9  Unknown               Unknown  Unknown
forrtl: error (69): process interrupted (SIGINT)
Image              PC                Routine            Line        Source             
vasp_std           0000000001778ABE  Unknown               Unknown  Unknown
libpthread-2.28.s  00001517551AAC20  Unknown               Unknown  Unknown
libc-2.28.so       0000151754B346BB  __sched_yield         Unknown  Unknown
libmpi.so.12.0     00001517558BA7F4  Unknown               Unknown  Unknown
libmpi.so.12       00001517558B4D6E  PMPIDI_CH3I_Progr     Unknown  Unknown
libmpi.so.12       0000151755B4EA00  MPIR_Waitall_impl     Unknown  Unknown
libmpi.so.12       00001517559C0F4B  MPIC_Waitall          Unknown  Unknown
libmpi.so.12       0000151755891887  MPIR_Alltoallv_in     Unknown  Unknown
libmpi.so.12       0000151755890E09  MPIR_Alltoallv        Unknown  Unknown
libmpi.so.12       0000151755890D91  MPIR_Alltoallv_im     Unknown  Unknown
libmpi.so.12       00001517558900F2  MPI_Alltoallv         Unknown  Unknown
libmpifort.so.12.  0000151755F6877A  pmpi_alltoallv__      Unknown  Unknown
vasp_std           0000000000411F0E  Unknown               Unknown  Unknown
vasp_std           000000000159C3BD  Unknown               Unknown  Unknown
vasp_std           0000000001592C92  Unknown               Unknown  Unknown
vasp_std           000000000159397A  Unknown               Unknown  Unknown
vasp_std           0000000001593276  Unknown               Unknown  Unknown
vasp_std           000000000058F5A4  Unknown               Unknown  Unknown
vasp_std           0000000000E83544  Unknown               Unknown  Unknown
vasp_std           0000000000EF8360  Unknown               Unknown  Unknown
vasp_std           000000000161C771  Unknown               Unknown  Unknown
vasp_std           00000000015F6996  Unknown               Unknown  Unknown
vasp_std           000000000040758E  Unknown               Unknown  Unknown
libc-2.28.so       0000151754A74493  __libc_start_main     Unknown  Unknown
vasp_std           00000000004074A9  Unknown               Unknown  Unknown
forrtl: error (69): process interrupted (SIGINT)
Image              PC                Routine            Line        Source             
vasp_std           0000000001778ABE  Unknown               Unknown  Unknown
libpthread-2.28.s  00001481E89DAC20  Unknown               Unknown  Unknown
vasp_std           000000000159C1EE  Unknown               Unknown  Unknown
vasp_std           0000000001592C92  Unknown               Unknown  Unknown
vasp_std           000000000159397A  Unknown               Unknown  Unknown
vasp_std           0000000001593276  Unknown               Unknown  Unknown
vasp_std           000000000058F5A4  Unknown               Unknown  Unknown
vasp_std           0000000000E83544  Unknown               Unknown  Unknown
vasp_std           0000000000EF8360  Unknown               Unknown  Unknown
vasp_std           000000000161C771  Unknown               Unknown  Unknown
vasp_std           00000000015F6996  Unknown               Unknown  Unknown
vasp_std           000000000040758E  Unknown               Unknown  Unknown
libc-2.28.so       00001481E82A4493  __libc_start_main     Unknown  Unknown
vasp_std           00000000004074A9  Unknown               Unknown  Unknown
forrtl: error (69): process interrupted (SIGINT)
Image              PC                Routine            Line        Source             
vasp_std           0000000001778ABE  Unknown               Unknown  Unknown
libpthread-2.28.s  000015041B09AC20  Unknown               Unknown  Unknown
libmpi.so.12.0     000015041B7AA271  Unknown               Unknown  Unknown
libmpi.so.12       000015041B7A4D6E  PMPIDI_CH3I_Progr     Unknown  Unknown
libmpi.so.12       000015041BA3EA00  MPIR_Waitall_impl     Unknown  Unknown
libmpi.so.12       000015041B8B0F4B  MPIC_Waitall          Unknown  Unknown
libmpi.so.12       000015041B77E5ED  MPIR_Alltoall_int     Unknown  Unknown
libmpi.so.12       000015041B77DA9A  MPIR_Alltoall         Unknown  Unknown
libmpi.so.12       000015041B77DA38  MPIR_Alltoall_imp     Unknown  Unknown
libmpi.so.12       000015041B77D29E  PMPI_Alltoall         Unknown  Unknown
libmpifort.so.12.  000015041BE586C6  mpi_alltoall__        Unknown  Unknown
vasp_std           0000000000412DF7  Unknown               Unknown  Unknown
vasp_std           0000000000585479  Unknown               Unknown  Unknown
vasp_std           0000000000E835EB  Unknown               Unknown  Unknown
vasp_std           0000000000EF8360  Unknown               Unknown  Unknown
vasp_std           000000000161C771  Unknown               Unknown  Unknown
vasp_std           00000000015F6996  Unknown               Unknown  Unknown
vasp_std           000000000040758E  Unknown               Unknown  Unknown
libc-2.28.so       000015041A964493  __libc_start_main     Unknown  Unknown
vasp_std           00000000004074A9  Unknown               Unknown  Unknown
forrtl: error (69): process interrupted (SIGINT)
Image              PC                Routine            Line        Source             

Stack trace terminated abnormally.
