forrtl: error (69): process interrupted (SIGINT)
Image              PC                Routine            Line        Source             
vasp_std           0000000001778ABE  Unknown               Unknown  Unknown
libpthread-2.28.s  000014C687D98C20  Unknown               Unknown  Unknown
vasp_std           000000000159CA5E  Unknown               Unknown  Unknown
vasp_std           0000000001592BE7  Unknown               Unknown  Unknown
vasp_std           0000000001593DA1  Unknown               Unknown  Unknown
vasp_std           000000000083F630  Unknown               Unknown  Unknown
vasp_std           00000000008D9066  Unknown               Unknown  Unknown
vasp_std           0000000000EF8674  Unknown               Unknown  Unknown
vasp_std           000000000161C771  Unknown               Unknown  Unknown
vasp_std           00000000015F6996  Unknown               Unknown  Unknown
vasp_std           000000000040758E  Unknown               Unknown  Unknown
libc-2.28.so       000014C687662493  __libc_start_main     Unknown  Unknown
vasp_std           00000000004074A9  Unknown               Unknown  Unknown
forrtl: error (69): process interrupted (SIGINT)
Image              PC                Routine            Line        Source             
vasp_std           0000000001778ABE  Unknown               Unknown  Unknown
libpthread-2.28.s  000014B287462C20  Unknown               Unknown  Unknown
vasp_std           000000000159CA53  Unknown               Unknown  Unknown
vasp_std           0000000001592BE7  Unknown               Unknown  Unknown
vasp_std           0000000001593DA1  Unknown               Unknown  Unknown
vasp_std           000000000083F630  Unknown               Unknown  Unknown
vasp_std           00000000008D9066  Unknown               Unknown  Unknown
vasp_std           0000000000EF8674  Unknown               Unknown  Unknown
vasp_std           000000000161C771  Unknown               Unknown  Unknown
vasp_std           00000000015F6996  Unknown               Unknown  Unknown
vasp_std           000000000040758E  Unknown               Unknown  Unknown
libc-2.28.so       000014B286D2C493  __libc_start_main     Unknown  Unknown
vasp_std           00000000004074A9  Unknown               Unknown  Unknown
forrtl: error (69): process interrupted (SIGINT)
Image              PC                Routine            Line        Source             
vasp_std           0000000001778ABE  Unknown               Unknown  Unknown
libpthread-2.28.s  0000151963C19C20  Unknown               Unknown  Unknown
libmkl_avx512.so   000015195BD2D72F  mkl_dft_avx512_co     Unknown  Unknown
libmkl_avx512.so   000015195BB4CB86  Unknown               Unknown  Unknown
libmkl_intel_lp64  000015196BD27F27  DftiComputeForwar     Unknown  Unknown
libmkl_intel_lp64  000015196BD2DA1F  fftw_execute_dft      Unknown  Unknown
vasp_std           0000000001592B8E  Unknown               Unknown  Unknown
vasp_std           0000000001593DA1  Unknown               Unknown  Unknown
vasp_std           000000000083F630  Unknown               Unknown  Unknown
vasp_std           00000000008D9066  Unknown               Unknown  Unknown
vasp_std           0000000000EF8674  Unknown               Unknown  Unknown
vasp_std           000000000161C771  Unknown               Unknown  Unknown
vasp_std           00000000015F6996  Unknown               Unknown  Unknown
vasp_std           000000000040758E  Unknown               Unknown  Unknown
libc-2.28.so       00001519634E3493  __libc_start_main     Unknown  Unknown
vasp_std           00000000004074A9  Unknown               Unknown  Unknown
forrtl: error (69): process interrupted (SIGINT)
Image              PC                Routine            Line        Source             
vasp_std           0000000001778ABE  Unknown               Unknown  Unknown
libpthread-2.28.s  0000151A4DE1BC20  Unknown               Unknown  Unknown
libmkl_avx512.so   0000151A45F2F786  mkl_dft_avx512_co     Unknown  Unknown
libmkl_avx512.so   0000151A45D4EB86  Unknown               Unknown  Unknown
libmkl_intel_lp64  0000151A55F29F27  DftiComputeForwar     Unknown  Unknown
libmkl_intel_lp64  0000151A55F2FA1F  fftw_execute_dft      Unknown  Unknown
vasp_std           0000000001592B8E  Unknown               Unknown  Unknown
vasp_std           0000000001593DA1  Unknown               Unknown  Unknown
vasp_std           000000000083F630  Unknown               Unknown  Unknown
vasp_std           00000000008D9066  Unknown               Unknown  Unknown
vasp_std           0000000000EF8674  Unknown               Unknown  Unknown
vasp_std           000000000161C771  Unknown               Unknown  Unknown
vasp_std           00000000015F6996  Unknown               Unknown  Unknown
vasp_std           000000000040758E  Unknown               Unknown  Unknown
libc-2.28.so       0000151A4D6E5493  __libc_start_main     Unknown  Unknown
vasp_std           00000000004074A9  Unknown               Unknown  Unknown
forrtl: error (69): process interrupted (SIGINT)
Image              PC                Routine            Line        Source             
vasp_std           0000000001778ABE  Unknown               Unknown  Unknown
libpthread-2.28.s  000014E93F561C20  Unknown               Unknown  Unknown
libmkl_avx512.so   000014E9376757D1  mkl_dft_avx512_co     Unknown  Unknown
libmkl_avx512.so   000014E937494B86  Unknown               Unknown  Unknown
libmkl_intel_lp64  000014E94766FF27  DftiComputeForwar     Unknown  Unknown
libmkl_intel_lp64  000014E947675A1F  fftw_execute_dft      Unknown  Unknown
vasp_std           0000000001592B8E  Unknown               Unknown  Unknown
vasp_std           0000000001593DA1  Unknown               Unknown  Unknown
vasp_std           000000000083F630  Unknown               Unknown  Unknown
vasp_std           00000000008D9066  Unknown               Unknown  Unknown
vasp_std           0000000000EF8674  Unknown               Unknown  Unknown
vasp_std           000000000161C771  Unknown               Unknown  Unknown
vasp_std           00000000015F6996  Unknown               Unknown  Unknown
vasp_std           000000000040758E  Unknown               Unknown  Unknown
libc-2.28.so       000014E93EE2B493  __libc_start_main     Unknown  Unknown
vasp_std           00000000004074A9  Unknown               Unknown  Unknown
forrtl: error (69): process interrupted (SIGINT)
Image              PC                Routine            Line        Source             
vasp_std           0000000001778ABE  Unknown               Unknown  Unknown
libpthread-2.28.s  000014AE7C836C20  Unknown               Unknown  Unknown
libmkl_avx512.so   000014AE7494A72F  mkl_dft_avx512_co     Unknown  Unknown
libmkl_avx512.so   000014AE74769B86  Unknown               Unknown  Unknown
libmkl_intel_lp64  000014AE84944F27  DftiComputeForwar     Unknown  Unknown
libmkl_intel_lp64  000014AE8494AA1F  fftw_execute_dft      Unknown  Unknown
vasp_std           0000000001592B8E  Unknown               Unknown  Unknown
vasp_std           0000000001593DA1  Unknown               Unknown  Unknown
vasp_std           000000000083F630  Unknown               Unknown  Unknown
vasp_std           00000000008D9066  Unknown               Unknown  Unknown
vasp_std           0000000000EF8674  Unknown               Unknown  Unknown
vasp_std           000000000161C771  Unknown               Unknown  Unknown
vasp_std           00000000015F6996  Unknown               Unknown  Unknown
vasp_std           000000000040758E  Unknown               Unknown  Unknown
libc-2.28.so       000014AE7C100493  __libc_start_main     Unknown  Unknown
vasp_std           00000000004074A9  Unknown               Unknown  Unknown
forrtl: error (69): process interrupted (SIGINT)
Image              PC                Routine            Line        Source             
vasp_std           0000000001778ABE  Unknown               Unknown  Unknown
libpthread-2.28.s  000014BD6F8E4C20  Unknown               Unknown  Unknown
vasp_std           0000000001778510  Unknown               Unknown  Unknown
libpthread-2.28.s  000014BD6F8E4C20  Unknown               Unknown  Unknown
libmkl_avx512.so   000014BD679F87CA  mkl_dft_avx512_co     Unknown  Unknown
libmkl_avx512.so   000014BD67817B86  Unknown               Unknown  Unknown
libmkl_intel_lp64  000014BD779F2F27  DftiComputeForwar     Unknown  Unknown
libmkl_intel_lp64  000014BD779F8A1F  fftw_execute_dft      Unknown  Unknown
vasp_std           0000000001592B8E  Unknown               Unknown  Unknown
vasp_std           0000000001593DA1  Unknown               Unknown  Unknown
vasp_std           000000000083F630  Unknown               Unknown  Unknown
vasp_std           00000000008D9066  Unknown               Unknown  Unknown
vasp_std           0000000000EF8674  Unknown               Unknown  Unknown
vasp_std           000000000161C771  Unknown               Unknown  Unknown
vasp_std           00000000015F6996  Unknown               Unknown  Unknown
vasp_std           000000000040758E  Unknown               Unknown  Unknown
libc-2.28.so       000014BD6F1AE493  __libc_start_main     Unknown  Unknown
vasp_std           00000000004074A9  Unknown               Unknown  Unknown
forrtl: error (69): process interrupted (SIGINT)
Image              PC                Routine            Line        Source             
vasp_std           0000000001778ABE  Unknown               Unknown  Unknown
libpthread-2.28.s  0000148A114E1C20  Unknown               Unknown  Unknown
libmkl_avx512.so   0000148A095F572F  mkl_dft_avx512_co     Unknown  Unknown
libmkl_avx512.so   0000148A09414B86  Unknown               Unknown  Unknown
libmkl_intel_lp64  0000148A195EFF27  DftiComputeForwar     Unknown  Unknown
libmkl_intel_lp64  0000148A195F5A1F  fftw_execute_dft      Unknown  Unknown
vasp_std           0000000001592B8E  Unknown               Unknown  Unknown
vasp_std           0000000001593DA1  Unknown               Unknown  Unknown
vasp_std           000000000083F630  Unknown               Unknown  Unknown
vasp_std           00000000008D9066  Unknown               Unknown  Unknown
vasp_std           0000000000EF8674  Unknown               Unknown  Unknown
vasp_std           000000000161C771  Unknown               Unknown  Unknown
vasp_std           00000000015F6996  Unknown               Unknown  Unknown
vasp_std           000000000040758E  Unknown               Unknown  Unknown
libc-2.28.so       0000148A10DAB493  __libc_start_main     Unknown  Unknown
vasp_std           00000000004074A9  Unknown               Unknown  Unknown
