forrtl: error (69): process interrupted (SIGINT)
Image              PC                Routine            Line        Source             
vasp_std           0000000001778ABE  Unknown               Unknown  Unknown
libpthread-2.28.s  000014875018BC20  Unknown               Unknown  Unknown
vasp_std           000000000177852A  Unknown               Unknown  Unknown
libpthread-2.28.s  000014875018BC20  Unknown               Unknown  Unknown
vasp_std           00000000008DA277  Unknown               Unknown  Unknown
vasp_std           0000000000EF8674  Unknown               Unknown  Unknown
vasp_std           000000000161C771  Unknown               Unknown  Unknown
vasp_std           00000000015F6996  Unknown               Unknown  Unknown
vasp_std           000000000040758E  Unknown               Unknown  Unknown
libc-2.28.so       000014874FA55493  __libc_start_main     Unknown  Unknown
vasp_std           00000000004074A9  Unknown               Unknown  Unknown
forrtl: error (69): process interrupted (SIGINT)
Image              PC                Routine            Line        Source             
vasp_std           0000000001778ABE  Unknown               Unknown  Unknown
libpthread-2.28.s  0000152947F88C20  Unknown               Unknown  Unknown
vasp_std           00000000008DA28A  Unknown               Unknown  Unknown
vasp_std           0000000000EF8674  Unknown               Unknown  Unknown
vasp_std           000000000161C771  Unknown               Unknown  Unknown
vasp_std           00000000015F6996  Unknown               Unknown  Unknown
vasp_std           000000000040758E  Unknown               Unknown  Unknown
libc-2.28.so       0000152947852493  __libc_start_main     Unknown  Unknown
vasp_std           00000000004074A9  Unknown               Unknown  Unknown
forrtl: error (69): process interrupted (SIGINT)
Image              PC                Routine            Line        Source             
vasp_std           0000000001778ABE  Unknown               Unknown  Unknown
libpthread-2.28.s  000014CB577F6C20  Unknown               Unknown  Unknown
vasp_std           00000000008DA277  Unknown               Unknown  Unknown
vasp_std           0000000000EF8674  Unknown               Unknown  Unknown
vasp_std           000000000161C771  Unknown               Unknown  Unknown
vasp_std           00000000015F6996  Unknown               Unknown  Unknown
vasp_std           000000000040758E  Unknown               Unknown  Unknown
libc-2.28.so       000014CB570C0493  __libc_start_main     Unknown  Unknown
vasp_std           00000000004074A9  Unknown               Unknown  Unknown
forrtl: error (69): process interrupted (SIGINT)
Image              PC                Routine            Line        Source             
vasp_std           0000000001778ABE  Unknown               Unknown  Unknown
libpthread-2.28.s  0000147E04D92C20  Unknown               Unknown  Unknown
vasp_std           000000000159CDC0  Unknown               Unknown  Unknown
vasp_std           0000000001592BE7  Unknown               Unknown  Unknown
vasp_std           0000000001593DA1  Unknown               Unknown  Unknown
vasp_std           00000000008D9123  Unknown               Unknown  Unknown
vasp_std           0000000000EF8674  Unknown               Unknown  Unknown
vasp_std           000000000161C771  Unknown               Unknown  Unknown
vasp_std           00000000015F6996  Unknown               Unknown  Unknown
vasp_std           000000000040758E  Unknown               Unknown  Unknown
libc-2.28.so       0000147E0465C493  __libc_start_main     Unknown  Unknown
vasp_std           00000000004074A9  Unknown               Unknown  Unknown
forrtl: error (69): process interrupted (SIGINT)
Image              PC                Routine            Line        Source             
vasp_std           0000000001778ABE  Unknown               Unknown  Unknown
libpthread-2.28.s  0000152201686C20  Unknown               Unknown  Unknown
vasp_std           00000000008DA28A  Unknown               Unknown  Unknown
vasp_std           0000000000EF8674  Unknown               Unknown  Unknown
vasp_std           000000000161C771  Unknown               Unknown  Unknown
vasp_std           00000000015F6996  Unknown               Unknown  Unknown
vasp_std           000000000040758E  Unknown               Unknown  Unknown
libc-2.28.so       0000152200F50493  __libc_start_main     Unknown  Unknown
vasp_std           00000000004074A9  Unknown               Unknown  Unknown
forrtl: error (69): process interrupted (SIGINT)
Image              PC                Routine            Line        Source             
vasp_std           0000000001778ABE  Unknown               Unknown  Unknown
libpthread-2.28.s  00001477B3D6DC20  Unknown               Unknown  Unknown
vasp_std           00000000008DA28A  Unknown               Unknown  Unknown
vasp_std           0000000000EF8674  Unknown               Unknown  Unknown
vasp_std           000000000161C771  Unknown               Unknown  Unknown
vasp_std           00000000015F6996  Unknown               Unknown  Unknown
vasp_std           000000000040758E  Unknown               Unknown  Unknown
libc-2.28.so       00001477B3637493  __libc_start_main     Unknown  Unknown
vasp_std           00000000004074A9  Unknown               Unknown  Unknown
forrtl: error (69): process interrupted (SIGINT)
Image              PC                Routine            Line        Source             
vasp_std           0000000001778ABE  Unknown               Unknown  Unknown
libpthread-2.28.s  00001533C27AFC20  Unknown               Unknown  Unknown
libc-2.28.so       00001533C21396BB  __sched_yield         Unknown  Unknown
libmpi.so.12.0     00001533C2EBF7F4  Unknown               Unknown  Unknown
libmpi.so.12       00001533C2EB9D6E  PMPIDI_CH3I_Progr     Unknown  Unknown
libmpi.so.12       00001533C2FCC339  MPIC_Wait             Unknown  Unknown
libmpi.so.12       00001533C2FCC0F8  MPIC_Sendrecv         Unknown  Unknown
libmpi.so.12       00001533C2E8D463  MPIR_Allreduce_in     Unknown  Unknown
libmpi.so.12       00001533C2E91B5D  MPIR_Allreduce_im     Unknown  Unknown
libmpi.so.12       00001533C2E9138E  PMPI_Allreduce        Unknown  Unknown
libmpifort.so.12.  00001533C356D637  mpi_allreduce_        Unknown  Unknown
vasp_std           0000000000415685  Unknown               Unknown  Unknown
vasp_std           00000000008DA3F0  Unknown               Unknown  Unknown
vasp_std           0000000000EF8674  Unknown               Unknown  Unknown
vasp_std           000000000161C771  Unknown               Unknown  Unknown
vasp_std           00000000015F6996  Unknown               Unknown  Unknown
vasp_std           000000000040758E  Unknown               Unknown  Unknown
libc-2.28.so       00001533C2079493  __libc_start_main     Unknown  Unknown
vasp_std           00000000004074A9  Unknown               Unknown  Unknown
forrtl: error (69): process interrupted (SIGINT)
Image              PC                Routine            Line        Source             
vasp_std           0000000001778ABE  Unknown               Unknown  Unknown
libpthread-2.28.s  000014ACD29A7C20  Unknown               Unknown  Unknown
libmpi.so.12.0     000014ACD30B7271  Unknown               Unknown  Unknown
libmpi.so.12       000014ACD30B1D6E  PMPIDI_CH3I_Progr     Unknown  Unknown
libmpi.so.12       000014ACD31C4339  MPIC_Wait             Unknown  Unknown
libmpi.so.12       000014ACD31C40F8  MPIC_Sendrecv         Unknown  Unknown
libmpi.so.12       000014ACD3085463  MPIR_Allreduce_in     Unknown  Unknown
libmpi.so.12       000014ACD3089B5D  MPIR_Allreduce_im     Unknown  Unknown
libmpi.so.12       000014ACD308938E  PMPI_Allreduce        Unknown  Unknown
libmpifort.so.12.  000014ACD3765637  mpi_allreduce_        Unknown  Unknown
vasp_std           0000000000415685  Unknown               Unknown  Unknown
vasp_std           00000000008DA3F0  Unknown               Unknown  Unknown
vasp_std           0000000000EF8674  Unknown               Unknown  Unknown
vasp_std           000000000161C771  Unknown               Unknown  Unknown
vasp_std           00000000015F6996  Unknown               Unknown  Unknown
vasp_std           000000000040758E  Unknown               Unknown  Unknown
libc-2.28.so       000014ACD2271493  __libc_start_main     Unknown  Unknown
vasp_std           00000000004074A9  Unknown               Unknown  Unknown
