forrtl: error (69): process interrupted (SIGINT)
Image              PC                Routine            Line        Source             
vasp_std           0000000001778ABE  Unknown               Unknown  Unknown
libpthread-2.28.s  000015026ED48C20  Unknown               Unknown  Unknown
libmkl_avx512.so   0000150266638DC7  mkl_blas_avx512_z     Unknown  Unknown
forrtl: error (69): process interrupted (SIGINT)
Image              PC                Routine            Line        Source             
vasp_std           0000000001778ABE  Unknown               Unknown  Unknown
libpthread-2.28.s  00001472E5BDDC20  Unknown               Unknown  Unknown
libmkl_avx512.so   00001472DD4CDDCF  mkl_blas_avx512_z     Unknown  Unknown
forrtl: error (69): process interrupted (SIGINT)
Image              PC                Routine            Line        Source             
vasp_std           0000000001778ABE  Unknown               Unknown  Unknown
libpthread-2.28.s  0000151AD226BC20  Unknown               Unknown  Unknown
libmkl_avx512.so   0000151AC9B5BDC7  mkl_blas_avx512_z     Unknown  Unknown
forrtl: error (69): process interrupted (SIGINT)
Image              PC                Routine            Line        Source             
vasp_std           0000000001778ABE  Unknown               Unknown  Unknown
libpthread-2.28.s  0000149DBA0C6C20  Unknown               Unknown  Unknown
libmkl_avx512.so   0000149DB19B6DBF  mkl_blas_avx512_z     Unknown  Unknown
forrtl: error (69): process interrupted (SIGINT)
Image              PC                Routine            Line        Source             
vasp_std           0000000001778ABE  Unknown               Unknown  Unknown
libpthread-2.28.s  0000148A73A7DC20  Unknown               Unknown  Unknown
libmkl_avx512.so   0000148A6B36DDBF  mkl_blas_avx512_z     Unknown  Unknown
forrtl: error (69): process interrupted (SIGINT)
Image              PC                Routine            Line        Source             
vasp_std           0000000001778ABE  Unknown               Unknown  Unknown
libpthread-2.28.s  000014ED32990C20  Unknown               Unknown  Unknown
libc-2.28.so       000014ED3231A6BB  __sched_yield         Unknown  Unknown
libmpi.so.12.0     000014ED330A07F4  Unknown               Unknown  Unknown
libmpi.so.12       000014ED3309AD6E  PMPIDI_CH3I_Progr     Unknown  Unknown
libmpi.so.12       000014ED331AD339  MPIC_Wait             Unknown  Unknown
libmpi.so.12       000014ED331AD0F8  MPIC_Sendrecv         Unknown  Unknown
libmpi.so.12       000014ED3306EC7C  MPIR_Allreduce_in     Unknown  Unknown
libmpi.so.12       000014ED33072B5D  MPIR_Allreduce_im     Unknown  Unknown
libmpi.so.12       000014ED3307238E  PMPI_Allreduce        Unknown  Unknown
libmpifort.so.12.  000014ED3374E637  mpi_allreduce_        Unknown  Unknown
vasp_std           000000000041544F  Unknown               Unknown  Unknown
vasp_std           0000000000E832B7  Unknown               Unknown  Unknown
vasp_std           0000000000EF8360  Unknown               Unknown  Unknown
vasp_std           000000000161C771  Unknown               Unknown  Unknown
vasp_std           00000000015F6996  Unknown               Unknown  Unknown
vasp_std           000000000040758E  Unknown               Unknown  Unknown
libc-2.28.so       000014ED3225A493  __libc_start_main     Unknown  Unknown
vasp_std           00000000004074A9  Unknown               Unknown  Unknown
forrtl: error (69): process interrupted (SIGINT)
Image              PC                Routine            Line        Source             
vasp_std           0000000001778ABE  Unknown               Unknown  Unknown
libpthread-2.28.s  0000146E9B82EC20  Unknown               Unknown  Unknown
libc-2.28.so       0000146E9B1B86BB  __sched_yield         Unknown  Unknown
libmpi.so.12.0     0000146E9BF3E7F4  Unknown               Unknown  Unknown
libmpi.so.12       0000146E9BF38D6E  PMPIDI_CH3I_Progr     Unknown  Unknown
libmpi.so.12       0000146E9C04B339  MPIC_Wait             Unknown  Unknown
libmpi.so.12       0000146E9C04B0F8  MPIC_Sendrecv         Unknown  Unknown
libmpi.so.12       0000146E9BF0CC7C  MPIR_Allreduce_in     Unknown  Unknown
libmpi.so.12       0000146E9BF10B5D  MPIR_Allreduce_im     Unknown  Unknown
libmpi.so.12       0000146E9BF1038E  PMPI_Allreduce        Unknown  Unknown
libmpifort.so.12.  0000146E9C5EC637  mpi_allreduce_        Unknown  Unknown
vasp_std           000000000041544F  Unknown               Unknown  Unknown
vasp_std           0000000000E832B7  Unknown               Unknown  Unknown
vasp_std           0000000000EF8360  Unknown               Unknown  Unknown
vasp_std           000000000161C771  Unknown               Unknown  Unknown
vasp_std           00000000015F6996  Unknown               Unknown  Unknown
vasp_std           000000000040758E  Unknown               Unknown  Unknown
libc-2.28.so       0000146E9B0F8493  __libc_start_main     Unknown  Unknown
vasp_std           00000000004074A9  Unknown               Unknown  Unknown
forrtl: error (69): process interrupted (SIGINT)
Image              PC                Routine            Line        Source             
vasp_std           0000000001778ABE  Unknown               Unknown  Unknown
libpthread-2.28.s  0000150CAE334C20  Unknown               Unknown  Unknown
libc-2.28.so       0000150CADCBE6BB  __sched_yield         Unknown  Unknown
libmpi.so.12.0     0000150CAEA447F4  Unknown               Unknown  Unknown
libmpi.so.12       0000150CAEA3ED6E  PMPIDI_CH3I_Progr     Unknown  Unknown
libmpi.so.12       0000150CAEB51339  MPIC_Wait             Unknown  Unknown
libmpi.so.12       0000150CAEB510F8  MPIC_Sendrecv         Unknown  Unknown
libmpi.so.12       0000150CAEA12C7C  MPIR_Allreduce_in     Unknown  Unknown
libmpi.so.12       0000150CAEA16B5D  MPIR_Allreduce_im     Unknown  Unknown
libmpi.so.12       0000150CAEA1638E  PMPI_Allreduce        Unknown  Unknown
libmpifort.so.12.  0000150CAF0F2637  mpi_allreduce_        Unknown  Unknown
vasp_std           000000000041544F  Unknown               Unknown  Unknown
vasp_std           0000000000E832B7  Unknown               Unknown  Unknown
vasp_std           0000000000EF8360  Unknown               Unknown  Unknown
vasp_std           000000000161C771  Unknown               Unknown  Unknown
vasp_std           00000000015F6996  Unknown               Unknown  Unknown
vasp_std           000000000040758E  Unknown               Unknown  Unknown
libc-2.28.so       0000150CADBFE493  __libc_start_main     Unknown  Unknown
vasp_std           00000000004074A9  Unknown               Unknown  Unknown
