forrtl: error (69): process interrupted (SIGINT)
Image              PC                Routine            Line        Source             
vasp_std           0000000001778ABE  Unknown               Unknown  Unknown
libpthread-2.28.s  0000147D84AF7C20  Unknown               Unknown  Unknown
libmpi.so.12.0     0000147D85207271  Unknown               Unknown  Unknown
libmpi.so.12       0000147D85201D6E  PMPIDI_CH3I_Progr     Unknown  Unknown
libmpi.so.12       0000147D8549BA00  MPIR_Waitall_impl     Unknown  Unknown
libmpi.so.12       0000147D8530DF4B  MPIC_Waitall          Unknown  Unknown
libmpi.so.12       0000147D851DE887  MPIR_Alltoallv_in     Unknown  Unknown
libmpi.so.12       0000147D851DDE09  MPIR_Alltoallv        Unknown  Unknown
libmpi.so.12       0000147D851DDD91  MPIR_Alltoallv_im     Unknown  Unknown
libmpi.so.12       0000147D851DD0F2  MPI_Alltoallv         Unknown  Unknown
libmpifort.so.12.  0000147D858B577A  pmpi_alltoallv__      Unknown  Unknown
vasp_std           0000000000411F0E  Unknown               Unknown  Unknown
vasp_std           000000000159C3BD  Unknown               Unknown  Unknown
vasp_std           0000000001592C92  Unknown               Unknown  Unknown
vasp_std           0000000001593EC5  Unknown               Unknown  Unknown
vasp_std           00000000008D8711  Unknown               Unknown  Unknown
vasp_std           0000000000EF8674  Unknown               Unknown  Unknown
vasp_std           000000000161C771  Unknown               Unknown  Unknown
vasp_std           00000000015F6996  Unknown               Unknown  Unknown
vasp_std           000000000040758E  Unknown               Unknown  Unknown
libc-2.28.so       0000147D843C1493  __libc_start_main     Unknown  Unknown
vasp_std           00000000004074A9  Unknown               Unknown  Unknown
forrtl: error (69): process interrupted (SIGINT)
Image              PC                Routine            Line        Source             
vasp_std           0000000001778ABE  Unknown               Unknown  Unknown
libpthread-2.28.s  0000152182361C20  Unknown               Unknown  Unknown
libmpi.so.12.0     0000152182A71271  Unknown               Unknown  Unknown
libmpi.so.12       0000152182A6BD6E  PMPIDI_CH3I_Progr     Unknown  Unknown
libmpi.so.12       0000152182D05A00  MPIR_Waitall_impl     Unknown  Unknown
libmpi.so.12       0000152182B77F4B  MPIC_Waitall          Unknown  Unknown
libmpi.so.12       0000152182A48887  MPIR_Alltoallv_in     Unknown  Unknown
libmpi.so.12       0000152182A47E09  MPIR_Alltoallv        Unknown  Unknown
libmpi.so.12       0000152182A47D91  MPIR_Alltoallv_im     Unknown  Unknown
libmpi.so.12       0000152182A470F2  MPI_Alltoallv         Unknown  Unknown
libmpifort.so.12.  000015218311F77A  pmpi_alltoallv__      Unknown  Unknown
vasp_std           0000000000411F0E  Unknown               Unknown  Unknown
vasp_std           000000000159C3BD  Unknown               Unknown  Unknown
vasp_std           0000000001592C92  Unknown               Unknown  Unknown
vasp_std           0000000001593EC5  Unknown               Unknown  Unknown
vasp_std           00000000008D8711  Unknown               Unknown  Unknown
vasp_std           0000000000EF8674  Unknown               Unknown  Unknown
vasp_std           000000000161C771  Unknown               Unknown  Unknown
vasp_std           00000000015F6996  Unknown               Unknown  Unknown
vasp_std           000000000040758E  Unknown               Unknown  Unknown
libc-2.28.so       0000152181C2B493  __libc_start_main     Unknown  Unknown
vasp_std           00000000004074A9  Unknown               Unknown  Unknown
forrtl: error (69): process interrupted (SIGINT)
Image              PC                Routine            Line        Source             
vasp_std           0000000001778ABE  Unknown               Unknown  Unknown
libpthread-2.28.s  000014C8931C4C20  Unknown               Unknown  Unknown
libmpi.so.12.0     000014C8938D4271  Unknown               Unknown  Unknown
libmpi.so.12       000014C8938CED6E  PMPIDI_CH3I_Progr     Unknown  Unknown
libmpi.so.12       000014C893B68A00  MPIR_Waitall_impl     Unknown  Unknown
libmpi.so.12       000014C8939DAF4B  MPIC_Waitall          Unknown  Unknown
libmpi.so.12       000014C8938AB887  MPIR_Alltoallv_in     Unknown  Unknown
libmpi.so.12       000014C8938AAE09  MPIR_Alltoallv        Unknown  Unknown
libmpi.so.12       000014C8938AAD91  MPIR_Alltoallv_im     Unknown  Unknown
libmpi.so.12       000014C8938AA0F2  MPI_Alltoallv         Unknown  Unknown
libmpifort.so.12.  000014C893F8277A  pmpi_alltoallv__      Unknown  Unknown
vasp_std           0000000000411F0E  Unknown               Unknown  Unknown
vasp_std           000000000159C3BD  Unknown               Unknown  Unknown
vasp_std           0000000001592C92  Unknown               Unknown  Unknown
vasp_std           0000000001593EC5  Unknown               Unknown  Unknown
vasp_std           00000000008D8711  Unknown               Unknown  Unknown
vasp_std           0000000000EF8674  Unknown               Unknown  Unknown
vasp_std           000000000161C771  Unknown               Unknown  Unknown
vasp_std           00000000015F6996  Unknown               Unknown  Unknown
vasp_std           000000000040758E  Unknown               Unknown  Unknown
libc-2.28.so       000014C892A8E493  __libc_start_main     Unknown  Unknown
vasp_std           00000000004074A9  Unknown               Unknown  Unknown
forrtl: error (69): process interrupted (SIGINT)
Image              PC                Routine            Line        Source             
vasp_std           0000000001778ABE  Unknown               Unknown  Unknown
libpthread-2.28.s  000014A61691BC20  Unknown               Unknown  Unknown
libmpi.so.12.0     000014A61702B271  Unknown               Unknown  Unknown
libmpi.so.12       000014A617025D6E  PMPIDI_CH3I_Progr     Unknown  Unknown
libmpi.so.12       000014A6172BFA00  MPIR_Waitall_impl     Unknown  Unknown
libmpi.so.12       000014A617131F4B  MPIC_Waitall          Unknown  Unknown
libmpi.so.12       000014A617002887  MPIR_Alltoallv_in     Unknown  Unknown
libmpi.so.12       000014A617001E09  MPIR_Alltoallv        Unknown  Unknown
libmpi.so.12       000014A617001D91  MPIR_Alltoallv_im     Unknown  Unknown
libmpi.so.12       000014A6170010F2  MPI_Alltoallv         Unknown  Unknown
libmpifort.so.12.  000014A6176D977A  pmpi_alltoallv__      Unknown  Unknown
vasp_std           0000000000411F0E  Unknown               Unknown  Unknown
vasp_std           000000000159C3BD  Unknown               Unknown  Unknown
vasp_std           0000000001592C92  Unknown               Unknown  Unknown
vasp_std           0000000001593EC5  Unknown               Unknown  Unknown
vasp_std           00000000008D8711  Unknown               Unknown  Unknown
vasp_std           0000000000EF8674  Unknown               Unknown  Unknown
vasp_std           000000000161C771  Unknown               Unknown  Unknown
vasp_std           00000000015F6996  Unknown               Unknown  Unknown
vasp_std           000000000040758E  Unknown               Unknown  Unknown
libc-2.28.so       000014A6161E5493  __libc_start_main     Unknown  Unknown
vasp_std           00000000004074A9  Unknown               Unknown  Unknown
forrtl: error (69): process interrupted (SIGINT)
Image              PC                Routine            Line        Source             
vasp_std           0000000001778ABE  Unknown               Unknown  Unknown
libpthread-2.28.s  0000150A12770C20  Unknown               Unknown  Unknown
libc-2.28.so       0000150A120FA6BB  __sched_yield         Unknown  Unknown
libmpi.so.12.0     0000150A12E807F4  Unknown               Unknown  Unknown
libmpi.so.12       0000150A12E7AD6E  PMPIDI_CH3I_Progr     Unknown  Unknown
libmpi.so.12       0000150A13114A00  MPIR_Waitall_impl     Unknown  Unknown
libmpi.so.12       0000150A12F86F4B  MPIC_Waitall          Unknown  Unknown
libmpi.so.12       0000150A12E57887  MPIR_Alltoallv_in     Unknown  Unknown
libmpi.so.12       0000150A12E56E09  MPIR_Alltoallv        Unknown  Unknown
libmpi.so.12       0000150A12E56D91  MPIR_Alltoallv_im     Unknown  Unknown
libmpi.so.12       0000150A12E560F2  MPI_Alltoallv         Unknown  Unknown
libmpifort.so.12.  0000150A1352E77A  pmpi_alltoallv__      Unknown  Unknown
vasp_std           0000000000411F0E  Unknown               Unknown  Unknown
vasp_std           000000000159C3BD  Unknown               Unknown  Unknown
vasp_std           0000000001592C92  Unknown               Unknown  Unknown
vasp_std           0000000001593EC5  Unknown               Unknown  Unknown
vasp_std           00000000008D8711  Unknown               Unknown  Unknown
vasp_std           0000000000EF8674  Unknown               Unknown  Unknown
vasp_std           000000000161C771  Unknown               Unknown  Unknown
vasp_std           00000000015F6996  Unknown               Unknown  Unknown
vasp_std           000000000040758E  Unknown               Unknown  Unknown
libc-2.28.so       0000150A1203A493  __libc_start_main     Unknown  Unknown
vasp_std           00000000004074A9  Unknown               Unknown  Unknown
forrtl: error (69): process interrupted (SIGINT)
Image              PC                Routine            Line        Source             
vasp_std           0000000001778ABE  Unknown               Unknown  Unknown
libpthread-2.28.s  000014DB34A88C20  Unknown               Unknown  Unknown
libmpi.so.12.0     000014DB351987F4  Unknown               Unknown  Unknown
libmpi.so.12       000014DB35192D6E  PMPIDI_CH3I_Progr     Unknown  Unknown
libmpi.so.12       000014DB3542CA00  MPIR_Waitall_impl     Unknown  Unknown
libmpi.so.12       000014DB3529EF4B  MPIC_Waitall          Unknown  Unknown
libmpi.so.12       000014DB3516F887  MPIR_Alltoallv_in     Unknown  Unknown
libmpi.so.12       000014DB3516EE09  MPIR_Alltoallv        Unknown  Unknown
libmpi.so.12       000014DB3516ED91  MPIR_Alltoallv_im     Unknown  Unknown
libmpi.so.12       000014DB3516E0F2  MPI_Alltoallv         Unknown  Unknown
libmpifort.so.12.  000014DB3584677A  pmpi_alltoallv__      Unknown  Unknown
vasp_std           0000000000411F0E  Unknown               Unknown  Unknown
vasp_std           000000000159C3BD  Unknown               Unknown  Unknown
vasp_std           0000000001592C92  Unknown               Unknown  Unknown
vasp_std           0000000001593EC5  Unknown               Unknown  Unknown
vasp_std           00000000008D8711  Unknown               Unknown  Unknown
vasp_std           0000000000EF8674  Unknown               Unknown  Unknown
vasp_std           000000000161C771  Unknown               Unknown  Unknown
vasp_std           00000000015F6996  Unknown               Unknown  Unknown
vasp_std           000000000040758E  Unknown               Unknown  Unknown
libc-2.28.so       000014DB34352493  __libc_start_main     Unknown  Unknown
vasp_std           00000000004074A9  Unknown               Unknown  Unknown
forrtl: error (69): process interrupted (SIGINT)
Image              PC                Routine            Line        Source             
vasp_std           0000000001778ABE  Unknown               Unknown  Unknown
libpthread-2.28.s  000014B30B298C20  Unknown               Unknown  Unknown
libmpi.so.12.0     000014B30B9A8271  Unknown               Unknown  Unknown
libmpi.so.12       000014B30B9A2D6E  PMPIDI_CH3I_Progr     Unknown  Unknown
libmpi.so.12       000014B30BC3CA00  MPIR_Waitall_impl     Unknown  Unknown
libmpi.so.12       000014B30BAAEF4B  MPIC_Waitall          Unknown  Unknown
libmpi.so.12       000014B30B97F887  MPIR_Alltoallv_in     Unknown  Unknown
libmpi.so.12       000014B30B97EE09  MPIR_Alltoallv        Unknown  Unknown
libmpi.so.12       000014B30B97ED91  MPIR_Alltoallv_im     Unknown  Unknown
libmpi.so.12       000014B30B97E0F2  MPI_Alltoallv         Unknown  Unknown
libmpifort.so.12.  000014B30C05677A  pmpi_alltoallv__      Unknown  Unknown
vasp_std           0000000000411F0E  Unknown               Unknown  Unknown
vasp_std           000000000159C3BD  Unknown               Unknown  Unknown
vasp_std           0000000001592C92  Unknown               Unknown  Unknown
vasp_std           0000000001593EC5  Unknown               Unknown  Unknown
vasp_std           00000000008D8711  Unknown               Unknown  Unknown
vasp_std           0000000000EF8674  Unknown               Unknown  Unknown
vasp_std           000000000161C771  Unknown               Unknown  Unknown
vasp_std           00000000015F6996  Unknown               Unknown  Unknown
vasp_std           000000000040758E  Unknown               Unknown  Unknown
libc-2.28.so       000014B30AB62493  __libc_start_main     Unknown  Unknown
vasp_std           00000000004074A9  Unknown               Unknown  Unknown
