forrtl: error (69): process interrupted (SIGINT)
Image              PC                Routine            Line        Source             
vasp_std           0000000001778ABE  Unknown               Unknown  Unknown
libpthread-2.28.s  000014B14BF18C20  Unknown               Unknown  Unknown
vasp_std           0000000001778510  Unknown               Unknown  Unknown
libpthread-2.28.s  000014B14BF18C20  Unknown               Unknown  Unknown
libc-2.28.so       000014B14B8A26BB  __sched_yield         Unknown  Unknown
libmpi.so.12.0     000014B14C6287F4  Unknown               Unknown  Unknown
libmpi.so.12       000014B14C622D6E  PMPIDI_CH3I_Progr     Unknown  Unknown
libmpi.so.12       000014B14C8BCA00  MPIR_Waitall_impl     Unknown  Unknown
libmpi.so.12       000014B14C72EF4B  MPIC_Waitall          Unknown  Unknown
libmpi.so.12       000014B14C5FC5ED  MPIR_Alltoall_int     Unknown  Unknown
libmpi.so.12       000014B14C5FBA9A  MPIR_Alltoall         Unknown  Unknown
libmpi.so.12       000014B14C5FBA38  MPIR_Alltoall_imp     Unknown  Unknown
libmpi.so.12       000014B14C5FB29E  PMPI_Alltoall         Unknown  Unknown
libmpifort.so.12.  000014B14CCD66C6  mpi_alltoall__        Unknown  Unknown
vasp_std           0000000000412DF7  Unknown               Unknown  Unknown
vasp_std           000000000058423A  Unknown               Unknown  Unknown
vasp_std           0000000000E872BD  Unknown               Unknown  Unknown
vasp_std           0000000000EF8360  Unknown               Unknown  Unknown
vasp_std           000000000161C771  Unknown               Unknown  Unknown
vasp_std           00000000015F6996  Unknown               Unknown  Unknown
vasp_std           000000000040758E  Unknown               Unknown  Unknown
libc-2.28.so       000014B14B7E2493  __libc_start_main     Unknown  Unknown
vasp_std           00000000004074A9  Unknown               Unknown  Unknown
forrtl: error (69): process interrupted (SIGINT)
Image              PC                Routine            Line        Source             
vasp_std           0000000001778ABE  Unknown               Unknown  Unknown
libpthread-2.28.s  0000148B9A337C20  Unknown               Unknown  Unknown
libmpi.so.12.0     0000148B9AA47271  Unknown               Unknown  Unknown
libmpi.so.12       0000148B9AA41D6E  PMPIDI_CH3I_Progr     Unknown  Unknown
libmpi.so.12       0000148B9ACDBA00  MPIR_Waitall_impl     Unknown  Unknown
libmpi.so.12       0000148B9AB4DF4B  MPIC_Waitall          Unknown  Unknown
libmpi.so.12       0000148B9AA1B5ED  MPIR_Alltoall_int     Unknown  Unknown
libmpi.so.12       0000148B9AA1AA9A  MPIR_Alltoall         Unknown  Unknown
libmpi.so.12       0000148B9AA1AA38  MPIR_Alltoall_imp     Unknown  Unknown
libmpi.so.12       0000148B9AA1A29E  PMPI_Alltoall         Unknown  Unknown
libmpifort.so.12.  0000148B9B0F56C6  mpi_alltoall__        Unknown  Unknown
vasp_std           0000000000412DF7  Unknown               Unknown  Unknown
vasp_std           000000000058423A  Unknown               Unknown  Unknown
vasp_std           0000000000E872BD  Unknown               Unknown  Unknown
vasp_std           0000000000EF8360  Unknown               Unknown  Unknown
vasp_std           000000000161C771  Unknown               Unknown  Unknown
vasp_std           00000000015F6996  Unknown               Unknown  Unknown
vasp_std           000000000040758E  Unknown               Unknown  Unknown
libc-2.28.so       0000148B99C01493  __libc_start_main     Unknown  Unknown
vasp_std           00000000004074A9  Unknown               Unknown  Unknown
