forrtl: error (69): process interrupted (SIGINT)
Image              PC                Routine            Line        Source             
vasp_std           0000000001778ABE  Unknown               Unknown  Unknown
libpthread-2.28.s  000014FA517DFC20  Unknown               Unknown  Unknown
libc-2.28.so       000014FA511696BB  __sched_yield         Unknown  Unknown
libmpi.so.12.0     000014FA51EEF7F4  Unknown               Unknown  Unknown
libmpi.so.12       000014FA51EE9D6E  PMPIDI_CH3I_Progr     Unknown  Unknown
libmpi.so.12       000014FA51FFC339  MPIC_Wait             Unknown  Unknown
libmpi.so.12       000014FA51FFC0F8  MPIC_Sendrecv         Unknown  Unknown
libmpi.so.12       000014FA51ECEB81  MPIR_Barrier_intr     Unknown  Unknown
libmpi.so.12       000014FA51ECE537  I_MPIR_Barrier_in     Unknown  Unknown
libmpi.so.12       000014FA51ECE36C  MPIR_Barrier          Unknown  Unknown
libmpi.so.12       000014FA51ECE29C  MPIR_Barrier_impl     Unknown  Unknown
libmpi.so.12       000014FA51ED013B  PMPI_Barrier          Unknown  Unknown
libmpifort.so.12.  000014FA5259DA1C  PMPI_BARRIER          Unknown  Unknown
vasp_std           0000000000EF1577  Unknown               Unknown  Unknown
vasp_std           000000000161C771  Unknown               Unknown  Unknown
vasp_std           00000000015F6996  Unknown               Unknown  Unknown
vasp_std           000000000040758E  Unknown               Unknown  Unknown
libc-2.28.so       000014FA510A9493  __libc_start_main     Unknown  Unknown
vasp_std           00000000004074A9  Unknown               Unknown  Unknown
forrtl: error (69): process interrupted (SIGINT)
Image              PC                Routine            Line        Source             
vasp_std           0000000001778ABE  Unknown               Unknown  Unknown
libpthread-2.28.s  00001499D2553C20  Unknown               Unknown  Unknown
libmpi.so.12.0     00001499D2C63271  Unknown               Unknown  Unknown
libmpi.so.12       00001499D2C5DD6E  PMPIDI_CH3I_Progr     Unknown  Unknown
libmpi.so.12       00001499D2D70339  MPIC_Wait             Unknown  Unknown
libmpi.so.12       00001499D2D700F8  MPIC_Sendrecv         Unknown  Unknown
libmpi.so.12       00001499D2C42B81  MPIR_Barrier_intr     Unknown  Unknown
libmpi.so.12       00001499D2C42537  I_MPIR_Barrier_in     Unknown  Unknown
libmpi.so.12       00001499D2C4236C  MPIR_Barrier          Unknown  Unknown
libmpi.so.12       00001499D2C4229C  MPIR_Barrier_impl     Unknown  Unknown
libmpi.so.12       00001499D2C4413B  PMPI_Barrier          Unknown  Unknown
libmpifort.so.12.  00001499D3311A1C  PMPI_BARRIER          Unknown  Unknown
vasp_std           0000000000EF1577  Unknown               Unknown  Unknown
vasp_std           000000000161C771  Unknown               Unknown  Unknown
vasp_std           00000000015F6996  Unknown               Unknown  Unknown
vasp_std           000000000040758E  Unknown               Unknown  Unknown
libc-2.28.so       00001499D1E1D493  __libc_start_main     Unknown  Unknown
vasp_std           00000000004074A9  Unknown               Unknown  Unknown
forrtl: error (69): process interrupted (SIGINT)
Image              PC                Routine            Line        Source             
vasp_std           0000000001778ABE  Unknown               Unknown  Unknown
libpthread-2.28.s  000014B136BB7C20  Unknown               Unknown  Unknown
libc-2.28.so       000014B1365416BB  __sched_yield         Unknown  Unknown
libmpi.so.12.0     000014B1372C77F4  Unknown               Unknown  Unknown
libmpi.so.12       000014B1372C1D6E  PMPIDI_CH3I_Progr     Unknown  Unknown
libmpi.so.12       000014B1373D4339  MPIC_Wait             Unknown  Unknown
libmpi.so.12       000014B1373D40F8  MPIC_Sendrecv         Unknown  Unknown
libmpi.so.12       000014B1372A6B81  MPIR_Barrier_intr     Unknown  Unknown
libmpi.so.12       000014B1372A6537  I_MPIR_Barrier_in     Unknown  Unknown
libmpi.so.12       000014B1372A636C  MPIR_Barrier          Unknown  Unknown
libmpi.so.12       000014B1372A629C  MPIR_Barrier_impl     Unknown  Unknown
libmpi.so.12       000014B1372A813B  PMPI_Barrier          Unknown  Unknown
libmpifort.so.12.  000014B137975A1C  PMPI_BARRIER          Unknown  Unknown
vasp_std           0000000000EF1577  Unknown               Unknown  Unknown
vasp_std           000000000161C771  Unknown               Unknown  Unknown
vasp_std           00000000015F6996  Unknown               Unknown  Unknown
vasp_std           000000000040758E  Unknown               Unknown  Unknown
libc-2.28.so       000014B136481493  __libc_start_main     Unknown  Unknown
vasp_std           00000000004074A9  Unknown               Unknown  Unknown
forrtl: error (69): process interrupted (SIGINT)
Image              PC                Routine            Line        Source             
vasp_std           0000000001778ABE  Unknown               Unknown  Unknown
libpthread-2.28.s  000014DE87A64C20  Unknown               Unknown  Unknown
libmpi.so.12.0     000014DE88174271  Unknown               Unknown  Unknown
libmpi.so.12       000014DE8816ED6E  PMPIDI_CH3I_Progr     Unknown  Unknown
libmpi.so.12       000014DE88281339  MPIC_Wait             Unknown  Unknown
libmpi.so.12       000014DE882810F8  MPIC_Sendrecv         Unknown  Unknown
libmpi.so.12       000014DE88153B81  MPIR_Barrier_intr     Unknown  Unknown
libmpi.so.12       000014DE88153537  I_MPIR_Barrier_in     Unknown  Unknown
libmpi.so.12       000014DE8815336C  MPIR_Barrier          Unknown  Unknown
libmpi.so.12       000014DE8815329C  MPIR_Barrier_impl     Unknown  Unknown
libmpi.so.12       000014DE8815513B  PMPI_Barrier          Unknown  Unknown
libmpifort.so.12.  000014DE88822A1C  PMPI_BARRIER          Unknown  Unknown
vasp_std           0000000000EF1577  Unknown               Unknown  Unknown
vasp_std           000000000161C771  Unknown               Unknown  Unknown
vasp_std           00000000015F6996  Unknown               Unknown  Unknown
vasp_std           000000000040758E  Unknown               Unknown  Unknown
libc-2.28.so       000014DE8732E493  __libc_start_main     Unknown  Unknown
vasp_std           00000000004074A9  Unknown               Unknown  Unknown
forrtl: error (69): process interrupted (SIGINT)
Image              PC                Routine            Line        Source             
vasp_std           0000000001778ABE  Unknown               Unknown  Unknown
libpthread-2.28.s  00001525D7C6BC20  Unknown               Unknown  Unknown
libmpi.so.12.0     00001525D837B278  Unknown               Unknown  Unknown
libmpi.so.12       00001525D8375D6E  PMPIDI_CH3I_Progr     Unknown  Unknown
libmpi.so.12       00001525D8488339  MPIC_Wait             Unknown  Unknown
libmpi.so.12       00001525D84880F8  MPIC_Sendrecv         Unknown  Unknown
libmpi.so.12       00001525D835AB81  MPIR_Barrier_intr     Unknown  Unknown
libmpi.so.12       00001525D835A537  I_MPIR_Barrier_in     Unknown  Unknown
libmpi.so.12       00001525D835A36C  MPIR_Barrier          Unknown  Unknown
libmpi.so.12       00001525D835A29C  MPIR_Barrier_impl     Unknown  Unknown
libmpi.so.12       00001525D835C13B  PMPI_Barrier          Unknown  Unknown
libmpifort.so.12.  00001525D8A29A1C  PMPI_BARRIER          Unknown  Unknown
vasp_std           0000000000EF1577  Unknown               Unknown  Unknown
vasp_std           000000000161C771  Unknown               Unknown  Unknown
vasp_std           00000000015F6996  Unknown               Unknown  Unknown
vasp_std           000000000040758E  Unknown               Unknown  Unknown
libc-2.28.so       00001525D7535493  __libc_start_main     Unknown  Unknown
vasp_std           00000000004074A9  Unknown               Unknown  Unknown
forrtl: error (69): process interrupted (SIGINT)
Image              PC                Routine            Line        Source             
vasp_std           0000000001778ABE  Unknown               Unknown  Unknown
libpthread-2.28.s  00001525F88EAC20  Unknown               Unknown  Unknown
libmpi.so.12.0     00001525F8FFA271  Unknown               Unknown  Unknown
libmpi.so.12       00001525F8FF4D6E  PMPIDI_CH3I_Progr     Unknown  Unknown
libmpi.so.12       00001525F9107339  MPIC_Wait             Unknown  Unknown
libmpi.so.12       00001525F91070F8  MPIC_Sendrecv         Unknown  Unknown
libmpi.so.12       00001525F8FD9B81  MPIR_Barrier_intr     Unknown  Unknown
libmpi.so.12       00001525F8FD9537  I_MPIR_Barrier_in     Unknown  Unknown
libmpi.so.12       00001525F8FD936C  MPIR_Barrier          Unknown  Unknown
libmpi.so.12       00001525F8FD929C  MPIR_Barrier_impl     Unknown  Unknown
libmpi.so.12       00001525F8FDB13B  PMPI_Barrier          Unknown  Unknown
libmpifort.so.12.  00001525F96A8A1C  PMPI_BARRIER          Unknown  Unknown
vasp_std           0000000000EF1577  Unknown               Unknown  Unknown
vasp_std           000000000161C771  Unknown               Unknown  Unknown
vasp_std           00000000015F6996  Unknown               Unknown  Unknown
vasp_std           000000000040758E  Unknown               Unknown  Unknown
libc-2.28.so       00001525F81B4493  __libc_start_main     Unknown  Unknown
vasp_std           00000000004074A9  Unknown               Unknown  Unknown
forrtl: error (69): process interrupted (SIGINT)
Image              PC                Routine            Line        Source             
vasp_std           0000000001778ABE  Unknown               Unknown  Unknown
libpthread-2.28.s  00001539BB552C20  Unknown               Unknown  Unknown
vasp_std           0000000001778510  Unknown               Unknown  Unknown
libpthread-2.28.s  00001539BB552C20  Unknown               Unknown  Unknown
libmpi.so.12.0     00001539BBC62271  Unknown               Unknown  Unknown
libmpi.so.12       00001539BBC5CD6E  PMPIDI_CH3I_Progr     Unknown  Unknown
libmpi.so.12       00001539BBD6F339  MPIC_Wait             Unknown  Unknown
libmpi.so.12       00001539BBD6F0F8  MPIC_Sendrecv         Unknown  Unknown
libmpi.so.12       00001539BBC41B81  MPIR_Barrier_intr     Unknown  Unknown
libmpi.so.12       00001539BBC41537  I_MPIR_Barrier_in     Unknown  Unknown
libmpi.so.12       00001539BBC4136C  MPIR_Barrier          Unknown  Unknown
libmpi.so.12       00001539BBC4129C  MPIR_Barrier_impl     Unknown  Unknown
libmpi.so.12       00001539BBC4313B  PMPI_Barrier          Unknown  Unknown
libmpifort.so.12.  00001539BC310A1C  PMPI_BARRIER          Unknown  Unknown
vasp_std           0000000000EF1577  Unknown               Unknown  Unknown
vasp_std           000000000161C771  Unknown               Unknown  Unknown
vasp_std           00000000015F6996  Unknown               Unknown  Unknown
vasp_std           000000000040758E  Unknown               Unknown  Unknown
libc-2.28.so       00001539BAE1C493  __libc_start_main     Unknown  Unknown
vasp_std           00000000004074A9  Unknown               Unknown  Unknown
forrtl: error (69): process interrupted (SIGINT)
Image              PC                Routine            Line        Source             
vasp_std           0000000001778ABE  Unknown               Unknown  Unknown
libpthread-2.28.s  00001528A301DC20  Unknown               Unknown  Unknown
libc-2.28.so       00001528A29B9E5B  ftruncate             Unknown  Unknown
vasp_std           00000000017902DD  Unknown               Unknown  Unknown
vasp_std           00000000017BF0DE  Unknown               Unknown  Unknown
vasp_std           00000000017BDEC2  Unknown               Unknown  Unknown
vasp_std           00000000004233AA  Unknown               Unknown  Unknown
vasp_std           00000000015F698D  Unknown               Unknown  Unknown
vasp_std           000000000040758E  Unknown               Unknown  Unknown
libc-2.28.so       00001528A28E7493  __libc_start_main     Unknown  Unknown
vasp_std           00000000004074A9  Unknown               Unknown  Unknown
