forrtl: error (69): process interrupted (SIGINT)
Image              PC                Routine            Line        Source             
vasp_std           0000000001778ABE  Unknown               Unknown  Unknown
libpthread-2.28.s  000014AA643A9C20  Unknown               Unknown  Unknown
libc-2.28.so       000014AA63D336BB  __sched_yield         Unknown  Unknown
libmpi.so.12.0     000014AA64C6034C  Unknown               Unknown  Unknown
libmpi.so.12       000014AA64C60957  MPID_nem_lmt_shm_     Unknown  Unknown
libmpi.so.12       000014AA64AB3945  PMPIDI_CH3I_Progr     Unknown  Unknown
libmpi.so.12       000014AA64D4DA00  MPIR_Waitall_impl     Unknown  Unknown
libmpi.so.12       000014AA64BBFF4B  MPIC_Waitall          Unknown  Unknown
libmpi.so.12       000014AA64A90887  MPIR_Alltoallv_in     Unknown  Unknown
libmpi.so.12       000014AA64A8FE09  MPIR_Alltoallv        Unknown  Unknown
libmpi.so.12       000014AA64A8FD91  MPIR_Alltoallv_im     Unknown  Unknown
libmpi.so.12       000014AA64A8F0F2  MPI_Alltoallv         Unknown  Unknown
libmpifort.so.12.  000014AA6516777A  pmpi_alltoallv__      Unknown  Unknown
vasp_std           0000000000411F0E  Unknown               Unknown  Unknown
vasp_std           000000000159CD22  Unknown               Unknown  Unknown
vasp_std           0000000001592BE7  Unknown               Unknown  Unknown
vasp_std           0000000001593DA1  Unknown               Unknown  Unknown
vasp_std           000000000067953D  Unknown               Unknown  Unknown
vasp_std           00000000006779A1  Unknown               Unknown  Unknown
vasp_std           00000000008D8A91  Unknown               Unknown  Unknown
vasp_std           0000000000EF8674  Unknown               Unknown  Unknown
vasp_std           000000000161C771  Unknown               Unknown  Unknown
vasp_std           00000000015F6996  Unknown               Unknown  Unknown
vasp_std           000000000040758E  Unknown               Unknown  Unknown
libc-2.28.so       000014AA63C73493  __libc_start_main     Unknown  Unknown
vasp_std           00000000004074A9  Unknown               Unknown  Unknown
forrtl: error (69): process interrupted (SIGINT)
Image              PC                Routine            Line        Source             
vasp_std           0000000001778ABE  Unknown               Unknown  Unknown
libpthread-2.28.s  0000151BD0170C20  Unknown               Unknown  Unknown
libc-2.28.so       0000151BCFAFA6BB  __sched_yield         Unknown  Unknown
libmpi.so.12       0000151BD087AB14  PMPIDI_CH3I_Progr     Unknown  Unknown
libmpi.so.12       0000151BD0B14A00  MPIR_Waitall_impl     Unknown  Unknown
libmpi.so.12       0000151BD0986F4B  MPIC_Waitall          Unknown  Unknown
libmpi.so.12       0000151BD0857887  MPIR_Alltoallv_in     Unknown  Unknown
libmpi.so.12       0000151BD0856E09  MPIR_Alltoallv        Unknown  Unknown
libmpi.so.12       0000151BD0856D91  MPIR_Alltoallv_im     Unknown  Unknown
libmpi.so.12       0000151BD08560F2  MPI_Alltoallv         Unknown  Unknown
libmpifort.so.12.  0000151BD0F2E77A  pmpi_alltoallv__      Unknown  Unknown
vasp_std           0000000000411F0E  Unknown               Unknown  Unknown
vasp_std           000000000159CD22  Unknown               Unknown  Unknown
vasp_std           0000000001592BE7  Unknown               Unknown  Unknown
vasp_std           0000000001593DA1  Unknown               Unknown  Unknown
vasp_std           000000000067953D  Unknown               Unknown  Unknown
vasp_std           00000000006779A1  Unknown               Unknown  Unknown
vasp_std           00000000008D8A91  Unknown               Unknown  Unknown
vasp_std           0000000000EF8674  Unknown               Unknown  Unknown
vasp_std           000000000161C771  Unknown               Unknown  Unknown
vasp_std           00000000015F6996  Unknown               Unknown  Unknown
vasp_std           000000000040758E  Unknown               Unknown  Unknown
libc-2.28.so       0000151BCFA3A493  __libc_start_main     Unknown  Unknown
vasp_std           00000000004074A9  Unknown               Unknown  Unknown
