forrtl: error (69): process interrupted (SIGINT)
Image              PC                Routine            Line        Source             
vasp_std           0000000001778ABE  Unknown               Unknown  Unknown
libpthread-2.28.s  000015148B821C20  Unknown               Unknown  Unknown
libmpi.so.12.0     000015148BF31271  Unknown               Unknown  Unknown
libmpi.so.12       000015148BF2BD6E  PMPIDI_CH3I_Progr     Unknown  Unknown
libmpi.so.12       000015148C1C5A00  MPIR_Waitall_impl     Unknown  Unknown
libmpi.so.12       000015148C037F4B  MPIC_Waitall          Unknown  Unknown
libmpi.so.12       000015148BF08887  MPIR_Alltoallv_in     Unknown  Unknown
libmpi.so.12       000015148BF07E09  MPIR_Alltoallv        Unknown  Unknown
libmpi.so.12       000015148BF07D91  MPIR_Alltoallv_im     Unknown  Unknown
libmpi.so.12       000015148BF070F2  MPI_Alltoallv         Unknown  Unknown
libmpifort.so.12.  000015148C5DF77A  pmpi_alltoallv__      Unknown  Unknown
vasp_std           0000000000411F0E  Unknown               Unknown  Unknown
vasp_std           000000000159C3BD  Unknown               Unknown  Unknown
vasp_std           0000000001592C92  Unknown               Unknown  Unknown
vasp_std           0000000001593EC5  Unknown               Unknown  Unknown
vasp_std           00000000008D8711  Unknown               Unknown  Unknown
vasp_std           0000000000EF8674  Unknown               Unknown  Unknown
vasp_std           000000000161C771  Unknown               Unknown  Unknown
vasp_std           00000000015F6996  Unknown               Unknown  Unknown
vasp_std           000000000040758E  Unknown               Unknown  Unknown
libc-2.28.so       000015148B0EB493  __libc_start_main     Unknown  Unknown
vasp_std           00000000004074A9  Unknown               Unknown  Unknown
forrtl: error (69): process interrupted (SIGINT)
Image              PC                Routine            Line        Source             
vasp_std           0000000001778ABE  Unknown               Unknown  Unknown
libpthread-2.28.s  000014701969CC20  Unknown               Unknown  Unknown
libmpi.so.12.0     0000147019DAC278  Unknown               Unknown  Unknown
libmpi.so.12       0000147019DA6D6E  PMPIDI_CH3I_Progr     Unknown  Unknown
libmpi.so.12       000014701A040A00  MPIR_Waitall_impl     Unknown  Unknown
libmpi.so.12       0000147019EB2F4B  MPIC_Waitall          Unknown  Unknown
libmpi.so.12       0000147019D83887  MPIR_Alltoallv_in     Unknown  Unknown
libmpi.so.12       0000147019D82E09  MPIR_Alltoallv        Unknown  Unknown
libmpi.so.12       0000147019D82D91  MPIR_Alltoallv_im     Unknown  Unknown
libmpi.so.12       0000147019D820F2  MPI_Alltoallv         Unknown  Unknown
libmpifort.so.12.  000014701A45A77A  pmpi_alltoallv__      Unknown  Unknown
vasp_std           0000000000411F0E  Unknown               Unknown  Unknown
vasp_std           000000000159C3BD  Unknown               Unknown  Unknown
vasp_std           0000000001592C92  Unknown               Unknown  Unknown
vasp_std           0000000001593EC5  Unknown               Unknown  Unknown
vasp_std           00000000008D8711  Unknown               Unknown  Unknown
vasp_std           0000000000EF8674  Unknown               Unknown  Unknown
vasp_std           000000000161C771  Unknown               Unknown  Unknown
vasp_std           00000000015F6996  Unknown               Unknown  Unknown
vasp_std           000000000040758E  Unknown               Unknown  Unknown
libc-2.28.so       0000147018F66493  __libc_start_main     Unknown  Unknown
vasp_std           00000000004074A9  Unknown               Unknown  Unknown
forrtl: error (69): process interrupted (SIGINT)
Image              PC                Routine            Line        Source             
vasp_std           0000000001778ABE  Unknown               Unknown  Unknown
libpthread-2.28.s  000014B02DCD1C20  Unknown               Unknown  Unknown
libmpi.so.12.0     000014B02E3E1271  Unknown               Unknown  Unknown
libmpi.so.12       000014B02E3DBD6E  PMPIDI_CH3I_Progr     Unknown  Unknown
libmpi.so.12       000014B02E675A00  MPIR_Waitall_impl     Unknown  Unknown
libmpi.so.12       000014B02E4E7F4B  MPIC_Waitall          Unknown  Unknown
libmpi.so.12       000014B02E3B8887  MPIR_Alltoallv_in     Unknown  Unknown
libmpi.so.12       000014B02E3B7E09  MPIR_Alltoallv        Unknown  Unknown
libmpi.so.12       000014B02E3B7D91  MPIR_Alltoallv_im     Unknown  Unknown
libmpi.so.12       000014B02E3B70F2  MPI_Alltoallv         Unknown  Unknown
libmpifort.so.12.  000014B02EA8F77A  pmpi_alltoallv__      Unknown  Unknown
vasp_std           0000000000411F0E  Unknown               Unknown  Unknown
vasp_std           000000000159C3BD  Unknown               Unknown  Unknown
vasp_std           0000000001592C92  Unknown               Unknown  Unknown
vasp_std           0000000001593EC5  Unknown               Unknown  Unknown
vasp_std           00000000008D8711  Unknown               Unknown  Unknown
vasp_std           0000000000EF8674  Unknown               Unknown  Unknown
vasp_std           000000000161C771  Unknown               Unknown  Unknown
vasp_std           00000000015F6996  Unknown               Unknown  Unknown
vasp_std           000000000040758E  Unknown               Unknown  Unknown
libc-2.28.so       000014B02D59B493  __libc_start_main     Unknown  Unknown
vasp_std           00000000004074A9  Unknown               Unknown  Unknown
forrtl: error (69): process interrupted (SIGINT)
Image              PC                Routine            Line        Source             
vasp_std           0000000001778ABE  Unknown               Unknown  Unknown
libpthread-2.28.s  0000150478DCCC20  Unknown               Unknown  Unknown
libmpi.so.12.0     00001504794DC271  Unknown               Unknown  Unknown
libmpi.so.12       00001504794D6D6E  PMPIDI_CH3I_Progr     Unknown  Unknown
libmpi.so.12       0000150479770A00  MPIR_Waitall_impl     Unknown  Unknown
libmpi.so.12       00001504795E2F4B  MPIC_Waitall          Unknown  Unknown
libmpi.so.12       00001504794B3887  MPIR_Alltoallv_in     Unknown  Unknown
libmpi.so.12       00001504794B2E09  MPIR_Alltoallv        Unknown  Unknown
libmpi.so.12       00001504794B2D91  MPIR_Alltoallv_im     Unknown  Unknown
libmpi.so.12       00001504794B20F2  MPI_Alltoallv         Unknown  Unknown
libmpifort.so.12.  0000150479B8A77A  pmpi_alltoallv__      Unknown  Unknown
vasp_std           0000000000411F0E  Unknown               Unknown  Unknown
vasp_std           000000000159C3BD  Unknown               Unknown  Unknown
vasp_std           0000000001592C92  Unknown               Unknown  Unknown
vasp_std           0000000001593EC5  Unknown               Unknown  Unknown
vasp_std           00000000008D8711  Unknown               Unknown  Unknown
vasp_std           0000000000EF8674  Unknown               Unknown  Unknown
vasp_std           000000000161C771  Unknown               Unknown  Unknown
vasp_std           00000000015F6996  Unknown               Unknown  Unknown
vasp_std           000000000040758E  Unknown               Unknown  Unknown
libc-2.28.so       0000150478696493  __libc_start_main     Unknown  Unknown
vasp_std           00000000004074A9  Unknown               Unknown  Unknown
forrtl: error (69): process interrupted (SIGINT)
Image              PC                Routine            Line        Source             
vasp_std           0000000001778ABE  Unknown               Unknown  Unknown
libpthread-2.28.s  0000150BC2D17C20  Unknown               Unknown  Unknown
libmpi.so.12.0     0000150BC342756A  Unknown               Unknown  Unknown
libmpi.so.12       0000150BC3421D6E  PMPIDI_CH3I_Progr     Unknown  Unknown
libmpi.so.12       0000150BC36BBA00  MPIR_Waitall_impl     Unknown  Unknown
libmpi.so.12       0000150BC352DF4B  MPIC_Waitall          Unknown  Unknown
libmpi.so.12       0000150BC33FE887  MPIR_Alltoallv_in     Unknown  Unknown
libmpi.so.12       0000150BC33FDE09  MPIR_Alltoallv        Unknown  Unknown
libmpi.so.12       0000150BC33FDD91  MPIR_Alltoallv_im     Unknown  Unknown
libmpi.so.12       0000150BC33FD0F2  MPI_Alltoallv         Unknown  Unknown
libmpifort.so.12.  0000150BC3AD577A  pmpi_alltoallv__      Unknown  Unknown
vasp_std           0000000000411F0E  Unknown               Unknown  Unknown
vasp_std           000000000159C3BD  Unknown               Unknown  Unknown
vasp_std           0000000001592C92  Unknown               Unknown  Unknown
vasp_std           0000000001593EC5  Unknown               Unknown  Unknown
vasp_std           00000000008D8711  Unknown               Unknown  Unknown
vasp_std           0000000000EF8674  Unknown               Unknown  Unknown
vasp_std           000000000161C771  Unknown               Unknown  Unknown
vasp_std           00000000015F6996  Unknown               Unknown  Unknown
vasp_std           000000000040758E  Unknown               Unknown  Unknown
libc-2.28.so       0000150BC25E1493  __libc_start_main     Unknown  Unknown
vasp_std           00000000004074A9  Unknown               Unknown  Unknown
forrtl: error (69): process interrupted (SIGINT)
Image              PC                Routine            Line        Source             
vasp_std           0000000001778ABE  Unknown               Unknown  Unknown
libpthread-2.28.s  0000152325353C20  Unknown               Unknown  Unknown
libmpi.so.12.0     0000152325A63271  Unknown               Unknown  Unknown
libmpi.so.12       0000152325A5DD6E  PMPIDI_CH3I_Progr     Unknown  Unknown
libmpi.so.12       0000152325CF7A00  MPIR_Waitall_impl     Unknown  Unknown
libmpi.so.12       0000152325B69F4B  MPIC_Waitall          Unknown  Unknown
libmpi.so.12       0000152325A3A887  MPIR_Alltoallv_in     Unknown  Unknown
libmpi.so.12       0000152325A39E09  MPIR_Alltoallv        Unknown  Unknown
libmpi.so.12       0000152325A39D91  MPIR_Alltoallv_im     Unknown  Unknown
libmpi.so.12       0000152325A390F2  MPI_Alltoallv         Unknown  Unknown
libmpifort.so.12.  000015232611177A  pmpi_alltoallv__      Unknown  Unknown
vasp_std           0000000000411F0E  Unknown               Unknown  Unknown
vasp_std           000000000159C3BD  Unknown               Unknown  Unknown
vasp_std           0000000001592C92  Unknown               Unknown  Unknown
vasp_std           0000000001593EC5  Unknown               Unknown  Unknown
vasp_std           00000000008D8711  Unknown               Unknown  Unknown
vasp_std           0000000000EF8674  Unknown               Unknown  Unknown
vasp_std           000000000161C771  Unknown               Unknown  Unknown
vasp_std           00000000015F6996  Unknown               Unknown  Unknown
vasp_std           000000000040758E  Unknown               Unknown  Unknown
libc-2.28.so       0000152324C1D493  __libc_start_main     Unknown  Unknown
vasp_std           00000000004074A9  Unknown               Unknown  Unknown
Terminated
