forrtl: error (69): process interrupted (SIGINT)
Image              PC                Routine            Line        Source             
vasp_std           0000000001778ABE  Unknown               Unknown  Unknown
libpthread-2.28.s  000014E172769C20  Unknown               Unknown  Unknown
libmpi.so.12.0     000014E172E79271  Unknown               Unknown  Unknown
libmpi.so.12       000014E172E73D6E  PMPIDI_CH3I_Progr     Unknown  Unknown
libmpi.so.12       000014E172F86339  MPIC_Wait             Unknown  Unknown
libmpi.so.12       000014E172F860F8  MPIC_Sendrecv         Unknown  Unknown
libmpi.so.12       000014E172E58B81  MPIR_Barrier_intr     Unknown  Unknown
libmpi.so.12       000014E172E58537  I_MPIR_Barrier_in     Unknown  Unknown
libmpi.so.12       000014E172E5836C  MPIR_Barrier          Unknown  Unknown
libmpi.so.12       000014E172E5829C  MPIR_Barrier_impl     Unknown  Unknown
libmpi.so.12       000014E172E5A13B  PMPI_Barrier          Unknown  Unknown
libmpifort.so.12.  000014E173527A1C  PMPI_BARRIER          Unknown  Unknown
vasp_std           0000000000EF1577  Unknown               Unknown  Unknown
vasp_std           000000000161C771  Unknown               Unknown  Unknown
vasp_std           00000000015F6996  Unknown               Unknown  Unknown
vasp_std           000000000040758E  Unknown               Unknown  Unknown
libc-2.28.so       000014E172033493  __libc_start_main     Unknown  Unknown
vasp_std           00000000004074A9  Unknown               Unknown  Unknown
forrtl: error (69): process interrupted (SIGINT)
Image              PC                Routine            Line        Source             
vasp_std           0000000001778ABE  Unknown               Unknown  Unknown
libpthread-2.28.s  00001537ECA85C20  Unknown               Unknown  Unknown
vasp_std           0000000001778510  Unknown               Unknown  Unknown
libpthread-2.28.s  00001537ECA85C20  Unknown               Unknown  Unknown
vasp_std           0000000001778510  Unknown               Unknown  Unknown
libpthread-2.28.s  00001537ECA85C20  Unknown               Unknown  Unknown
libc-2.28.so       00001537EC40F6BB  __sched_yield         Unknown  Unknown
libmpi.so.12.0     00001537ED1957F4  Unknown               Unknown  Unknown
libmpi.so.12       00001537ED18FD6E  PMPIDI_CH3I_Progr     Unknown  Unknown
libmpi.so.12       00001537ED2A2339  MPIC_Wait             Unknown  Unknown
libmpi.so.12       00001537ED2A20F8  MPIC_Sendrecv         Unknown  Unknown
libmpi.so.12       00001537ED174B81  MPIR_Barrier_intr     Unknown  Unknown
libmpi.so.12       00001537ED174537  I_MPIR_Barrier_in     Unknown  Unknown
libmpi.so.12       00001537ED17436C  MPIR_Barrier          Unknown  Unknown
libmpi.so.12       00001537ED17429C  MPIR_Barrier_impl     Unknown  Unknown
libmpi.so.12       00001537ED17613B  PMPI_Barrier          Unknown  Unknown
libmpifort.so.12.  00001537ED843A1C  PMPI_BARRIER          Unknown  Unknown
vasp_std           0000000000EF1577  Unknown               Unknown  Unknown
vasp_std           000000000161C771  Unknown               Unknown  Unknown
vasp_std           00000000015F6996  Unknown               Unknown  Unknown
vasp_std           000000000040758E  Unknown               Unknown  Unknown
libc-2.28.so       00001537EC34F493  __libc_start_main     Unknown  Unknown
vasp_std           00000000004074A9  Unknown               Unknown  Unknown
forrtl: error (69): process interrupted (SIGINT)
Image              PC                Routine            Line        Source             
vasp_std           0000000001778ABE  Unknown               Unknown  Unknown
libpthread-2.28.s  00001542308A8C20  Unknown               Unknown  Unknown
libc-2.28.so       00001542302326BB  __sched_yield         Unknown  Unknown
libmpi.so.12.0     0000154230FB87F4  Unknown               Unknown  Unknown
libmpi.so.12       0000154230FB2D6E  PMPIDI_CH3I_Progr     Unknown  Unknown
libmpi.so.12       00001542310C5339  MPIC_Wait             Unknown  Unknown
libmpi.so.12       00001542310C50F8  MPIC_Sendrecv         Unknown  Unknown
libmpi.so.12       0000154230F97B81  MPIR_Barrier_intr     Unknown  Unknown
libmpi.so.12       0000154230F97537  I_MPIR_Barrier_in     Unknown  Unknown
libmpi.so.12       0000154230F9736C  MPIR_Barrier          Unknown  Unknown
libmpi.so.12       0000154230F9729C  MPIR_Barrier_impl     Unknown  Unknown
libmpi.so.12       0000154230F9913B  PMPI_Barrier          Unknown  Unknown
libmpifort.so.12.  0000154231666A1C  PMPI_BARRIER          Unknown  Unknown
vasp_std           0000000000EF1577  Unknown               Unknown  Unknown
vasp_std           000000000161C771  Unknown               Unknown  Unknown
vasp_std           00000000015F6996  Unknown               Unknown  Unknown
vasp_std           000000000040758E  Unknown               Unknown  Unknown
libc-2.28.so       0000154230172493  __libc_start_main     Unknown  Unknown
vasp_std           00000000004074A9  Unknown               Unknown  Unknown
forrtl: error (69): process interrupted (SIGINT)
Image              PC                Routine            Line        Source             
vasp_std           0000000001778ABE  Unknown               Unknown  Unknown
libpthread-2.28.s  0000146FF452BC20  Unknown               Unknown  Unknown
libmpi.so.12.0     0000146FF4C3B271  Unknown               Unknown  Unknown
libmpi.so.12       0000146FF4C35D6E  PMPIDI_CH3I_Progr     Unknown  Unknown
libmpi.so.12       0000146FF4D48339  MPIC_Wait             Unknown  Unknown
libmpi.so.12       0000146FF4D480F8  MPIC_Sendrecv         Unknown  Unknown
libmpi.so.12       0000146FF4C1AB81  MPIR_Barrier_intr     Unknown  Unknown
libmpi.so.12       0000146FF4C1A537  I_MPIR_Barrier_in     Unknown  Unknown
libmpi.so.12       0000146FF4C1A36C  MPIR_Barrier          Unknown  Unknown
libmpi.so.12       0000146FF4C1A29C  MPIR_Barrier_impl     Unknown  Unknown
libmpi.so.12       0000146FF4C1C13B  PMPI_Barrier          Unknown  Unknown
libmpifort.so.12.  0000146FF52E9A1C  PMPI_BARRIER          Unknown  Unknown
vasp_std           0000000000EF1577  Unknown               Unknown  Unknown
vasp_std           000000000161C771  Unknown               Unknown  Unknown
vasp_std           00000000015F6996  Unknown               Unknown  Unknown
vasp_std           000000000040758E  Unknown               Unknown  Unknown
libc-2.28.so       0000146FF3DF5493  __libc_start_main     Unknown  Unknown
vasp_std           00000000004074A9  Unknown               Unknown  Unknown
forrtl: error (69): process interrupted (SIGINT)
Image              PC                Routine            Line        Source             
vasp_std           0000000001778ABE  Unknown               Unknown  Unknown
libpthread-2.28.s  000014E3EC2F1C20  Unknown               Unknown  Unknown
libmpi.so.12.0     000014E3ECA01271  Unknown               Unknown  Unknown
libmpi.so.12       000014E3EC9FBD6E  PMPIDI_CH3I_Progr     Unknown  Unknown
libmpi.so.12       000014E3ECB0E339  MPIC_Wait             Unknown  Unknown
libmpi.so.12       000014E3ECB0E0F8  MPIC_Sendrecv         Unknown  Unknown
libmpi.so.12       000014E3EC9E0B81  MPIR_Barrier_intr     Unknown  Unknown
libmpi.so.12       000014E3EC9E0537  I_MPIR_Barrier_in     Unknown  Unknown
libmpi.so.12       000014E3EC9E036C  MPIR_Barrier          Unknown  Unknown
libmpi.so.12       000014E3EC9E029C  MPIR_Barrier_impl     Unknown  Unknown
libmpi.so.12       000014E3EC9E213B  PMPI_Barrier          Unknown  Unknown
libmpifort.so.12.  000014E3ED0AFA1C  PMPI_BARRIER          Unknown  Unknown
vasp_std           0000000000EF1577  Unknown               Unknown  Unknown
vasp_std           000000000161C771  Unknown               Unknown  Unknown
vasp_std           00000000015F6996  Unknown               Unknown  Unknown
vasp_std           000000000040758E  Unknown               Unknown  Unknown
libc-2.28.so       000014E3EBBBB493  __libc_start_main     Unknown  Unknown
vasp_std           00000000004074A9  Unknown               Unknown  Unknown
forrtl: error (69): process interrupted (SIGINT)
Image              PC                Routine            Line        Source             
vasp_std           0000000001778ABE  Unknown               Unknown  Unknown
libpthread-2.28.s  0000146CADEC0C20  Unknown               Unknown  Unknown
libc-2.28.so       0000146CAD84A6BB  __sched_yield         Unknown  Unknown
libmpi.so.12.0     0000146CAE5D07F4  Unknown               Unknown  Unknown
libmpi.so.12       0000146CAE5CAD6E  PMPIDI_CH3I_Progr     Unknown  Unknown
libmpi.so.12       0000146CAE6DD339  MPIC_Wait             Unknown  Unknown
libmpi.so.12       0000146CAE6DD0F8  MPIC_Sendrecv         Unknown  Unknown
libmpi.so.12       0000146CAE5AFB81  MPIR_Barrier_intr     Unknown  Unknown
libmpi.so.12       0000146CAE5AF537  I_MPIR_Barrier_in     Unknown  Unknown
libmpi.so.12       0000146CAE5AF36C  MPIR_Barrier          Unknown  Unknown
libmpi.so.12       0000146CAE5AF29C  MPIR_Barrier_impl     Unknown  Unknown
libmpi.so.12       0000146CAE5B113B  PMPI_Barrier          Unknown  Unknown
libmpifort.so.12.  0000146CAEC7EA1C  PMPI_BARRIER          Unknown  Unknown
vasp_std           0000000000EF1577  Unknown               Unknown  Unknown
vasp_std           000000000161C771  Unknown               Unknown  Unknown
vasp_std           00000000015F6996  Unknown               Unknown  Unknown
vasp_std           000000000040758E  Unknown               Unknown  Unknown
libc-2.28.so       0000146CAD78A493  __libc_start_main     Unknown  Unknown
vasp_std           00000000004074A9  Unknown               Unknown  Unknown
forrtl: error (69): process interrupted (SIGINT)
Image              PC                Routine            Line        Source             
vasp_std           0000000001778ABE  Unknown               Unknown  Unknown
libpthread-2.28.s  0000145D7D659C20  Unknown               Unknown  Unknown
libmpi.so.12.0     0000145D7DD69271  Unknown               Unknown  Unknown
libmpi.so.12       0000145D7DD63D6E  PMPIDI_CH3I_Progr     Unknown  Unknown
libmpi.so.12       0000145D7DE76339  MPIC_Wait             Unknown  Unknown
libmpi.so.12       0000145D7DE760F8  MPIC_Sendrecv         Unknown  Unknown
libmpi.so.12       0000145D7DD48B81  MPIR_Barrier_intr     Unknown  Unknown
libmpi.so.12       0000145D7DD48537  I_MPIR_Barrier_in     Unknown  Unknown
libmpi.so.12       0000145D7DD4836C  MPIR_Barrier          Unknown  Unknown
libmpi.so.12       0000145D7DD4829C  MPIR_Barrier_impl     Unknown  Unknown
libmpi.so.12       0000145D7DD4A13B  PMPI_Barrier          Unknown  Unknown
libmpifort.so.12.  0000145D7E417A1C  PMPI_BARRIER          Unknown  Unknown
vasp_std           0000000000EF1577  Unknown               Unknown  Unknown
vasp_std           000000000161C771  Unknown               Unknown  Unknown
vasp_std           00000000015F6996  Unknown               Unknown  Unknown
vasp_std           000000000040758E  Unknown               Unknown  Unknown
libc-2.28.so       0000145D7CF23493  __libc_start_main     Unknown  Unknown
vasp_std           00000000004074A9  Unknown               Unknown  Unknown
forrtl: error (69): process interrupted (SIGINT)
Image              PC                Routine            Line        Source             
vasp_std           0000000001778ABE  Unknown               Unknown  Unknown
libpthread-2.28.s  00001479BAFA4C20  Unknown               Unknown  Unknown
libc-2.28.so       00001479BA940E5B  ftruncate             Unknown  Unknown
vasp_std           00000000017902DD  Unknown               Unknown  Unknown
vasp_std           00000000017BF0DE  Unknown               Unknown  Unknown
vasp_std           00000000017BDEC2  Unknown               Unknown  Unknown
vasp_std           00000000004233AA  Unknown               Unknown  Unknown
vasp_std           00000000015F698D  Unknown               Unknown  Unknown
vasp_std           000000000040758E  Unknown               Unknown  Unknown
libc-2.28.so       00001479BA86E493  __libc_start_main     Unknown  Unknown
vasp_std           00000000004074A9  Unknown               Unknown  Unknown
