forrtl: error (69): process interrupted (SIGINT)
Image              PC                Routine            Line        Source             
vasp_std           0000000001778ABE  Unknown               Unknown  Unknown
libpthread-2.28.s  0000151532606C20  Unknown               Unknown  Unknown
vasp_std           0000000001593257  Unknown               Unknown  Unknown
vasp_std           000000000058F5A4  Unknown               Unknown  Unknown
vasp_std           0000000000E7EE3E  Unknown               Unknown  Unknown
vasp_std           0000000000EF8360  Unknown               Unknown  Unknown
vasp_std           000000000161C771  Unknown               Unknown  Unknown
vasp_std           00000000015F6996  Unknown               Unknown  Unknown
vasp_std           000000000040758E  Unknown               Unknown  Unknown
libc-2.28.so       0000151531ED0493  __libc_start_main     Unknown  Unknown
vasp_std           00000000004074A9  Unknown               Unknown  Unknown
forrtl: error (69): process interrupted (SIGINT)
Image              PC                Routine            Line        Source             
vasp_std           0000000001778ABE  Unknown               Unknown  Unknown
libpthread-2.28.s  0000153A81E91C20  Unknown               Unknown  Unknown
libmkl_avx512.so   0000153A79DE34F4  mkl_dft_avx512_mg     Unknown  Unknown
libmkl_avx512.so   0000153A79DD83BD  Unknown               Unknown  Unknown
libmkl_intel_lp64  0000153A89F9F339  DftiComputeBackwa     Unknown  Unknown
libmkl_intel_lp64  0000153A89FA5A1F  fftw_execute_dft      Unknown  Unknown
vasp_std           0000000001592C39  Unknown               Unknown  Unknown
vasp_std           000000000159397A  Unknown               Unknown  Unknown
vasp_std           0000000001593276  Unknown               Unknown  Unknown
vasp_std           000000000058F5A4  Unknown               Unknown  Unknown
vasp_std           0000000000E7EE3E  Unknown               Unknown  Unknown
vasp_std           0000000000EF8360  Unknown               Unknown  Unknown
vasp_std           000000000161C771  Unknown               Unknown  Unknown
vasp_std           00000000015F6996  Unknown               Unknown  Unknown
vasp_std           000000000040758E  Unknown               Unknown  Unknown
libc-2.28.so       0000153A8175B493  __libc_start_main     Unknown  Unknown
vasp_std           00000000004074A9  Unknown               Unknown  Unknown
forrtl: error (69): process interrupted (SIGINT)
Image              PC                Routine            Line        Source             
vasp_std           0000000001778ABE  Unknown               Unknown  Unknown
libpthread-2.28.s  00001499B1CE1C20  Unknown               Unknown  Unknown
libmkl_avx512.so   00001499A9C3352E  mkl_dft_avx512_mg     Unknown  Unknown
libmkl_avx512.so   00001499A9C283BD  Unknown               Unknown  Unknown
libmkl_intel_lp64  00001499B9DEF339  DftiComputeBackwa     Unknown  Unknown
libmkl_intel_lp64  00001499B9DF5A1F  fftw_execute_dft      Unknown  Unknown
vasp_std           0000000001592C39  Unknown               Unknown  Unknown
vasp_std           000000000159397A  Unknown               Unknown  Unknown
vasp_std           0000000001593276  Unknown               Unknown  Unknown
vasp_std           000000000058F5A4  Unknown               Unknown  Unknown
vasp_std           0000000000E7EE3E  Unknown               Unknown  Unknown
vasp_std           0000000000EF8360  Unknown               Unknown  Unknown
vasp_std           000000000161C771  Unknown               Unknown  Unknown
vasp_std           00000000015F6996  Unknown               Unknown  Unknown
vasp_std           000000000040758E  Unknown               Unknown  Unknown
libc-2.28.so       00001499B15AB493  __libc_start_main     Unknown  Unknown
vasp_std           00000000004074A9  Unknown               Unknown  Unknown
forrtl: error (69): process interrupted (SIGINT)
Image              PC                Routine            Line        Source             
vasp_std           0000000001778ABE  Unknown               Unknown  Unknown
libpthread-2.28.s  000015058E324C20  Unknown               Unknown  Unknown

Stack trace terminated abnormally.
forrtl: error (69): process interrupted (SIGINT)
Image              PC                Routine            Line        Source             
vasp_std           0000000001778ABE  Unknown               Unknown  Unknown
libpthread-2.28.s  0000154D891FCC20  Unknown               Unknown  Unknown

Stack trace terminated abnormally.
forrtl: error (69): process interrupted (SIGINT)
Image              PC                Routine            Line        Source             
vasp_std           0000000001778ABE  Unknown               Unknown  Unknown

Stack trace terminated abnormally.
forrtl: error (69): process interrupted (SIGINT)
Image              PC                Routine            Line        Source             

Stack trace terminated abnormally.
forrtl: error (69): process interrupted (SIGINT)
Image              PC                Routine            Line        Source             
vasp_std           0000000001778ABE  Unknown               Unknown  Unknown
libpthread-2.28.s  000014D4142F8C20  Unknown               Unknown  Unknown

Stack trace terminated abnormally.
