forrtl: error (69): process interrupted (SIGINT)
Image              PC                Routine            Line        Source             
vasp_std           0000000001778ABE  Unknown               Unknown  Unknown
libpthread-2.28.s  00001463B8482C20  Unknown               Unknown  Unknown
libpthread-2.28.s  00001463B848214F  __open64              Unknown  Unknown
vasp_std           00000000017D732F  Unknown               Unknown  Unknown
vasp_std           0000000001789417  Unknown               Unknown  Unknown
vasp_std           0000000001625A20  Unknown               Unknown  Unknown
vasp_std           00000000015F6416  Unknown               Unknown  Unknown
vasp_std           000000000040758E  Unknown               Unknown  Unknown
libc-2.28.so       00001463B7D4C493  __libc_start_main     Unknown  Unknown
vasp_std           00000000004074A9  Unknown               Unknown  Unknown
forrtl: error (69): process interrupted (SIGINT)
Image              PC                Routine            Line        Source             
vasp_std           0000000001778ABE  Unknown               Unknown  Unknown
libpthread-2.28.s  000014D8E6CFBC20  Unknown               Unknown  Unknown
libmpi.so.12.0     000014D8E740B271  Unknown               Unknown  Unknown
libmpi.so.12       000014D8E7405D6E  PMPIDI_CH3I_Progr     Unknown  Unknown
libmpi.so.12       000014D8E7518339  MPIC_Wait             Unknown  Unknown
libmpi.so.12       000014D8E75180F8  MPIC_Sendrecv         Unknown  Unknown
libmpi.so.12       000014D8E73EAB81  MPIR_Barrier_intr     Unknown  Unknown
libmpi.so.12       000014D8E73EA537  I_MPIR_Barrier_in     Unknown  Unknown
libmpi.so.12       000014D8E73EA36C  MPIR_Barrier          Unknown  Unknown
libmpi.so.12       000014D8E73EA29C  MPIR_Barrier_impl     Unknown  Unknown
libmpi.so.12       000014D8E73EC13B  PMPI_Barrier          Unknown  Unknown
libmpifort.so.12.  000014D8E7AB9A1C  PMPI_BARRIER          Unknown  Unknown
vasp_std           0000000000EF1577  Unknown               Unknown  Unknown
vasp_std           000000000161C771  Unknown               Unknown  Unknown
vasp_std           00000000015F6996  Unknown               Unknown  Unknown
vasp_std           000000000040758E  Unknown               Unknown  Unknown
libc-2.28.so       000014D8E65C5493  __libc_start_main     Unknown  Unknown
vasp_std           00000000004074A9  Unknown               Unknown  Unknown
forrtl: error (69): process interrupted (SIGINT)
Image              PC                Routine            Line        Source             
vasp_std           0000000001778ABE  Unknown               Unknown  Unknown
libpthread-2.28.s  000014E656950C20  Unknown               Unknown  Unknown
libmpi.so.12.0     000014E657060C60  Unknown               Unknown  Unknown
libmpi.so.12       000014E65705AD6E  PMPIDI_CH3I_Progr     Unknown  Unknown
libmpi.so.12       000014E65716D339  MPIC_Wait             Unknown  Unknown
libmpi.so.12       000014E65716D0F8  MPIC_Sendrecv         Unknown  Unknown
libmpi.so.12       000014E65703FB81  MPIR_Barrier_intr     Unknown  Unknown
libmpi.so.12       000014E65703F537  I_MPIR_Barrier_in     Unknown  Unknown
libmpi.so.12       000014E65703F36C  MPIR_Barrier          Unknown  Unknown
libmpi.so.12       000014E65703F29C  MPIR_Barrier_impl     Unknown  Unknown
libmpi.so.12       000014E65704113B  PMPI_Barrier          Unknown  Unknown
libmpifort.so.12.  000014E65770EA1C  PMPI_BARRIER          Unknown  Unknown
vasp_std           0000000000EF1577  Unknown               Unknown  Unknown
vasp_std           000000000161C771  Unknown               Unknown  Unknown
vasp_std           00000000015F6996  Unknown               Unknown  Unknown
vasp_std           000000000040758E  Unknown               Unknown  Unknown
libc-2.28.so       000014E65621A493  __libc_start_main     Unknown  Unknown
vasp_std           00000000004074A9  Unknown               Unknown  Unknown
forrtl: error (69): process interrupted (SIGINT)
Image              PC                Routine            Line        Source             
vasp_std           0000000001778ABE  Unknown               Unknown  Unknown
libpthread-2.28.s  0000153ECC77FC20  Unknown               Unknown  Unknown
libmpi.so.12.0     0000153ECCE8F58B  Unknown               Unknown  Unknown
libmpi.so.12       0000153ECCE89D6E  PMPIDI_CH3I_Progr     Unknown  Unknown
libmpi.so.12       0000153ECCF9C339  MPIC_Wait             Unknown  Unknown
libmpi.so.12       0000153ECCF9C0F8  MPIC_Sendrecv         Unknown  Unknown
libmpi.so.12       0000153ECCE6EB81  MPIR_Barrier_intr     Unknown  Unknown
libmpi.so.12       0000153ECCE6E537  I_MPIR_Barrier_in     Unknown  Unknown
libmpi.so.12       0000153ECCE6E36C  MPIR_Barrier          Unknown  Unknown
libmpi.so.12       0000153ECCE6E29C  MPIR_Barrier_impl     Unknown  Unknown
libmpi.so.12       0000153ECCE7013B  PMPI_Barrier          Unknown  Unknown
libmpifort.so.12.  0000153ECD53DA1C  PMPI_BARRIER          Unknown  Unknown
vasp_std           0000000000EF1577  Unknown               Unknown  Unknown
vasp_std           000000000161C771  Unknown               Unknown  Unknown
vasp_std           00000000015F6996  Unknown               Unknown  Unknown
vasp_std           000000000040758E  Unknown               Unknown  Unknown
libc-2.28.so       0000153ECC049493  __libc_start_main     Unknown  Unknown
vasp_std           00000000004074A9  Unknown               Unknown  Unknown
forrtl: error (69): process interrupted (SIGINT)
Image              PC                Routine            Line        Source             
vasp_std           0000000001778ABE  Unknown               Unknown  Unknown
libpthread-2.28.s  000014A160636C20  Unknown               Unknown  Unknown
libmpi.so.12.0     000014A160D46271  Unknown               Unknown  Unknown
libmpi.so.12       000014A160D40D6E  PMPIDI_CH3I_Progr     Unknown  Unknown
libmpi.so.12       000014A160E53339  MPIC_Wait             Unknown  Unknown
libmpi.so.12       000014A160E530F8  MPIC_Sendrecv         Unknown  Unknown
libmpi.so.12       000014A160D25B81  MPIR_Barrier_intr     Unknown  Unknown
libmpi.so.12       000014A160D25537  I_MPIR_Barrier_in     Unknown  Unknown
libmpi.so.12       000014A160D2536C  MPIR_Barrier          Unknown  Unknown
libmpi.so.12       000014A160D2529C  MPIR_Barrier_impl     Unknown  Unknown
libmpi.so.12       000014A160D2713B  PMPI_Barrier          Unknown  Unknown
libmpifort.so.12.  000014A1613F4A1C  PMPI_BARRIER          Unknown  Unknown
vasp_std           0000000000EF1577  Unknown               Unknown  Unknown
vasp_std           000000000161C771  Unknown               Unknown  Unknown
vasp_std           00000000015F6996  Unknown               Unknown  Unknown
vasp_std           000000000040758E  Unknown               Unknown  Unknown
libc-2.28.so       000014A15FF00493  __libc_start_main     Unknown  Unknown
vasp_std           00000000004074A9  Unknown               Unknown  Unknown
forrtl: error (69): process interrupted (SIGINT)
Image              PC                Routine            Line        Source             
vasp_std           0000000001778ABE  Unknown               Unknown  Unknown
libpthread-2.28.s  000014A96815DC20  Unknown               Unknown  Unknown
vasp_std           0000000001778510  Unknown               Unknown  Unknown
libpthread-2.28.s  000014A96815DC20  Unknown               Unknown  Unknown
libmpi.so.12.0     000014A96886D271  Unknown               Unknown  Unknown
libmpi.so.12       000014A968867D6E  PMPIDI_CH3I_Progr     Unknown  Unknown
libmpi.so.12       000014A96897A339  MPIC_Wait             Unknown  Unknown
libmpi.so.12       000014A96897A0F8  MPIC_Sendrecv         Unknown  Unknown
libmpi.so.12       000014A96884CB81  MPIR_Barrier_intr     Unknown  Unknown
libmpi.so.12       000014A96884C537  I_MPIR_Barrier_in     Unknown  Unknown
libmpi.so.12       000014A96884C36C  MPIR_Barrier          Unknown  Unknown
libmpi.so.12       000014A96884C29C  MPIR_Barrier_impl     Unknown  Unknown
libmpi.so.12       000014A96884E13B  PMPI_Barrier          Unknown  Unknown
libmpifort.so.12.  000014A968F1BA1C  PMPI_BARRIER          Unknown  Unknown
vasp_std           0000000000EF1577  Unknown               Unknown  Unknown
vasp_std           000000000161C771  Unknown               Unknown  Unknown
vasp_std           00000000015F6996  Unknown               Unknown  Unknown
vasp_std           000000000040758E  Unknown               Unknown  Unknown
libc-2.28.so       000014A967A27493  __libc_start_main     Unknown  Unknown
vasp_std           00000000004074A9  Unknown               Unknown  Unknown
forrtl: error (69): process interrupted (SIGINT)
Image              PC                Routine            Line        Source             
vasp_std           0000000001778ABE  Unknown               Unknown  Unknown
libpthread-2.28.s  00001539B5606C20  Unknown               Unknown  Unknown
libmpi.so.12.0     00001539B5D16584  Unknown               Unknown  Unknown
libmpi.so.12       00001539B5D10D6E  PMPIDI_CH3I_Progr     Unknown  Unknown
libmpi.so.12       00001539B5E23339  MPIC_Wait             Unknown  Unknown
libmpi.so.12       00001539B5E230F8  MPIC_Sendrecv         Unknown  Unknown
libmpi.so.12       00001539B5CF5B81  MPIR_Barrier_intr     Unknown  Unknown
libmpi.so.12       00001539B5CF5537  I_MPIR_Barrier_in     Unknown  Unknown
libmpi.so.12       00001539B5CF536C  MPIR_Barrier          Unknown  Unknown
libmpi.so.12       00001539B5CF529C  MPIR_Barrier_impl     Unknown  Unknown
libmpi.so.12       00001539B5CF713B  PMPI_Barrier          Unknown  Unknown
libmpifort.so.12.  00001539B63C4A1C  PMPI_BARRIER          Unknown  Unknown
vasp_std           0000000000EF1577  Unknown               Unknown  Unknown
vasp_std           000000000161C771  Unknown               Unknown  Unknown
vasp_std           00000000015F6996  Unknown               Unknown  Unknown
vasp_std           000000000040758E  Unknown               Unknown  Unknown
libc-2.28.so       00001539B4ED0493  __libc_start_main     Unknown  Unknown
vasp_std           00000000004074A9  Unknown               Unknown  Unknown
forrtl: error (69): process interrupted (SIGINT)
Image              PC                Routine            Line        Source             
vasp_std           0000000001778ABE  Unknown               Unknown  Unknown
libpthread-2.28.s  00001513E6E76C20  Unknown               Unknown  Unknown
libmpi.so.12.0     00001513E7586639  Unknown               Unknown  Unknown
libmpi.so.12       00001513E7580D6E  PMPIDI_CH3I_Progr     Unknown  Unknown
libmpi.so.12       00001513E7693339  MPIC_Wait             Unknown  Unknown
libmpi.so.12       00001513E76930F8  MPIC_Sendrecv         Unknown  Unknown
libmpi.so.12       00001513E7565B81  MPIR_Barrier_intr     Unknown  Unknown
libmpi.so.12       00001513E7565537  I_MPIR_Barrier_in     Unknown  Unknown
libmpi.so.12       00001513E756536C  MPIR_Barrier          Unknown  Unknown
libmpi.so.12       00001513E756529C  MPIR_Barrier_impl     Unknown  Unknown
libmpi.so.12       00001513E756713B  PMPI_Barrier          Unknown  Unknown
libmpifort.so.12.  00001513E7C34A1C  PMPI_BARRIER          Unknown  Unknown
vasp_std           0000000000EF1577  Unknown               Unknown  Unknown
vasp_std           000000000161C771  Unknown               Unknown  Unknown
vasp_std           00000000015F6996  Unknown               Unknown  Unknown
vasp_std           000000000040758E  Unknown               Unknown  Unknown
libc-2.28.so       00001513E6740493  __libc_start_main     Unknown  Unknown
vasp_std           00000000004074A9  Unknown               Unknown  Unknown
Terminated
