forrtl: error (69): process interrupted (SIGINT)
Image              PC                Routine            Line        Source             
vasp_std           0000000001778ABE  Unknown               Unknown  Unknown
libpthread-2.28.s  00001511E037BC20  Unknown               Unknown  Unknown
libmpi.so.12.0     00001511E0A8B271  Unknown               Unknown  Unknown
libmpi.so.12       00001511E0A85D6E  PMPIDI_CH3I_Progr     Unknown  Unknown
libmpi.so.12       00001511E0B98339  MPIC_Wait             Unknown  Unknown
libmpi.so.12       00001511E0B980F8  MPIC_Sendrecv         Unknown  Unknown
libmpi.so.12       00001511E0A6AB81  MPIR_Barrier_intr     Unknown  Unknown
libmpi.so.12       00001511E0A6A537  I_MPIR_Barrier_in     Unknown  Unknown
libmpi.so.12       00001511E0A6A36C  MPIR_Barrier          Unknown  Unknown
libmpi.so.12       00001511E0A6A29C  MPIR_Barrier_impl     Unknown  Unknown
libmpi.so.12       00001511E0A6C13B  PMPI_Barrier          Unknown  Unknown
libmpifort.so.12.  00001511E1139A1C  PMPI_BARRIER          Unknown  Unknown
vasp_std           0000000000EF1577  Unknown               Unknown  Unknown
vasp_std           000000000161C771  Unknown               Unknown  Unknown
vasp_std           00000000015F6996  Unknown               Unknown  Unknown
vasp_std           000000000040758E  Unknown               Unknown  Unknown
libc-2.28.so       00001511DFC45493  __libc_start_main     Unknown  Unknown
vasp_std           00000000004074A9  Unknown               Unknown  Unknown
forrtl: error (69): process interrupted (SIGINT)
Image              PC                Routine            Line        Source             
vasp_std           0000000001778ABE  Unknown               Unknown  Unknown
libpthread-2.28.s  000014917A235C20  Unknown               Unknown  Unknown
libmpi.so.12.0     000014917A945271  Unknown               Unknown  Unknown
libmpi.so.12       000014917A93FD6E  PMPIDI_CH3I_Progr     Unknown  Unknown
libmpi.so.12       000014917AA52339  MPIC_Wait             Unknown  Unknown
libmpi.so.12       000014917AA520F8  MPIC_Sendrecv         Unknown  Unknown
libmpi.so.12       000014917A924B81  MPIR_Barrier_intr     Unknown  Unknown
libmpi.so.12       000014917A924537  I_MPIR_Barrier_in     Unknown  Unknown
libmpi.so.12       000014917A92436C  MPIR_Barrier          Unknown  Unknown
libmpi.so.12       000014917A92429C  MPIR_Barrier_impl     Unknown  Unknown
libmpi.so.12       000014917A92613B  PMPI_Barrier          Unknown  Unknown
libmpifort.so.12.  000014917AFF3A1C  PMPI_BARRIER          Unknown  Unknown
vasp_std           0000000000EF1577  Unknown               Unknown  Unknown
vasp_std           000000000161C771  Unknown               Unknown  Unknown
vasp_std           00000000015F6996  Unknown               Unknown  Unknown
vasp_std           000000000040758E  Unknown               Unknown  Unknown
libc-2.28.so       0000149179AFF493  __libc_start_main     Unknown  Unknown
vasp_std           00000000004074A9  Unknown               Unknown  Unknown
forrtl: error (69): process interrupted (SIGINT)
Image              PC                Routine            Line        Source             
vasp_std           0000000001778ABE  Unknown               Unknown  Unknown
libpthread-2.28.s  0000154B3FF84C20  Unknown               Unknown  Unknown
libmpi.so.12.0     0000154B40694271  Unknown               Unknown  Unknown
libmpi.so.12       0000154B4068ED6E  PMPIDI_CH3I_Progr     Unknown  Unknown
libmpi.so.12       0000154B407A1339  MPIC_Wait             Unknown  Unknown
libmpi.so.12       0000154B407A10F8  MPIC_Sendrecv         Unknown  Unknown
libmpi.so.12       0000154B40673B81  MPIR_Barrier_intr     Unknown  Unknown
libmpi.so.12       0000154B40673537  I_MPIR_Barrier_in     Unknown  Unknown
libmpi.so.12       0000154B4067336C  MPIR_Barrier          Unknown  Unknown
libmpi.so.12       0000154B4067329C  MPIR_Barrier_impl     Unknown  Unknown
libmpi.so.12       0000154B4067513B  PMPI_Barrier          Unknown  Unknown
libmpifort.so.12.  0000154B40D42A1C  PMPI_BARRIER          Unknown  Unknown
vasp_std           0000000000EF1577  Unknown               Unknown  Unknown
vasp_std           000000000161C771  Unknown               Unknown  Unknown
vasp_std           00000000015F6996  Unknown               Unknown  Unknown
vasp_std           000000000040758E  Unknown               Unknown  Unknown
libc-2.28.so       0000154B3F84E493  __libc_start_main     Unknown  Unknown
vasp_std           00000000004074A9  Unknown               Unknown  Unknown
forrtl: error (69): process interrupted (SIGINT)
Image              PC                Routine            Line        Source             
vasp_std           0000000001778ABE  Unknown               Unknown  Unknown
libpthread-2.28.s  0000148606B39C20  Unknown               Unknown  Unknown
libmpi.so.12.0     0000148607249271  Unknown               Unknown  Unknown
libmpi.so.12       0000148607243D6E  PMPIDI_CH3I_Progr     Unknown  Unknown
libmpi.so.12       0000148607356339  MPIC_Wait             Unknown  Unknown
libmpi.so.12       00001486073560F8  MPIC_Sendrecv         Unknown  Unknown
libmpi.so.12       0000148607228B81  MPIR_Barrier_intr     Unknown  Unknown
libmpi.so.12       0000148607228537  I_MPIR_Barrier_in     Unknown  Unknown
libmpi.so.12       000014860722836C  MPIR_Barrier          Unknown  Unknown
libmpi.so.12       000014860722829C  MPIR_Barrier_impl     Unknown  Unknown
libmpi.so.12       000014860722A13B  PMPI_Barrier          Unknown  Unknown
libmpifort.so.12.  00001486078F7A1C  PMPI_BARRIER          Unknown  Unknown
vasp_std           0000000000EF1577  Unknown               Unknown  Unknown
vasp_std           000000000161C771  Unknown               Unknown  Unknown
vasp_std           00000000015F6996  Unknown               Unknown  Unknown
vasp_std           000000000040758E  Unknown               Unknown  Unknown
libc-2.28.so       0000148606403493  __libc_start_main     Unknown  Unknown
vasp_std           00000000004074A9  Unknown               Unknown  Unknown
forrtl: error (69): process interrupted (SIGINT)
Image              PC                Routine            Line        Source             
vasp_std           0000000001778ABE  Unknown               Unknown  Unknown
libpthread-2.28.s  0000152F03CB2C20  Unknown               Unknown  Unknown
libmpi.so.12.0     0000152F043C2271  Unknown               Unknown  Unknown
libmpi.so.12       0000152F043BCD6E  PMPIDI_CH3I_Progr     Unknown  Unknown
libmpi.so.12       0000152F044CF339  MPIC_Wait             Unknown  Unknown
libmpi.so.12       0000152F044CF0F8  MPIC_Sendrecv         Unknown  Unknown
libmpi.so.12       0000152F043A1B81  MPIR_Barrier_intr     Unknown  Unknown
libmpi.so.12       0000152F043A1537  I_MPIR_Barrier_in     Unknown  Unknown
libmpi.so.12       0000152F043A136C  MPIR_Barrier          Unknown  Unknown
libmpi.so.12       0000152F043A129C  MPIR_Barrier_impl     Unknown  Unknown
libmpi.so.12       0000152F043A313B  PMPI_Barrier          Unknown  Unknown
libmpifort.so.12.  0000152F04A70A1C  PMPI_BARRIER          Unknown  Unknown
vasp_std           0000000000EF1577  Unknown               Unknown  Unknown
vasp_std           000000000161C771  Unknown               Unknown  Unknown
vasp_std           00000000015F6996  Unknown               Unknown  Unknown
vasp_std           000000000040758E  Unknown               Unknown  Unknown
libc-2.28.so       0000152F0357C493  __libc_start_main     Unknown  Unknown
vasp_std           00000000004074A9  Unknown               Unknown  Unknown
forrtl: error (69): process interrupted (SIGINT)
Image              PC                Routine            Line        Source             
vasp_std           0000000001778ABE  Unknown               Unknown  Unknown
libpthread-2.28.s  000014EE66C6AC20  Unknown               Unknown  Unknown
libmpi.so.12.0     000014EE6737A271  Unknown               Unknown  Unknown
libmpi.so.12       000014EE67374D6E  PMPIDI_CH3I_Progr     Unknown  Unknown
libmpi.so.12       000014EE67487339  MPIC_Wait             Unknown  Unknown
libmpi.so.12       000014EE674870F8  MPIC_Sendrecv         Unknown  Unknown
libmpi.so.12       000014EE67359B81  MPIR_Barrier_intr     Unknown  Unknown
libmpi.so.12       000014EE67359537  I_MPIR_Barrier_in     Unknown  Unknown
libmpi.so.12       000014EE6735936C  MPIR_Barrier          Unknown  Unknown
libmpi.so.12       000014EE6735929C  MPIR_Barrier_impl     Unknown  Unknown
libmpi.so.12       000014EE6735B13B  PMPI_Barrier          Unknown  Unknown
libmpifort.so.12.  000014EE67A28A1C  PMPI_BARRIER          Unknown  Unknown
vasp_std           0000000000EF1577  Unknown               Unknown  Unknown
vasp_std           000000000161C771  Unknown               Unknown  Unknown
vasp_std           00000000015F6996  Unknown               Unknown  Unknown
vasp_std           000000000040758E  Unknown               Unknown  Unknown
libc-2.28.so       000014EE66534493  __libc_start_main     Unknown  Unknown
vasp_std           00000000004074A9  Unknown               Unknown  Unknown
forrtl: error (69): process interrupted (SIGINT)
Image              PC                Routine            Line        Source             
vasp_std           0000000001778ABE  Unknown               Unknown  Unknown
libpthread-2.28.s  0000155410FBFC20  Unknown               Unknown  Unknown
libmpi.so.12.0     00001554116CF271  Unknown               Unknown  Unknown
libmpi.so.12       00001554116C9D6E  PMPIDI_CH3I_Progr     Unknown  Unknown
libmpi.so.12       00001554117DC339  MPIC_Wait             Unknown  Unknown
libmpi.so.12       00001554117DC0F8  MPIC_Sendrecv         Unknown  Unknown
libmpi.so.12       00001554116AEB81  MPIR_Barrier_intr     Unknown  Unknown
libmpi.so.12       00001554116AE537  I_MPIR_Barrier_in     Unknown  Unknown
libmpi.so.12       00001554116AE36C  MPIR_Barrier          Unknown  Unknown
libmpi.so.12       00001554116AE29C  MPIR_Barrier_impl     Unknown  Unknown
libmpi.so.12       00001554116B013B  PMPI_Barrier          Unknown  Unknown
libmpifort.so.12.  0000155411D7DA1C  PMPI_BARRIER          Unknown  Unknown
vasp_std           0000000000EF1577  Unknown               Unknown  Unknown
vasp_std           000000000161C771  Unknown               Unknown  Unknown
vasp_std           00000000015F6996  Unknown               Unknown  Unknown
vasp_std           000000000040758E  Unknown               Unknown  Unknown
libc-2.28.so       0000155410889493  __libc_start_main     Unknown  Unknown
vasp_std           00000000004074A9  Unknown               Unknown  Unknown
forrtl: error (69): process interrupted (SIGINT)
Image              PC                Routine            Line        Source             
vasp_std           0000000001778ABE  Unknown               Unknown  Unknown
libpthread-2.28.s  0000145E24FD4C20  Unknown               Unknown  Unknown
libpthread-2.28.s  0000145E24FD3A55  close                 Unknown  Unknown
vasp_std           000000000175FEB0  Unknown               Unknown  Unknown
vasp_std           000000000175F6E6  Unknown               Unknown  Unknown
vasp_std           0000000001625925  Unknown               Unknown  Unknown
vasp_std           00000000015F63F0  Unknown               Unknown  Unknown
vasp_std           000000000040758E  Unknown               Unknown  Unknown
libc-2.28.so       0000145E2489E493  __libc_start_main     Unknown  Unknown
vasp_std           00000000004074A9  Unknown               Unknown  Unknown
forrtl: severe (28): CLOSE error, unit 8, file "Unknown"
Image              PC                Routine            Line        Source             
vasp_std           0000000001772609  Unknown               Unknown  Unknown
vasp_std           0000000001778AE6  Unknown               Unknown  Unknown
libpthread-2.28.s  0000145E24FD4C20  Unknown               Unknown  Unknown
libpthread-2.28.s  0000145E24FD3A55  close                 Unknown  Unknown
vasp_std           000000000175FEB0  Unknown               Unknown  Unknown
vasp_std           000000000175F6E6  Unknown               Unknown  Unknown
vasp_std           0000000001625925  Unknown               Unknown  Unknown
vasp_std           00000000015F63F0  Unknown               Unknown  Unknown
vasp_std           000000000040758E  Unknown               Unknown  Unknown
libc-2.28.so       0000145E2489E493  __libc_start_main     Unknown  Unknown
vasp_std           00000000004074A9  Unknown               Unknown  Unknown
