forrtl: error (69): process interrupted (SIGINT)
Image              PC                Routine            Line        Source             
vasp_std           0000000001778ABE  Unknown               Unknown  Unknown
libpthread-2.28.s  0000152D2C603C20  Unknown               Unknown  Unknown
libmpi.so.12.0     0000152D2CD13271  Unknown               Unknown  Unknown
libmpi.so.12       0000152D2CD0DD6E  PMPIDI_CH3I_Progr     Unknown  Unknown
libmpi.so.12       0000152D2CFA7A00  MPIR_Waitall_impl     Unknown  Unknown
libmpi.so.12       0000152D2CE19F4B  MPIC_Waitall          Unknown  Unknown
libmpi.so.12       0000152D2CCEA887  MPIR_Alltoallv_in     Unknown  Unknown
libmpi.so.12       0000152D2CCE9E09  MPIR_Alltoallv        Unknown  Unknown
libmpi.so.12       0000152D2CCE9D91  MPIR_Alltoallv_im     Unknown  Unknown
libmpi.so.12       0000152D2CCE90F2  MPI_Alltoallv         Unknown  Unknown
libmpifort.so.12.  0000152D2D3C177A  pmpi_alltoallv__      Unknown  Unknown
vasp_std           0000000000411F0E  Unknown               Unknown  Unknown
vasp_std           000000000159C3BD  Unknown               Unknown  Unknown
vasp_std           0000000001592C92  Unknown               Unknown  Unknown
vasp_std           0000000001593EC5  Unknown               Unknown  Unknown
vasp_std           00000000008D8711  Unknown               Unknown  Unknown
vasp_std           0000000000EF8674  Unknown               Unknown  Unknown
vasp_std           000000000161C771  Unknown               Unknown  Unknown
vasp_std           00000000015F6996  Unknown               Unknown  Unknown
vasp_std           000000000040758E  Unknown               Unknown  Unknown
libc-2.28.so       0000152D2BECD493  __libc_start_main     Unknown  Unknown
vasp_std           00000000004074A9  Unknown               Unknown  Unknown
forrtl: error (69): process interrupted (SIGINT)
Image              PC                Routine            Line        Source             
vasp_std           0000000001778ABE  Unknown               Unknown  Unknown
libpthread-2.28.s  000014CAB6B60C20  Unknown               Unknown  Unknown
libmpi.so.12.0     000014CAB7270271  Unknown               Unknown  Unknown
libmpi.so.12       000014CAB726AD6E  PMPIDI_CH3I_Progr     Unknown  Unknown
libmpi.so.12       000014CAB7504A00  MPIR_Waitall_impl     Unknown  Unknown
libmpi.so.12       000014CAB7376F4B  MPIC_Waitall          Unknown  Unknown
libmpi.so.12       000014CAB7247887  MPIR_Alltoallv_in     Unknown  Unknown
libmpi.so.12       000014CAB7246E09  MPIR_Alltoallv        Unknown  Unknown
libmpi.so.12       000014CAB7246D91  MPIR_Alltoallv_im     Unknown  Unknown
libmpi.so.12       000014CAB72460F2  MPI_Alltoallv         Unknown  Unknown
libmpifort.so.12.  000014CAB791E77A  pmpi_alltoallv__      Unknown  Unknown
vasp_std           0000000000411F0E  Unknown               Unknown  Unknown
vasp_std           000000000159C3BD  Unknown               Unknown  Unknown
vasp_std           0000000001592C92  Unknown               Unknown  Unknown
vasp_std           0000000001593EC5  Unknown               Unknown  Unknown
vasp_std           00000000008D8711  Unknown               Unknown  Unknown
vasp_std           0000000000EF8674  Unknown               Unknown  Unknown
vasp_std           000000000161C771  Unknown               Unknown  Unknown
vasp_std           00000000015F6996  Unknown               Unknown  Unknown
vasp_std           000000000040758E  Unknown               Unknown  Unknown
libc-2.28.so       000014CAB642A493  __libc_start_main     Unknown  Unknown
vasp_std           00000000004074A9  Unknown               Unknown  Unknown
forrtl: error (69): process interrupted (SIGINT)
Image              PC                Routine            Line        Source             
vasp_std           0000000001778ABE  Unknown               Unknown  Unknown
libpthread-2.28.s  000014681604DC20  Unknown               Unknown  Unknown
libmpi.so.12.0     000014681675D271  Unknown               Unknown  Unknown
libmpi.so.12       0000146816757D6E  PMPIDI_CH3I_Progr     Unknown  Unknown
libmpi.so.12       00001468169F1A00  MPIR_Waitall_impl     Unknown  Unknown
libmpi.so.12       0000146816863F4B  MPIC_Waitall          Unknown  Unknown
libmpi.so.12       0000146816734887  MPIR_Alltoallv_in     Unknown  Unknown
libmpi.so.12       0000146816733E09  MPIR_Alltoallv        Unknown  Unknown
libmpi.so.12       0000146816733D91  MPIR_Alltoallv_im     Unknown  Unknown
libmpi.so.12       00001468167330F2  MPI_Alltoallv         Unknown  Unknown
libmpifort.so.12.  0000146816E0B77A  pmpi_alltoallv__      Unknown  Unknown
vasp_std           0000000000411F0E  Unknown               Unknown  Unknown
vasp_std           000000000159C3BD  Unknown               Unknown  Unknown
vasp_std           0000000001592C92  Unknown               Unknown  Unknown
vasp_std           0000000001593EC5  Unknown               Unknown  Unknown
vasp_std           00000000008D8711  Unknown               Unknown  Unknown
vasp_std           0000000000EF8674  Unknown               Unknown  Unknown
vasp_std           000000000161C771  Unknown               Unknown  Unknown
vasp_std           00000000015F6996  Unknown               Unknown  Unknown
vasp_std           000000000040758E  Unknown               Unknown  Unknown
libc-2.28.so       0000146815917493  __libc_start_main     Unknown  Unknown
vasp_std           00000000004074A9  Unknown               Unknown  Unknown
forrtl: error (69): process interrupted (SIGINT)
Image              PC                Routine            Line        Source             
vasp_std           0000000001778ABE  Unknown               Unknown  Unknown
libpthread-2.28.s  0000152CC490CC20  Unknown               Unknown  Unknown
libmpi.so.12.0     0000152CC501C271  Unknown               Unknown  Unknown
libmpi.so.12       0000152CC5016D6E  PMPIDI_CH3I_Progr     Unknown  Unknown
libmpi.so.12       0000152CC52B0A00  MPIR_Waitall_impl     Unknown  Unknown
libmpi.so.12       0000152CC5122F4B  MPIC_Waitall          Unknown  Unknown
libmpi.so.12       0000152CC4FF3887  MPIR_Alltoallv_in     Unknown  Unknown
libmpi.so.12       0000152CC4FF2E09  MPIR_Alltoallv        Unknown  Unknown
libmpi.so.12       0000152CC4FF2D91  MPIR_Alltoallv_im     Unknown  Unknown
libmpi.so.12       0000152CC4FF20F2  MPI_Alltoallv         Unknown  Unknown
libmpifort.so.12.  0000152CC56CA77A  pmpi_alltoallv__      Unknown  Unknown
vasp_std           0000000000411F0E  Unknown               Unknown  Unknown
vasp_std           000000000159C3BD  Unknown               Unknown  Unknown
vasp_std           0000000001592C92  Unknown               Unknown  Unknown
vasp_std           0000000001593EC5  Unknown               Unknown  Unknown
vasp_std           00000000008D8711  Unknown               Unknown  Unknown
vasp_std           0000000000EF8674  Unknown               Unknown  Unknown
vasp_std           000000000161C771  Unknown               Unknown  Unknown
vasp_std           00000000015F6996  Unknown               Unknown  Unknown
vasp_std           000000000040758E  Unknown               Unknown  Unknown
libc-2.28.so       0000152CC41D6493  __libc_start_main     Unknown  Unknown
vasp_std           00000000004074A9  Unknown               Unknown  Unknown
forrtl: error (69): process interrupted (SIGINT)
Image              PC                Routine            Line        Source             
vasp_std           0000000001778ABE  Unknown               Unknown  Unknown
libpthread-2.28.s  0000153B5E73CC20  Unknown               Unknown  Unknown
libmpi.so.12.0     0000153B5EE4C58B  Unknown               Unknown  Unknown
libmpi.so.12       0000153B5EE46D6E  PMPIDI_CH3I_Progr     Unknown  Unknown
libmpi.so.12       0000153B5F0E0A00  MPIR_Waitall_impl     Unknown  Unknown
libmpi.so.12       0000153B5EF52F4B  MPIC_Waitall          Unknown  Unknown
libmpi.so.12       0000153B5EE23887  MPIR_Alltoallv_in     Unknown  Unknown
libmpi.so.12       0000153B5EE22E09  MPIR_Alltoallv        Unknown  Unknown
libmpi.so.12       0000153B5EE22D91  MPIR_Alltoallv_im     Unknown  Unknown
libmpi.so.12       0000153B5EE220F2  MPI_Alltoallv         Unknown  Unknown
libmpifort.so.12.  0000153B5F4FA77A  pmpi_alltoallv__      Unknown  Unknown
vasp_std           0000000000411F0E  Unknown               Unknown  Unknown
vasp_std           000000000159C3BD  Unknown               Unknown  Unknown
vasp_std           0000000001592C92  Unknown               Unknown  Unknown
vasp_std           0000000001593EC5  Unknown               Unknown  Unknown
vasp_std           00000000008D8711  Unknown               Unknown  Unknown
vasp_std           0000000000EF8674  Unknown               Unknown  Unknown
vasp_std           000000000161C771  Unknown               Unknown  Unknown
vasp_std           00000000015F6996  Unknown               Unknown  Unknown
vasp_std           000000000040758E  Unknown               Unknown  Unknown
libc-2.28.so       0000153B5E006493  __libc_start_main     Unknown  Unknown
vasp_std           00000000004074A9  Unknown               Unknown  Unknown
forrtl: error (69): process interrupted (SIGINT)
Image              PC                Routine            Line        Source             
vasp_std           0000000001778ABE  Unknown               Unknown  Unknown
libpthread-2.28.s  00001480DDEA8C20  Unknown               Unknown  Unknown
libmpi.so.12.0     00001480DE5B8271  Unknown               Unknown  Unknown
libmpi.so.12       00001480DE5B2D6E  PMPIDI_CH3I_Progr     Unknown  Unknown
libmpi.so.12       00001480DE84CA00  MPIR_Waitall_impl     Unknown  Unknown
libmpi.so.12       00001480DE6BEF4B  MPIC_Waitall          Unknown  Unknown
libmpi.so.12       00001480DE58F887  MPIR_Alltoallv_in     Unknown  Unknown
libmpi.so.12       00001480DE58EE09  MPIR_Alltoallv        Unknown  Unknown
libmpi.so.12       00001480DE58ED91  MPIR_Alltoallv_im     Unknown  Unknown
libmpi.so.12       00001480DE58E0F2  MPI_Alltoallv         Unknown  Unknown
libmpifort.so.12.  00001480DEC6677A  pmpi_alltoallv__      Unknown  Unknown
vasp_std           0000000000411F0E  Unknown               Unknown  Unknown
vasp_std           000000000159C3BD  Unknown               Unknown  Unknown
vasp_std           0000000001592C92  Unknown               Unknown  Unknown
vasp_std           0000000001593EC5  Unknown               Unknown  Unknown
vasp_std           00000000008D8711  Unknown               Unknown  Unknown
vasp_std           0000000000EF8674  Unknown               Unknown  Unknown
vasp_std           000000000161C771  Unknown               Unknown  Unknown
vasp_std           00000000015F6996  Unknown               Unknown  Unknown
vasp_std           000000000040758E  Unknown               Unknown  Unknown
libc-2.28.so       00001480DD772493  __libc_start_main     Unknown  Unknown
vasp_std           00000000004074A9  Unknown               Unknown  Unknown
forrtl: error (69): process interrupted (SIGINT)
Image              PC                Routine            Line        Source             
vasp_std           0000000001778ABE  Unknown               Unknown  Unknown
libpthread-2.28.s  000014EE6197EC20  Unknown               Unknown  Unknown
libmpi.so.12.0     000014EE6208E271  Unknown               Unknown  Unknown
libmpi.so.12       000014EE62088D6E  PMPIDI_CH3I_Progr     Unknown  Unknown
libmpi.so.12       000014EE62322A00  MPIR_Waitall_impl     Unknown  Unknown
libmpi.so.12       000014EE62194F4B  MPIC_Waitall          Unknown  Unknown
libmpi.so.12       000014EE62065887  MPIR_Alltoallv_in     Unknown  Unknown
libmpi.so.12       000014EE62064E09  MPIR_Alltoallv        Unknown  Unknown
libmpi.so.12       000014EE62064D91  MPIR_Alltoallv_im     Unknown  Unknown
libmpi.so.12       000014EE620640F2  MPI_Alltoallv         Unknown  Unknown
libmpifort.so.12.  000014EE6273C77A  pmpi_alltoallv__      Unknown  Unknown
vasp_std           0000000000411F0E  Unknown               Unknown  Unknown
vasp_std           000000000159C3BD  Unknown               Unknown  Unknown
vasp_std           0000000001592C92  Unknown               Unknown  Unknown
vasp_std           0000000001593EC5  Unknown               Unknown  Unknown
vasp_std           00000000008D8711  Unknown               Unknown  Unknown
vasp_std           0000000000EF8674  Unknown               Unknown  Unknown
vasp_std           000000000161C771  Unknown               Unknown  Unknown
vasp_std           00000000015F6996  Unknown               Unknown  Unknown
vasp_std           000000000040758E  Unknown               Unknown  Unknown
libc-2.28.so       000014EE61248493  __libc_start_main     Unknown  Unknown
vasp_std           00000000004074A9  Unknown               Unknown  Unknown
