forrtl: error (69): process interrupted (SIGINT)
Image              PC                Routine            Line        Source             
vasp_std           0000000001778ABE  Unknown               Unknown  Unknown
libpthread-2.28.s  0000147171082C20  Unknown               Unknown  Unknown
vasp_std           000000000159C06E  Unknown               Unknown  Unknown
vasp_std           0000000001592C92  Unknown               Unknown  Unknown
vasp_std           0000000001593EC5  Unknown               Unknown  Unknown
vasp_std           00000000006789C6  Unknown               Unknown  Unknown
vasp_std           00000000006779A1  Unknown               Unknown  Unknown
vasp_std           00000000008D8A91  Unknown               Unknown  Unknown
vasp_std           0000000000EF8674  Unknown               Unknown  Unknown
vasp_std           000000000161C771  Unknown               Unknown  Unknown
vasp_std           00000000015F6996  Unknown               Unknown  Unknown
vasp_std           000000000040758E  Unknown               Unknown  Unknown
libc-2.28.so       000014717094C493  __libc_start_main     Unknown  Unknown
vasp_std           00000000004074A9  Unknown               Unknown  Unknown
forrtl: error (69): process interrupted (SIGINT)
Image              PC                Routine            Line        Source             
vasp_std           0000000001778ABE  Unknown               Unknown  Unknown
libpthread-2.28.s  000015170808FC20  Unknown               Unknown  Unknown
libmpi.so.12.0     0000151708946284  Unknown               Unknown  Unknown
libmpi.so.12       0000151708946957  MPID_nem_lmt_shm_     Unknown  Unknown
libmpi.so.12       0000151708799945  PMPIDI_CH3I_Progr     Unknown  Unknown
libmpi.so.12       0000151708A33A00  MPIR_Waitall_impl     Unknown  Unknown
libmpi.so.12       00001517088A5F4B  MPIC_Waitall          Unknown  Unknown
libmpi.so.12       0000151708776887  MPIR_Alltoallv_in     Unknown  Unknown
libmpi.so.12       0000151708775E09  MPIR_Alltoallv        Unknown  Unknown
libmpi.so.12       0000151708775D91  MPIR_Alltoallv_im     Unknown  Unknown
libmpi.so.12       00001517087750F2  MPI_Alltoallv         Unknown  Unknown
libmpifort.so.12.  0000151708E4D77A  pmpi_alltoallv__      Unknown  Unknown
vasp_std           0000000000411F0E  Unknown               Unknown  Unknown
vasp_std           000000000159C3BD  Unknown               Unknown  Unknown
vasp_std           0000000001592C92  Unknown               Unknown  Unknown
vasp_std           0000000001593EC5  Unknown               Unknown  Unknown
vasp_std           00000000006789C6  Unknown               Unknown  Unknown
vasp_std           00000000006779A1  Unknown               Unknown  Unknown
vasp_std           00000000008D8A91  Unknown               Unknown  Unknown
vasp_std           0000000000EF8674  Unknown               Unknown  Unknown
vasp_std           000000000161C771  Unknown               Unknown  Unknown
vasp_std           00000000015F6996  Unknown               Unknown  Unknown
vasp_std           000000000040758E  Unknown               Unknown  Unknown
libc-2.28.so       0000151707959493  __libc_start_main     Unknown  Unknown
vasp_std           00000000004074A9  Unknown               Unknown  Unknown
forrtl: error (69): process interrupted (SIGINT)
Image              PC                Routine            Line        Source             
vasp_std           0000000001778ABE  Unknown               Unknown  Unknown
libpthread-2.28.s  000015115C0C4C20  Unknown               Unknown  Unknown
libmpi.so.12.0     000015115C7D39EC  Unknown               Unknown  Unknown
libmpi.so.12       000015115C7CE68A  PMPIDI_CH3I_Progr     Unknown  Unknown
libmpi.so.12       000015115CA68A00  MPIR_Waitall_impl     Unknown  Unknown
libmpi.so.12       000015115C8DAF4B  MPIC_Waitall          Unknown  Unknown
libmpi.so.12       000015115C7AB887  MPIR_Alltoallv_in     Unknown  Unknown
libmpi.so.12       000015115C7AAE09  MPIR_Alltoallv        Unknown  Unknown
libmpi.so.12       000015115C7AAD91  MPIR_Alltoallv_im     Unknown  Unknown
libmpi.so.12       000015115C7AA0F2  MPI_Alltoallv         Unknown  Unknown
libmpifort.so.12.  000015115CE8277A  pmpi_alltoallv__      Unknown  Unknown
vasp_std           0000000000411F0E  Unknown               Unknown  Unknown
vasp_std           000000000159C3BD  Unknown               Unknown  Unknown
vasp_std           0000000001592C92  Unknown               Unknown  Unknown
vasp_std           0000000001593EC5  Unknown               Unknown  Unknown
vasp_std           00000000006789C6  Unknown               Unknown  Unknown
vasp_std           00000000006779A1  Unknown               Unknown  Unknown
vasp_std           00000000008D8A91  Unknown               Unknown  Unknown
vasp_std           0000000000EF8674  Unknown               Unknown  Unknown
vasp_std           000000000161C771  Unknown               Unknown  Unknown
vasp_std           00000000015F6996  Unknown               Unknown  Unknown
vasp_std           000000000040758E  Unknown               Unknown  Unknown
libc-2.28.so       000015115B98E493  __libc_start_main     Unknown  Unknown
vasp_std           00000000004074A9  Unknown               Unknown  Unknown
forrtl: error (69): process interrupted (SIGINT)
Image              PC                Routine            Line        Source             
vasp_std           0000000001778ABE  Unknown               Unknown  Unknown
libpthread-2.28.s  00001543EC69BC20  Unknown               Unknown  Unknown
vasp_std           0000000001778510  Unknown               Unknown  Unknown
libpthread-2.28.s  00001543EC69BC20  Unknown               Unknown  Unknown
libmpi.so.12.0     00001543ECF5257C  Unknown               Unknown  Unknown
libmpi.so.12       00001543ECF52957  MPID_nem_lmt_shm_     Unknown  Unknown
libmpi.so.12       00001543ECDA5945  PMPIDI_CH3I_Progr     Unknown  Unknown
libmpi.so.12       00001543ED03FA00  MPIR_Waitall_impl     Unknown  Unknown
libmpi.so.12       00001543ECEB1F4B  MPIC_Waitall          Unknown  Unknown
libmpi.so.12       00001543ECD82887  MPIR_Alltoallv_in     Unknown  Unknown
libmpi.so.12       00001543ECD81E09  MPIR_Alltoallv        Unknown  Unknown
libmpi.so.12       00001543ECD81D91  MPIR_Alltoallv_im     Unknown  Unknown
libmpi.so.12       00001543ECD810F2  MPI_Alltoallv         Unknown  Unknown
libmpifort.so.12.  00001543ED45977A  pmpi_alltoallv__      Unknown  Unknown
vasp_std           0000000000411F0E  Unknown               Unknown  Unknown
vasp_std           000000000159C3BD  Unknown               Unknown  Unknown
vasp_std           0000000001592C92  Unknown               Unknown  Unknown
vasp_std           0000000001593EC5  Unknown               Unknown  Unknown
vasp_std           00000000006789C6  Unknown               Unknown  Unknown
vasp_std           00000000006779A1  Unknown               Unknown  Unknown
vasp_std           00000000008D8A91  Unknown               Unknown  Unknown
vasp_std           0000000000EF8674  Unknown               Unknown  Unknown
vasp_std           000000000161C771  Unknown               Unknown  Unknown
vasp_std           00000000015F6996  Unknown               Unknown  Unknown
vasp_std           000000000040758E  Unknown               Unknown  Unknown
libc-2.28.so       00001543EBF65493  __libc_start_main     Unknown  Unknown
vasp_std           00000000004074A9  Unknown               Unknown  Unknown
forrtl: error (69): process interrupted (SIGINT)
Image              PC                Routine            Line        Source             
vasp_std           0000000001778ABE  Unknown               Unknown  Unknown
libpthread-2.28.s  000014D5E5FC1C20  Unknown               Unknown  Unknown
libmpi.so.12.0     000014D5E6878576  Unknown               Unknown  Unknown
libmpi.so.12       000014D5E6878957  MPID_nem_lmt_shm_     Unknown  Unknown
libmpi.so.12       000014D5E66CB945  PMPIDI_CH3I_Progr     Unknown  Unknown
libmpi.so.12       000014D5E6965A00  MPIR_Waitall_impl     Unknown  Unknown
libmpi.so.12       000014D5E67D7F4B  MPIC_Waitall          Unknown  Unknown
libmpi.so.12       000014D5E66A8887  MPIR_Alltoallv_in     Unknown  Unknown
libmpi.so.12       000014D5E66A7E09  MPIR_Alltoallv        Unknown  Unknown
libmpi.so.12       000014D5E66A7D91  MPIR_Alltoallv_im     Unknown  Unknown
libmpi.so.12       000014D5E66A70F2  MPI_Alltoallv         Unknown  Unknown
libmpifort.so.12.  000014D5E6D7F77A  pmpi_alltoallv__      Unknown  Unknown
vasp_std           0000000000411F0E  Unknown               Unknown  Unknown
vasp_std           000000000159C3BD  Unknown               Unknown  Unknown
vasp_std           0000000001592C92  Unknown               Unknown  Unknown
vasp_std           0000000001593EC5  Unknown               Unknown  Unknown
vasp_std           00000000006789C6  Unknown               Unknown  Unknown
vasp_std           00000000006779A1  Unknown               Unknown  Unknown
vasp_std           00000000008D8A91  Unknown               Unknown  Unknown
vasp_std           0000000000EF8674  Unknown               Unknown  Unknown
vasp_std           000000000161C771  Unknown               Unknown  Unknown
vasp_std           00000000015F6996  Unknown               Unknown  Unknown
vasp_std           000000000040758E  Unknown               Unknown  Unknown
libc-2.28.so       000014D5E588B493  __libc_start_main     Unknown  Unknown
vasp_std           00000000004074A9  Unknown               Unknown  Unknown
forrtl: error (69): process interrupted (SIGINT)
Image              PC                Routine            Line        Source             
vasp_std           0000000001778ABE  Unknown               Unknown  Unknown
libpthread-2.28.s  000014D39B6AEC20  Unknown               Unknown  Unknown
libmpi.so.12       000014D39BDB8634  PMPIDI_CH3I_Progr     Unknown  Unknown
libmpi.so.12       000014D39C052A00  MPIR_Waitall_impl     Unknown  Unknown
libmpi.so.12       000014D39BEC4F4B  MPIC_Waitall          Unknown  Unknown
libmpi.so.12       000014D39BD95887  MPIR_Alltoallv_in     Unknown  Unknown
libmpi.so.12       000014D39BD94E09  MPIR_Alltoallv        Unknown  Unknown
libmpi.so.12       000014D39BD94D91  MPIR_Alltoallv_im     Unknown  Unknown
libmpi.so.12       000014D39BD940F2  MPI_Alltoallv         Unknown  Unknown
libmpifort.so.12.  000014D39C46C77A  pmpi_alltoallv__      Unknown  Unknown
vasp_std           0000000000411F0E  Unknown               Unknown  Unknown
vasp_std           000000000159C3BD  Unknown               Unknown  Unknown
vasp_std           0000000001592C92  Unknown               Unknown  Unknown
vasp_std           0000000001593EC5  Unknown               Unknown  Unknown
vasp_std           00000000006789C6  Unknown               Unknown  Unknown
vasp_std           00000000006779A1  Unknown               Unknown  Unknown
vasp_std           00000000008D8A91  Unknown               Unknown  Unknown
vasp_std           0000000000EF8674  Unknown               Unknown  Unknown
vasp_std           000000000161C771  Unknown               Unknown  Unknown
vasp_std           00000000015F6996  Unknown               Unknown  Unknown
vasp_std           000000000040758E  Unknown               Unknown  Unknown
libc-2.28.so       000014D39AF78493  __libc_start_main     Unknown  Unknown
vasp_std           00000000004074A9  Unknown               Unknown  Unknown
forrtl: error (69): process interrupted (SIGINT)
Image              PC                Routine            Line        Source             
vasp_std           0000000001778ABE  Unknown               Unknown  Unknown
libpthread-2.28.s  000015472757FC20  Unknown               Unknown  Unknown
libmpi.so.12.0     0000154727E35FFC  Unknown               Unknown  Unknown
libmpi.so.12       0000154727E3451D  MPID_nem_lmt_shm_     Unknown  Unknown
libmpi.so.12.0     0000154727E31528  Unknown               Unknown  Unknown
libmpi.so.12       0000154727C89DF2  PMPIDI_CH3I_Progr     Unknown  Unknown
libmpi.so.12       0000154727F23A00  MPIR_Waitall_impl     Unknown  Unknown
libmpi.so.12       0000154727D95F4B  MPIC_Waitall          Unknown  Unknown
libmpi.so.12       0000154727C66887  MPIR_Alltoallv_in     Unknown  Unknown
libmpi.so.12       0000154727C65E09  MPIR_Alltoallv        Unknown  Unknown
libmpi.so.12       0000154727C65D91  MPIR_Alltoallv_im     Unknown  Unknown
libmpi.so.12       0000154727C650F2  MPI_Alltoallv         Unknown  Unknown
libmpifort.so.12.  000015472833D77A  pmpi_alltoallv__      Unknown  Unknown

Stack trace terminated abnormally.
forrtl: error (69): process interrupted (SIGINT)
Image              PC                Routine            Line        Source             
vasp_std           0000000001778ABE  Unknown               Unknown  Unknown
libpthread-2.28.s  00001519BF31DC20  Unknown               Unknown  Unknown
libmpi.so.12.0     00001519BFBD3D12  Unknown               Unknown  Unknown
libmpi.so.12       00001519BFBD4957  MPID_nem_lmt_shm_     Unknown  Unknown
libmpi.so.12       00001519BFA27945  PMPIDI_CH3I_Progr     Unknown  Unknown
libmpi.so.12       00001519BFCC1A00  MPIR_Waitall_impl     Unknown  Unknown
libmpi.so.12       00001519BFB33F4B  MPIC_Waitall          Unknown  Unknown
libmpi.so.12       00001519BFA04887  MPIR_Alltoallv_in     Unknown  Unknown
libmpi.so.12       00001519BFA03E09  MPIR_Alltoallv        Unknown  Unknown
libmpi.so.12       00001519BFA03D91  MPIR_Alltoallv_im     Unknown  Unknown
libmpi.so.12       00001519BFA030F2  MPI_Alltoallv         Unknown  Unknown
libmpifort.so.12.  00001519C00DB77A  pmpi_alltoallv__      Unknown  Unknown
vasp_std           0000000000411F0E  Unknown               Unknown  Unknown

Stack trace terminated abnormally.
