forrtl: error (69): process interrupted (SIGINT)
Image              PC                Routine            Line        Source             
vasp_std           0000000001778ABE  Unknown               Unknown  Unknown
libpthread-2.28.s  0000150C090A8C20  Unknown               Unknown  Unknown
libmpi.so.12       0000150C097B2634  PMPIDI_CH3I_Progr     Unknown  Unknown
libmpi.so.12       0000150C09A4CA00  MPIR_Waitall_impl     Unknown  Unknown
libmpi.so.12       0000150C098BEF4B  MPIC_Waitall          Unknown  Unknown
libmpi.so.12       0000150C0978F887  MPIR_Alltoallv_in     Unknown  Unknown
libmpi.so.12       0000150C0978EE09  MPIR_Alltoallv        Unknown  Unknown
libmpi.so.12       0000150C0978ED91  MPIR_Alltoallv_im     Unknown  Unknown
libmpi.so.12       0000150C0978E0F2  MPI_Alltoallv         Unknown  Unknown
libmpifort.so.12.  0000150C09E6677A  pmpi_alltoallv__      Unknown  Unknown
vasp_std           0000000000411F0E  Unknown               Unknown  Unknown
vasp_std           000000000159CD22  Unknown               Unknown  Unknown
vasp_std           0000000001592BE7  Unknown               Unknown  Unknown
vasp_std           0000000001593DA1  Unknown               Unknown  Unknown
vasp_std           00000000008D9123  Unknown               Unknown  Unknown
vasp_std           0000000000EF8674  Unknown               Unknown  Unknown
vasp_std           000000000161C771  Unknown               Unknown  Unknown
vasp_std           00000000015F6996  Unknown               Unknown  Unknown
vasp_std           000000000040758E  Unknown               Unknown  Unknown
libc-2.28.so       0000150C08972493  __libc_start_main     Unknown  Unknown
vasp_std           00000000004074A9  Unknown               Unknown  Unknown
forrtl: error (69): process interrupted (SIGINT)
Image              PC                Routine            Line        Source             
vasp_std           0000000001778ABE  Unknown               Unknown  Unknown
libpthread-2.28.s  000014B41D51CC20  Unknown               Unknown  Unknown
libmpi.so.12       000014B41DC26634  PMPIDI_CH3I_Progr     Unknown  Unknown
libmpi.so.12       000014B41DEC0A00  MPIR_Waitall_impl     Unknown  Unknown
libmpi.so.12       000014B41DD32F4B  MPIC_Waitall          Unknown  Unknown
libmpi.so.12       000014B41DC03887  MPIR_Alltoallv_in     Unknown  Unknown
libmpi.so.12       000014B41DC02E09  MPIR_Alltoallv        Unknown  Unknown
libmpi.so.12       000014B41DC02D91  MPIR_Alltoallv_im     Unknown  Unknown
libmpi.so.12       000014B41DC020F2  MPI_Alltoallv         Unknown  Unknown
libmpifort.so.12.  000014B41E2DA77A  pmpi_alltoallv__      Unknown  Unknown
vasp_std           0000000000411F0E  Unknown               Unknown  Unknown
vasp_std           000000000159CD22  Unknown               Unknown  Unknown
vasp_std           0000000001592BE7  Unknown               Unknown  Unknown
vasp_std           0000000001593DA1  Unknown               Unknown  Unknown
vasp_std           00000000008D9123  Unknown               Unknown  Unknown
vasp_std           0000000000EF8674  Unknown               Unknown  Unknown
vasp_std           000000000161C771  Unknown               Unknown  Unknown
vasp_std           00000000015F6996  Unknown               Unknown  Unknown
vasp_std           000000000040758E  Unknown               Unknown  Unknown
libc-2.28.so       000014B41CDE6493  __libc_start_main     Unknown  Unknown
vasp_std           00000000004074A9  Unknown               Unknown  Unknown
forrtl: error (69): process interrupted (SIGINT)
Image              PC                Routine            Line        Source             
vasp_std           0000000001778ABE  Unknown               Unknown  Unknown
libpthread-2.28.s  000014C7C6643C20  Unknown               Unknown  Unknown
libc-2.28.so       000014C7C5FCD6BB  __sched_yield         Unknown  Unknown
libmpi.so.12.0     000014C7C6EF9D83  Unknown               Unknown  Unknown
libmpi.so.12       000014C7C6EF851D  MPID_nem_lmt_shm_     Unknown  Unknown
libmpi.so.12.0     000014C7C6EF5528  Unknown               Unknown  Unknown
libmpi.so.12       000014C7C6D4DDF2  PMPIDI_CH3I_Progr     Unknown  Unknown
libmpi.so.12       000014C7C6FE7A00  MPIR_Waitall_impl     Unknown  Unknown
libmpi.so.12       000014C7C6E59F4B  MPIC_Waitall          Unknown  Unknown
libmpi.so.12       000014C7C6D2A887  MPIR_Alltoallv_in     Unknown  Unknown
libmpi.so.12       000014C7C6D29E09  MPIR_Alltoallv        Unknown  Unknown
libmpi.so.12       000014C7C6D29D91  MPIR_Alltoallv_im     Unknown  Unknown
libmpi.so.12       000014C7C6D290F2  MPI_Alltoallv         Unknown  Unknown
libmpifort.so.12.  000014C7C740177A  pmpi_alltoallv__      Unknown  Unknown
vasp_std           0000000000411F0E  Unknown               Unknown  Unknown
vasp_std           000000000159CD22  Unknown               Unknown  Unknown
vasp_std           0000000001592BE7  Unknown               Unknown  Unknown
vasp_std           0000000001593DA1  Unknown               Unknown  Unknown
vasp_std           00000000008D9123  Unknown               Unknown  Unknown
vasp_std           0000000000EF8674  Unknown               Unknown  Unknown
vasp_std           000000000161C771  Unknown               Unknown  Unknown
vasp_std           00000000015F6996  Unknown               Unknown  Unknown
vasp_std           000000000040758E  Unknown               Unknown  Unknown
libc-2.28.so       000014C7C5F0D493  __libc_start_main     Unknown  Unknown
vasp_std           00000000004074A9  Unknown               Unknown  Unknown
forrtl: error (69): process interrupted (SIGINT)
Image              PC                Routine            Line        Source             
vasp_std           0000000001778ABE  Unknown               Unknown  Unknown
libpthread-2.28.s  000014E1BD508C20  Unknown               Unknown  Unknown
libmpi.so.12       000014E1BDC12634  PMPIDI_CH3I_Progr     Unknown  Unknown
libmpi.so.12       000014E1BDEACA00  MPIR_Waitall_impl     Unknown  Unknown
libmpi.so.12       000014E1BDD1EF4B  MPIC_Waitall          Unknown  Unknown
libmpi.so.12       000014E1BDBEF887  MPIR_Alltoallv_in     Unknown  Unknown
libmpi.so.12       000014E1BDBEEE09  MPIR_Alltoallv        Unknown  Unknown
libmpi.so.12       000014E1BDBEED91  MPIR_Alltoallv_im     Unknown  Unknown
libmpi.so.12       000014E1BDBEE0F2  MPI_Alltoallv         Unknown  Unknown
libmpifort.so.12.  000014E1BE2C677A  pmpi_alltoallv__      Unknown  Unknown
vasp_std           0000000000411F0E  Unknown               Unknown  Unknown
vasp_std           000000000159CD22  Unknown               Unknown  Unknown
vasp_std           0000000001592BE7  Unknown               Unknown  Unknown
vasp_std           0000000001593DA1  Unknown               Unknown  Unknown
vasp_std           00000000008D9123  Unknown               Unknown  Unknown
vasp_std           0000000000EF8674  Unknown               Unknown  Unknown
vasp_std           000000000161C771  Unknown               Unknown  Unknown
vasp_std           00000000015F6996  Unknown               Unknown  Unknown
vasp_std           000000000040758E  Unknown               Unknown  Unknown
libc-2.28.so       000014E1BCDD2493  __libc_start_main     Unknown  Unknown
vasp_std           00000000004074A9  Unknown               Unknown  Unknown
forrtl: error (69): process interrupted (SIGINT)
Image              PC                Routine            Line        Source             
vasp_std           0000000001778ABE  Unknown               Unknown  Unknown
libpthread-2.28.s  0000148893A2EC20  Unknown               Unknown  Unknown
libmpi.so.12       0000148894138634  PMPIDI_CH3I_Progr     Unknown  Unknown
libmpi.so.12       00001488943D2A00  MPIR_Waitall_impl     Unknown  Unknown
libmpi.so.12       0000148894244F4B  MPIC_Waitall          Unknown  Unknown
libmpi.so.12       0000148894115887  MPIR_Alltoallv_in     Unknown  Unknown
libmpi.so.12       0000148894114E09  MPIR_Alltoallv        Unknown  Unknown
libmpi.so.12       0000148894114D91  MPIR_Alltoallv_im     Unknown  Unknown
libmpi.so.12       00001488941140F2  MPI_Alltoallv         Unknown  Unknown
libmpifort.so.12.  00001488947EC77A  pmpi_alltoallv__      Unknown  Unknown
vasp_std           0000000000411F0E  Unknown               Unknown  Unknown
vasp_std           000000000159CD22  Unknown               Unknown  Unknown
vasp_std           0000000001592BE7  Unknown               Unknown  Unknown
vasp_std           0000000001593DA1  Unknown               Unknown  Unknown
vasp_std           00000000008D9123  Unknown               Unknown  Unknown
vasp_std           0000000000EF8674  Unknown               Unknown  Unknown
vasp_std           000000000161C771  Unknown               Unknown  Unknown
vasp_std           00000000015F6996  Unknown               Unknown  Unknown
vasp_std           000000000040758E  Unknown               Unknown  Unknown
libc-2.28.so       00001488932F8493  __libc_start_main     Unknown  Unknown
vasp_std           00000000004074A9  Unknown               Unknown  Unknown
forrtl: error (69): process interrupted (SIGINT)
Image              PC                Routine            Line        Source             
vasp_std           0000000001778ABE  Unknown               Unknown  Unknown
libpthread-2.28.s  0000147197C92C20  Unknown               Unknown  Unknown
libc-2.28.so       000014719761C6BB  __sched_yield         Unknown  Unknown
libmpi.so.12.0     000014719854934C  Unknown               Unknown  Unknown
libmpi.so.12       0000147198549957  MPID_nem_lmt_shm_     Unknown  Unknown
libmpi.so.12       000014719839C945  PMPIDI_CH3I_Progr     Unknown  Unknown
libmpi.so.12       0000147198636A00  MPIR_Waitall_impl     Unknown  Unknown
libmpi.so.12       00001471984A8F4B  MPIC_Waitall          Unknown  Unknown
libmpi.so.12       0000147198379887  MPIR_Alltoallv_in     Unknown  Unknown
libmpi.so.12       0000147198378E09  MPIR_Alltoallv        Unknown  Unknown
libmpi.so.12       0000147198378D91  MPIR_Alltoallv_im     Unknown  Unknown
libmpi.so.12       00001471983780F2  MPI_Alltoallv         Unknown  Unknown
libmpifort.so.12.  0000147198A5077A  pmpi_alltoallv__      Unknown  Unknown
vasp_std           0000000000411F0E  Unknown               Unknown  Unknown
vasp_std           000000000159CD22  Unknown               Unknown  Unknown
vasp_std           0000000001592BE7  Unknown               Unknown  Unknown
vasp_std           0000000001593DA1  Unknown               Unknown  Unknown
vasp_std           00000000008D9123  Unknown               Unknown  Unknown
vasp_std           0000000000EF8674  Unknown               Unknown  Unknown
vasp_std           000000000161C771  Unknown               Unknown  Unknown
vasp_std           00000000015F6996  Unknown               Unknown  Unknown
vasp_std           000000000040758E  Unknown               Unknown  Unknown
libc-2.28.so       000014719755C493  __libc_start_main     Unknown  Unknown
vasp_std           00000000004074A9  Unknown               Unknown  Unknown
forrtl: error (69): process interrupted (SIGINT)
Image              PC                Routine            Line        Source             
vasp_std           0000000001778ABE  Unknown               Unknown  Unknown
libpthread-2.28.s  000014BA6F044C20  Unknown               Unknown  Unknown
libmpi.so.12       000014BA6F74E63B  PMPIDI_CH3I_Progr     Unknown  Unknown
libmpi.so.12       000014BA6F9E8A00  MPIR_Waitall_impl     Unknown  Unknown
libmpi.so.12       000014BA6F85AF4B  MPIC_Waitall          Unknown  Unknown
libmpi.so.12       000014BA6F72B887  MPIR_Alltoallv_in     Unknown  Unknown
libmpi.so.12       000014BA6F72AE09  MPIR_Alltoallv        Unknown  Unknown
libmpi.so.12       000014BA6F72AD91  MPIR_Alltoallv_im     Unknown  Unknown
libmpi.so.12       000014BA6F72A0F2  MPI_Alltoallv         Unknown  Unknown
libmpifort.so.12.  000014BA6FE0277A  pmpi_alltoallv__      Unknown  Unknown

Stack trace terminated abnormally.
forrtl: error (69): process interrupted (SIGINT)
Image              PC                Routine            Line        Source             
vasp_std           0000000001778ABE  Unknown               Unknown  Unknown
libpthread-2.28.s  000014B20DDBCC20  Unknown               Unknown  Unknown
libmpi.so.12       000014B20E4C6634  PMPIDI_CH3I_Progr     Unknown  Unknown
libmpi.so.12       000014B20E760A00  MPIR_Waitall_impl     Unknown  Unknown
libmpi.so.12       000014B20E5D2F4B  MPIC_Waitall          Unknown  Unknown
libmpi.so.12       000014B20E4A3887  MPIR_Alltoallv_in     Unknown  Unknown
libmpi.so.12       000014B20E4A2E09  MPIR_Alltoallv        Unknown  Unknown
libmpi.so.12       000014B20E4A2D91  MPIR_Alltoallv_im     Unknown  Unknown
libmpi.so.12       000014B20E4A20F2  MPI_Alltoallv         Unknown  Unknown
libmpifort.so.12.  000014B20EB7A77A  pmpi_alltoallv__      Unknown  Unknown

Stack trace terminated abnormally.
