forrtl: error (69): process interrupted (SIGINT)
Image              PC                Routine            Line        Source             
vasp_std           0000000001778ABE  Unknown               Unknown  Unknown
libpthread-2.28.s  0000151335000C20  Unknown               Unknown  Unknown
vasp_std           0000000001594644  Unknown               Unknown  Unknown
vasp_std           000000000066A032  Unknown               Unknown  Unknown
vasp_std           0000000000E8029D  Unknown               Unknown  Unknown
vasp_std           0000000000EF8360  Unknown               Unknown  Unknown
vasp_std           000000000161C771  Unknown               Unknown  Unknown
vasp_std           00000000015F6996  Unknown               Unknown  Unknown
vasp_std           000000000040758E  Unknown               Unknown  Unknown
libc-2.28.so       00001513348CA493  __libc_start_main     Unknown  Unknown
vasp_std           00000000004074A9  Unknown               Unknown  Unknown
forrtl: error (69): process interrupted (SIGINT)
Image              PC                Routine            Line        Source             
vasp_std           0000000001778ABE  Unknown               Unknown  Unknown
libpthread-2.28.s  000014BBAFB0CC20  Unknown               Unknown  Unknown
vasp_std           0000000001594644  Unknown               Unknown  Unknown
vasp_std           000000000066A032  Unknown               Unknown  Unknown
vasp_std           0000000000E8029D  Unknown               Unknown  Unknown
vasp_std           0000000000EF8360  Unknown               Unknown  Unknown
vasp_std           000000000161C771  Unknown               Unknown  Unknown
vasp_std           00000000015F6996  Unknown               Unknown  Unknown
vasp_std           000000000040758E  Unknown               Unknown  Unknown
libc-2.28.so       000014BBAF3D6493  __libc_start_main     Unknown  Unknown
vasp_std           00000000004074A9  Unknown               Unknown  Unknown
forrtl: error (69): process interrupted (SIGINT)
Image              PC                Routine            Line        Source             
vasp_std           0000000001778ABE  Unknown               Unknown  Unknown
libpthread-2.28.s  00001519D99B7C20  Unknown               Unknown  Unknown
libmkl_avx512.so   00001519D194A296  mkl_dft_avx512_mg     Unknown  Unknown
libmkl_avx512.so   00001519D18FE12C  Unknown               Unknown  Unknown
libmkl_intel_lp64  00001519E1AC5F27  DftiComputeForwar     Unknown  Unknown
libmkl_intel_lp64  00001519E1ACBA1F  fftw_execute_dft      Unknown  Unknown
vasp_std           0000000001592B24  Unknown               Unknown  Unknown
vasp_std           000000000159397A  Unknown               Unknown  Unknown
vasp_std           00000000015944CF  Unknown               Unknown  Unknown
vasp_std           000000000066A032  Unknown               Unknown  Unknown
vasp_std           0000000000E8029D  Unknown               Unknown  Unknown
vasp_std           0000000000EF8360  Unknown               Unknown  Unknown
vasp_std           000000000161C771  Unknown               Unknown  Unknown
vasp_std           00000000015F6996  Unknown               Unknown  Unknown
vasp_std           000000000040758E  Unknown               Unknown  Unknown
libc-2.28.so       00001519D9281493  __libc_start_main     Unknown  Unknown
vasp_std           00000000004074A9  Unknown               Unknown  Unknown
forrtl: error (69): process interrupted (SIGINT)
Image              PC                Routine            Line        Source             
vasp_std           0000000001778ABE  Unknown               Unknown  Unknown
libpthread-2.28.s  0000151F326C4C20  Unknown               Unknown  Unknown
libmkl_avx512.so   0000151F2A65724E  mkl_dft_avx512_mg     Unknown  Unknown
libmkl_avx512.so   0000151F2A60B12C  Unknown               Unknown  Unknown
libmkl_intel_lp64  0000151F3A7D2F27  DftiComputeForwar     Unknown  Unknown
libmkl_intel_lp64  0000151F3A7D8A1F  fftw_execute_dft      Unknown  Unknown
vasp_std           0000000001592B24  Unknown               Unknown  Unknown
vasp_std           000000000159397A  Unknown               Unknown  Unknown
vasp_std           00000000015944CF  Unknown               Unknown  Unknown
vasp_std           000000000066A032  Unknown               Unknown  Unknown
vasp_std           0000000000E8029D  Unknown               Unknown  Unknown
vasp_std           0000000000EF8360  Unknown               Unknown  Unknown
vasp_std           000000000161C771  Unknown               Unknown  Unknown
vasp_std           00000000015F6996  Unknown               Unknown  Unknown
vasp_std           000000000040758E  Unknown               Unknown  Unknown
libc-2.28.so       0000151F31F8E493  __libc_start_main     Unknown  Unknown
vasp_std           00000000004074A9  Unknown               Unknown  Unknown
forrtl: error (69): process interrupted (SIGINT)
Image              PC                Routine            Line        Source             
vasp_std           0000000001778ABE  Unknown               Unknown  Unknown
libpthread-2.28.s  000014F7C234DC20  Unknown               Unknown  Unknown
libmpi.so.12.0     000014F7C2A5D271  Unknown               Unknown  Unknown
libmpi.so.12       000014F7C2A57D6E  PMPIDI_CH3I_Progr     Unknown  Unknown
libmpi.so.12       000014F7C2CF1A00  MPIR_Waitall_impl     Unknown  Unknown
libmpi.so.12       000014F7C2B63F4B  MPIC_Waitall          Unknown  Unknown
libmpi.so.12       000014F7C2A315ED  MPIR_Alltoall_int     Unknown  Unknown
libmpi.so.12       000014F7C2A30A9A  MPIR_Alltoall         Unknown  Unknown
libmpi.so.12       000014F7C2A30A38  MPIR_Alltoall_imp     Unknown  Unknown
libmpi.so.12       000014F7C2A3029E  PMPI_Alltoall         Unknown  Unknown
libmpifort.so.12.  000014F7C310B6C6  mpi_alltoall__        Unknown  Unknown
vasp_std           0000000000412DF7  Unknown               Unknown  Unknown
vasp_std           0000000000585479  Unknown               Unknown  Unknown
vasp_std           0000000000E84660  Unknown               Unknown  Unknown
vasp_std           0000000000EF8360  Unknown               Unknown  Unknown
vasp_std           000000000161C771  Unknown               Unknown  Unknown
vasp_std           00000000015F6996  Unknown               Unknown  Unknown
vasp_std           000000000040758E  Unknown               Unknown  Unknown
libc-2.28.so       000014F7C1C17493  __libc_start_main     Unknown  Unknown
vasp_std           00000000004074A9  Unknown               Unknown  Unknown
forrtl: error (69): process interrupted (SIGINT)
Image              PC                Routine            Line        Source             
vasp_std           0000000001778ABE  Unknown               Unknown  Unknown
libpthread-2.28.s  00001516E3B66C20  Unknown               Unknown  Unknown
libmpi.so.12.0     00001516E4276271  Unknown               Unknown  Unknown
libmpi.so.12       00001516E4270D6E  PMPIDI_CH3I_Progr     Unknown  Unknown
libmpi.so.12       00001516E450AA00  MPIR_Waitall_impl     Unknown  Unknown
libmpi.so.12       00001516E437CF4B  MPIC_Waitall          Unknown  Unknown
libmpi.so.12       00001516E424A5ED  MPIR_Alltoall_int     Unknown  Unknown
libmpi.so.12       00001516E4249A9A  MPIR_Alltoall         Unknown  Unknown
libmpi.so.12       00001516E4249A38  MPIR_Alltoall_imp     Unknown  Unknown
libmpi.so.12       00001516E424929E  PMPI_Alltoall         Unknown  Unknown
libmpifort.so.12.  00001516E49246C6  mpi_alltoall__        Unknown  Unknown
vasp_std           0000000000412DF7  Unknown               Unknown  Unknown
vasp_std           0000000000585479  Unknown               Unknown  Unknown
vasp_std           0000000000E84660  Unknown               Unknown  Unknown
vasp_std           0000000000EF8360  Unknown               Unknown  Unknown
vasp_std           000000000161C771  Unknown               Unknown  Unknown
vasp_std           00000000015F6996  Unknown               Unknown  Unknown
vasp_std           000000000040758E  Unknown               Unknown  Unknown
libc-2.28.so       00001516E3430493  __libc_start_main     Unknown  Unknown
vasp_std           00000000004074A9  Unknown               Unknown  Unknown
forrtl: error (69): process interrupted (SIGINT)
Image              PC                Routine            Line        Source             
vasp_std           0000000001778ABE  Unknown               Unknown  Unknown
libpthread-2.28.s  000014BDEF046C20  Unknown               Unknown  Unknown
libmpi.so.12.0     000014BDEF7566A8  Unknown               Unknown  Unknown
libmpi.so.12       000014BDEF750D6E  PMPIDI_CH3I_Progr     Unknown  Unknown
libmpi.so.12       000014BDEF9EAA00  MPIR_Waitall_impl     Unknown  Unknown
libmpi.so.12       000014BDEF85CF4B  MPIC_Waitall          Unknown  Unknown
libmpi.so.12       000014BDEF72A5ED  MPIR_Alltoall_int     Unknown  Unknown
libmpi.so.12       000014BDEF729A9A  MPIR_Alltoall         Unknown  Unknown
libmpi.so.12       000014BDEF729A38  MPIR_Alltoall_imp     Unknown  Unknown
libmpi.so.12       000014BDEF72929E  PMPI_Alltoall         Unknown  Unknown
libmpifort.so.12.  000014BDEFE046C6  mpi_alltoall__        Unknown  Unknown
vasp_std           0000000000412DF7  Unknown               Unknown  Unknown
vasp_std           0000000000585479  Unknown               Unknown  Unknown
vasp_std           0000000000E84660  Unknown               Unknown  Unknown
vasp_std           0000000000EF8360  Unknown               Unknown  Unknown
vasp_std           000000000161C771  Unknown               Unknown  Unknown
vasp_std           00000000015F6996  Unknown               Unknown  Unknown
vasp_std           000000000040758E  Unknown               Unknown  Unknown
libc-2.28.so       000014BDEE910493  __libc_start_main     Unknown  Unknown
vasp_std           00000000004074A9  Unknown               Unknown  Unknown
forrtl: error (69): process interrupted (SIGINT)
Image              PC                Routine            Line        Source             
vasp_std           0000000001778ABE  Unknown               Unknown  Unknown
libpthread-2.28.s  00001475F6624C20  Unknown               Unknown  Unknown
libc-2.28.so       00001475F5FAE6BB  __sched_yield         Unknown  Unknown
libmpi.so.12.0     00001475F6D347F4  Unknown               Unknown  Unknown
libmpi.so.12       00001475F6D2ED6E  PMPIDI_CH3I_Progr     Unknown  Unknown
libmpi.so.12       00001475F6FC8A00  MPIR_Waitall_impl     Unknown  Unknown
libmpi.so.12       00001475F6E3AF4B  MPIC_Waitall          Unknown  Unknown
libmpi.so.12       00001475F6D085ED  MPIR_Alltoall_int     Unknown  Unknown
libmpi.so.12       00001475F6D07A9A  MPIR_Alltoall         Unknown  Unknown
libmpi.so.12       00001475F6D07A38  MPIR_Alltoall_imp     Unknown  Unknown
libmpi.so.12       00001475F6D0729E  PMPI_Alltoall         Unknown  Unknown
libmpifort.so.12.  00001475F73E26C6  mpi_alltoall__        Unknown  Unknown
vasp_std           0000000000412DF7  Unknown               Unknown  Unknown
vasp_std           0000000000585479  Unknown               Unknown  Unknown
vasp_std           0000000000E84660  Unknown               Unknown  Unknown
vasp_std           0000000000EF8360  Unknown               Unknown  Unknown
vasp_std           000000000161C771  Unknown               Unknown  Unknown
vasp_std           00000000015F6996  Unknown               Unknown  Unknown
vasp_std           000000000040758E  Unknown               Unknown  Unknown
libc-2.28.so       00001475F5EEE493  __libc_start_main     Unknown  Unknown
vasp_std           00000000004074A9  Unknown               Unknown  Unknown
