forrtl: error (69): process interrupted (SIGINT)
Image              PC                Routine            Line        Source             
vasp_std           0000000001778ABE  Unknown               Unknown  Unknown
libpthread-2.28.s  00001551C3A48C20  Unknown               Unknown  Unknown
libmpi.so.12.0     00001551C4158271  Unknown               Unknown  Unknown
libmpi.so.12       00001551C4152D6E  PMPIDI_CH3I_Progr     Unknown  Unknown
libmpi.so.12       00001551C43ECA00  MPIR_Waitall_impl     Unknown  Unknown
libmpi.so.12       00001551C425EF4B  MPIC_Waitall          Unknown  Unknown
libmpi.so.12       00001551C412F887  MPIR_Alltoallv_in     Unknown  Unknown
libmpi.so.12       00001551C412EE09  MPIR_Alltoallv        Unknown  Unknown
libmpi.so.12       00001551C412ED91  MPIR_Alltoallv_im     Unknown  Unknown
libmpi.so.12       00001551C412E0F2  MPI_Alltoallv         Unknown  Unknown
libmpifort.so.12.  00001551C480677A  pmpi_alltoallv__      Unknown  Unknown
vasp_std           0000000000411F0E  Unknown               Unknown  Unknown
vasp_std           000000000159C3BD  Unknown               Unknown  Unknown
vasp_std           0000000001592C92  Unknown               Unknown  Unknown
vasp_std           0000000001593EC5  Unknown               Unknown  Unknown
vasp_std           00000000008D8711  Unknown               Unknown  Unknown
vasp_std           0000000000EF8674  Unknown               Unknown  Unknown
vasp_std           000000000161C771  Unknown               Unknown  Unknown
vasp_std           00000000015F6996  Unknown               Unknown  Unknown
vasp_std           000000000040758E  Unknown               Unknown  Unknown
libc-2.28.so       00001551C3312493  __libc_start_main     Unknown  Unknown
vasp_std           00000000004074A9  Unknown               Unknown  Unknown
forrtl: error (69): process interrupted (SIGINT)
Image              PC                Routine            Line        Source             
vasp_std           0000000001778ABE  Unknown               Unknown  Unknown
libpthread-2.28.s  00001521993DFC20  Unknown               Unknown  Unknown
libmpi.so.12.0     0000152199AEF271  Unknown               Unknown  Unknown
libmpi.so.12       0000152199AE9D6E  PMPIDI_CH3I_Progr     Unknown  Unknown
libmpi.so.12       0000152199D83A00  MPIR_Waitall_impl     Unknown  Unknown
libmpi.so.12       0000152199BF5F4B  MPIC_Waitall          Unknown  Unknown
libmpi.so.12       0000152199AC6887  MPIR_Alltoallv_in     Unknown  Unknown
libmpi.so.12       0000152199AC5E09  MPIR_Alltoallv        Unknown  Unknown
libmpi.so.12       0000152199AC5D91  MPIR_Alltoallv_im     Unknown  Unknown
libmpi.so.12       0000152199AC50F2  MPI_Alltoallv         Unknown  Unknown
libmpifort.so.12.  000015219A19D77A  pmpi_alltoallv__      Unknown  Unknown
vasp_std           0000000000411F0E  Unknown               Unknown  Unknown
vasp_std           000000000159C3BD  Unknown               Unknown  Unknown
vasp_std           0000000001592C92  Unknown               Unknown  Unknown
vasp_std           0000000001593EC5  Unknown               Unknown  Unknown
vasp_std           00000000008D8711  Unknown               Unknown  Unknown
vasp_std           0000000000EF8674  Unknown               Unknown  Unknown
vasp_std           000000000161C771  Unknown               Unknown  Unknown
vasp_std           00000000015F6996  Unknown               Unknown  Unknown
vasp_std           000000000040758E  Unknown               Unknown  Unknown
libc-2.28.so       0000152198CA9493  __libc_start_main     Unknown  Unknown
vasp_std           00000000004074A9  Unknown               Unknown  Unknown
forrtl: error (69): process interrupted (SIGINT)
Image              PC                Routine            Line        Source             
vasp_std           0000000001778ABE  Unknown               Unknown  Unknown
libpthread-2.28.s  000014ACDD2EFC20  Unknown               Unknown  Unknown
libmpi.so.12.0     000014ACDD9FF271  Unknown               Unknown  Unknown
libmpi.so.12       000014ACDD9F9D6E  PMPIDI_CH3I_Progr     Unknown  Unknown
libmpi.so.12       000014ACDDC93A00  MPIR_Waitall_impl     Unknown  Unknown
libmpi.so.12       000014ACDDB05F4B  MPIC_Waitall          Unknown  Unknown
libmpi.so.12       000014ACDD9D6887  MPIR_Alltoallv_in     Unknown  Unknown
libmpi.so.12       000014ACDD9D5E09  MPIR_Alltoallv        Unknown  Unknown
libmpi.so.12       000014ACDD9D5D91  MPIR_Alltoallv_im     Unknown  Unknown
libmpi.so.12       000014ACDD9D50F2  MPI_Alltoallv         Unknown  Unknown
libmpifort.so.12.  000014ACDE0AD77A  pmpi_alltoallv__      Unknown  Unknown
vasp_std           0000000000411F0E  Unknown               Unknown  Unknown
vasp_std           000000000159C3BD  Unknown               Unknown  Unknown
vasp_std           0000000001592C92  Unknown               Unknown  Unknown
vasp_std           0000000001593EC5  Unknown               Unknown  Unknown
vasp_std           00000000008D8711  Unknown               Unknown  Unknown
vasp_std           0000000000EF8674  Unknown               Unknown  Unknown
vasp_std           000000000161C771  Unknown               Unknown  Unknown
vasp_std           00000000015F6996  Unknown               Unknown  Unknown
vasp_std           000000000040758E  Unknown               Unknown  Unknown
libc-2.28.so       000014ACDCBB9493  __libc_start_main     Unknown  Unknown
vasp_std           00000000004074A9  Unknown               Unknown  Unknown
forrtl: error (69): process interrupted (SIGINT)
Image              PC                Routine            Line        Source             
vasp_std           0000000001778ABE  Unknown               Unknown  Unknown
libpthread-2.28.s  0000151F58487C20  Unknown               Unknown  Unknown
libmpi.so.12.0     0000151F58B97271  Unknown               Unknown  Unknown
libmpi.so.12       0000151F58B91D6E  PMPIDI_CH3I_Progr     Unknown  Unknown
libmpi.so.12       0000151F58E2BA00  MPIR_Waitall_impl     Unknown  Unknown
libmpi.so.12       0000151F58C9DF4B  MPIC_Waitall          Unknown  Unknown
libmpi.so.12       0000151F58B6E887  MPIR_Alltoallv_in     Unknown  Unknown
libmpi.so.12       0000151F58B6DE09  MPIR_Alltoallv        Unknown  Unknown
libmpi.so.12       0000151F58B6DD91  MPIR_Alltoallv_im     Unknown  Unknown
libmpi.so.12       0000151F58B6D0F2  MPI_Alltoallv         Unknown  Unknown
libmpifort.so.12.  0000151F5924577A  pmpi_alltoallv__      Unknown  Unknown
vasp_std           0000000000411F0E  Unknown               Unknown  Unknown
vasp_std           000000000159C3BD  Unknown               Unknown  Unknown
vasp_std           0000000001592C92  Unknown               Unknown  Unknown
vasp_std           0000000001593EC5  Unknown               Unknown  Unknown
vasp_std           00000000008D8711  Unknown               Unknown  Unknown
vasp_std           0000000000EF8674  Unknown               Unknown  Unknown
vasp_std           000000000161C771  Unknown               Unknown  Unknown
vasp_std           00000000015F6996  Unknown               Unknown  Unknown
vasp_std           000000000040758E  Unknown               Unknown  Unknown
libc-2.28.so       0000151F57D51493  __libc_start_main     Unknown  Unknown
vasp_std           00000000004074A9  Unknown               Unknown  Unknown
forrtl: error (69): process interrupted (SIGINT)
Image              PC                Routine            Line        Source             
vasp_std           0000000001778ABE  Unknown               Unknown  Unknown
libpthread-2.28.s  0000151FBDC50C20  Unknown               Unknown  Unknown
libc-2.28.so       0000151FBD5DA6BB  __sched_yield         Unknown  Unknown
libmpi.so.12.0     0000151FBE3607F4  Unknown               Unknown  Unknown
libmpi.so.12       0000151FBE35AD6E  PMPIDI_CH3I_Progr     Unknown  Unknown
libmpi.so.12       0000151FBE5F4A00  MPIR_Waitall_impl     Unknown  Unknown
libmpi.so.12       0000151FBE466F4B  MPIC_Waitall          Unknown  Unknown
libmpi.so.12       0000151FBE337887  MPIR_Alltoallv_in     Unknown  Unknown
libmpi.so.12       0000151FBE336E09  MPIR_Alltoallv        Unknown  Unknown
libmpi.so.12       0000151FBE336D91  MPIR_Alltoallv_im     Unknown  Unknown
libmpi.so.12       0000151FBE3360F2  MPI_Alltoallv         Unknown  Unknown
libmpifort.so.12.  0000151FBEA0E77A  pmpi_alltoallv__      Unknown  Unknown
vasp_std           0000000000411F0E  Unknown               Unknown  Unknown
vasp_std           000000000159C3BD  Unknown               Unknown  Unknown
vasp_std           0000000001592C92  Unknown               Unknown  Unknown
vasp_std           0000000001593EC5  Unknown               Unknown  Unknown
vasp_std           00000000008D8711  Unknown               Unknown  Unknown
vasp_std           0000000000EF8674  Unknown               Unknown  Unknown
vasp_std           000000000161C771  Unknown               Unknown  Unknown
vasp_std           00000000015F6996  Unknown               Unknown  Unknown
vasp_std           000000000040758E  Unknown               Unknown  Unknown
libc-2.28.so       0000151FBD51A493  __libc_start_main     Unknown  Unknown
vasp_std           00000000004074A9  Unknown               Unknown  Unknown
forrtl: error (69): process interrupted (SIGINT)
Image              PC                Routine            Line        Source             
vasp_std           0000000001778ABE  Unknown               Unknown  Unknown
libpthread-2.28.s  000014E7963B2C20  Unknown               Unknown  Unknown
libmpi.so.12.0     000014E796AC2271  Unknown               Unknown  Unknown
libmpi.so.12       000014E796ABCD6E  PMPIDI_CH3I_Progr     Unknown  Unknown
libmpi.so.12       000014E796D56A00  MPIR_Waitall_impl     Unknown  Unknown
libmpi.so.12       000014E796BC8F4B  MPIC_Waitall          Unknown  Unknown
libmpi.so.12       000014E796A99887  MPIR_Alltoallv_in     Unknown  Unknown
libmpi.so.12       000014E796A98E09  MPIR_Alltoallv        Unknown  Unknown
libmpi.so.12       000014E796A98D91  MPIR_Alltoallv_im     Unknown  Unknown
libmpi.so.12       000014E796A980F2  MPI_Alltoallv         Unknown  Unknown
libmpifort.so.12.  000014E79717077A  pmpi_alltoallv__      Unknown  Unknown
vasp_std           0000000000411F0E  Unknown               Unknown  Unknown
vasp_std           000000000159C3BD  Unknown               Unknown  Unknown
vasp_std           0000000001592C92  Unknown               Unknown  Unknown
vasp_std           0000000001593EC5  Unknown               Unknown  Unknown
vasp_std           00000000008D8711  Unknown               Unknown  Unknown
vasp_std           0000000000EF8674  Unknown               Unknown  Unknown
vasp_std           000000000161C771  Unknown               Unknown  Unknown
vasp_std           00000000015F6996  Unknown               Unknown  Unknown
vasp_std           000000000040758E  Unknown               Unknown  Unknown
libc-2.28.so       000014E795C7C493  __libc_start_main     Unknown  Unknown
vasp_std           00000000004074A9  Unknown               Unknown  Unknown
forrtl: error (69): process interrupted (SIGINT)
Image              PC                Routine            Line        Source             
vasp_std           0000000001778ABE  Unknown               Unknown  Unknown
libpthread-2.28.s  000015376861AC20  Unknown               Unknown  Unknown
libmpi.so.12.0     0000153768D2A271  Unknown               Unknown  Unknown
libmpi.so.12       0000153768D24D6E  PMPIDI_CH3I_Progr     Unknown  Unknown
libmpi.so.12       0000153768FBEA00  MPIR_Waitall_impl     Unknown  Unknown
libmpi.so.12       0000153768E30F4B  MPIC_Waitall          Unknown  Unknown
libmpi.so.12       0000153768D01887  MPIR_Alltoallv_in     Unknown  Unknown
libmpi.so.12       0000153768D00E09  MPIR_Alltoallv        Unknown  Unknown
libmpi.so.12       0000153768D00D91  MPIR_Alltoallv_im     Unknown  Unknown
libmpi.so.12       0000153768D000F2  MPI_Alltoallv         Unknown  Unknown
libmpifort.so.12.  00001537693D877A  pmpi_alltoallv__      Unknown  Unknown
vasp_std           0000000000411F0E  Unknown               Unknown  Unknown
vasp_std           000000000159C3BD  Unknown               Unknown  Unknown
vasp_std           0000000001592C92  Unknown               Unknown  Unknown
vasp_std           0000000001593EC5  Unknown               Unknown  Unknown
vasp_std           00000000008D8711  Unknown               Unknown  Unknown
vasp_std           0000000000EF8674  Unknown               Unknown  Unknown
vasp_std           000000000161C771  Unknown               Unknown  Unknown
vasp_std           00000000015F6996  Unknown               Unknown  Unknown
vasp_std           000000000040758E  Unknown               Unknown  Unknown
libc-2.28.so       0000153767EE4493  __libc_start_main     Unknown  Unknown
vasp_std           00000000004074A9  Unknown               Unknown  Unknown
forrtl: error (69): process interrupted (SIGINT)
Image              PC                Routine            Line        Source             
vasp_std           0000000001778ABE  Unknown               Unknown  Unknown
libpthread-2.28.s  0000147EE57E2C20  Unknown               Unknown  Unknown
libc-2.28.so       0000147EE517EE5B  ftruncate             Unknown  Unknown
vasp_std           00000000017902DD  Unknown               Unknown  Unknown
vasp_std           00000000017BF0DE  Unknown               Unknown  Unknown
vasp_std           00000000017BDEC2  Unknown               Unknown  Unknown
vasp_std           0000000000EF160D  Unknown               Unknown  Unknown
vasp_std           000000000161C771  Unknown               Unknown  Unknown
vasp_std           00000000015F6996  Unknown               Unknown  Unknown
vasp_std           000000000040758E  Unknown               Unknown  Unknown
libc-2.28.so       0000147EE50AC493  __libc_start_main     Unknown  Unknown
vasp_std           00000000004074A9  Unknown               Unknown  Unknown
