forrtl: error (69): process interrupted (SIGINT)
Image              PC                Routine            Line        Source             
vasp_std           0000000001778ABE  Unknown               Unknown  Unknown
libpthread-2.28.s  0000155343352C20  Unknown               Unknown  Unknown
libc-2.28.so       0000155342CDC6BB  __sched_yield         Unknown  Unknown
libmpi.so.12.0     0000155343A627F4  Unknown               Unknown  Unknown
libmpi.so.12       0000155343A5CD6E  PMPIDI_CH3I_Progr     Unknown  Unknown
libmpi.so.12       0000155343CF6A00  MPIR_Waitall_impl     Unknown  Unknown
libmpi.so.12       0000155343B68F4B  MPIC_Waitall          Unknown  Unknown
libmpi.so.12       0000155343A39887  MPIR_Alltoallv_in     Unknown  Unknown
libmpi.so.12       0000155343A38E09  MPIR_Alltoallv        Unknown  Unknown
libmpi.so.12       0000155343A38D91  MPIR_Alltoallv_im     Unknown  Unknown
libmpi.so.12       0000155343A380F2  MPI_Alltoallv         Unknown  Unknown
libmpifort.so.12.  000015534411077A  pmpi_alltoallv__      Unknown  Unknown
vasp_std           0000000000411F0E  Unknown               Unknown  Unknown
vasp_std           000000000159C3BD  Unknown               Unknown  Unknown
vasp_std           0000000001592C92  Unknown               Unknown  Unknown
vasp_std           0000000001593EC5  Unknown               Unknown  Unknown
vasp_std           00000000008D8711  Unknown               Unknown  Unknown
vasp_std           0000000000EF8674  Unknown               Unknown  Unknown
vasp_std           000000000161C771  Unknown               Unknown  Unknown
vasp_std           00000000015F6996  Unknown               Unknown  Unknown
vasp_std           000000000040758E  Unknown               Unknown  Unknown
libc-2.28.so       0000155342C1C493  __libc_start_main     Unknown  Unknown
vasp_std           00000000004074A9  Unknown               Unknown  Unknown
forrtl: error (69): process interrupted (SIGINT)
Image              PC                Routine            Line        Source             
vasp_std           0000000001778ABE  Unknown               Unknown  Unknown
libpthread-2.28.s  000015436E471C20  Unknown               Unknown  Unknown
libmpi.so.12.0     000015436EB81271  Unknown               Unknown  Unknown
libmpi.so.12       000015436EB7BD6E  PMPIDI_CH3I_Progr     Unknown  Unknown
libmpi.so.12       000015436EE15A00  MPIR_Waitall_impl     Unknown  Unknown
libmpi.so.12       000015436EC87F4B  MPIC_Waitall          Unknown  Unknown
libmpi.so.12       000015436EB58887  MPIR_Alltoallv_in     Unknown  Unknown
libmpi.so.12       000015436EB57E09  MPIR_Alltoallv        Unknown  Unknown
libmpi.so.12       000015436EB57D91  MPIR_Alltoallv_im     Unknown  Unknown
libmpi.so.12       000015436EB570F2  MPI_Alltoallv         Unknown  Unknown
libmpifort.so.12.  000015436F22F77A  pmpi_alltoallv__      Unknown  Unknown
vasp_std           0000000000411F0E  Unknown               Unknown  Unknown
vasp_std           000000000159C3BD  Unknown               Unknown  Unknown
vasp_std           0000000001592C92  Unknown               Unknown  Unknown
vasp_std           0000000001593EC5  Unknown               Unknown  Unknown
vasp_std           00000000008D8711  Unknown               Unknown  Unknown
vasp_std           0000000000EF8674  Unknown               Unknown  Unknown
vasp_std           000000000161C771  Unknown               Unknown  Unknown
vasp_std           00000000015F6996  Unknown               Unknown  Unknown
vasp_std           000000000040758E  Unknown               Unknown  Unknown
libc-2.28.so       000015436DD3B493  __libc_start_main     Unknown  Unknown
vasp_std           00000000004074A9  Unknown               Unknown  Unknown
forrtl: error (69): process interrupted (SIGINT)
Image              PC                Routine            Line        Source             
vasp_std           0000000001778ABE  Unknown               Unknown  Unknown
libpthread-2.28.s  0000154CAE0C1C20  Unknown               Unknown  Unknown
libmpi.so.12.0     0000154CAE7D1C4F  Unknown               Unknown  Unknown
libmpi.so.12       0000154CAE7CBD6E  PMPIDI_CH3I_Progr     Unknown  Unknown
libmpi.so.12       0000154CAEA65A00  MPIR_Waitall_impl     Unknown  Unknown
libmpi.so.12       0000154CAE8D7F4B  MPIC_Waitall          Unknown  Unknown
libmpi.so.12       0000154CAE7A8887  MPIR_Alltoallv_in     Unknown  Unknown
libmpi.so.12       0000154CAE7A7E09  MPIR_Alltoallv        Unknown  Unknown
libmpi.so.12       0000154CAE7A7D91  MPIR_Alltoallv_im     Unknown  Unknown
libmpi.so.12       0000154CAE7A70F2  MPI_Alltoallv         Unknown  Unknown
libmpifort.so.12.  0000154CAEE7F77A  pmpi_alltoallv__      Unknown  Unknown
vasp_std           0000000000411F0E  Unknown               Unknown  Unknown
vasp_std           000000000159C3BD  Unknown               Unknown  Unknown
vasp_std           0000000001592C92  Unknown               Unknown  Unknown
vasp_std           0000000001593EC5  Unknown               Unknown  Unknown
vasp_std           00000000008D8711  Unknown               Unknown  Unknown
vasp_std           0000000000EF8674  Unknown               Unknown  Unknown
vasp_std           000000000161C771  Unknown               Unknown  Unknown
vasp_std           00000000015F6996  Unknown               Unknown  Unknown
vasp_std           000000000040758E  Unknown               Unknown  Unknown
libc-2.28.so       0000154CAD98B493  __libc_start_main     Unknown  Unknown
vasp_std           00000000004074A9  Unknown               Unknown  Unknown
forrtl: error (69): process interrupted (SIGINT)
Image              PC                Routine            Line        Source             
vasp_std           0000000001778ABE  Unknown               Unknown  Unknown
libpthread-2.28.s  000015018EC34C20  Unknown               Unknown  Unknown
libc-2.28.so       000015018E5BE6BB  __sched_yield         Unknown  Unknown
libmpi.so.12.0     000015018F3447F4  Unknown               Unknown  Unknown
libmpi.so.12       000015018F33ED6E  PMPIDI_CH3I_Progr     Unknown  Unknown
libmpi.so.12       000015018F5D8A00  MPIR_Waitall_impl     Unknown  Unknown
libmpi.so.12       000015018F44AF4B  MPIC_Waitall          Unknown  Unknown
libmpi.so.12       000015018F31B887  MPIR_Alltoallv_in     Unknown  Unknown
libmpi.so.12       000015018F31AE09  MPIR_Alltoallv        Unknown  Unknown
libmpi.so.12       000015018F31AD91  MPIR_Alltoallv_im     Unknown  Unknown
libmpi.so.12       000015018F31A0F2  MPI_Alltoallv         Unknown  Unknown
libmpifort.so.12.  000015018F9F277A  pmpi_alltoallv__      Unknown  Unknown
vasp_std           0000000000411F0E  Unknown               Unknown  Unknown
vasp_std           000000000159C3BD  Unknown               Unknown  Unknown
vasp_std           0000000001592C92  Unknown               Unknown  Unknown
vasp_std           0000000001593EC5  Unknown               Unknown  Unknown
vasp_std           00000000008D8711  Unknown               Unknown  Unknown
vasp_std           0000000000EF8674  Unknown               Unknown  Unknown
vasp_std           000000000161C771  Unknown               Unknown  Unknown
vasp_std           00000000015F6996  Unknown               Unknown  Unknown
vasp_std           000000000040758E  Unknown               Unknown  Unknown
libc-2.28.so       000015018E4FE493  __libc_start_main     Unknown  Unknown
vasp_std           00000000004074A9  Unknown               Unknown  Unknown
forrtl: error (69): process interrupted (SIGINT)
Image              PC                Routine            Line        Source             
vasp_std           0000000001778ABE  Unknown               Unknown  Unknown
libpthread-2.28.s  0000153576FACC20  Unknown               Unknown  Unknown
vasp_std           0000000001778510  Unknown               Unknown  Unknown
libpthread-2.28.s  0000153576FACC20  Unknown               Unknown  Unknown
libmpi.so.12.0     00001535776BC271  Unknown               Unknown  Unknown
libmpi.so.12       00001535776B6D6E  PMPIDI_CH3I_Progr     Unknown  Unknown
libmpi.so.12       0000153577950A00  MPIR_Waitall_impl     Unknown  Unknown
libmpi.so.12       00001535777C2F4B  MPIC_Waitall          Unknown  Unknown
libmpi.so.12       0000153577693887  MPIR_Alltoallv_in     Unknown  Unknown
libmpi.so.12       0000153577692E09  MPIR_Alltoallv        Unknown  Unknown
libmpi.so.12       0000153577692D91  MPIR_Alltoallv_im     Unknown  Unknown
libmpi.so.12       00001535776920F2  MPI_Alltoallv         Unknown  Unknown
libmpifort.so.12.  0000153577D6A77A  pmpi_alltoallv__      Unknown  Unknown
vasp_std           0000000000411F0E  Unknown               Unknown  Unknown
vasp_std           000000000159C3BD  Unknown               Unknown  Unknown
vasp_std           0000000001592C92  Unknown               Unknown  Unknown
vasp_std           0000000001593EC5  Unknown               Unknown  Unknown
vasp_std           00000000008D8711  Unknown               Unknown  Unknown
vasp_std           0000000000EF8674  Unknown               Unknown  Unknown
vasp_std           000000000161C771  Unknown               Unknown  Unknown
vasp_std           00000000015F6996  Unknown               Unknown  Unknown
vasp_std           000000000040758E  Unknown               Unknown  Unknown
libc-2.28.so       0000153576876493  __libc_start_main     Unknown  Unknown
vasp_std           00000000004074A9  Unknown               Unknown  Unknown
forrtl: error (69): process interrupted (SIGINT)
Image              PC                Routine            Line        Source             
vasp_std           0000000001778ABE  Unknown               Unknown  Unknown
libpthread-2.28.s  0000149DA392EC20  Unknown               Unknown  Unknown
libmpi.so.12.0     0000149DA403E271  Unknown               Unknown  Unknown
libmpi.so.12       0000149DA4038D6E  PMPIDI_CH3I_Progr     Unknown  Unknown
libmpi.so.12       0000149DA42D2A00  MPIR_Waitall_impl     Unknown  Unknown
libmpi.so.12       0000149DA4144F4B  MPIC_Waitall          Unknown  Unknown
libmpi.so.12       0000149DA4015887  MPIR_Alltoallv_in     Unknown  Unknown
libmpi.so.12       0000149DA4014E09  MPIR_Alltoallv        Unknown  Unknown
libmpi.so.12       0000149DA4014D91  MPIR_Alltoallv_im     Unknown  Unknown
libmpi.so.12       0000149DA40140F2  MPI_Alltoallv         Unknown  Unknown
libmpifort.so.12.  0000149DA46EC77A  pmpi_alltoallv__      Unknown  Unknown
vasp_std           0000000000411F0E  Unknown               Unknown  Unknown
vasp_std           000000000159C3BD  Unknown               Unknown  Unknown
vasp_std           0000000001592C92  Unknown               Unknown  Unknown
vasp_std           0000000001593EC5  Unknown               Unknown  Unknown
vasp_std           00000000008D8711  Unknown               Unknown  Unknown
vasp_std           0000000000EF8674  Unknown               Unknown  Unknown
vasp_std           000000000161C771  Unknown               Unknown  Unknown
vasp_std           00000000015F6996  Unknown               Unknown  Unknown
vasp_std           000000000040758E  Unknown               Unknown  Unknown
libc-2.28.so       0000149DA31F8493  __libc_start_main     Unknown  Unknown
vasp_std           00000000004074A9  Unknown               Unknown  Unknown
forrtl: error (69): process interrupted (SIGINT)
Image              PC                Routine            Line        Source             
vasp_std           0000000001778ABE  Unknown               Unknown  Unknown
libpthread-2.28.s  000014CA97B53C20  Unknown               Unknown  Unknown
libmpi.so.12.0     000014CA98263271  Unknown               Unknown  Unknown
libmpi.so.12       000014CA9825DD6E  PMPIDI_CH3I_Progr     Unknown  Unknown
libmpi.so.12       000014CA984F7A00  MPIR_Waitall_impl     Unknown  Unknown
libmpi.so.12       000014CA98369F4B  MPIC_Waitall          Unknown  Unknown
libmpi.so.12       000014CA9823A887  MPIR_Alltoallv_in     Unknown  Unknown
libmpi.so.12       000014CA98239E09  MPIR_Alltoallv        Unknown  Unknown
libmpi.so.12       000014CA98239D91  MPIR_Alltoallv_im     Unknown  Unknown
libmpi.so.12       000014CA982390F2  MPI_Alltoallv         Unknown  Unknown
libmpifort.so.12.  000014CA9891177A  pmpi_alltoallv__      Unknown  Unknown
vasp_std           0000000000411F0E  Unknown               Unknown  Unknown
vasp_std           000000000159C3BD  Unknown               Unknown  Unknown
vasp_std           0000000001592C92  Unknown               Unknown  Unknown
vasp_std           0000000001593EC5  Unknown               Unknown  Unknown
vasp_std           00000000008D8711  Unknown               Unknown  Unknown
vasp_std           0000000000EF8674  Unknown               Unknown  Unknown
vasp_std           000000000161C771  Unknown               Unknown  Unknown
vasp_std           00000000015F6996  Unknown               Unknown  Unknown
vasp_std           000000000040758E  Unknown               Unknown  Unknown
libc-2.28.so       000014CA9741D493  __libc_start_main     Unknown  Unknown
vasp_std           00000000004074A9  Unknown               Unknown  Unknown
