forrtl: error (69): process interrupted (SIGINT)
Image              PC                Routine            Line        Source             
vasp_std           0000000001778ABE  Unknown               Unknown  Unknown
libpthread-2.28.s  00001529A4302C20  Unknown               Unknown  Unknown
libc-2.28.so       00001529A3C9EE5B  ftruncate             Unknown  Unknown
vasp_std           00000000017902DD  Unknown               Unknown  Unknown
vasp_std           00000000017C1A24  Unknown               Unknown  Unknown
vasp_std           00000000017BDEC2  Unknown               Unknown  Unknown
vasp_std           0000000000EF2253  Unknown               Unknown  Unknown
vasp_std           000000000161C771  Unknown               Unknown  Unknown
vasp_std           00000000015F6996  Unknown               Unknown  Unknown
vasp_std           000000000040758E  Unknown               Unknown  Unknown
libc-2.28.so       00001529A3BCC493  __libc_start_main     Unknown  Unknown
vasp_std           00000000004074A9  Unknown               Unknown  Unknown
forrtl: error (69): process interrupted (SIGINT)
Image              PC                Routine            Line        Source             
vasp_std           0000000001778ABE  Unknown               Unknown  Unknown
libpthread-2.28.s  0000148827EDFC20  Unknown               Unknown  Unknown
libc-2.28.so       00001488278696BB  __sched_yield         Unknown  Unknown
libmpi.so.12.0     00001488285EF7F4  Unknown               Unknown  Unknown
libmpi.so.12       00001488285E9D6E  PMPIDI_CH3I_Progr     Unknown  Unknown
libmpi.so.12       0000148828883A00  MPIR_Waitall_impl     Unknown  Unknown
libmpi.so.12       00001488286F5F4B  MPIC_Waitall          Unknown  Unknown
libmpi.so.12       00001488285C6887  MPIR_Alltoallv_in     Unknown  Unknown
libmpi.so.12       00001488285C5E09  MPIR_Alltoallv        Unknown  Unknown
libmpi.so.12       00001488285C5D91  MPIR_Alltoallv_im     Unknown  Unknown
libmpi.so.12       00001488285C50F2  MPI_Alltoallv         Unknown  Unknown
libmpifort.so.12.  0000148828C9D77A  pmpi_alltoallv__      Unknown  Unknown
vasp_std           0000000000411F0E  Unknown               Unknown  Unknown
vasp_std           000000000159C3BD  Unknown               Unknown  Unknown
vasp_std           0000000001592C92  Unknown               Unknown  Unknown
vasp_std           0000000001593EC5  Unknown               Unknown  Unknown
vasp_std           00000000008D8711  Unknown               Unknown  Unknown
vasp_std           0000000000EF8674  Unknown               Unknown  Unknown
vasp_std           000000000161C771  Unknown               Unknown  Unknown
vasp_std           00000000015F6996  Unknown               Unknown  Unknown
vasp_std           000000000040758E  Unknown               Unknown  Unknown
libc-2.28.so       00001488277A9493  __libc_start_main     Unknown  Unknown
vasp_std           00000000004074A9  Unknown               Unknown  Unknown
forrtl: error (69): process interrupted (SIGINT)
Image              PC                Routine            Line        Source             
vasp_std           0000000001778ABE  Unknown               Unknown  Unknown
libpthread-2.28.s  0000151AB942FC20  Unknown               Unknown  Unknown
libmpi.so.12.0     0000151AB9B3F271  Unknown               Unknown  Unknown
libmpi.so.12       0000151AB9B39D6E  PMPIDI_CH3I_Progr     Unknown  Unknown
libmpi.so.12       0000151AB9DD3A00  MPIR_Waitall_impl     Unknown  Unknown
libmpi.so.12       0000151AB9C45F4B  MPIC_Waitall          Unknown  Unknown
libmpi.so.12       0000151AB9B16887  MPIR_Alltoallv_in     Unknown  Unknown
libmpi.so.12       0000151AB9B15E09  MPIR_Alltoallv        Unknown  Unknown
libmpi.so.12       0000151AB9B15D91  MPIR_Alltoallv_im     Unknown  Unknown
libmpi.so.12       0000151AB9B150F2  MPI_Alltoallv         Unknown  Unknown
libmpifort.so.12.  0000151ABA1ED77A  pmpi_alltoallv__      Unknown  Unknown
vasp_std           0000000000411F0E  Unknown               Unknown  Unknown
vasp_std           000000000159C3BD  Unknown               Unknown  Unknown
vasp_std           0000000001592C92  Unknown               Unknown  Unknown
vasp_std           0000000001593EC5  Unknown               Unknown  Unknown
vasp_std           00000000008D8711  Unknown               Unknown  Unknown
vasp_std           0000000000EF8674  Unknown               Unknown  Unknown
vasp_std           000000000161C771  Unknown               Unknown  Unknown
vasp_std           00000000015F6996  Unknown               Unknown  Unknown
vasp_std           000000000040758E  Unknown               Unknown  Unknown
libc-2.28.so       0000151AB8CF9493  __libc_start_main     Unknown  Unknown
vasp_std           00000000004074A9  Unknown               Unknown  Unknown
forrtl: error (69): process interrupted (SIGINT)
Image              PC                Routine            Line        Source             
vasp_std           0000000001778ABE  Unknown               Unknown  Unknown
libpthread-2.28.s  000015225833FC20  Unknown               Unknown  Unknown
libmpi.so.12.0     0000152258A4F271  Unknown               Unknown  Unknown
libmpi.so.12       0000152258A49D6E  PMPIDI_CH3I_Progr     Unknown  Unknown
libmpi.so.12       0000152258CE3A00  MPIR_Waitall_impl     Unknown  Unknown
libmpi.so.12       0000152258B55F4B  MPIC_Waitall          Unknown  Unknown
libmpi.so.12       0000152258A26887  MPIR_Alltoallv_in     Unknown  Unknown
libmpi.so.12       0000152258A25E09  MPIR_Alltoallv        Unknown  Unknown
libmpi.so.12       0000152258A25D91  MPIR_Alltoallv_im     Unknown  Unknown
libmpi.so.12       0000152258A250F2  MPI_Alltoallv         Unknown  Unknown
libmpifort.so.12.  00001522590FD77A  pmpi_alltoallv__      Unknown  Unknown
vasp_std           0000000000411F0E  Unknown               Unknown  Unknown
vasp_std           000000000159C3BD  Unknown               Unknown  Unknown
vasp_std           0000000001592C92  Unknown               Unknown  Unknown
vasp_std           0000000001593EC5  Unknown               Unknown  Unknown
vasp_std           00000000008D8711  Unknown               Unknown  Unknown
vasp_std           0000000000EF8674  Unknown               Unknown  Unknown
vasp_std           000000000161C771  Unknown               Unknown  Unknown
vasp_std           00000000015F6996  Unknown               Unknown  Unknown
vasp_std           000000000040758E  Unknown               Unknown  Unknown
libc-2.28.so       0000152257C09493  __libc_start_main     Unknown  Unknown
vasp_std           00000000004074A9  Unknown               Unknown  Unknown
forrtl: error (69): process interrupted (SIGINT)
Image              PC                Routine            Line        Source             
vasp_std           0000000001778ABE  Unknown               Unknown  Unknown
libpthread-2.28.s  00001462A3330C20  Unknown               Unknown  Unknown
libmpi.so.12.0     00001462A3A40271  Unknown               Unknown  Unknown
libmpi.so.12       00001462A3A3AD6E  PMPIDI_CH3I_Progr     Unknown  Unknown
libmpi.so.12       00001462A3CD4A00  MPIR_Waitall_impl     Unknown  Unknown
libmpi.so.12       00001462A3B46F4B  MPIC_Waitall          Unknown  Unknown
libmpi.so.12       00001462A3A17887  MPIR_Alltoallv_in     Unknown  Unknown
libmpi.so.12       00001462A3A16E09  MPIR_Alltoallv        Unknown  Unknown
libmpi.so.12       00001462A3A16D91  MPIR_Alltoallv_im     Unknown  Unknown
libmpi.so.12       00001462A3A160F2  MPI_Alltoallv         Unknown  Unknown
libmpifort.so.12.  00001462A40EE77A  pmpi_alltoallv__      Unknown  Unknown
vasp_std           0000000000411F0E  Unknown               Unknown  Unknown
vasp_std           000000000159C3BD  Unknown               Unknown  Unknown
vasp_std           0000000001592C92  Unknown               Unknown  Unknown
vasp_std           0000000001593EC5  Unknown               Unknown  Unknown
vasp_std           00000000008D8711  Unknown               Unknown  Unknown
vasp_std           0000000000EF8674  Unknown               Unknown  Unknown
vasp_std           000000000161C771  Unknown               Unknown  Unknown
vasp_std           00000000015F6996  Unknown               Unknown  Unknown
vasp_std           000000000040758E  Unknown               Unknown  Unknown
libc-2.28.so       00001462A2BFA493  __libc_start_main     Unknown  Unknown
vasp_std           00000000004074A9  Unknown               Unknown  Unknown
forrtl: error (69): process interrupted (SIGINT)
Image              PC                Routine            Line        Source             
vasp_std           0000000001778ABE  Unknown               Unknown  Unknown
libpthread-2.28.s  000014BE9426EC20  Unknown               Unknown  Unknown
libmpi.so.12.0     000014BE9497E271  Unknown               Unknown  Unknown
libmpi.so.12       000014BE94978D6E  PMPIDI_CH3I_Progr     Unknown  Unknown
libmpi.so.12       000014BE94C12A00  MPIR_Waitall_impl     Unknown  Unknown
libmpi.so.12       000014BE94A84F4B  MPIC_Waitall          Unknown  Unknown
libmpi.so.12       000014BE94955887  MPIR_Alltoallv_in     Unknown  Unknown
libmpi.so.12       000014BE94954E09  MPIR_Alltoallv        Unknown  Unknown
libmpi.so.12       000014BE94954D91  MPIR_Alltoallv_im     Unknown  Unknown
libmpi.so.12       000014BE949540F2  MPI_Alltoallv         Unknown  Unknown
libmpifort.so.12.  000014BE9502C77A  pmpi_alltoallv__      Unknown  Unknown
vasp_std           0000000000411F0E  Unknown               Unknown  Unknown
vasp_std           000000000159C3BD  Unknown               Unknown  Unknown
vasp_std           0000000001592C92  Unknown               Unknown  Unknown
vasp_std           0000000001593EC5  Unknown               Unknown  Unknown
vasp_std           00000000008D8711  Unknown               Unknown  Unknown
vasp_std           0000000000EF8674  Unknown               Unknown  Unknown
vasp_std           000000000161C771  Unknown               Unknown  Unknown
vasp_std           00000000015F6996  Unknown               Unknown  Unknown
vasp_std           000000000040758E  Unknown               Unknown  Unknown
libc-2.28.so       000014BE93B38493  __libc_start_main     Unknown  Unknown
vasp_std           00000000004074A9  Unknown               Unknown  Unknown
forrtl: error (69): process interrupted (SIGINT)
Image              PC                Routine            Line        Source             
vasp_std           0000000001778ABE  Unknown               Unknown  Unknown
libpthread-2.28.s  0000152229FC3C20  Unknown               Unknown  Unknown
libmpi.so.12.0     000015222A6D3584  Unknown               Unknown  Unknown
libmpi.so.12       000015222A6CDD6E  PMPIDI_CH3I_Progr     Unknown  Unknown
libmpi.so.12       000015222A967A00  MPIR_Waitall_impl     Unknown  Unknown
libmpi.so.12       000015222A7D9F4B  MPIC_Waitall          Unknown  Unknown
libmpi.so.12       000015222A6AA887  MPIR_Alltoallv_in     Unknown  Unknown
libmpi.so.12       000015222A6A9E09  MPIR_Alltoallv        Unknown  Unknown
libmpi.so.12       000015222A6A9D91  MPIR_Alltoallv_im     Unknown  Unknown
libmpi.so.12       000015222A6A90F2  MPI_Alltoallv         Unknown  Unknown
libmpifort.so.12.  000015222AD8177A  pmpi_alltoallv__      Unknown  Unknown
vasp_std           0000000000411F0E  Unknown               Unknown  Unknown
vasp_std           000000000159C3BD  Unknown               Unknown  Unknown
vasp_std           0000000001592C92  Unknown               Unknown  Unknown
vasp_std           0000000001593EC5  Unknown               Unknown  Unknown
vasp_std           00000000008D8711  Unknown               Unknown  Unknown
vasp_std           0000000000EF8674  Unknown               Unknown  Unknown
vasp_std           000000000161C771  Unknown               Unknown  Unknown
vasp_std           00000000015F6996  Unknown               Unknown  Unknown
vasp_std           000000000040758E  Unknown               Unknown  Unknown
libc-2.28.so       000015222988D493  __libc_start_main     Unknown  Unknown
vasp_std           00000000004074A9  Unknown               Unknown  Unknown
forrtl: error (69): process interrupted (SIGINT)
Image              PC                Routine            Line        Source             
vasp_std           0000000001778ABE  Unknown               Unknown  Unknown
libpthread-2.28.s  000015105411EC20  Unknown               Unknown  Unknown
libmpi.so.12.0     000015105482EC60  Unknown               Unknown  Unknown
libmpi.so.12       0000151054828D6E  PMPIDI_CH3I_Progr     Unknown  Unknown
libmpi.so.12       0000151054AC2A00  MPIR_Waitall_impl     Unknown  Unknown
libmpi.so.12       0000151054934F4B  MPIC_Waitall          Unknown  Unknown
libmpi.so.12       0000151054805887  MPIR_Alltoallv_in     Unknown  Unknown
libmpi.so.12       0000151054804E09  MPIR_Alltoallv        Unknown  Unknown
libmpi.so.12       0000151054804D91  MPIR_Alltoallv_im     Unknown  Unknown
libmpi.so.12       00001510548040F2  MPI_Alltoallv         Unknown  Unknown
libmpifort.so.12.  0000151054EDC77A  pmpi_alltoallv__      Unknown  Unknown
vasp_std           0000000000411F0E  Unknown               Unknown  Unknown
vasp_std           000000000159C3BD  Unknown               Unknown  Unknown
vasp_std           0000000001592C92  Unknown               Unknown  Unknown
vasp_std           0000000001593EC5  Unknown               Unknown  Unknown
vasp_std           00000000008D8711  Unknown               Unknown  Unknown
vasp_std           0000000000EF8674  Unknown               Unknown  Unknown
vasp_std           000000000161C771  Unknown               Unknown  Unknown
vasp_std           00000000015F6996  Unknown               Unknown  Unknown
vasp_std           000000000040758E  Unknown               Unknown  Unknown
libc-2.28.so       00001510539E8493  __libc_start_main     Unknown  Unknown
vasp_std           00000000004074A9  Unknown               Unknown  Unknown
