forrtl: error (69): process interrupted (SIGINT)
Image              PC                Routine            Line        Source             
vasp_std           0000000001778ABE  Unknown               Unknown  Unknown
libpthread-2.28.s  00001489145A7C20  Unknown               Unknown  Unknown
vasp_std           000000000159C1E1  Unknown               Unknown  Unknown
vasp_std           0000000001592C92  Unknown               Unknown  Unknown
vasp_std           000000000159397A  Unknown               Unknown  Unknown
vasp_std           0000000001593276  Unknown               Unknown  Unknown
vasp_std           000000000058F5A4  Unknown               Unknown  Unknown
vasp_std           0000000000E83544  Unknown               Unknown  Unknown
vasp_std           0000000000EF8360  Unknown               Unknown  Unknown
vasp_std           000000000161C771  Unknown               Unknown  Unknown
vasp_std           00000000015F6996  Unknown               Unknown  Unknown
vasp_std           000000000040758E  Unknown               Unknown  Unknown
libc-2.28.so       0000148913E71493  __libc_start_main     Unknown  Unknown
vasp_std           00000000004074A9  Unknown               Unknown  Unknown
forrtl: error (69): process interrupted (SIGINT)
Image              PC                Routine            Line        Source             
vasp_std           0000000001778ABE  Unknown               Unknown  Unknown
libpthread-2.28.s  0000149C8269CC20  Unknown               Unknown  Unknown
vasp_std           000000000159C1F5  Unknown               Unknown  Unknown
vasp_std           0000000001592C92  Unknown               Unknown  Unknown
vasp_std           000000000159397A  Unknown               Unknown  Unknown
vasp_std           0000000001593276  Unknown               Unknown  Unknown
vasp_std           000000000058F5A4  Unknown               Unknown  Unknown
vasp_std           0000000000E83544  Unknown               Unknown  Unknown
vasp_std           0000000000EF8360  Unknown               Unknown  Unknown
vasp_std           000000000161C771  Unknown               Unknown  Unknown
vasp_std           00000000015F6996  Unknown               Unknown  Unknown
vasp_std           000000000040758E  Unknown               Unknown  Unknown
libc-2.28.so       0000149C81F66493  __libc_start_main     Unknown  Unknown
vasp_std           00000000004074A9  Unknown               Unknown  Unknown
forrtl: error (69): process interrupted (SIGINT)
Image              PC                Routine            Line        Source             
vasp_std           0000000001778ABE  Unknown               Unknown  Unknown
libpthread-2.28.s  0000149358584C20  Unknown               Unknown  Unknown
libmkl_avx512.so   00001493507B5941  mkl_dft_avx512_co     Unknown  Unknown
libmkl_avx512.so   00001493504B9EA1  Unknown               Unknown  Unknown
libmkl_intel_lp64  0000149360692339  DftiComputeBackwa     Unknown  Unknown
libmkl_intel_lp64  0000149360698A1F  fftw_execute_dft      Unknown  Unknown
vasp_std           0000000001592CA3  Unknown               Unknown  Unknown
vasp_std           000000000159397A  Unknown               Unknown  Unknown
vasp_std           0000000001593276  Unknown               Unknown  Unknown
vasp_std           000000000058F5A4  Unknown               Unknown  Unknown
vasp_std           0000000000E83544  Unknown               Unknown  Unknown
vasp_std           0000000000EF8360  Unknown               Unknown  Unknown
vasp_std           000000000161C771  Unknown               Unknown  Unknown
vasp_std           00000000015F6996  Unknown               Unknown  Unknown
vasp_std           000000000040758E  Unknown               Unknown  Unknown
libc-2.28.so       0000149357E4E493  __libc_start_main     Unknown  Unknown
vasp_std           00000000004074A9  Unknown               Unknown  Unknown
forrtl: error (69): process interrupted (SIGINT)
Image              PC                Routine            Line        Source             
vasp_std           0000000001778ABE  Unknown               Unknown  Unknown
libpthread-2.28.s  00001499DAD23C20  Unknown               Unknown  Unknown
libmkl_avx512.so   00001499D2F5486F  mkl_dft_avx512_co     Unknown  Unknown
libmkl_avx512.so   00001499D2C58EA1  Unknown               Unknown  Unknown
libmkl_intel_lp64  00001499E2E31339  DftiComputeBackwa     Unknown  Unknown
libmkl_intel_lp64  00001499E2E37A1F  fftw_execute_dft      Unknown  Unknown
vasp_std           0000000001592CA3  Unknown               Unknown  Unknown
vasp_std           000000000159397A  Unknown               Unknown  Unknown
vasp_std           0000000001593276  Unknown               Unknown  Unknown
vasp_std           000000000058F5A4  Unknown               Unknown  Unknown
vasp_std           0000000000E83544  Unknown               Unknown  Unknown
vasp_std           0000000000EF8360  Unknown               Unknown  Unknown
vasp_std           000000000161C771  Unknown               Unknown  Unknown
vasp_std           00000000015F6996  Unknown               Unknown  Unknown
vasp_std           000000000040758E  Unknown               Unknown  Unknown
libc-2.28.so       00001499DA5ED493  __libc_start_main     Unknown  Unknown
vasp_std           00000000004074A9  Unknown               Unknown  Unknown
forrtl: error (69): process interrupted (SIGINT)
Image              PC                Routine            Line        Source             
vasp_std           0000000001778ABE  Unknown               Unknown  Unknown
libpthread-2.28.s  000014E95ED02C20  Unknown               Unknown  Unknown
libmpifort.so.12.  000014E95FADBD03  __I_MPI___intel_s     Unknown  Unknown
libmpi.so.12.0     000014E95F418676  Unknown               Unknown  Unknown
libmpi.so.12       000014E95F418266  MPIDI_CH3U_Buffer     Unknown  Unknown
libmpi.so.12       000014E95F5C7E9D  MPIDI_Isend_self      Unknown  Unknown
libmpi.so.12       000014E95F5A1BBF  MPID_Isend            Unknown  Unknown
libmpi.so.12       000014E95F51CEA1  MPIC_Isend            Unknown  Unknown
libmpi.so.12       000014E95F3E9827  MPIR_Alltoallv_in     Unknown  Unknown
libmpi.so.12       000014E95F3E8E09  MPIR_Alltoallv        Unknown  Unknown
libmpi.so.12       000014E95F3E8D91  MPIR_Alltoallv_im     Unknown  Unknown
libmpi.so.12       000014E95F3E80F2  MPI_Alltoallv         Unknown  Unknown
libmpifort.so.12.  000014E95FAC077A  pmpi_alltoallv__      Unknown  Unknown
vasp_std           0000000000411F0E  Unknown               Unknown  Unknown
vasp_std           000000000159C3BD  Unknown               Unknown  Unknown
vasp_std           0000000001592C92  Unknown               Unknown  Unknown
vasp_std           000000000159397A  Unknown               Unknown  Unknown
vasp_std           0000000001593276  Unknown               Unknown  Unknown
vasp_std           000000000058F5A4  Unknown               Unknown  Unknown
vasp_std           0000000000E83544  Unknown               Unknown  Unknown
vasp_std           0000000000EF8360  Unknown               Unknown  Unknown
vasp_std           000000000161C771  Unknown               Unknown  Unknown
vasp_std           00000000015F6996  Unknown               Unknown  Unknown
vasp_std           000000000040758E  Unknown               Unknown  Unknown
libc-2.28.so       000014E95E5CC493  __libc_start_main     Unknown  Unknown
vasp_std           00000000004074A9  Unknown               Unknown  Unknown
forrtl: error (69): process interrupted (SIGINT)
Image              PC                Routine            Line        Source             
vasp_std           0000000001778ABE  Unknown               Unknown  Unknown
libpthread-2.28.s  0000148D65F8DC20  Unknown               Unknown  Unknown
vasp_std           000000000159C1E7  Unknown               Unknown  Unknown
vasp_std           0000000001592C92  Unknown               Unknown  Unknown
vasp_std           000000000159397A  Unknown               Unknown  Unknown
vasp_std           0000000001593276  Unknown               Unknown  Unknown
vasp_std           000000000058F5A4  Unknown               Unknown  Unknown
vasp_std           0000000000E83544  Unknown               Unknown  Unknown
vasp_std           0000000000EF8360  Unknown               Unknown  Unknown
vasp_std           000000000161C771  Unknown               Unknown  Unknown
vasp_std           00000000015F6996  Unknown               Unknown  Unknown
vasp_std           000000000040758E  Unknown               Unknown  Unknown
libc-2.28.so       0000148D65857493  __libc_start_main     Unknown  Unknown
vasp_std           00000000004074A9  Unknown               Unknown  Unknown
forrtl: error (69): process interrupted (SIGINT)
Image              PC                Routine            Line        Source             
vasp_std           0000000001778ABE  Unknown               Unknown  Unknown
libpthread-2.28.s  000014C5383A4C20  Unknown               Unknown  Unknown
vasp_std           000000000159C1EE  Unknown               Unknown  Unknown
vasp_std           0000000001592C92  Unknown               Unknown  Unknown
vasp_std           000000000159397A  Unknown               Unknown  Unknown
vasp_std           0000000001593276  Unknown               Unknown  Unknown
vasp_std           000000000058F5A4  Unknown               Unknown  Unknown
vasp_std           0000000000E83544  Unknown               Unknown  Unknown
vasp_std           0000000000EF8360  Unknown               Unknown  Unknown
vasp_std           000000000161C771  Unknown               Unknown  Unknown
vasp_std           00000000015F6996  Unknown               Unknown  Unknown
vasp_std           000000000040758E  Unknown               Unknown  Unknown
libc-2.28.so       000014C537C6E493  __libc_start_main     Unknown  Unknown
vasp_std           00000000004074A9  Unknown               Unknown  Unknown
forrtl: error (69): process interrupted (SIGINT)
Image              PC                Routine            Line        Source             
vasp_std           0000000001778ABE  Unknown               Unknown  Unknown
libpthread-2.28.s  000014FC7FB6EC20  Unknown               Unknown  Unknown
libmpifort.so.12.  000014FC80947D03  __I_MPI___intel_s     Unknown  Unknown
libmpi.so.12.0     000014FC80284676  Unknown               Unknown  Unknown
libmpi.so.12       000014FC80284266  MPIDI_CH3U_Buffer     Unknown  Unknown
libmpi.so.12       000014FC80433E9D  MPIDI_Isend_self      Unknown  Unknown
libmpi.so.12       000014FC8040DBBF  MPID_Isend            Unknown  Unknown
libmpi.so.12       000014FC80388EA1  MPIC_Isend            Unknown  Unknown
libmpi.so.12       000014FC80255827  MPIR_Alltoallv_in     Unknown  Unknown
libmpi.so.12       000014FC80254E09  MPIR_Alltoallv        Unknown  Unknown
libmpi.so.12       000014FC80254D91  MPIR_Alltoallv_im     Unknown  Unknown
libmpi.so.12       000014FC802540F2  MPI_Alltoallv         Unknown  Unknown
libmpifort.so.12.  000014FC8092C77A  pmpi_alltoallv__      Unknown  Unknown
vasp_std           0000000000411F0E  Unknown               Unknown  Unknown
vasp_std           000000000159C3BD  Unknown               Unknown  Unknown
vasp_std           0000000001592C92  Unknown               Unknown  Unknown
vasp_std           000000000159397A  Unknown               Unknown  Unknown
vasp_std           0000000001593276  Unknown               Unknown  Unknown
vasp_std           000000000058F5A4  Unknown               Unknown  Unknown
vasp_std           0000000000E83544  Unknown               Unknown  Unknown
vasp_std           0000000000EF8360  Unknown               Unknown  Unknown
vasp_std           000000000161C771  Unknown               Unknown  Unknown
vasp_std           00000000015F6996  Unknown               Unknown  Unknown
vasp_std           000000000040758E  Unknown               Unknown  Unknown
libc-2.28.so       000014FC7F438493  __libc_start_main     Unknown  Unknown
vasp_std           00000000004074A9  Unknown               Unknown  Unknown
