forrtl: error (69): process interrupted (SIGINT)
Image              PC                Routine            Line        Source             
vasp_std           0000000001778ABE  Unknown               Unknown  Unknown
libpthread-2.28.s  0000151ECAB20C20  Unknown               Unknown  Unknown
libmpi.so.12.0     0000151ECB230278  Unknown               Unknown  Unknown
libmpi.so.12       0000151ECB22AD6E  PMPIDI_CH3I_Progr     Unknown  Unknown
libmpi.so.12       0000151ECB4C4A00  MPIR_Waitall_impl     Unknown  Unknown
libmpi.so.12       0000151ECB336F4B  MPIC_Waitall          Unknown  Unknown
libmpi.so.12       0000151ECB207887  MPIR_Alltoallv_in     Unknown  Unknown
libmpi.so.12       0000151ECB206E09  MPIR_Alltoallv        Unknown  Unknown
libmpi.so.12       0000151ECB206D91  MPIR_Alltoallv_im     Unknown  Unknown
libmpi.so.12       0000151ECB2060F2  MPI_Alltoallv         Unknown  Unknown
libmpifort.so.12.  0000151ECB8DE77A  pmpi_alltoallv__      Unknown  Unknown
vasp_std           0000000000411F0E  Unknown               Unknown  Unknown
vasp_std           000000000159C3BD  Unknown               Unknown  Unknown
vasp_std           0000000001592C92  Unknown               Unknown  Unknown
vasp_std           0000000001593EC5  Unknown               Unknown  Unknown
vasp_std           00000000008D8711  Unknown               Unknown  Unknown
vasp_std           0000000000EF8674  Unknown               Unknown  Unknown
vasp_std           000000000161C771  Unknown               Unknown  Unknown
vasp_std           00000000015F6996  Unknown               Unknown  Unknown
vasp_std           000000000040758E  Unknown               Unknown  Unknown
libc-2.28.so       0000151ECA3EA493  __libc_start_main     Unknown  Unknown
vasp_std           00000000004074A9  Unknown               Unknown  Unknown
forrtl: error (69): process interrupted (SIGINT)
Image              PC                Routine            Line        Source             
vasp_std           0000000001778ABE  Unknown               Unknown  Unknown
libpthread-2.28.s  00001523CF732C20  Unknown               Unknown  Unknown
libmpi.so.12.0     00001523CFE42271  Unknown               Unknown  Unknown
libmpi.so.12       00001523CFE3CD6E  PMPIDI_CH3I_Progr     Unknown  Unknown
libmpi.so.12       00001523D00D6A00  MPIR_Waitall_impl     Unknown  Unknown
libmpi.so.12       00001523CFF48F4B  MPIC_Waitall          Unknown  Unknown
libmpi.so.12       00001523CFE19887  MPIR_Alltoallv_in     Unknown  Unknown
libmpi.so.12       00001523CFE18E09  MPIR_Alltoallv        Unknown  Unknown
libmpi.so.12       00001523CFE18D91  MPIR_Alltoallv_im     Unknown  Unknown
libmpi.so.12       00001523CFE180F2  MPI_Alltoallv         Unknown  Unknown
libmpifort.so.12.  00001523D04F077A  pmpi_alltoallv__      Unknown  Unknown
vasp_std           0000000000411F0E  Unknown               Unknown  Unknown
vasp_std           000000000159C3BD  Unknown               Unknown  Unknown
vasp_std           0000000001592C92  Unknown               Unknown  Unknown
vasp_std           0000000001593EC5  Unknown               Unknown  Unknown
vasp_std           00000000008D8711  Unknown               Unknown  Unknown
vasp_std           0000000000EF8674  Unknown               Unknown  Unknown
vasp_std           000000000161C771  Unknown               Unknown  Unknown
vasp_std           00000000015F6996  Unknown               Unknown  Unknown
vasp_std           000000000040758E  Unknown               Unknown  Unknown
libc-2.28.so       00001523CEFFC493  __libc_start_main     Unknown  Unknown
vasp_std           00000000004074A9  Unknown               Unknown  Unknown
forrtl: error (69): process interrupted (SIGINT)
Image              PC                Routine            Line        Source             
vasp_std           0000000001778ABE  Unknown               Unknown  Unknown
libpthread-2.28.s  000014A0AE037C20  Unknown               Unknown  Unknown
libmpi.so.12.0     000014A0AE747271  Unknown               Unknown  Unknown
libmpi.so.12       000014A0AE741D6E  PMPIDI_CH3I_Progr     Unknown  Unknown
libmpi.so.12       000014A0AE9DBA00  MPIR_Waitall_impl     Unknown  Unknown
libmpi.so.12       000014A0AE84DF4B  MPIC_Waitall          Unknown  Unknown
libmpi.so.12       000014A0AE71E887  MPIR_Alltoallv_in     Unknown  Unknown
libmpi.so.12       000014A0AE71DE09  MPIR_Alltoallv        Unknown  Unknown
libmpi.so.12       000014A0AE71DD91  MPIR_Alltoallv_im     Unknown  Unknown
libmpi.so.12       000014A0AE71D0F2  MPI_Alltoallv         Unknown  Unknown
libmpifort.so.12.  000014A0AEDF577A  pmpi_alltoallv__      Unknown  Unknown
vasp_std           0000000000411F0E  Unknown               Unknown  Unknown
vasp_std           000000000159C3BD  Unknown               Unknown  Unknown
vasp_std           0000000001592C92  Unknown               Unknown  Unknown
vasp_std           0000000001593EC5  Unknown               Unknown  Unknown
vasp_std           00000000008D8711  Unknown               Unknown  Unknown
vasp_std           0000000000EF8674  Unknown               Unknown  Unknown
vasp_std           000000000161C771  Unknown               Unknown  Unknown
vasp_std           00000000015F6996  Unknown               Unknown  Unknown
vasp_std           000000000040758E  Unknown               Unknown  Unknown
libc-2.28.so       000014A0AD901493  __libc_start_main     Unknown  Unknown
vasp_std           00000000004074A9  Unknown               Unknown  Unknown
forrtl: error (69): process interrupted (SIGINT)
Image              PC                Routine            Line        Source             
vasp_std           0000000001778ABE  Unknown               Unknown  Unknown
libpthread-2.28.s  000014C93B1BEC20  Unknown               Unknown  Unknown
libmpi.so.12.0     000014C93B8CE271  Unknown               Unknown  Unknown
libmpi.so.12       000014C93B8C8D6E  PMPIDI_CH3I_Progr     Unknown  Unknown
libmpi.so.12       000014C93BB62A00  MPIR_Waitall_impl     Unknown  Unknown
libmpi.so.12       000014C93B9D4F4B  MPIC_Waitall          Unknown  Unknown
libmpi.so.12       000014C93B8A5887  MPIR_Alltoallv_in     Unknown  Unknown
libmpi.so.12       000014C93B8A4E09  MPIR_Alltoallv        Unknown  Unknown
libmpi.so.12       000014C93B8A4D91  MPIR_Alltoallv_im     Unknown  Unknown
libmpi.so.12       000014C93B8A40F2  MPI_Alltoallv         Unknown  Unknown
libmpifort.so.12.  000014C93BF7C77A  pmpi_alltoallv__      Unknown  Unknown
vasp_std           0000000000411F0E  Unknown               Unknown  Unknown
vasp_std           000000000159C3BD  Unknown               Unknown  Unknown
vasp_std           0000000001592C92  Unknown               Unknown  Unknown
vasp_std           0000000001593EC5  Unknown               Unknown  Unknown
vasp_std           00000000008D8711  Unknown               Unknown  Unknown
vasp_std           0000000000EF8674  Unknown               Unknown  Unknown
vasp_std           000000000161C771  Unknown               Unknown  Unknown
vasp_std           00000000015F6996  Unknown               Unknown  Unknown
vasp_std           000000000040758E  Unknown               Unknown  Unknown
libc-2.28.so       000014C93AA88493  __libc_start_main     Unknown  Unknown
vasp_std           00000000004074A9  Unknown               Unknown  Unknown
forrtl: error (69): process interrupted (SIGINT)
Image              PC                Routine            Line        Source             
vasp_std           0000000001778ABE  Unknown               Unknown  Unknown
libpthread-2.28.s  0000149049862C20  Unknown               Unknown  Unknown
libc-2.28.so       00001490491EC6BB  __sched_yield         Unknown  Unknown
libmpi.so.12.0     0000149049F727F4  Unknown               Unknown  Unknown
libmpi.so.12       0000149049F6CD6E  PMPIDI_CH3I_Progr     Unknown  Unknown
libmpi.so.12       000014904A206A00  MPIR_Waitall_impl     Unknown  Unknown
libmpi.so.12       000014904A078F4B  MPIC_Waitall          Unknown  Unknown
libmpi.so.12       0000149049F49887  MPIR_Alltoallv_in     Unknown  Unknown
libmpi.so.12       0000149049F48E09  MPIR_Alltoallv        Unknown  Unknown
libmpi.so.12       0000149049F48D91  MPIR_Alltoallv_im     Unknown  Unknown
libmpi.so.12       0000149049F480F2  MPI_Alltoallv         Unknown  Unknown
libmpifort.so.12.  000014904A62077A  pmpi_alltoallv__      Unknown  Unknown
vasp_std           0000000000411F0E  Unknown               Unknown  Unknown
vasp_std           000000000159C3BD  Unknown               Unknown  Unknown
vasp_std           0000000001592C92  Unknown               Unknown  Unknown
vasp_std           0000000001593EC5  Unknown               Unknown  Unknown
vasp_std           00000000008D8711  Unknown               Unknown  Unknown
vasp_std           0000000000EF8674  Unknown               Unknown  Unknown
vasp_std           000000000161C771  Unknown               Unknown  Unknown
vasp_std           00000000015F6996  Unknown               Unknown  Unknown
vasp_std           000000000040758E  Unknown               Unknown  Unknown
libc-2.28.so       000014904912C493  __libc_start_main     Unknown  Unknown
vasp_std           00000000004074A9  Unknown               Unknown  Unknown
forrtl: error (69): process interrupted (SIGINT)
Image              PC                Routine            Line        Source             
vasp_std           0000000001778ABE  Unknown               Unknown  Unknown
libpthread-2.28.s  00001477EFC40C20  Unknown               Unknown  Unknown
libmpi.so.12.0     00001477F0350271  Unknown               Unknown  Unknown
libmpi.so.12       00001477F034AD6E  PMPIDI_CH3I_Progr     Unknown  Unknown
libmpi.so.12       00001477F05E4A00  MPIR_Waitall_impl     Unknown  Unknown
libmpi.so.12       00001477F0456F4B  MPIC_Waitall          Unknown  Unknown
libmpi.so.12       00001477F0327887  MPIR_Alltoallv_in     Unknown  Unknown
libmpi.so.12       00001477F0326E09  MPIR_Alltoallv        Unknown  Unknown
libmpi.so.12       00001477F0326D91  MPIR_Alltoallv_im     Unknown  Unknown
libmpi.so.12       00001477F03260F2  MPI_Alltoallv         Unknown  Unknown
libmpifort.so.12.  00001477F09FE77A  pmpi_alltoallv__      Unknown  Unknown
vasp_std           0000000000411F0E  Unknown               Unknown  Unknown
vasp_std           000000000159C3BD  Unknown               Unknown  Unknown
vasp_std           0000000001592C92  Unknown               Unknown  Unknown
vasp_std           0000000001593EC5  Unknown               Unknown  Unknown
vasp_std           00000000008D8711  Unknown               Unknown  Unknown
vasp_std           0000000000EF8674  Unknown               Unknown  Unknown
vasp_std           000000000161C771  Unknown               Unknown  Unknown
vasp_std           00000000015F6996  Unknown               Unknown  Unknown
vasp_std           000000000040758E  Unknown               Unknown  Unknown
libc-2.28.so       00001477EF50A493  __libc_start_main     Unknown  Unknown
vasp_std           00000000004074A9  Unknown               Unknown  Unknown
forrtl: error (69): process interrupted (SIGINT)
Image              PC                Routine            Line        Source             
vasp_std           0000000001778ABE  Unknown               Unknown  Unknown
libpthread-2.28.s  0000151D9911DC20  Unknown               Unknown  Unknown
libmpi.so.12.0     0000151D9982D271  Unknown               Unknown  Unknown
libmpi.so.12       0000151D99827D6E  PMPIDI_CH3I_Progr     Unknown  Unknown
libmpi.so.12       0000151D99AC1A00  MPIR_Waitall_impl     Unknown  Unknown
libmpi.so.12       0000151D99933F4B  MPIC_Waitall          Unknown  Unknown
libmpi.so.12       0000151D99804887  MPIR_Alltoallv_in     Unknown  Unknown
libmpi.so.12       0000151D99803E09  MPIR_Alltoallv        Unknown  Unknown
libmpi.so.12       0000151D99803D91  MPIR_Alltoallv_im     Unknown  Unknown
libmpi.so.12       0000151D998030F2  MPI_Alltoallv         Unknown  Unknown
libmpifort.so.12.  0000151D99EDB77A  pmpi_alltoallv__      Unknown  Unknown
vasp_std           0000000000411F0E  Unknown               Unknown  Unknown
vasp_std           000000000159C3BD  Unknown               Unknown  Unknown
vasp_std           0000000001592C92  Unknown               Unknown  Unknown
vasp_std           0000000001593EC5  Unknown               Unknown  Unknown
vasp_std           00000000008D8711  Unknown               Unknown  Unknown
vasp_std           0000000000EF8674  Unknown               Unknown  Unknown
vasp_std           000000000161C771  Unknown               Unknown  Unknown
vasp_std           00000000015F6996  Unknown               Unknown  Unknown
vasp_std           000000000040758E  Unknown               Unknown  Unknown
libc-2.28.so       0000151D989E7493  __libc_start_main     Unknown  Unknown
vasp_std           00000000004074A9  Unknown               Unknown  Unknown
forrtl: error (69): process interrupted (SIGINT)
Image              PC                Routine            Line        Source             
vasp_std           0000000001778ABE  Unknown               Unknown  Unknown
libpthread-2.28.s  000014F20C741C20  Unknown               Unknown  Unknown
libc-2.28.so       000014F20C0DDE5B  ftruncate             Unknown  Unknown
vasp_std           00000000017902DD  Unknown               Unknown  Unknown
vasp_std           00000000017C1A24  Unknown               Unknown  Unknown
vasp_std           00000000017BDEC2  Unknown               Unknown  Unknown
vasp_std           0000000000EF2253  Unknown               Unknown  Unknown
vasp_std           000000000161C771  Unknown               Unknown  Unknown
vasp_std           00000000015F6996  Unknown               Unknown  Unknown
vasp_std           000000000040758E  Unknown               Unknown  Unknown
libc-2.28.so       000014F20C00B493  __libc_start_main     Unknown  Unknown
vasp_std           00000000004074A9  Unknown               Unknown  Unknown
