forrtl: error (69): process interrupted (SIGINT)
Image              PC                Routine            Line        Source             
vasp_std           0000000001778ABE  Unknown               Unknown  Unknown
libpthread-2.28.s  0000153ED14A8C20  Unknown               Unknown  Unknown
vasp_std           000000000066A6A6  Unknown               Unknown  Unknown
vasp_std           0000000000E8029D  Unknown               Unknown  Unknown
vasp_std           0000000000EF8360  Unknown               Unknown  Unknown
vasp_std           000000000161C771  Unknown               Unknown  Unknown
vasp_std           00000000015F6996  Unknown               Unknown  Unknown
vasp_std           000000000040758E  Unknown               Unknown  Unknown
libc-2.28.so       0000153ED0D72493  __libc_start_main     Unknown  Unknown
vasp_std           00000000004074A9  Unknown               Unknown  Unknown
forrtl: error (69): process interrupted (SIGINT)
Image              PC                Routine            Line        Source             
vasp_std           0000000001778ABE  Unknown               Unknown  Unknown
libpthread-2.28.s  000014C13E683C20  Unknown               Unknown  Unknown
vasp_std           000000000066A6D9  Unknown               Unknown  Unknown
vasp_std           0000000000E8029D  Unknown               Unknown  Unknown
vasp_std           0000000000EF8360  Unknown               Unknown  Unknown
vasp_std           000000000161C771  Unknown               Unknown  Unknown
vasp_std           00000000015F6996  Unknown               Unknown  Unknown
vasp_std           000000000040758E  Unknown               Unknown  Unknown
libc-2.28.so       000014C13DF4D493  __libc_start_main     Unknown  Unknown
vasp_std           00000000004074A9  Unknown               Unknown  Unknown
forrtl: error (69): process interrupted (SIGINT)
Image              PC                Routine            Line        Source             
vasp_std           0000000001778ABE  Unknown               Unknown  Unknown
libpthread-2.28.s  000014EE905F6C20  Unknown               Unknown  Unknown
vasp_std           000000000066A6A6  Unknown               Unknown  Unknown
vasp_std           0000000000E8029D  Unknown               Unknown  Unknown
vasp_std           0000000000EF8360  Unknown               Unknown  Unknown
vasp_std           000000000161C771  Unknown               Unknown  Unknown
vasp_std           00000000015F6996  Unknown               Unknown  Unknown
vasp_std           000000000040758E  Unknown               Unknown  Unknown
libc-2.28.so       000014EE8FEC0493  __libc_start_main     Unknown  Unknown
vasp_std           00000000004074A9  Unknown               Unknown  Unknown
forrtl: error (69): process interrupted (SIGINT)
Image              PC                Routine            Line        Source             
vasp_std           0000000001778ABE  Unknown               Unknown  Unknown
libpthread-2.28.s  0000153D92D26C20  Unknown               Unknown  Unknown
vasp_std           000000000066A6CB  Unknown               Unknown  Unknown
vasp_std           0000000000E8029D  Unknown               Unknown  Unknown
vasp_std           0000000000EF8360  Unknown               Unknown  Unknown
vasp_std           000000000161C771  Unknown               Unknown  Unknown
vasp_std           00000000015F6996  Unknown               Unknown  Unknown
vasp_std           000000000040758E  Unknown               Unknown  Unknown
libc-2.28.so       0000153D925F0493  __libc_start_main     Unknown  Unknown
vasp_std           00000000004074A9  Unknown               Unknown  Unknown
forrtl: error (69): process interrupted (SIGINT)
Image              PC                Routine            Line        Source             
vasp_std           0000000001778ABE  Unknown               Unknown  Unknown
libpthread-2.28.s  000014B6B4810C20  Unknown               Unknown  Unknown
libmkl_avx512.so   000014B6AC7A7D65  mkl_dft_avx512_mg     Unknown  Unknown
libmkl_avx512.so   000014B6AC75753C  Unknown               Unknown  Unknown
libmkl_intel_lp64  000014B6BC91E339  DftiComputeBackwa     Unknown  Unknown
libmkl_intel_lp64  000014B6BC924A1F  fftw_execute_dft      Unknown  Unknown
vasp_std           0000000001592BF8  Unknown               Unknown  Unknown
vasp_std           000000000159397A  Unknown               Unknown  Unknown
vasp_std           0000000001593276  Unknown               Unknown  Unknown
vasp_std           000000000058F5A4  Unknown               Unknown  Unknown
vasp_std           0000000000E83544  Unknown               Unknown  Unknown
vasp_std           0000000000EF8360  Unknown               Unknown  Unknown
vasp_std           000000000161C771  Unknown               Unknown  Unknown
vasp_std           00000000015F6996  Unknown               Unknown  Unknown
vasp_std           000000000040758E  Unknown               Unknown  Unknown
libc-2.28.so       000014B6B40DA493  __libc_start_main     Unknown  Unknown
vasp_std           00000000004074A9  Unknown               Unknown  Unknown
forrtl: error (69): process interrupted (SIGINT)
Image              PC                Routine            Line        Source             
vasp_std           0000000001778ABE  Unknown               Unknown  Unknown
libpthread-2.28.s  000015231F23BC20  Unknown               Unknown  Unknown
libmkl_avx512.so   00001523171D2D05  mkl_dft_avx512_mg     Unknown  Unknown
libmkl_avx512.so   000015231718253C  Unknown               Unknown  Unknown
libmkl_intel_lp64  0000152327349339  DftiComputeBackwa     Unknown  Unknown
libmkl_intel_lp64  000015232734FA1F  fftw_execute_dft      Unknown  Unknown
vasp_std           0000000001592BF8  Unknown               Unknown  Unknown
vasp_std           000000000159397A  Unknown               Unknown  Unknown
vasp_std           0000000001593276  Unknown               Unknown  Unknown
vasp_std           000000000058F5A4  Unknown               Unknown  Unknown
vasp_std           0000000000E83544  Unknown               Unknown  Unknown
vasp_std           0000000000EF8360  Unknown               Unknown  Unknown
vasp_std           000000000161C771  Unknown               Unknown  Unknown
vasp_std           00000000015F6996  Unknown               Unknown  Unknown
vasp_std           000000000040758E  Unknown               Unknown  Unknown
libc-2.28.so       000015231EB05493  __libc_start_main     Unknown  Unknown
vasp_std           00000000004074A9  Unknown               Unknown  Unknown
forrtl: error (69): process interrupted (SIGINT)
Image              PC                Routine            Line        Source             
vasp_std           0000000001778ABE  Unknown               Unknown  Unknown
libpthread-2.28.s  000014ADC5CA9C20  Unknown               Unknown  Unknown
libmkl_avx512.so   000014ADBDC40DDD  mkl_dft_avx512_mg     Unknown  Unknown
libmkl_avx512.so   000014ADBDBF053C  Unknown               Unknown  Unknown
libmkl_intel_lp64  000014ADCDDB7339  DftiComputeBackwa     Unknown  Unknown
libmkl_intel_lp64  000014ADCDDBDA1F  fftw_execute_dft      Unknown  Unknown
vasp_std           0000000001592BF8  Unknown               Unknown  Unknown
vasp_std           000000000159397A  Unknown               Unknown  Unknown
vasp_std           0000000001593276  Unknown               Unknown  Unknown
vasp_std           000000000058F5A4  Unknown               Unknown  Unknown
vasp_std           0000000000E83544  Unknown               Unknown  Unknown
vasp_std           0000000000EF8360  Unknown               Unknown  Unknown
vasp_std           000000000161C771  Unknown               Unknown  Unknown
vasp_std           00000000015F6996  Unknown               Unknown  Unknown
vasp_std           000000000040758E  Unknown               Unknown  Unknown
libc-2.28.so       000014ADC5573493  __libc_start_main     Unknown  Unknown
vasp_std           00000000004074A9  Unknown               Unknown  Unknown
forrtl: error (69): process interrupted (SIGINT)
Image              PC                Routine            Line        Source             
vasp_std           0000000001778ABE  Unknown               Unknown  Unknown
libpthread-2.28.s  0000154A7476AC20  Unknown               Unknown  Unknown
libmkl_avx512.so   0000154A6C701C7D  mkl_dft_avx512_mg     Unknown  Unknown
libmkl_avx512.so   0000154A6C6B153C  Unknown               Unknown  Unknown
libmkl_intel_lp64  0000154A7C878339  DftiComputeBackwa     Unknown  Unknown
libmkl_intel_lp64  0000154A7C87EA1F  fftw_execute_dft      Unknown  Unknown
vasp_std           0000000001592BF8  Unknown               Unknown  Unknown
vasp_std           000000000159397A  Unknown               Unknown  Unknown
vasp_std           0000000001593276  Unknown               Unknown  Unknown
vasp_std           000000000058F5A4  Unknown               Unknown  Unknown
vasp_std           0000000000E83544  Unknown               Unknown  Unknown
vasp_std           0000000000EF8360  Unknown               Unknown  Unknown
vasp_std           000000000161C771  Unknown               Unknown  Unknown
vasp_std           00000000015F6996  Unknown               Unknown  Unknown
vasp_std           000000000040758E  Unknown               Unknown  Unknown
libc-2.28.so       0000154A74034493  __libc_start_main     Unknown  Unknown
vasp_std           00000000004074A9  Unknown               Unknown  Unknown
