forrtl: error (69): process interrupted (SIGINT)
Image              PC                Routine            Line        Source             
vasp_std           0000000001778ABE  Unknown               Unknown  Unknown
libpthread-2.28.s  000014896624FC20  Unknown               Unknown  Unknown
vasp_std           0000000000E8354B  Unknown               Unknown  Unknown
vasp_std           0000000000EF8360  Unknown               Unknown  Unknown
vasp_std           000000000161C771  Unknown               Unknown  Unknown
vasp_std           00000000015F6996  Unknown               Unknown  Unknown
vasp_std           000000000040758E  Unknown               Unknown  Unknown
libc-2.28.so       0000148965B19493  __libc_start_main     Unknown  Unknown
vasp_std           00000000004074A9  Unknown               Unknown  Unknown
forrtl: error (69): process interrupted (SIGINT)
Image              PC                Routine            Line        Source             
vasp_std           0000000001778ABE  Unknown               Unknown  Unknown
libpthread-2.28.s  0000152DC458AC20  Unknown               Unknown  Unknown
libmkl_avx512.so   0000152DBB723AF1  mkl_blas_avx512_x     Unknown  Unknown
libmkl_avx512.so   0000152DBB7859BD  mkl_blas_avx512_x     Unknown  Unknown
libmkl_intel_lp64  0000152DCC1DCBB6  zcopy                 Unknown  Unknown
vasp_std           00000000005A16D4  Unknown               Unknown  Unknown
vasp_std           0000000000E83518  Unknown               Unknown  Unknown
vasp_std           0000000000EF8360  Unknown               Unknown  Unknown
vasp_std           000000000161C771  Unknown               Unknown  Unknown
vasp_std           00000000015F6996  Unknown               Unknown  Unknown
vasp_std           000000000040758E  Unknown               Unknown  Unknown
libc-2.28.so       0000152DC3E54493  __libc_start_main     Unknown  Unknown
vasp_std           00000000004074A9  Unknown               Unknown  Unknown
forrtl: error (69): process interrupted (SIGINT)
Image              PC                Routine            Line        Source             
vasp_std           0000000001778ABE  Unknown               Unknown  Unknown
libpthread-2.28.s  0000146F1D2ACC20  Unknown               Unknown  Unknown
libmkl_avx512.so   0000146F151F3547  Unknown               Unknown  Unknown
libmkl_intel_lp64  0000146F253BA339  DftiComputeBackwa     Unknown  Unknown
libmkl_intel_lp64  0000146F253C0A1F  fftw_execute_dft      Unknown  Unknown
vasp_std           0000000001592BF8  Unknown               Unknown  Unknown
vasp_std           000000000159397A  Unknown               Unknown  Unknown
vasp_std           0000000001593276  Unknown               Unknown  Unknown
vasp_std           000000000058F5A4  Unknown               Unknown  Unknown
vasp_std           0000000000E83544  Unknown               Unknown  Unknown
vasp_std           0000000000EF8360  Unknown               Unknown  Unknown
vasp_std           000000000161C771  Unknown               Unknown  Unknown
vasp_std           00000000015F6996  Unknown               Unknown  Unknown
vasp_std           000000000040758E  Unknown               Unknown  Unknown
libc-2.28.so       0000146F1CB76493  __libc_start_main     Unknown  Unknown
vasp_std           00000000004074A9  Unknown               Unknown  Unknown
forrtl: error (69): process interrupted (SIGINT)
Image              PC                Routine            Line        Source             
vasp_std           0000000001778ABE  Unknown               Unknown  Unknown
libpthread-2.28.s  0000151911E3CC20  Unknown               Unknown  Unknown
libmpi.so.12       000015191253E752  MPIDI_CH3_iSendv      Unknown  Unknown
libmpi.so.12       00001519125547A1  MPIDI_CH3_EagerCo     Unknown  Unknown
libmpi.so.12       00001519126DBF24  MPID_Isend            Unknown  Unknown
libmpi.so.12       0000151912656EA1  MPIC_Isend            Unknown  Unknown
libmpi.so.12       000015191252058E  MPIR_Alltoall_int     Unknown  Unknown
libmpi.so.12       000015191251FA9A  MPIR_Alltoall         Unknown  Unknown
libmpi.so.12       000015191251FA38  MPIR_Alltoall_imp     Unknown  Unknown
libmpi.so.12       000015191251F29E  PMPI_Alltoall         Unknown  Unknown
libmpifort.so.12.  0000151912BFA6C6  mpi_alltoall__        Unknown  Unknown
vasp_std           0000000000412DF7  Unknown               Unknown  Unknown
vasp_std           000000000058423A  Unknown               Unknown  Unknown
vasp_std           0000000000E835AD  Unknown               Unknown  Unknown
vasp_std           0000000000EF8360  Unknown               Unknown  Unknown
vasp_std           000000000161C771  Unknown               Unknown  Unknown
vasp_std           00000000015F6996  Unknown               Unknown  Unknown
vasp_std           000000000040758E  Unknown               Unknown  Unknown
libc-2.28.so       0000151911706493  __libc_start_main     Unknown  Unknown
vasp_std           00000000004074A9  Unknown               Unknown  Unknown
forrtl: error (69): process interrupted (SIGINT)
Image              PC                Routine            Line        Source             
vasp_std           0000000001778ABE  Unknown               Unknown  Unknown
libpthread-2.28.s  000014D3DA99AC20  Unknown               Unknown  Unknown
libmpi.so.12.0     000014D3DB0AA271  Unknown               Unknown  Unknown
libmpi.so.12       000014D3DB0A4D6E  PMPIDI_CH3I_Progr     Unknown  Unknown
libmpi.so.12       000014D3DB33EA00  MPIR_Waitall_impl     Unknown  Unknown
libmpi.so.12       000014D3DB1B0F4B  MPIC_Waitall          Unknown  Unknown
libmpi.so.12       000014D3DB07E5ED  MPIR_Alltoall_int     Unknown  Unknown
libmpi.so.12       000014D3DB07DA9A  MPIR_Alltoall         Unknown  Unknown
libmpi.so.12       000014D3DB07DA38  MPIR_Alltoall_imp     Unknown  Unknown
libmpi.so.12       000014D3DB07D29E  PMPI_Alltoall         Unknown  Unknown
libmpifort.so.12.  000014D3DB7586C6  mpi_alltoall__        Unknown  Unknown
vasp_std           0000000000412DF7  Unknown               Unknown  Unknown
vasp_std           000000000058423A  Unknown               Unknown  Unknown
vasp_std           0000000000E835AD  Unknown               Unknown  Unknown
vasp_std           0000000000EF8360  Unknown               Unknown  Unknown
vasp_std           000000000161C771  Unknown               Unknown  Unknown
vasp_std           00000000015F6996  Unknown               Unknown  Unknown
vasp_std           000000000040758E  Unknown               Unknown  Unknown
libc-2.28.so       000014D3DA264493  __libc_start_main     Unknown  Unknown
vasp_std           00000000004074A9  Unknown               Unknown  Unknown
forrtl: error (69): process interrupted (SIGINT)
Image              PC                Routine            Line        Source             
vasp_std           0000000001778ABE  Unknown               Unknown  Unknown
libpthread-2.28.s  000014AB10358C20  Unknown               Unknown  Unknown
libmpi.so.12       000014AB10A5A806  MPIDI_CH3_iSendv      Unknown  Unknown
libmpi.so.12       000014AB10A707A1  MPIDI_CH3_EagerCo     Unknown  Unknown
libmpi.so.12       000014AB10BF7F24  MPID_Isend            Unknown  Unknown
libmpi.so.12       000014AB10B72EA1  MPIC_Isend            Unknown  Unknown
libmpi.so.12       000014AB10A3C58E  MPIR_Alltoall_int     Unknown  Unknown
libmpi.so.12       000014AB10A3BA9A  MPIR_Alltoall         Unknown  Unknown
libmpi.so.12       000014AB10A3BA38  MPIR_Alltoall_imp     Unknown  Unknown
libmpi.so.12       000014AB10A3B29E  PMPI_Alltoall         Unknown  Unknown
libmpifort.so.12.  000014AB111166C6  mpi_alltoall__        Unknown  Unknown
vasp_std           0000000000412DF7  Unknown               Unknown  Unknown
vasp_std           000000000058423A  Unknown               Unknown  Unknown
vasp_std           0000000000E835AD  Unknown               Unknown  Unknown
vasp_std           0000000000EF8360  Unknown               Unknown  Unknown
vasp_std           000000000161C771  Unknown               Unknown  Unknown
vasp_std           00000000015F6996  Unknown               Unknown  Unknown
vasp_std           000000000040758E  Unknown               Unknown  Unknown
libc-2.28.so       000014AB0FC22493  __libc_start_main     Unknown  Unknown
vasp_std           00000000004074A9  Unknown               Unknown  Unknown
forrtl: error (69): process interrupted (SIGINT)
Image              PC                Routine            Line        Source             
vasp_std           0000000001778ABE  Unknown               Unknown  Unknown
libpthread-2.28.s  00001468D22FDC20  Unknown               Unknown  Unknown
libmkl_avx512.so   00001468CA294F7C  mkl_dft_avx512_mg     Unknown  Unknown
libmkl_avx512.so   00001468CA24453C  Unknown               Unknown  Unknown
libmkl_intel_lp64  00001468DA40B339  DftiComputeBackwa     Unknown  Unknown
libmkl_intel_lp64  00001468DA411A1F  fftw_execute_dft      Unknown  Unknown
vasp_std           0000000001592BF8  Unknown               Unknown  Unknown
vasp_std           000000000159397A  Unknown               Unknown  Unknown
vasp_std           0000000001593276  Unknown               Unknown  Unknown
vasp_std           000000000058F5A4  Unknown               Unknown  Unknown
vasp_std           0000000000E83544  Unknown               Unknown  Unknown
vasp_std           0000000000EF8360  Unknown               Unknown  Unknown
vasp_std           000000000161C771  Unknown               Unknown  Unknown
vasp_std           00000000015F6996  Unknown               Unknown  Unknown
vasp_std           000000000040758E  Unknown               Unknown  Unknown
libc-2.28.so       00001468D1BC7493  __libc_start_main     Unknown  Unknown
vasp_std           00000000004074A9  Unknown               Unknown  Unknown
forrtl: error (69): process interrupted (SIGINT)
Image              PC                Routine            Line        Source             
vasp_std           0000000001778ABE  Unknown               Unknown  Unknown
libpthread-2.28.s  0000146023081C20  Unknown               Unknown  Unknown
libmkl_avx512.so   000014601B018CE3  mkl_dft_avx512_mg     Unknown  Unknown
libmkl_avx512.so   000014601AFC853C  Unknown               Unknown  Unknown
libmkl_intel_lp64  000014602B18F339  DftiComputeBackwa     Unknown  Unknown
libmkl_intel_lp64  000014602B195A1F  fftw_execute_dft      Unknown  Unknown
vasp_std           0000000001592BF8  Unknown               Unknown  Unknown
vasp_std           000000000159397A  Unknown               Unknown  Unknown
vasp_std           0000000001593276  Unknown               Unknown  Unknown
vasp_std           000000000058F5A4  Unknown               Unknown  Unknown
vasp_std           0000000000E83544  Unknown               Unknown  Unknown
vasp_std           0000000000EF8360  Unknown               Unknown  Unknown
vasp_std           000000000161C771  Unknown               Unknown  Unknown
vasp_std           00000000015F6996  Unknown               Unknown  Unknown
vasp_std           000000000040758E  Unknown               Unknown  Unknown
libc-2.28.so       000014602294B493  __libc_start_main     Unknown  Unknown
vasp_std           00000000004074A9  Unknown               Unknown  Unknown
Terminated
