forrtl: error (69): process interrupted (SIGINT)
Image              PC                Routine            Line        Source             
vasp_std           0000000001778ABE  Unknown               Unknown  Unknown
libpthread-2.28.s  0000154E242ADC20  Unknown               Unknown  Unknown
vasp_std           0000000000514905  Unknown               Unknown  Unknown
vasp_std           0000000000509644  Unknown               Unknown  Unknown
vasp_std           000000000081DFAA  Unknown               Unknown  Unknown
vasp_std           0000000000EF897F  Unknown               Unknown  Unknown
vasp_std           000000000161C771  Unknown               Unknown  Unknown
vasp_std           00000000015F6996  Unknown               Unknown  Unknown
vasp_std           000000000040758E  Unknown               Unknown  Unknown
libc-2.28.so       0000154E23B77493  __libc_start_main     Unknown  Unknown
vasp_std           00000000004074A9  Unknown               Unknown  Unknown
forrtl: error (69): process interrupted (SIGINT)
Image              PC                Routine            Line        Source             
vasp_std           0000000001778ABE  Unknown               Unknown  Unknown
libpthread-2.28.s  000015187E19BC20  Unknown               Unknown  Unknown
vasp_std           00000000004AE628  Unknown               Unknown  Unknown
vasp_std           0000000000514610  Unknown               Unknown  Unknown
vasp_std           0000000000509644  Unknown               Unknown  Unknown
vasp_std           000000000081DFAA  Unknown               Unknown  Unknown
vasp_std           0000000000EF897F  Unknown               Unknown  Unknown
vasp_std           000000000161C771  Unknown               Unknown  Unknown
vasp_std           00000000015F6996  Unknown               Unknown  Unknown
vasp_std           000000000040758E  Unknown               Unknown  Unknown
libc-2.28.so       000015187DA65493  __libc_start_main     Unknown  Unknown
vasp_std           00000000004074A9  Unknown               Unknown  Unknown
forrtl: error (69): process interrupted (SIGINT)
Image              PC                Routine            Line        Source             
vasp_std           0000000001778ABE  Unknown               Unknown  Unknown
libpthread-2.28.s  000014E54B6D8C20  Unknown               Unknown  Unknown
vasp_std           000000000183BF42  Unknown               Unknown  Unknown
vasp_std           00000000004ACBD0  Unknown               Unknown  Unknown
vasp_std           00000000004AE7B4  Unknown               Unknown  Unknown
vasp_std           00000000004AE695  Unknown               Unknown  Unknown
vasp_std           0000000000514610  Unknown               Unknown  Unknown
vasp_std           0000000000509644  Unknown               Unknown  Unknown
vasp_std           000000000081E68E  Unknown               Unknown  Unknown
vasp_std           0000000000EF897F  Unknown               Unknown  Unknown
vasp_std           000000000161C771  Unknown               Unknown  Unknown
vasp_std           00000000015F6996  Unknown               Unknown  Unknown
vasp_std           000000000040758E  Unknown               Unknown  Unknown
libc-2.28.so       000014E54AFA2493  __libc_start_main     Unknown  Unknown
vasp_std           00000000004074A9  Unknown               Unknown  Unknown
forrtl: error (69): process interrupted (SIGINT)
Image              PC                Routine            Line        Source             
vasp_std           0000000001778ABE  Unknown               Unknown  Unknown
libpthread-2.28.s  00001495AB0EEC20  Unknown               Unknown  Unknown
vasp_std           00000000004AD01A  Unknown               Unknown  Unknown
vasp_std           00000000004AE7B4  Unknown               Unknown  Unknown
vasp_std           00000000004AE695  Unknown               Unknown  Unknown
vasp_std           0000000000514610  Unknown               Unknown  Unknown
vasp_std           0000000000509644  Unknown               Unknown  Unknown
vasp_std           000000000081DFAA  Unknown               Unknown  Unknown
vasp_std           0000000000EF897F  Unknown               Unknown  Unknown
vasp_std           000000000161C771  Unknown               Unknown  Unknown
vasp_std           00000000015F6996  Unknown               Unknown  Unknown
vasp_std           000000000040758E  Unknown               Unknown  Unknown
libc-2.28.so       00001495AA9B8493  __libc_start_main     Unknown  Unknown
vasp_std           00000000004074A9  Unknown               Unknown  Unknown
