forrtl: error (69): process interrupted (SIGINT)
Image              PC                Routine            Line        Source             
vasp_std           0000000001778ABE  Unknown               Unknown  Unknown
libpthread-2.28.s  000014C64DE38C20  Unknown               Unknown  Unknown
libc-2.28.so       000014C64D7C26BB  __sched_yield         Unknown  Unknown
libmpi.so.12.0     000014C64E5487F4  Unknown               Unknown  Unknown
libmpi.so.12       000014C64E542D6E  PMPIDI_CH3I_Progr     Unknown  Unknown
libmpi.so.12       000014C64E7DCA00  MPIR_Waitall_impl     Unknown  Unknown
libmpi.so.12       000014C64E64EF4B  MPIC_Waitall          Unknown  Unknown
libmpi.so.12       000014C64E51C5ED  MPIR_Alltoall_int     Unknown  Unknown
libmpi.so.12       000014C64E51BA9A  MPIR_Alltoall         Unknown  Unknown
libmpi.so.12       000014C64E51BA38  MPIR_Alltoall_imp     Unknown  Unknown
libmpi.so.12       000014C64E51B29E  PMPI_Alltoall         Unknown  Unknown
libmpifort.so.12.  000014C64EBF66C6  mpi_alltoall__        Unknown  Unknown
vasp_std           0000000000412DF7  Unknown               Unknown  Unknown
vasp_std           000000000058423A  Unknown               Unknown  Unknown
vasp_std           0000000000E8740F  Unknown               Unknown  Unknown
vasp_std           0000000000EF8360  Unknown               Unknown  Unknown
vasp_std           000000000161C771  Unknown               Unknown  Unknown
vasp_std           00000000015F6996  Unknown               Unknown  Unknown
vasp_std           000000000040758E  Unknown               Unknown  Unknown
libc-2.28.so       000014C64D702493  __libc_start_main     Unknown  Unknown
vasp_std           00000000004074A9  Unknown               Unknown  Unknown
forrtl: error (69): process interrupted (SIGINT)
Image              PC                Routine            Line        Source             
vasp_std           0000000001778ABE  Unknown               Unknown  Unknown
libpthread-2.28.s  000014E314A1CC20  Unknown               Unknown  Unknown
libmpi.so.12       000014E31511E806  MPIDI_CH3_iSendv      Unknown  Unknown
libmpi.so.12       000014E3151347A1  MPIDI_CH3_EagerCo     Unknown  Unknown
libmpi.so.12       000014E3152BBF24  MPID_Isend            Unknown  Unknown
libmpi.so.12       000014E315236EA1  MPIC_Isend            Unknown  Unknown
libmpi.so.12       000014E31510058E  MPIR_Alltoall_int     Unknown  Unknown
libmpi.so.12       000014E3150FFA9A  MPIR_Alltoall         Unknown  Unknown
libmpi.so.12       000014E3150FFA38  MPIR_Alltoall_imp     Unknown  Unknown
libmpi.so.12       000014E3150FF29E  PMPI_Alltoall         Unknown  Unknown
libmpifort.so.12.  000014E3157DA6C6  mpi_alltoall__        Unknown  Unknown
vasp_std           0000000000412DF7  Unknown               Unknown  Unknown
vasp_std           000000000058423A  Unknown               Unknown  Unknown
vasp_std           0000000000E8740F  Unknown               Unknown  Unknown
vasp_std           0000000000EF8360  Unknown               Unknown  Unknown
vasp_std           000000000161C771  Unknown               Unknown  Unknown
vasp_std           00000000015F6996  Unknown               Unknown  Unknown
vasp_std           000000000040758E  Unknown               Unknown  Unknown
libc-2.28.so       000014E3142E6493  __libc_start_main     Unknown  Unknown
vasp_std           00000000004074A9  Unknown               Unknown  Unknown
forrtl: error (69): process interrupted (SIGINT)
Image              PC                Routine            Line        Source             
vasp_std           0000000001778ABE  Unknown               Unknown  Unknown
libpthread-2.28.s  0000150A2446FC20  Unknown               Unknown  Unknown
libmpi.so.12       0000150A24B71806  MPIDI_CH3_iSendv      Unknown  Unknown
libmpi.so.12       0000150A24B877A1  MPIDI_CH3_EagerCo     Unknown  Unknown
libmpi.so.12       0000150A24D0EF24  MPID_Isend            Unknown  Unknown
libmpi.so.12       0000150A24C89EA1  MPIC_Isend            Unknown  Unknown
libmpi.so.12       0000150A24B5358E  MPIR_Alltoall_int     Unknown  Unknown
libmpi.so.12       0000150A24B52A9A  MPIR_Alltoall         Unknown  Unknown
libmpi.so.12       0000150A24B52A38  MPIR_Alltoall_imp     Unknown  Unknown
libmpi.so.12       0000150A24B5229E  PMPI_Alltoall         Unknown  Unknown
libmpifort.so.12.  0000150A2522D6C6  mpi_alltoall__        Unknown  Unknown
vasp_std           0000000000412DF7  Unknown               Unknown  Unknown
vasp_std           000000000058423A  Unknown               Unknown  Unknown
vasp_std           0000000000E8740F  Unknown               Unknown  Unknown
vasp_std           0000000000EF8360  Unknown               Unknown  Unknown
vasp_std           000000000161C771  Unknown               Unknown  Unknown
vasp_std           00000000015F6996  Unknown               Unknown  Unknown
vasp_std           000000000040758E  Unknown               Unknown  Unknown
libc-2.28.so       0000150A23D39493  __libc_start_main     Unknown  Unknown
vasp_std           00000000004074A9  Unknown               Unknown  Unknown
forrtl: error (69): process interrupted (SIGINT)
Image              PC                Routine            Line        Source             
vasp_std           0000000001778ABE  Unknown               Unknown  Unknown
libpthread-2.28.s  00001536930ADC20  Unknown               Unknown  Unknown
libmpi.so.12       00001536937AF806  MPIDI_CH3_iSendv      Unknown  Unknown
libmpi.so.12       00001536937C57A1  MPIDI_CH3_EagerCo     Unknown  Unknown
libmpi.so.12       000015369394CF24  MPID_Isend            Unknown  Unknown
libmpi.so.12       00001536938C7EA1  MPIC_Isend            Unknown  Unknown
libmpi.so.12       000015369379158E  MPIR_Alltoall_int     Unknown  Unknown
libmpi.so.12       0000153693790A9A  MPIR_Alltoall         Unknown  Unknown
libmpi.so.12       0000153693790A38  MPIR_Alltoall_imp     Unknown  Unknown
libmpi.so.12       000015369379029E  PMPI_Alltoall         Unknown  Unknown
libmpifort.so.12.  0000153693E6B6C6  mpi_alltoall__        Unknown  Unknown
vasp_std           0000000000412DF7  Unknown               Unknown  Unknown
vasp_std           000000000058423A  Unknown               Unknown  Unknown
vasp_std           0000000000E8740F  Unknown               Unknown  Unknown
vasp_std           0000000000EF8360  Unknown               Unknown  Unknown
vasp_std           000000000161C771  Unknown               Unknown  Unknown
vasp_std           00000000015F6996  Unknown               Unknown  Unknown
vasp_std           000000000040758E  Unknown               Unknown  Unknown
libc-2.28.so       0000153692977493  __libc_start_main     Unknown  Unknown
vasp_std           00000000004074A9  Unknown               Unknown  Unknown
forrtl: error (69): process interrupted (SIGINT)
Image              PC                Routine            Line        Source             
vasp_std           0000000001778ABE  Unknown               Unknown  Unknown
libpthread-2.28.s  0000148BC8B4AC20  Unknown               Unknown  Unknown
libmpi.so.12       0000148BC924C806  MPIDI_CH3_iSendv      Unknown  Unknown
libmpi.so.12       0000148BC92627A1  MPIDI_CH3_EagerCo     Unknown  Unknown
libmpi.so.12       0000148BC93E9F24  MPID_Isend            Unknown  Unknown
libmpi.so.12       0000148BC9364EA1  MPIC_Isend            Unknown  Unknown
libmpi.so.12       0000148BC922E58E  MPIR_Alltoall_int     Unknown  Unknown
libmpi.so.12       0000148BC922DA9A  MPIR_Alltoall         Unknown  Unknown
libmpi.so.12       0000148BC922DA38  MPIR_Alltoall_imp     Unknown  Unknown
libmpi.so.12       0000148BC922D29E  PMPI_Alltoall         Unknown  Unknown
libmpifort.so.12.  0000148BC99086C6  mpi_alltoall__        Unknown  Unknown
vasp_std           0000000000412DF7  Unknown               Unknown  Unknown
vasp_std           000000000058423A  Unknown               Unknown  Unknown
vasp_std           0000000000E8740F  Unknown               Unknown  Unknown
vasp_std           0000000000EF8360  Unknown               Unknown  Unknown
vasp_std           000000000161C771  Unknown               Unknown  Unknown
vasp_std           00000000015F6996  Unknown               Unknown  Unknown
vasp_std           000000000040758E  Unknown               Unknown  Unknown
libc-2.28.so       0000148BC8414493  __libc_start_main     Unknown  Unknown
vasp_std           00000000004074A9  Unknown               Unknown  Unknown
forrtl: error (69): process interrupted (SIGINT)
Image              PC                Routine            Line        Source             
vasp_std           0000000001778ABE  Unknown               Unknown  Unknown
libpthread-2.28.s  000014F0608BCC20  Unknown               Unknown  Unknown
libmpi.so.12       000014F060FBE806  MPIDI_CH3_iSendv      Unknown  Unknown
libmpi.so.12       000014F060FD47A1  MPIDI_CH3_EagerCo     Unknown  Unknown
libmpi.so.12       000014F06115BF24  MPID_Isend            Unknown  Unknown
libmpi.so.12       000014F0610D6EA1  MPIC_Isend            Unknown  Unknown
libmpi.so.12       000014F060FA058E  MPIR_Alltoall_int     Unknown  Unknown
libmpi.so.12       000014F060F9FA9A  MPIR_Alltoall         Unknown  Unknown
libmpi.so.12       000014F060F9FA38  MPIR_Alltoall_imp     Unknown  Unknown
libmpi.so.12       000014F060F9F29E  PMPI_Alltoall         Unknown  Unknown
libmpifort.so.12.  000014F06167A6C6  mpi_alltoall__        Unknown  Unknown
vasp_std           0000000000412DF7  Unknown               Unknown  Unknown
vasp_std           000000000058423A  Unknown               Unknown  Unknown
vasp_std           0000000000E8740F  Unknown               Unknown  Unknown
vasp_std           0000000000EF8360  Unknown               Unknown  Unknown
vasp_std           000000000161C771  Unknown               Unknown  Unknown
vasp_std           00000000015F6996  Unknown               Unknown  Unknown
vasp_std           000000000040758E  Unknown               Unknown  Unknown
libc-2.28.so       000014F060186493  __libc_start_main     Unknown  Unknown
vasp_std           00000000004074A9  Unknown               Unknown  Unknown
forrtl: error (69): process interrupted (SIGINT)
Image              PC                Routine            Line        Source             
vasp_std           0000000001778ABE  Unknown               Unknown  Unknown
libpthread-2.28.s  000014CB00CE5C20  Unknown               Unknown  Unknown
libmpi.so.12       000014CB013E7806  MPIDI_CH3_iSendv      Unknown  Unknown
libmpi.so.12       000014CB013FD7A1  MPIDI_CH3_EagerCo     Unknown  Unknown
libmpi.so.12       000014CB01584F24  MPID_Isend            Unknown  Unknown
libmpi.so.12       000014CB014FFEA1  MPIC_Isend            Unknown  Unknown
libmpi.so.12       000014CB013C958E  MPIR_Alltoall_int     Unknown  Unknown
libmpi.so.12       000014CB013C8A9A  MPIR_Alltoall         Unknown  Unknown
libmpi.so.12       000014CB013C8A38  MPIR_Alltoall_imp     Unknown  Unknown
libmpi.so.12       000014CB013C829E  PMPI_Alltoall         Unknown  Unknown
libmpifort.so.12.  000014CB01AA36C6  mpi_alltoall__        Unknown  Unknown
vasp_std           0000000000412DF7  Unknown               Unknown  Unknown
vasp_std           000000000058423A  Unknown               Unknown  Unknown
vasp_std           0000000000E8740F  Unknown               Unknown  Unknown
vasp_std           0000000000EF8360  Unknown               Unknown  Unknown
vasp_std           000000000161C771  Unknown               Unknown  Unknown
vasp_std           00000000015F6996  Unknown               Unknown  Unknown
vasp_std           000000000040758E  Unknown               Unknown  Unknown
libc-2.28.so       000014CB005AF493  __libc_start_main     Unknown  Unknown
vasp_std           00000000004074A9  Unknown               Unknown  Unknown
forrtl: error (69): process interrupted (SIGINT)
Image              PC                Routine            Line        Source             
vasp_std           0000000001778ABE  Unknown               Unknown  Unknown
libpthread-2.28.s  0000148EA0422C20  Unknown               Unknown  Unknown
libmpifort.so.12.  0000148EA11FA373  __I_MPI___intel_s     Unknown  Unknown
libmpi.so.12.0     0000148EA0B38676  Unknown               Unknown  Unknown
libmpi.so.12       0000148EA0B38266  MPIDI_CH3U_Buffer     Unknown  Unknown
libmpi.so.12       0000148EA0CE7E9D  MPIDI_Isend_self      Unknown  Unknown
libmpi.so.12       0000148EA0CC1BBF  MPID_Isend            Unknown  Unknown
libmpi.so.12       0000148EA0C3CEA1  MPIC_Isend            Unknown  Unknown
libmpi.so.12       0000148EA0B0658E  MPIR_Alltoall_int     Unknown  Unknown
libmpi.so.12       0000148EA0B05A9A  MPIR_Alltoall         Unknown  Unknown
libmpi.so.12       0000148EA0B05A38  MPIR_Alltoall_imp     Unknown  Unknown
libmpi.so.12       0000148EA0B0529E  PMPI_Alltoall         Unknown  Unknown
libmpifort.so.12.  0000148EA11E06C6  mpi_alltoall__        Unknown  Unknown
vasp_std           0000000000412DF7  Unknown               Unknown  Unknown
vasp_std           000000000058423A  Unknown               Unknown  Unknown
vasp_std           0000000000E8740F  Unknown               Unknown  Unknown
vasp_std           0000000000EF8360  Unknown               Unknown  Unknown
vasp_std           000000000161C771  Unknown               Unknown  Unknown
vasp_std           00000000015F6996  Unknown               Unknown  Unknown
vasp_std           000000000040758E  Unknown               Unknown  Unknown
libc-2.28.so       0000148E9FCEC493  __libc_start_main     Unknown  Unknown
vasp_std           00000000004074A9  Unknown               Unknown  Unknown
