forrtl: error (69): process interrupted (SIGINT)
Image              PC                Routine            Line        Source             
vasp_std           0000000001778ABE  Unknown               Unknown  Unknown
libpthread-2.28.s  000014644D986C20  Unknown               Unknown  Unknown
libmpi.so.12       000014644E088C26  MPIDI_CH3_iSendv      Unknown  Unknown
libmpi.so.12       000014644E09E7A1  MPIDI_CH3_EagerCo     Unknown  Unknown
libmpi.so.12       000014644E225F24  MPID_Isend            Unknown  Unknown
libmpi.so.12       000014644E1A30D0  MPIC_Sendrecv         Unknown  Unknown
libmpi.so.12       000014644E06691F  MPIR_Allreduce_in     Unknown  Unknown
libmpi.so.12       000014644E068B5D  MPIR_Allreduce_im     Unknown  Unknown
libmpi.so.12       000014644E06838E  PMPI_Allreduce        Unknown  Unknown
libmpifort.so.12.  000014644E744637  mpi_allreduce_        Unknown  Unknown
vasp_std           0000000000415685  Unknown               Unknown  Unknown
vasp_std           0000000000820827  Unknown               Unknown  Unknown
vasp_std           0000000000EF897F  Unknown               Unknown  Unknown
vasp_std           000000000161C771  Unknown               Unknown  Unknown
vasp_std           00000000015F6996  Unknown               Unknown  Unknown
vasp_std           000000000040758E  Unknown               Unknown  Unknown
libc-2.28.so       000014644D250493  __libc_start_main     Unknown  Unknown
vasp_std           00000000004074A9  Unknown               Unknown  Unknown
forrtl: error (69): process interrupted (SIGINT)
Image              PC                Routine            Line        Source             
vasp_std           0000000001778ABE  Unknown               Unknown  Unknown
libpthread-2.28.s  000014DAF29C9C20  Unknown               Unknown  Unknown
libc-2.28.so       000014DAF23536BB  __sched_yield         Unknown  Unknown
libmpi.so.12.0     000014DAF30D97F4  Unknown               Unknown  Unknown
libmpi.so.12       000014DAF30D3D6E  PMPIDI_CH3I_Progr     Unknown  Unknown
libmpi.so.12       000014DAF31E6339  MPIC_Wait             Unknown  Unknown
libmpi.so.12       000014DAF31E60F8  MPIC_Sendrecv         Unknown  Unknown
libmpi.so.12       000014DAF30A7463  MPIR_Allreduce_in     Unknown  Unknown
libmpi.so.12       000014DAF30ABB5D  MPIR_Allreduce_im     Unknown  Unknown
libmpi.so.12       000014DAF30AB38E  PMPI_Allreduce        Unknown  Unknown
libmpifort.so.12.  000014DAF3787637  mpi_allreduce_        Unknown  Unknown
vasp_std           0000000000415685  Unknown               Unknown  Unknown
vasp_std           000000000082088C  Unknown               Unknown  Unknown
vasp_std           0000000000EF897F  Unknown               Unknown  Unknown
vasp_std           000000000161C771  Unknown               Unknown  Unknown
vasp_std           00000000015F6996  Unknown               Unknown  Unknown
vasp_std           000000000040758E  Unknown               Unknown  Unknown
libc-2.28.so       000014DAF2293493  __libc_start_main     Unknown  Unknown
vasp_std           00000000004074A9  Unknown               Unknown  Unknown
forrtl: error (69): process interrupted (SIGINT)
Image              PC                Routine            Line        Source             
vasp_std           0000000001778ABE  Unknown               Unknown  Unknown
libpthread-2.28.s  000014EF36BBEC20  Unknown               Unknown  Unknown
libmpi.so.12.0     000014EF372CE271  Unknown               Unknown  Unknown
libmpi.so.12       000014EF372C8D6E  PMPIDI_CH3I_Progr     Unknown  Unknown
libmpi.so.12       000014EF373DB339  MPIC_Wait             Unknown  Unknown
libmpi.so.12       000014EF373DB0F8  MPIC_Sendrecv         Unknown  Unknown
libmpi.so.12       000014EF3729C463  MPIR_Allreduce_in     Unknown  Unknown
libmpi.so.12       000014EF372A0B5D  MPIR_Allreduce_im     Unknown  Unknown
libmpi.so.12       000014EF372A038E  PMPI_Allreduce        Unknown  Unknown
libmpifort.so.12.  000014EF3797C637  mpi_allreduce_        Unknown  Unknown
vasp_std           0000000000415685  Unknown               Unknown  Unknown
vasp_std           000000000082088C  Unknown               Unknown  Unknown
vasp_std           0000000000EF897F  Unknown               Unknown  Unknown
vasp_std           000000000161C771  Unknown               Unknown  Unknown
vasp_std           00000000015F6996  Unknown               Unknown  Unknown
vasp_std           000000000040758E  Unknown               Unknown  Unknown
libc-2.28.so       000014EF36488493  __libc_start_main     Unknown  Unknown
vasp_std           00000000004074A9  Unknown               Unknown  Unknown
forrtl: error (69): process interrupted (SIGINT)
Image              PC                Routine            Line        Source             
vasp_std           0000000001778ABE  Unknown               Unknown  Unknown
libpthread-2.28.s  000014B5DCF5CC20  Unknown               Unknown  Unknown
libmpi.so.12.0     000014B5DD66C58B  Unknown               Unknown  Unknown
libmpi.so.12       000014B5DD666D6E  PMPIDI_CH3I_Progr     Unknown  Unknown
libmpi.so.12       000014B5DD779339  MPIC_Wait             Unknown  Unknown
libmpi.so.12       000014B5DD7790F8  MPIC_Sendrecv         Unknown  Unknown
libmpi.so.12       000014B5DD63A463  MPIR_Allreduce_in     Unknown  Unknown
libmpi.so.12       000014B5DD63EB5D  MPIR_Allreduce_im     Unknown  Unknown
libmpi.so.12       000014B5DD63E38E  PMPI_Allreduce        Unknown  Unknown
libmpifort.so.12.  000014B5DDD1A637  mpi_allreduce_        Unknown  Unknown
vasp_std           0000000000415685  Unknown               Unknown  Unknown
vasp_std           000000000082088C  Unknown               Unknown  Unknown
vasp_std           0000000000EF897F  Unknown               Unknown  Unknown
vasp_std           000000000161C771  Unknown               Unknown  Unknown
vasp_std           00000000015F6996  Unknown               Unknown  Unknown
vasp_std           000000000040758E  Unknown               Unknown  Unknown
libc-2.28.so       000014B5DC826493  __libc_start_main     Unknown  Unknown
vasp_std           00000000004074A9  Unknown               Unknown  Unknown
forrtl: error (69): process interrupted (SIGINT)
Image              PC                Routine            Line        Source             
vasp_std           0000000001778ABE  Unknown               Unknown  Unknown
libpthread-2.28.s  000014ACCC0E5C20  Unknown               Unknown  Unknown
libmpi.so.12.0     000014ACCC7F558B  Unknown               Unknown  Unknown
libmpi.so.12       000014ACCC7EFD6E  PMPIDI_CH3I_Progr     Unknown  Unknown
libmpi.so.12       000014ACCC902339  MPIC_Wait             Unknown  Unknown
libmpi.so.12       000014ACCC9020F8  MPIC_Sendrecv         Unknown  Unknown
libmpi.so.12       000014ACCC7C591F  MPIR_Allreduce_in     Unknown  Unknown
libmpi.so.12       000014ACCC7C7B5D  MPIR_Allreduce_im     Unknown  Unknown
libmpi.so.12       000014ACCC7C738E  PMPI_Allreduce        Unknown  Unknown
libmpifort.so.12.  000014ACCCEA3637  mpi_allreduce_        Unknown  Unknown
vasp_std           0000000000415685  Unknown               Unknown  Unknown
vasp_std           0000000000820827  Unknown               Unknown  Unknown
vasp_std           0000000000EF897F  Unknown               Unknown  Unknown
vasp_std           000000000161C771  Unknown               Unknown  Unknown
vasp_std           00000000015F6996  Unknown               Unknown  Unknown
vasp_std           000000000040758E  Unknown               Unknown  Unknown
libc-2.28.so       000014ACCB9AF493  __libc_start_main     Unknown  Unknown
vasp_std           00000000004074A9  Unknown               Unknown  Unknown
forrtl: error (69): process interrupted (SIGINT)
Image              PC                Routine            Line        Source             
vasp_std           0000000001778ABE  Unknown               Unknown  Unknown
libpthread-2.28.s  00001507FD7B2C20  Unknown               Unknown  Unknown
libmpi.so.12       00001507FDEB4806  MPIDI_CH3_iSendv      Unknown  Unknown
libmpi.so.12       00001507FDECA7A1  MPIDI_CH3_EagerCo     Unknown  Unknown
libmpi.so.12       00001507FE051F24  MPID_Isend            Unknown  Unknown
libmpi.so.12       00001507FDFCF0D0  MPIC_Sendrecv         Unknown  Unknown
libmpi.so.12       00001507FDE9291F  MPIR_Allreduce_in     Unknown  Unknown
libmpi.so.12       00001507FDE94B5D  MPIR_Allreduce_im     Unknown  Unknown
libmpi.so.12       00001507FDE9438E  PMPI_Allreduce        Unknown  Unknown
libmpifort.so.12.  00001507FE570637  mpi_allreduce_        Unknown  Unknown
vasp_std           0000000000415685  Unknown               Unknown  Unknown
vasp_std           0000000000820827  Unknown               Unknown  Unknown
vasp_std           0000000000EF897F  Unknown               Unknown  Unknown
vasp_std           000000000161C771  Unknown               Unknown  Unknown
vasp_std           00000000015F6996  Unknown               Unknown  Unknown
vasp_std           000000000040758E  Unknown               Unknown  Unknown
libc-2.28.so       00001507FD07C493  __libc_start_main     Unknown  Unknown
vasp_std           00000000004074A9  Unknown               Unknown  Unknown
forrtl: error (69): process interrupted (SIGINT)
Image              PC                Routine            Line        Source             
vasp_std           0000000001778ABE  Unknown               Unknown  Unknown
libpthread-2.28.s  0000154536B7EC20  Unknown               Unknown  Unknown
libmpi.so.12.0     000015453728E594  Unknown               Unknown  Unknown
libmpi.so.12       0000154537288D6E  PMPIDI_CH3I_Progr     Unknown  Unknown
libmpi.so.12       000015453739B339  MPIC_Wait             Unknown  Unknown
libmpi.so.12       000015453739B0F8  MPIC_Sendrecv         Unknown  Unknown
libmpi.so.12       000015453725C463  MPIR_Allreduce_in     Unknown  Unknown
libmpi.so.12       0000154537260B5D  MPIR_Allreduce_im     Unknown  Unknown
libmpi.so.12       000015453726038E  PMPI_Allreduce        Unknown  Unknown
libmpifort.so.12.  000015453793C637  mpi_allreduce_        Unknown  Unknown
vasp_std           0000000000415685  Unknown               Unknown  Unknown
vasp_std           000000000082088C  Unknown               Unknown  Unknown
vasp_std           0000000000EF897F  Unknown               Unknown  Unknown
vasp_std           000000000161C771  Unknown               Unknown  Unknown
vasp_std           00000000015F6996  Unknown               Unknown  Unknown
vasp_std           000000000040758E  Unknown               Unknown  Unknown
libc-2.28.so       0000154536448493  __libc_start_main     Unknown  Unknown
vasp_std           00000000004074A9  Unknown               Unknown  Unknown
forrtl: error (69): process interrupted (SIGINT)
Image              PC                Routine            Line        Source             
vasp_std           0000000001778ABE  Unknown               Unknown  Unknown
libpthread-2.28.s  0000150A978C2C20  Unknown               Unknown  Unknown
libmpi.so.12       0000150A97FC4806  MPIDI_CH3_iSendv      Unknown  Unknown
libmpi.so.12       0000150A97FDA7A1  MPIDI_CH3_EagerCo     Unknown  Unknown
libmpi.so.12       0000150A98161F24  MPID_Isend            Unknown  Unknown
libmpi.so.12       0000150A980DF0D0  MPIC_Sendrecv         Unknown  Unknown
libmpi.so.12       0000150A97FA291F  MPIR_Allreduce_in     Unknown  Unknown
libmpi.so.12       0000150A97FA4B5D  MPIR_Allreduce_im     Unknown  Unknown
libmpi.so.12       0000150A97FA438E  PMPI_Allreduce        Unknown  Unknown
libmpifort.so.12.  0000150A98680637  mpi_allreduce_        Unknown  Unknown
vasp_std           0000000000415685  Unknown               Unknown  Unknown
vasp_std           0000000000820827  Unknown               Unknown  Unknown
vasp_std           0000000000EF897F  Unknown               Unknown  Unknown
vasp_std           000000000161C771  Unknown               Unknown  Unknown
vasp_std           00000000015F6996  Unknown               Unknown  Unknown
vasp_std           000000000040758E  Unknown               Unknown  Unknown
libc-2.28.so       0000150A9718C493  __libc_start_main     Unknown  Unknown
vasp_std           00000000004074A9  Unknown               Unknown  Unknown
