forrtl: error (69): process interrupted (SIGINT)
Image              PC                Routine            Line        Source             
vasp_std           0000000001778ABE  Unknown               Unknown  Unknown
libpthread-2.28.s  000014C84899CC20  Unknown               Unknown  Unknown
vasp_std           00000000006388C1  Unknown               Unknown  Unknown
vasp_std           000000000063A1D8  Unknown               Unknown  Unknown
vasp_std           00000000006699F9  Unknown               Unknown  Unknown
vasp_std           0000000000E8029D  Unknown               Unknown  Unknown
vasp_std           0000000000EF8360  Unknown               Unknown  Unknown
vasp_std           000000000161C771  Unknown               Unknown  Unknown
vasp_std           00000000015F6996  Unknown               Unknown  Unknown
vasp_std           000000000040758E  Unknown               Unknown  Unknown
libc-2.28.so       000014C848266493  __libc_start_main     Unknown  Unknown
vasp_std           00000000004074A9  Unknown               Unknown  Unknown
forrtl: error (69): process interrupted (SIGINT)
Image              PC                Routine            Line        Source             
vasp_std           0000000001778ABE  Unknown               Unknown  Unknown
libpthread-2.28.s  0000145F30FE6C20  Unknown               Unknown  Unknown
vasp_std           000000000063896C  Unknown               Unknown  Unknown
vasp_std           000000000063A1D8  Unknown               Unknown  Unknown
vasp_std           00000000006699F9  Unknown               Unknown  Unknown
vasp_std           0000000000E8029D  Unknown               Unknown  Unknown
vasp_std           0000000000EF8360  Unknown               Unknown  Unknown
vasp_std           000000000161C771  Unknown               Unknown  Unknown
vasp_std           00000000015F6996  Unknown               Unknown  Unknown
vasp_std           000000000040758E  Unknown               Unknown  Unknown
libc-2.28.so       0000145F308B0493  __libc_start_main     Unknown  Unknown
vasp_std           00000000004074A9  Unknown               Unknown  Unknown
forrtl: error (69): process interrupted (SIGINT)
Image              PC                Routine            Line        Source             
vasp_std           0000000001778ABE  Unknown               Unknown  Unknown
libpthread-2.28.s  00001532A858BC20  Unknown               Unknown  Unknown
vasp_std           00000000006388C1  Unknown               Unknown  Unknown
vasp_std           000000000063A1D8  Unknown               Unknown  Unknown
vasp_std           00000000006699F9  Unknown               Unknown  Unknown
vasp_std           0000000000E8029D  Unknown               Unknown  Unknown
vasp_std           0000000000EF8360  Unknown               Unknown  Unknown
vasp_std           000000000161C771  Unknown               Unknown  Unknown
vasp_std           00000000015F6996  Unknown               Unknown  Unknown
vasp_std           000000000040758E  Unknown               Unknown  Unknown
libc-2.28.so       00001532A7E55493  __libc_start_main     Unknown  Unknown
vasp_std           00000000004074A9  Unknown               Unknown  Unknown
forrtl: error (69): process interrupted (SIGINT)
Image              PC                Routine            Line        Source             
vasp_std           0000000001778ABE  Unknown               Unknown  Unknown
libpthread-2.28.s  000014B3E3EEEC20  Unknown               Unknown  Unknown
vasp_std           0000000000638985  Unknown               Unknown  Unknown
vasp_std           000000000063A1D8  Unknown               Unknown  Unknown
vasp_std           00000000006699F9  Unknown               Unknown  Unknown
vasp_std           0000000000E8029D  Unknown               Unknown  Unknown
vasp_std           0000000000EF8360  Unknown               Unknown  Unknown
vasp_std           000000000161C771  Unknown               Unknown  Unknown
vasp_std           00000000015F6996  Unknown               Unknown  Unknown
vasp_std           000000000040758E  Unknown               Unknown  Unknown
libc-2.28.so       000014B3E37B8493  __libc_start_main     Unknown  Unknown
vasp_std           00000000004074A9  Unknown               Unknown  Unknown
forrtl: error (69): process interrupted (SIGINT)
Image              PC                Routine            Line        Source             
vasp_std           0000000001778ABE  Unknown               Unknown  Unknown
libpthread-2.28.s  000014EAED894C20  Unknown               Unknown  Unknown
vasp_std           0000000001778510  Unknown               Unknown  Unknown
libpthread-2.28.s  000014EAED894C20  Unknown               Unknown  Unknown
vasp_std           000000000063895F  Unknown               Unknown  Unknown
vasp_std           000000000063A1D8  Unknown               Unknown  Unknown
vasp_std           00000000006699F9  Unknown               Unknown  Unknown
vasp_std           0000000000E8029D  Unknown               Unknown  Unknown
vasp_std           0000000000EF8360  Unknown               Unknown  Unknown
vasp_std           000000000161C771  Unknown               Unknown  Unknown
vasp_std           00000000015F6996  Unknown               Unknown  Unknown
vasp_std           000000000040758E  Unknown               Unknown  Unknown
libc-2.28.so       000014EAED15E493  __libc_start_main     Unknown  Unknown
vasp_std           00000000004074A9  Unknown               Unknown  Unknown
forrtl: error (69): process interrupted (SIGINT)
Image              PC                Routine            Line        Source             
vasp_std           0000000001778ABE  Unknown               Unknown  Unknown
libpthread-2.28.s  0000154B010D2C20  Unknown               Unknown  Unknown
libmkl_avx512.so   0000154AF8719E75  mkl_blas_avx512_d     Unknown  Unknown
forrtl: error (69): process interrupted (SIGINT)
Image              PC                Routine            Line        Source             
vasp_std           0000000001778ABE  Unknown               Unknown  Unknown
libpthread-2.28.s  0000150670789C20  Unknown               Unknown  Unknown
libmkl_avx512.so   0000150667DD0E6E  mkl_blas_avx512_d     Unknown  Unknown
forrtl: error (69): process interrupted (SIGINT)
Image              PC                Routine            Line        Source             
vasp_std           0000000001778ABE  Unknown               Unknown  Unknown
libpthread-2.28.s  0000145AD1108C20  Unknown               Unknown  Unknown
libmkl_avx512.so   0000145AC874FCB4  mkl_blas_avx512_d     Unknown  Unknown
