forrtl: error (69): process interrupted (SIGINT)
Image              PC                Routine            Line        Source             
vasp_std           0000000001778ABE  Unknown               Unknown  Unknown
libpthread-2.28.s  000014F8A59E4C20  Unknown               Unknown  Unknown
vasp_std           000000000066A6CB  Unknown               Unknown  Unknown
vasp_std           0000000000E8029D  Unknown               Unknown  Unknown
vasp_std           0000000000EF8360  Unknown               Unknown  Unknown
vasp_std           000000000161C771  Unknown               Unknown  Unknown
vasp_std           00000000015F6996  Unknown               Unknown  Unknown
vasp_std           000000000040758E  Unknown               Unknown  Unknown
libc-2.28.so       000014F8A52AE493  __libc_start_main     Unknown  Unknown
vasp_std           00000000004074A9  Unknown               Unknown  Unknown
forrtl: error (69): process interrupted (SIGINT)
Image              PC                Routine            Line        Source             
vasp_std           0000000001778ABE  Unknown               Unknown  Unknown
libpthread-2.28.s  000014B251E3EC20  Unknown               Unknown  Unknown
vasp_std           0000000001778510  Unknown               Unknown  Unknown
libpthread-2.28.s  000014B251E3EC20  Unknown               Unknown  Unknown
vasp_std           000000000063896C  Unknown               Unknown  Unknown
vasp_std           000000000063A1D8  Unknown               Unknown  Unknown
vasp_std           00000000006699F9  Unknown               Unknown  Unknown
vasp_std           0000000000E8029D  Unknown               Unknown  Unknown
vasp_std           0000000000EF8360  Unknown               Unknown  Unknown
vasp_std           000000000161C771  Unknown               Unknown  Unknown
vasp_std           00000000015F6996  Unknown               Unknown  Unknown
vasp_std           000000000040758E  Unknown               Unknown  Unknown
libc-2.28.so       000014B251708493  __libc_start_main     Unknown  Unknown
vasp_std           00000000004074A9  Unknown               Unknown  Unknown
forrtl: error (69): process interrupted (SIGINT)
Image              PC                Routine            Line        Source             
vasp_std           0000000001778ABE  Unknown               Unknown  Unknown
libpthread-2.28.s  000015553A6FCC20  Unknown               Unknown  Unknown
vasp_std           000000000063895F  Unknown               Unknown  Unknown
vasp_std           000000000063A1D8  Unknown               Unknown  Unknown
vasp_std           00000000006699F9  Unknown               Unknown  Unknown
vasp_std           0000000000E8029D  Unknown               Unknown  Unknown
vasp_std           0000000000EF8360  Unknown               Unknown  Unknown
vasp_std           000000000161C771  Unknown               Unknown  Unknown
vasp_std           00000000015F6996  Unknown               Unknown  Unknown
vasp_std           000000000040758E  Unknown               Unknown  Unknown
libc-2.28.so       0000155539FC6493  __libc_start_main     Unknown  Unknown
vasp_std           00000000004074A9  Unknown               Unknown  Unknown
forrtl: error (69): process interrupted (SIGINT)
Image              PC                Routine            Line        Source             
vasp_std           0000000001778ABE  Unknown               Unknown  Unknown
libpthread-2.28.s  000014D460BE3C20  Unknown               Unknown  Unknown
vasp_std           000000000066A6CB  Unknown               Unknown  Unknown
vasp_std           0000000000E8029D  Unknown               Unknown  Unknown
vasp_std           0000000000EF8360  Unknown               Unknown  Unknown
vasp_std           000000000161C771  Unknown               Unknown  Unknown
vasp_std           00000000015F6996  Unknown               Unknown  Unknown
vasp_std           000000000040758E  Unknown               Unknown  Unknown
libc-2.28.so       000014D4604AD493  __libc_start_main     Unknown  Unknown
vasp_std           00000000004074A9  Unknown               Unknown  Unknown
forrtl: error (69): process interrupted (SIGINT)
Image              PC                Routine            Line        Source             
vasp_std           0000000001778ABE  Unknown               Unknown  Unknown
libpthread-2.28.s  000014B721B37C20  Unknown               Unknown  Unknown
libmpi.so.12.0     000014B722247271  Unknown               Unknown  Unknown
libmpi.so.12       000014B722241D6E  PMPIDI_CH3I_Progr     Unknown  Unknown
libmpi.so.12       000014B722354339  MPIC_Wait             Unknown  Unknown
libmpi.so.12       000014B7223540F8  MPIC_Sendrecv         Unknown  Unknown
libmpi.so.12       000014B722215C7C  MPIR_Allreduce_in     Unknown  Unknown
libmpi.so.12       000014B722219B5D  MPIR_Allreduce_im     Unknown  Unknown
libmpi.so.12       000014B72221938E  PMPI_Allreduce        Unknown  Unknown
libmpifort.so.12.  000014B7228F5637  mpi_allreduce_        Unknown  Unknown
vasp_std           000000000041544F  Unknown               Unknown  Unknown
vasp_std           0000000000638050  Unknown               Unknown  Unknown
vasp_std           000000000063A1D8  Unknown               Unknown  Unknown
vasp_std           00000000006699F9  Unknown               Unknown  Unknown
vasp_std           0000000000E8029D  Unknown               Unknown  Unknown
vasp_std           0000000000EF8360  Unknown               Unknown  Unknown
vasp_std           000000000161C771  Unknown               Unknown  Unknown
vasp_std           00000000015F6996  Unknown               Unknown  Unknown
vasp_std           000000000040758E  Unknown               Unknown  Unknown
libc-2.28.so       000014B721401493  __libc_start_main     Unknown  Unknown
vasp_std           00000000004074A9  Unknown               Unknown  Unknown
forrtl: error (69): process interrupted (SIGINT)
Image              PC                Routine            Line        Source             
vasp_std           0000000001778ABE  Unknown               Unknown  Unknown
libpthread-2.28.s  000014B524AB3C20  Unknown               Unknown  Unknown
libmpifort.so.12.  000014B52587E5A9  __I_MPI__intel_fa     Unknown  Unknown
libmpi.so.12.0     000014B5252CE606  Unknown               Unknown  Unknown
libmpi.so.12       000014B5252CE02B  MPIR_Localcopy        Unknown  Unknown
libmpi.so.12       000014B525190E08  MPIR_Allreduce_in     Unknown  Unknown
libmpi.so.12       000014B525195B5D  MPIR_Allreduce_im     Unknown  Unknown
libmpi.so.12       000014B52519538E  PMPI_Allreduce        Unknown  Unknown
libmpifort.so.12.  000014B525871637  mpi_allreduce_        Unknown  Unknown
vasp_std           000000000041544F  Unknown               Unknown  Unknown
vasp_std           0000000000638050  Unknown               Unknown  Unknown
vasp_std           000000000063A1D8  Unknown               Unknown  Unknown
vasp_std           00000000006699F9  Unknown               Unknown  Unknown
vasp_std           0000000000E8029D  Unknown               Unknown  Unknown
vasp_std           0000000000EF8360  Unknown               Unknown  Unknown
vasp_std           000000000161C771  Unknown               Unknown  Unknown
vasp_std           00000000015F6996  Unknown               Unknown  Unknown
vasp_std           000000000040758E  Unknown               Unknown  Unknown
libc-2.28.so       000014B52437D493  __libc_start_main     Unknown  Unknown
vasp_std           00000000004074A9  Unknown               Unknown  Unknown
forrtl: error (69): process interrupted (SIGINT)
Image              PC                Routine            Line        Source             
vasp_std           0000000001778ABE  Unknown               Unknown  Unknown
libpthread-2.28.s  00001520C7F11C20  Unknown               Unknown  Unknown
libmpi.so.12       00001520C8613752  MPIDI_CH3_iSendv      Unknown  Unknown
libmpi.so.12       00001520C86297A1  MPIDI_CH3_EagerCo     Unknown  Unknown
libmpi.so.12       00001520C87B0F24  MPID_Isend            Unknown  Unknown
libmpi.so.12       00001520C872E0D0  MPIC_Sendrecv         Unknown  Unknown
libmpi.so.12       00001520C85EFC7C  MPIR_Allreduce_in     Unknown  Unknown
libmpi.so.12       00001520C85F3B5D  MPIR_Allreduce_im     Unknown  Unknown
libmpi.so.12       00001520C85F338E  PMPI_Allreduce        Unknown  Unknown
libmpifort.so.12.  00001520C8CCF637  mpi_allreduce_        Unknown  Unknown
vasp_std           000000000041544F  Unknown               Unknown  Unknown
vasp_std           0000000000638050  Unknown               Unknown  Unknown
vasp_std           000000000063A1D8  Unknown               Unknown  Unknown
vasp_std           00000000006699F9  Unknown               Unknown  Unknown
vasp_std           0000000000E8029D  Unknown               Unknown  Unknown
vasp_std           0000000000EF8360  Unknown               Unknown  Unknown
vasp_std           000000000161C771  Unknown               Unknown  Unknown
vasp_std           00000000015F6996  Unknown               Unknown  Unknown
vasp_std           000000000040758E  Unknown               Unknown  Unknown
libc-2.28.so       00001520C77DB493  __libc_start_main     Unknown  Unknown
vasp_std           00000000004074A9  Unknown               Unknown  Unknown
forrtl: error (69): process interrupted (SIGINT)
Image              PC                Routine            Line        Source             
vasp_std           0000000001778ABE  Unknown               Unknown  Unknown
libpthread-2.28.s  00001509A10D1C20  Unknown               Unknown  Unknown
libmpi.so.12       00001509A17DB617  PMPIDI_CH3I_Progr     Unknown  Unknown
libmpi.so.12       00001509A18EE339  MPIC_Wait             Unknown  Unknown
libmpi.so.12       00001509A18EE0F8  MPIC_Sendrecv         Unknown  Unknown
libmpi.so.12       00001509A17AFC7C  MPIR_Allreduce_in     Unknown  Unknown
libmpi.so.12       00001509A17B3B5D  MPIR_Allreduce_im     Unknown  Unknown
libmpi.so.12       00001509A17B338E  PMPI_Allreduce        Unknown  Unknown
libmpifort.so.12.  00001509A1E8F637  mpi_allreduce_        Unknown  Unknown
vasp_std           000000000041544F  Unknown               Unknown  Unknown
vasp_std           0000000000638050  Unknown               Unknown  Unknown
vasp_std           000000000063A1D8  Unknown               Unknown  Unknown
vasp_std           00000000006699F9  Unknown               Unknown  Unknown
vasp_std           0000000000E8029D  Unknown               Unknown  Unknown
vasp_std           0000000000EF8360  Unknown               Unknown  Unknown
vasp_std           000000000161C771  Unknown               Unknown  Unknown
vasp_std           00000000015F6996  Unknown               Unknown  Unknown
vasp_std           000000000040758E  Unknown               Unknown  Unknown
libc-2.28.so       00001509A099B493  __libc_start_main     Unknown  Unknown
vasp_std           00000000004074A9  Unknown               Unknown  Unknown
