forrtl: error (69): process interrupted (SIGINT)
Image              PC                Routine            Line        Source             
vasp_std           0000000001778ABE  Unknown               Unknown  Unknown
libpthread-2.28.s  0000148FA6CD1C20  Unknown               Unknown  Unknown
vasp_std           00000000015931AC  Unknown               Unknown  Unknown
vasp_std           000000000058F5A4  Unknown               Unknown  Unknown
vasp_std           0000000000E7EE3E  Unknown               Unknown  Unknown
vasp_std           0000000000EF8360  Unknown               Unknown  Unknown
vasp_std           000000000161C771  Unknown               Unknown  Unknown
vasp_std           00000000015F6996  Unknown               Unknown  Unknown
vasp_std           000000000040758E  Unknown               Unknown  Unknown
libc-2.28.so       0000148FA659B493  __libc_start_main     Unknown  Unknown
vasp_std           00000000004074A9  Unknown               Unknown  Unknown
forrtl: error (69): process interrupted (SIGINT)
Image              PC                Routine            Line        Source             
vasp_std           0000000001778ABE  Unknown               Unknown  Unknown
libpthread-2.28.s  000014933BB79C20  Unknown               Unknown  Unknown
vasp_std           00000000015931A6  Unknown               Unknown  Unknown
vasp_std           000000000058F5A4  Unknown               Unknown  Unknown
vasp_std           0000000000E7EE3E  Unknown               Unknown  Unknown
vasp_std           0000000000EF8360  Unknown               Unknown  Unknown
vasp_std           000000000161C771  Unknown               Unknown  Unknown
vasp_std           00000000015F6996  Unknown               Unknown  Unknown
vasp_std           000000000040758E  Unknown               Unknown  Unknown
libc-2.28.so       000014933B443493  __libc_start_main     Unknown  Unknown
vasp_std           00000000004074A9  Unknown               Unknown  Unknown
forrtl: error (69): process interrupted (SIGINT)
Image              PC                Routine            Line        Source             
vasp_std           0000000001778ABE  Unknown               Unknown  Unknown
libpthread-2.28.s  000014FD55216C20  Unknown               Unknown  Unknown
vasp_std           00000000015931AC  Unknown               Unknown  Unknown
vasp_std           000000000058F5A4  Unknown               Unknown  Unknown
vasp_std           0000000000E7EE3E  Unknown               Unknown  Unknown
vasp_std           0000000000EF8360  Unknown               Unknown  Unknown
vasp_std           000000000161C771  Unknown               Unknown  Unknown
vasp_std           00000000015F6996  Unknown               Unknown  Unknown
vasp_std           000000000040758E  Unknown               Unknown  Unknown
libc-2.28.so       000014FD54AE0493  __libc_start_main     Unknown  Unknown
vasp_std           00000000004074A9  Unknown               Unknown  Unknown
forrtl: error (69): process interrupted (SIGINT)
Image              PC                Routine            Line        Source             
vasp_std           0000000001778ABE  Unknown               Unknown  Unknown
libpthread-2.28.s  000014CF8924BC20  Unknown               Unknown  Unknown
vasp_std           00000000015931A6  Unknown               Unknown  Unknown
vasp_std           000000000058F5A4  Unknown               Unknown  Unknown
vasp_std           0000000000E7EE3E  Unknown               Unknown  Unknown
vasp_std           0000000000EF8360  Unknown               Unknown  Unknown
vasp_std           000000000161C771  Unknown               Unknown  Unknown
vasp_std           00000000015F6996  Unknown               Unknown  Unknown
vasp_std           000000000040758E  Unknown               Unknown  Unknown
libc-2.28.so       000014CF88B15493  __libc_start_main     Unknown  Unknown
vasp_std           00000000004074A9  Unknown               Unknown  Unknown
forrtl: error (69): process interrupted (SIGINT)
Image              PC                Routine            Line        Source             
vasp_std           0000000001778ABE  Unknown               Unknown  Unknown
libpthread-2.28.s  0000145A71C40C20  Unknown               Unknown  Unknown
vasp_std           00000000015931A6  Unknown               Unknown  Unknown
vasp_std           000000000058F5A4  Unknown               Unknown  Unknown
vasp_std           0000000000E7EE3E  Unknown               Unknown  Unknown
vasp_std           0000000000EF8360  Unknown               Unknown  Unknown
vasp_std           000000000161C771  Unknown               Unknown  Unknown
vasp_std           00000000015F6996  Unknown               Unknown  Unknown
vasp_std           000000000040758E  Unknown               Unknown  Unknown
libc-2.28.so       0000145A7150A493  __libc_start_main     Unknown  Unknown
vasp_std           00000000004074A9  Unknown               Unknown  Unknown
forrtl: error (69): process interrupted (SIGINT)
Image              PC                Routine            Line        Source             
vasp_std           0000000001778ABE  Unknown               Unknown  Unknown
libpthread-2.28.s  0000152663AD3C20  Unknown               Unknown  Unknown
vasp_std           00000000015931A6  Unknown               Unknown  Unknown
vasp_std           000000000058F5A4  Unknown               Unknown  Unknown
vasp_std           0000000000E7EE3E  Unknown               Unknown  Unknown
vasp_std           0000000000EF8360  Unknown               Unknown  Unknown
vasp_std           000000000161C771  Unknown               Unknown  Unknown
vasp_std           00000000015F6996  Unknown               Unknown  Unknown
vasp_std           000000000040758E  Unknown               Unknown  Unknown
libc-2.28.so       000015266339D493  __libc_start_main     Unknown  Unknown
vasp_std           00000000004074A9  Unknown               Unknown  Unknown
forrtl: error (69): process interrupted (SIGINT)
Image              PC                Routine            Line        Source             
vasp_std           0000000001778ABE  Unknown               Unknown  Unknown
libpthread-2.28.s  000014FE4E646C20  Unknown               Unknown  Unknown
vasp_std           00000000015931A6  Unknown               Unknown  Unknown
vasp_std           000000000058F5A4  Unknown               Unknown  Unknown
vasp_std           0000000000E7EE3E  Unknown               Unknown  Unknown
vasp_std           0000000000EF8360  Unknown               Unknown  Unknown
vasp_std           000000000161C771  Unknown               Unknown  Unknown
vasp_std           00000000015F6996  Unknown               Unknown  Unknown
vasp_std           000000000040758E  Unknown               Unknown  Unknown
libc-2.28.so       000014FE4DF10493  __libc_start_main     Unknown  Unknown
vasp_std           00000000004074A9  Unknown               Unknown  Unknown
forrtl: error (69): process interrupted (SIGINT)
Image              PC                Routine            Line        Source             
vasp_std           0000000001778ABE  Unknown               Unknown  Unknown
libpthread-2.28.s  000014ECB2B4CC20  Unknown               Unknown  Unknown
vasp_std           00000000015931A6  Unknown               Unknown  Unknown
vasp_std           000000000058F5A4  Unknown               Unknown  Unknown
vasp_std           0000000000E7EE3E  Unknown               Unknown  Unknown
vasp_std           0000000000EF8360  Unknown               Unknown  Unknown
vasp_std           000000000161C771  Unknown               Unknown  Unknown
vasp_std           00000000015F6996  Unknown               Unknown  Unknown
vasp_std           000000000040758E  Unknown               Unknown  Unknown
libc-2.28.so       000014ECB2416493  __libc_start_main     Unknown  Unknown
vasp_std           00000000004074A9  Unknown               Unknown  Unknown
