forrtl: error (69): process interrupted (SIGINT)
Image              PC                Routine            Line        Source             
vasp_std           0000000001778ABE  Unknown               Unknown  Unknown
libpthread-2.28.s  0000146432240C20  Unknown               Unknown  Unknown
libmpifort.so.12.  0000146433018383  __I_MPI___intel_s     Unknown  Unknown
libmpi.so.12.0     0000146432956676  Unknown               Unknown  Unknown
libmpi.so.12       0000146432956266  MPIDI_CH3U_Buffer     Unknown  Unknown
libmpi.so.12       0000146432B05E9D  MPIDI_Isend_self      Unknown  Unknown
libmpi.so.12       0000146432ADFBBF  MPID_Isend            Unknown  Unknown
libmpi.so.12       0000146432A5AEA1  MPIC_Isend            Unknown  Unknown
libmpi.so.12       000014643292458E  MPIR_Alltoall_int     Unknown  Unknown
libmpi.so.12       0000146432923A9A  MPIR_Alltoall         Unknown  Unknown
libmpi.so.12       0000146432923A38  MPIR_Alltoall_imp     Unknown  Unknown
libmpi.so.12       000014643292329E  PMPI_Alltoall         Unknown  Unknown
libmpifort.so.12.  0000146432FFE6C6  mpi_alltoall__        Unknown  Unknown
vasp_std           0000000000412DF7  Unknown               Unknown  Unknown
vasp_std           000000000058423A  Unknown               Unknown  Unknown
vasp_std           0000000000E8740F  Unknown               Unknown  Unknown
vasp_std           0000000000EF8360  Unknown               Unknown  Unknown
vasp_std           000000000161C771  Unknown               Unknown  Unknown
vasp_std           00000000015F6996  Unknown               Unknown  Unknown
vasp_std           000000000040758E  Unknown               Unknown  Unknown
libc-2.28.so       0000146431B0A493  __libc_start_main     Unknown  Unknown
vasp_std           00000000004074A9  Unknown               Unknown  Unknown
forrtl: error (69): process interrupted (SIGINT)
Image              PC                Routine            Line        Source             
vasp_std           0000000001778ABE  Unknown               Unknown  Unknown
libpthread-2.28.s  000014ED319DDC20  Unknown               Unknown  Unknown
libmpi.so.12.0     000014ED320ED271  Unknown               Unknown  Unknown
libmpi.so.12       000014ED320E7D6E  PMPIDI_CH3I_Progr     Unknown  Unknown
libmpi.so.12       000014ED32381A00  MPIR_Waitall_impl     Unknown  Unknown
libmpi.so.12       000014ED321F3F4B  MPIC_Waitall          Unknown  Unknown
libmpi.so.12       000014ED320C15ED  MPIR_Alltoall_int     Unknown  Unknown
libmpi.so.12       000014ED320C0A9A  MPIR_Alltoall         Unknown  Unknown
libmpi.so.12       000014ED320C0A38  MPIR_Alltoall_imp     Unknown  Unknown
libmpi.so.12       000014ED320C029E  PMPI_Alltoall         Unknown  Unknown
libmpifort.so.12.  000014ED3279B6C6  mpi_alltoall__        Unknown  Unknown
vasp_std           0000000000412DF7  Unknown               Unknown  Unknown
vasp_std           000000000058423A  Unknown               Unknown  Unknown
vasp_std           0000000000E8740F  Unknown               Unknown  Unknown
vasp_std           0000000000EF8360  Unknown               Unknown  Unknown
vasp_std           000000000161C771  Unknown               Unknown  Unknown
vasp_std           00000000015F6996  Unknown               Unknown  Unknown
vasp_std           000000000040758E  Unknown               Unknown  Unknown
libc-2.28.so       000014ED312A7493  __libc_start_main     Unknown  Unknown
vasp_std           00000000004074A9  Unknown               Unknown  Unknown
forrtl: error (69): process interrupted (SIGINT)
Image              PC                Routine            Line        Source             
vasp_std           0000000001778ABE  Unknown               Unknown  Unknown
libpthread-2.28.s  000014D4D7149C20  Unknown               Unknown  Unknown
libmpifort.so.12.  000014D4D7F22B73  __I_MPI___intel_s     Unknown  Unknown
libmpi.so.12.0     000014D4D7863D36  Unknown               Unknown  Unknown
libmpi.so.12       000014D4D7863AAF  MPIDI_CH3U_Receiv     Unknown  Unknown
libmpi.so.12       000014D4D78619AB  MPIDI_CH3_PktHand     Unknown  Unknown
libmpi.so.12       000014D4D7853DF2  PMPIDI_CH3I_Progr     Unknown  Unknown
libmpi.so.12       000014D4D7AEDA00  MPIR_Waitall_impl     Unknown  Unknown
libmpi.so.12       000014D4D795FF4B  MPIC_Waitall          Unknown  Unknown
libmpi.so.12       000014D4D782D5ED  MPIR_Alltoall_int     Unknown  Unknown

Stack trace terminated abnormally.
forrtl: error (69): process interrupted (SIGINT)
Image              PC                Routine            Line        Source             

Stack trace terminated abnormally.
forrtl: error (69): process interrupted (SIGINT)
Image              PC                Routine            Line        Source             

Stack trace terminated abnormally.
forrtl: error (69): process interrupted (SIGINT)
Image              PC                Routine            Line        Source             

Stack trace terminated abnormally.
forrtl: error (69): process interrupted (SIGINT)
Image              PC                Routine            Line        Source             
vasp_std           0000000001778ABE  Unknown               Unknown  Unknown
libpthread-2.28.s  0000154DEDAF6C20  Unknown               Unknown  Unknown
libmpi.so.12       0000154DEE395BA8  MPID_Isend            Unknown  Unknown
libmpi.so.12       0000154DEE310EA1  MPIC_Isend            Unknown  Unknown
libmpi.so.12       0000154DEE1DA58E  MPIR_Alltoall_int     Unknown  Unknown
libmpi.so.12       0000154DEE1D9A9A  MPIR_Alltoall         Unknown  Unknown
libmpi.so.12       0000154DEE1D9A38  MPIR_Alltoall_imp     Unknown  Unknown
libmpi.so.12       0000154DEE1D929E  PMPI_Alltoall         Unknown  Unknown
libmpifort.so.12.  0000154DEE8B46C6  mpi_alltoall__        Unknown  Unknown
vasp_std           0000000000412DF7  Unknown               Unknown  Unknown
vasp_std           000000000058423A  Unknown               Unknown  Unknown
vasp_std           0000000000E8740F  Unknown               Unknown  Unknown
vasp_std           0000000000EF8360  Unknown               Unknown  Unknown
vasp_std           000000000161C771  Unknown               Unknown  Unknown
vasp_std           00000000015F6996  Unknown               Unknown  Unknown

Stack trace terminated abnormally.
forrtl: error (69): process interrupted (SIGINT)
Image              PC                Routine            Line        Source             

Stack trace terminated abnormally.
