forrtl: error (69): process interrupted (SIGINT)
Image              PC                Routine            Line        Source             
vasp_std           0000000001778ABE  Unknown               Unknown  Unknown
libpthread-2.28.s  00001462BFBC8C20  Unknown               Unknown  Unknown
libmpi.so.12       00001462C02ABC4D  MPIR_Alltoall_int     Unknown  Unknown
libmpi.so.12       00001462C02ABA9A  MPIR_Alltoall         Unknown  Unknown
libmpi.so.12       00001462C02ABA38  MPIR_Alltoall_imp     Unknown  Unknown
libmpi.so.12       00001462C02AB29E  PMPI_Alltoall         Unknown  Unknown
libmpifort.so.12.  00001462C09866C6  mpi_alltoall__        Unknown  Unknown
vasp_std           0000000000412DF7  Unknown               Unknown  Unknown
vasp_std           000000000058423A  Unknown               Unknown  Unknown
vasp_std           0000000000E843DE  Unknown               Unknown  Unknown
vasp_std           0000000000EF8360  Unknown               Unknown  Unknown
vasp_std           000000000161C771  Unknown               Unknown  Unknown
vasp_std           00000000015F6996  Unknown               Unknown  Unknown
vasp_std           000000000040758E  Unknown               Unknown  Unknown
libc-2.28.so       00001462BF492493  __libc_start_main     Unknown  Unknown
vasp_std           00000000004074A9  Unknown               Unknown  Unknown
forrtl: error (69): process interrupted (SIGINT)
Image              PC                Routine            Line        Source             
vasp_std           0000000001778ABE  Unknown               Unknown  Unknown
libpthread-2.28.s  000014AE769AAC20  Unknown               Unknown  Unknown
libmkl_avx512.so   000014AE6DB43AF1  mkl_blas_avx512_x     Unknown  Unknown
libmkl_avx512.so   000014AE6DBA59BD  mkl_blas_avx512_x     Unknown  Unknown
libmkl_intel_lp64  000014AE7E5FCBB6  zcopy                 Unknown  Unknown
vasp_std           00000000005A16D4  Unknown               Unknown  Unknown
vasp_std           0000000000E82F99  Unknown               Unknown  Unknown
vasp_std           0000000000EF8360  Unknown               Unknown  Unknown
vasp_std           000000000161C771  Unknown               Unknown  Unknown
vasp_std           00000000015F6996  Unknown               Unknown  Unknown
vasp_std           000000000040758E  Unknown               Unknown  Unknown
libc-2.28.so       000014AE76274493  __libc_start_main     Unknown  Unknown
vasp_std           00000000004074A9  Unknown               Unknown  Unknown
forrtl: error (69): process interrupted (SIGINT)
Image              PC                Routine            Line        Source             
vasp_std           0000000001778ABE  Unknown               Unknown  Unknown
libpthread-2.28.s  000014D1DB09EC20  Unknown               Unknown  Unknown
libmkl_avx512.so   000014D1D2237AF1  mkl_blas_avx512_x     Unknown  Unknown
libmkl_avx512.so   000014D1D22999BD  mkl_blas_avx512_x     Unknown  Unknown
libmkl_intel_lp64  000014D1E2CF0BB6  zcopy                 Unknown  Unknown
vasp_std           00000000005A16D4  Unknown               Unknown  Unknown
vasp_std           0000000000E82F99  Unknown               Unknown  Unknown
vasp_std           0000000000EF8360  Unknown               Unknown  Unknown
vasp_std           000000000161C771  Unknown               Unknown  Unknown
vasp_std           00000000015F6996  Unknown               Unknown  Unknown
vasp_std           000000000040758E  Unknown               Unknown  Unknown
libc-2.28.so       000014D1DA968493  __libc_start_main     Unknown  Unknown
vasp_std           00000000004074A9  Unknown               Unknown  Unknown
forrtl: error (69): process interrupted (SIGINT)
Image              PC                Routine            Line        Source             
vasp_std           0000000001778ABE  Unknown               Unknown  Unknown
libpthread-2.28.s  000014E9DEEC4C20  Unknown               Unknown  Unknown
libmpi.so.12       000014E9DF5C6806  MPIDI_CH3_iSendv      Unknown  Unknown
libmpi.so.12       000014E9DF5DC7A1  MPIDI_CH3_EagerCo     Unknown  Unknown
libmpi.so.12       000014E9DF763F24  MPID_Isend            Unknown  Unknown
libmpi.so.12       000014E9DF6DEEA1  MPIC_Isend            Unknown  Unknown
libmpi.so.12       000014E9DF5A858E  MPIR_Alltoall_int     Unknown  Unknown
libmpi.so.12       000014E9DF5A7A9A  MPIR_Alltoall         Unknown  Unknown
libmpi.so.12       000014E9DF5A7A38  MPIR_Alltoall_imp     Unknown  Unknown
libmpi.so.12       000014E9DF5A729E  PMPI_Alltoall         Unknown  Unknown
libmpifort.so.12.  000014E9DFC826C6  mpi_alltoall__        Unknown  Unknown
vasp_std           0000000000412DF7  Unknown               Unknown  Unknown
vasp_std           000000000058423A  Unknown               Unknown  Unknown
vasp_std           0000000000E843DE  Unknown               Unknown  Unknown
vasp_std           0000000000EF8360  Unknown               Unknown  Unknown
vasp_std           000000000161C771  Unknown               Unknown  Unknown
vasp_std           00000000015F6996  Unknown               Unknown  Unknown
vasp_std           000000000040758E  Unknown               Unknown  Unknown
libc-2.28.so       000014E9DE78E493  __libc_start_main     Unknown  Unknown
vasp_std           00000000004074A9  Unknown               Unknown  Unknown
forrtl: error (69): process interrupted (SIGINT)
Image              PC                Routine            Line        Source             
vasp_std           0000000001778ABE  Unknown               Unknown  Unknown
libpthread-2.28.s  000014807B313C20  Unknown               Unknown  Unknown
libmpi.so.12       000014807BA15806  MPIDI_CH3_iSendv      Unknown  Unknown
libmpi.so.12       000014807BA2B7A1  MPIDI_CH3_EagerCo     Unknown  Unknown
libmpi.so.12       000014807BBB2F24  MPID_Isend            Unknown  Unknown
libmpi.so.12       000014807BB2DEA1  MPIC_Isend            Unknown  Unknown
libmpi.so.12       000014807B9F758E  MPIR_Alltoall_int     Unknown  Unknown
libmpi.so.12       000014807B9F6A9A  MPIR_Alltoall         Unknown  Unknown
libmpi.so.12       000014807B9F6A38  MPIR_Alltoall_imp     Unknown  Unknown
libmpi.so.12       000014807B9F629E  PMPI_Alltoall         Unknown  Unknown
libmpifort.so.12.  000014807C0D16C6  mpi_alltoall__        Unknown  Unknown
vasp_std           0000000000412DF7  Unknown               Unknown  Unknown
vasp_std           000000000058423A  Unknown               Unknown  Unknown
vasp_std           0000000000E843DE  Unknown               Unknown  Unknown
vasp_std           0000000000EF8360  Unknown               Unknown  Unknown
vasp_std           000000000161C771  Unknown               Unknown  Unknown
vasp_std           00000000015F6996  Unknown               Unknown  Unknown
vasp_std           000000000040758E  Unknown               Unknown  Unknown
libc-2.28.so       000014807ABDD493  __libc_start_main     Unknown  Unknown
vasp_std           00000000004074A9  Unknown               Unknown  Unknown
forrtl: error (69): process interrupted (SIGINT)
Image              PC                Routine            Line        Source             
vasp_std           0000000001778ABE  Unknown               Unknown  Unknown
libpthread-2.28.s  0000148D3B99AC20  Unknown               Unknown  Unknown
libmpifort.so.12.  0000148D3C77238B  __I_MPI___intel_s     Unknown  Unknown
libmpi.so.12.0     0000148D3C0B0676  Unknown               Unknown  Unknown
libmpi.so.12       0000148D3C0B0266  MPIDI_CH3U_Buffer     Unknown  Unknown
libmpi.so.12       0000148D3C25FE9D  MPIDI_Isend_self      Unknown  Unknown
libmpi.so.12       0000148D3C239BBF  MPID_Isend            Unknown  Unknown
libmpi.so.12       0000148D3C1B4EA1  MPIC_Isend            Unknown  Unknown
libmpi.so.12       0000148D3C07E58E  MPIR_Alltoall_int     Unknown  Unknown
libmpi.so.12       0000148D3C07DA9A  MPIR_Alltoall         Unknown  Unknown
libmpi.so.12       0000148D3C07DA38  MPIR_Alltoall_imp     Unknown  Unknown
libmpi.so.12       0000148D3C07D29E  PMPI_Alltoall         Unknown  Unknown
libmpifort.so.12.  0000148D3C7586C6  mpi_alltoall__        Unknown  Unknown
vasp_std           0000000000412DF7  Unknown               Unknown  Unknown
vasp_std           000000000058423A  Unknown               Unknown  Unknown
vasp_std           0000000000E843DE  Unknown               Unknown  Unknown
vasp_std           0000000000EF8360  Unknown               Unknown  Unknown
vasp_std           000000000161C771  Unknown               Unknown  Unknown
vasp_std           00000000015F6996  Unknown               Unknown  Unknown
vasp_std           000000000040758E  Unknown               Unknown  Unknown
libc-2.28.so       0000148D3B264493  __libc_start_main     Unknown  Unknown
vasp_std           00000000004074A9  Unknown               Unknown  Unknown
forrtl: error (69): process interrupted (SIGINT)
Image              PC                Routine            Line        Source             
vasp_std           0000000001778ABE  Unknown               Unknown  Unknown
libpthread-2.28.s  000014F08621EC20  Unknown               Unknown  Unknown
libmpi.so.12       000014F086920806  MPIDI_CH3_iSendv      Unknown  Unknown
libmpi.so.12       000014F0869367A1  MPIDI_CH3_EagerCo     Unknown  Unknown
libmpi.so.12       000014F086ABDF24  MPID_Isend            Unknown  Unknown
libmpi.so.12       000014F086A38EA1  MPIC_Isend            Unknown  Unknown
libmpi.so.12       000014F08690258E  MPIR_Alltoall_int     Unknown  Unknown
libmpi.so.12       000014F086901A9A  MPIR_Alltoall         Unknown  Unknown
libmpi.so.12       000014F086901A38  MPIR_Alltoall_imp     Unknown  Unknown
libmpi.so.12       000014F08690129E  PMPI_Alltoall         Unknown  Unknown
libmpifort.so.12.  000014F086FDC6C6  mpi_alltoall__        Unknown  Unknown
vasp_std           0000000000412DF7  Unknown               Unknown  Unknown
vasp_std           000000000058423A  Unknown               Unknown  Unknown
vasp_std           0000000000E843DE  Unknown               Unknown  Unknown
vasp_std           0000000000EF8360  Unknown               Unknown  Unknown
vasp_std           000000000161C771  Unknown               Unknown  Unknown
vasp_std           00000000015F6996  Unknown               Unknown  Unknown
vasp_std           000000000040758E  Unknown               Unknown  Unknown
libc-2.28.so       000014F085AE8493  __libc_start_main     Unknown  Unknown
vasp_std           00000000004074A9  Unknown               Unknown  Unknown
forrtl: error (69): process interrupted (SIGINT)
Image              PC                Routine            Line        Source             
vasp_std           0000000001778ABE  Unknown               Unknown  Unknown
libpthread-2.28.s  00001510F20F2C20  Unknown               Unknown  Unknown
libmpi.so.12       00001510F27F4806  MPIDI_CH3_iSendv      Unknown  Unknown
libmpi.so.12       00001510F280A7A1  MPIDI_CH3_EagerCo     Unknown  Unknown
libmpi.so.12       00001510F2991F24  MPID_Isend            Unknown  Unknown
libmpi.so.12       00001510F290CEA1  MPIC_Isend            Unknown  Unknown
libmpi.so.12       00001510F27D658E  MPIR_Alltoall_int     Unknown  Unknown
libmpi.so.12       00001510F27D5A9A  MPIR_Alltoall         Unknown  Unknown
libmpi.so.12       00001510F27D5A38  MPIR_Alltoall_imp     Unknown  Unknown
libmpi.so.12       00001510F27D529E  PMPI_Alltoall         Unknown  Unknown
libmpifort.so.12.  00001510F2EB06C6  mpi_alltoall__        Unknown  Unknown
vasp_std           0000000000412DF7  Unknown               Unknown  Unknown
vasp_std           000000000058423A  Unknown               Unknown  Unknown
vasp_std           0000000000E843DE  Unknown               Unknown  Unknown
vasp_std           0000000000EF8360  Unknown               Unknown  Unknown
vasp_std           000000000161C771  Unknown               Unknown  Unknown
vasp_std           00000000015F6996  Unknown               Unknown  Unknown
vasp_std           000000000040758E  Unknown               Unknown  Unknown
libc-2.28.so       00001510F19BC493  __libc_start_main     Unknown  Unknown
vasp_std           00000000004074A9  Unknown               Unknown  Unknown
