forrtl: error (69): process interrupted (SIGINT)
Image              PC                Routine            Line        Source             
vasp_std           0000000001778ABE  Unknown               Unknown  Unknown
libpthread-2.28.s  000014C56D853C20  Unknown               Unknown  Unknown
libmkl_avx512.so   000014C5657DB524  mkl_dft_avx512_mg     Unknown  Unknown
libmkl_avx512.so   000014C56579A53C  Unknown               Unknown  Unknown
libmkl_intel_lp64  000014C575961339  DftiComputeBackwa     Unknown  Unknown
libmkl_intel_lp64  000014C575967A1F  fftw_execute_dft      Unknown  Unknown
vasp_std           0000000001592C39  Unknown               Unknown  Unknown
vasp_std           0000000001593EC5  Unknown               Unknown  Unknown
vasp_std           00000000008D8711  Unknown               Unknown  Unknown
vasp_std           0000000000EF8674  Unknown               Unknown  Unknown
vasp_std           000000000161C771  Unknown               Unknown  Unknown
vasp_std           00000000015F6996  Unknown               Unknown  Unknown
vasp_std           000000000040758E  Unknown               Unknown  Unknown
libc-2.28.so       000014C56D11D493  __libc_start_main     Unknown  Unknown
vasp_std           00000000004074A9  Unknown               Unknown  Unknown
forrtl: error (69): process interrupted (SIGINT)
Image              PC                Routine            Line        Source             
vasp_std           0000000001778ABE  Unknown               Unknown  Unknown
libpthread-2.28.s  0000149FE58F1C20  Unknown               Unknown  Unknown
libmpi.so.12.0     0000149FE6001271  Unknown               Unknown  Unknown
libmpi.so.12       0000149FE5FFBD6E  PMPIDI_CH3I_Progr     Unknown  Unknown
libmpi.so.12       0000149FE6295A00  MPIR_Waitall_impl     Unknown  Unknown
libmpi.so.12       0000149FE6107F4B  MPIC_Waitall          Unknown  Unknown
libmpi.so.12       0000149FE5FD8887  MPIR_Alltoallv_in     Unknown  Unknown
libmpi.so.12       0000149FE5FD7E09  MPIR_Alltoallv        Unknown  Unknown
libmpi.so.12       0000149FE5FD7D91  MPIR_Alltoallv_im     Unknown  Unknown
libmpi.so.12       0000149FE5FD70F2  MPI_Alltoallv         Unknown  Unknown
libmpifort.so.12.  0000149FE66AF77A  pmpi_alltoallv__      Unknown  Unknown
vasp_std           0000000000411F0E  Unknown               Unknown  Unknown
vasp_std           000000000159C3BD  Unknown               Unknown  Unknown
vasp_std           0000000001592C92  Unknown               Unknown  Unknown
vasp_std           0000000001593EC5  Unknown               Unknown  Unknown
vasp_std           00000000008D8711  Unknown               Unknown  Unknown
vasp_std           0000000000EF8674  Unknown               Unknown  Unknown
vasp_std           000000000161C771  Unknown               Unknown  Unknown
vasp_std           00000000015F6996  Unknown               Unknown  Unknown
vasp_std           000000000040758E  Unknown               Unknown  Unknown
libc-2.28.so       0000149FE51BB493  __libc_start_main     Unknown  Unknown
vasp_std           00000000004074A9  Unknown               Unknown  Unknown
forrtl: error (69): process interrupted (SIGINT)
Image              PC                Routine            Line        Source             
vasp_std           0000000001778ABE  Unknown               Unknown  Unknown
libpthread-2.28.s  000014F9780E2C20  Unknown               Unknown  Unknown
libmpi.so.12.0     000014F9787F2271  Unknown               Unknown  Unknown
libmpi.so.12       000014F9787ECD6E  PMPIDI_CH3I_Progr     Unknown  Unknown
libmpi.so.12       000014F978A86A00  MPIR_Waitall_impl     Unknown  Unknown
libmpi.so.12       000014F9788F8F4B  MPIC_Waitall          Unknown  Unknown
libmpi.so.12       000014F9787C9887  MPIR_Alltoallv_in     Unknown  Unknown
libmpi.so.12       000014F9787C8E09  MPIR_Alltoallv        Unknown  Unknown
libmpi.so.12       000014F9787C8D91  MPIR_Alltoallv_im     Unknown  Unknown
libmpi.so.12       000014F9787C80F2  MPI_Alltoallv         Unknown  Unknown
libmpifort.so.12.  000014F978EA077A  pmpi_alltoallv__      Unknown  Unknown
vasp_std           0000000000411F0E  Unknown               Unknown  Unknown
vasp_std           000000000159C3BD  Unknown               Unknown  Unknown
vasp_std           0000000001592C92  Unknown               Unknown  Unknown
vasp_std           0000000001593EC5  Unknown               Unknown  Unknown
vasp_std           00000000008D8711  Unknown               Unknown  Unknown
vasp_std           0000000000EF8674  Unknown               Unknown  Unknown
vasp_std           000000000161C771  Unknown               Unknown  Unknown
vasp_std           00000000015F6996  Unknown               Unknown  Unknown
vasp_std           000000000040758E  Unknown               Unknown  Unknown
libc-2.28.so       000014F9779AC493  __libc_start_main     Unknown  Unknown
vasp_std           00000000004074A9  Unknown               Unknown  Unknown
forrtl: error (69): process interrupted (SIGINT)
Image              PC                Routine            Line        Source             
vasp_std           0000000001778ABE  Unknown               Unknown  Unknown
libpthread-2.28.s  0000154C709B5C20  Unknown               Unknown  Unknown
libmpi.so.12.0     0000154C710C5278  Unknown               Unknown  Unknown
libmpi.so.12       0000154C710BFD6E  PMPIDI_CH3I_Progr     Unknown  Unknown
libmpi.so.12       0000154C71359A00  MPIR_Waitall_impl     Unknown  Unknown
libmpi.so.12       0000154C711CBF4B  MPIC_Waitall          Unknown  Unknown
libmpi.so.12       0000154C7109C887  MPIR_Alltoallv_in     Unknown  Unknown
libmpi.so.12       0000154C7109BE09  MPIR_Alltoallv        Unknown  Unknown
libmpi.so.12       0000154C7109BD91  MPIR_Alltoallv_im     Unknown  Unknown
libmpi.so.12       0000154C7109B0F2  MPI_Alltoallv         Unknown  Unknown
libmpifort.so.12.  0000154C7177377A  pmpi_alltoallv__      Unknown  Unknown
vasp_std           0000000000411F0E  Unknown               Unknown  Unknown
vasp_std           000000000159C3BD  Unknown               Unknown  Unknown
vasp_std           0000000001592C92  Unknown               Unknown  Unknown
vasp_std           0000000001593EC5  Unknown               Unknown  Unknown
vasp_std           00000000008D8711  Unknown               Unknown  Unknown
vasp_std           0000000000EF8674  Unknown               Unknown  Unknown
vasp_std           000000000161C771  Unknown               Unknown  Unknown
vasp_std           00000000015F6996  Unknown               Unknown  Unknown
vasp_std           000000000040758E  Unknown               Unknown  Unknown
libc-2.28.so       0000154C7027F493  __libc_start_main     Unknown  Unknown
vasp_std           00000000004074A9  Unknown               Unknown  Unknown
forrtl: error (69): process interrupted (SIGINT)
Image              PC                Routine            Line        Source             
vasp_std           0000000001778ABE  Unknown               Unknown  Unknown
libpthread-2.28.s  00001523EAC29C20  Unknown               Unknown  Unknown
libmpi.so.12.0     00001523EB33927B  Unknown               Unknown  Unknown
libmpi.so.12       00001523EB333D6E  PMPIDI_CH3I_Progr     Unknown  Unknown
libmpi.so.12       00001523EB5CDA00  MPIR_Waitall_impl     Unknown  Unknown
libmpi.so.12       00001523EB43FF4B  MPIC_Waitall          Unknown  Unknown
libmpi.so.12       00001523EB310887  MPIR_Alltoallv_in     Unknown  Unknown
libmpi.so.12       00001523EB30FE09  MPIR_Alltoallv        Unknown  Unknown
libmpi.so.12       00001523EB30FD91  MPIR_Alltoallv_im     Unknown  Unknown
libmpi.so.12       00001523EB30F0F2  MPI_Alltoallv         Unknown  Unknown
libmpifort.so.12.  00001523EB9E777A  pmpi_alltoallv__      Unknown  Unknown
vasp_std           0000000000411F0E  Unknown               Unknown  Unknown
vasp_std           000000000159C3BD  Unknown               Unknown  Unknown
vasp_std           0000000001592C92  Unknown               Unknown  Unknown
vasp_std           0000000001593EC5  Unknown               Unknown  Unknown
vasp_std           00000000008D8711  Unknown               Unknown  Unknown
vasp_std           0000000000EF8674  Unknown               Unknown  Unknown
vasp_std           000000000161C771  Unknown               Unknown  Unknown
vasp_std           00000000015F6996  Unknown               Unknown  Unknown
vasp_std           000000000040758E  Unknown               Unknown  Unknown
libc-2.28.so       00001523EA4F3493  __libc_start_main     Unknown  Unknown
vasp_std           00000000004074A9  Unknown               Unknown  Unknown
forrtl: error (69): process interrupted (SIGINT)
Image              PC                Routine            Line        Source             
vasp_std           0000000001778ABE  Unknown               Unknown  Unknown
libpthread-2.28.s  000014D602359C20  Unknown               Unknown  Unknown
libmpi.so.12.0     000014D602A69278  Unknown               Unknown  Unknown
libmpi.so.12       000014D602A63D6E  PMPIDI_CH3I_Progr     Unknown  Unknown
libmpi.so.12       000014D602CFDA00  MPIR_Waitall_impl     Unknown  Unknown
libmpi.so.12       000014D602B6FF4B  MPIC_Waitall          Unknown  Unknown
libmpi.so.12       000014D602A40887  MPIR_Alltoallv_in     Unknown  Unknown
libmpi.so.12       000014D602A3FE09  MPIR_Alltoallv        Unknown  Unknown
libmpi.so.12       000014D602A3FD91  MPIR_Alltoallv_im     Unknown  Unknown
libmpi.so.12       000014D602A3F0F2  MPI_Alltoallv         Unknown  Unknown
libmpifort.so.12.  000014D60311777A  pmpi_alltoallv__      Unknown  Unknown
vasp_std           0000000000411F0E  Unknown               Unknown  Unknown
vasp_std           000000000159C3BD  Unknown               Unknown  Unknown
vasp_std           0000000001592C92  Unknown               Unknown  Unknown
vasp_std           0000000001593EC5  Unknown               Unknown  Unknown
vasp_std           00000000008D8711  Unknown               Unknown  Unknown
vasp_std           0000000000EF8674  Unknown               Unknown  Unknown
vasp_std           000000000161C771  Unknown               Unknown  Unknown
vasp_std           00000000015F6996  Unknown               Unknown  Unknown
vasp_std           000000000040758E  Unknown               Unknown  Unknown
libc-2.28.so       000014D601C23493  __libc_start_main     Unknown  Unknown
vasp_std           00000000004074A9  Unknown               Unknown  Unknown
forrtl: error (69): process interrupted (SIGINT)
Image              PC                Routine            Line        Source             
vasp_std           0000000001778ABE  Unknown               Unknown  Unknown
libpthread-2.28.s  000014F7F9C6EC20  Unknown               Unknown  Unknown
libmpi.so.12.0     000014F7FA37E271  Unknown               Unknown  Unknown
libmpi.so.12       000014F7FA378D6E  PMPIDI_CH3I_Progr     Unknown  Unknown
libmpi.so.12       000014F7FA612A00  MPIR_Waitall_impl     Unknown  Unknown
libmpi.so.12       000014F7FA484F4B  MPIC_Waitall          Unknown  Unknown
libmpi.so.12       000014F7FA355887  MPIR_Alltoallv_in     Unknown  Unknown
libmpi.so.12       000014F7FA354E09  MPIR_Alltoallv        Unknown  Unknown
libmpi.so.12       000014F7FA354D91  MPIR_Alltoallv_im     Unknown  Unknown
libmpi.so.12       000014F7FA3540F2  MPI_Alltoallv         Unknown  Unknown
libmpifort.so.12.  000014F7FAA2C77A  pmpi_alltoallv__      Unknown  Unknown
vasp_std           0000000000411F0E  Unknown               Unknown  Unknown
vasp_std           000000000159C3BD  Unknown               Unknown  Unknown
vasp_std           0000000001592C92  Unknown               Unknown  Unknown
vasp_std           0000000001593EC5  Unknown               Unknown  Unknown
vasp_std           00000000008D8711  Unknown               Unknown  Unknown
vasp_std           0000000000EF8674  Unknown               Unknown  Unknown
vasp_std           000000000161C771  Unknown               Unknown  Unknown
vasp_std           00000000015F6996  Unknown               Unknown  Unknown
vasp_std           000000000040758E  Unknown               Unknown  Unknown
libc-2.28.so       000014F7F9538493  __libc_start_main     Unknown  Unknown
vasp_std           00000000004074A9  Unknown               Unknown  Unknown
forrtl: error (69): process interrupted (SIGINT)
Image              PC                Routine            Line        Source             
vasp_std           0000000001778ABE  Unknown               Unknown  Unknown
libpthread-2.28.s  000014DAB44F6C20  Unknown               Unknown  Unknown
libmpi.so.12.0     000014DAB4C06271  Unknown               Unknown  Unknown
libmpi.so.12       000014DAB4C00D6E  PMPIDI_CH3I_Progr     Unknown  Unknown
libmpi.so.12       000014DAB4E9AA00  MPIR_Waitall_impl     Unknown  Unknown
libmpi.so.12       000014DAB4D0CF4B  MPIC_Waitall          Unknown  Unknown
libmpi.so.12       000014DAB4BDD887  MPIR_Alltoallv_in     Unknown  Unknown
libmpi.so.12       000014DAB4BDCE09  MPIR_Alltoallv        Unknown  Unknown
libmpi.so.12       000014DAB4BDCD91  MPIR_Alltoallv_im     Unknown  Unknown
libmpi.so.12       000014DAB4BDC0F2  MPI_Alltoallv         Unknown  Unknown
libmpifort.so.12.  000014DAB52B477A  pmpi_alltoallv__      Unknown  Unknown
vasp_std           0000000000411F0E  Unknown               Unknown  Unknown
vasp_std           000000000159C3BD  Unknown               Unknown  Unknown
vasp_std           0000000001592C92  Unknown               Unknown  Unknown
vasp_std           0000000001593EC5  Unknown               Unknown  Unknown
vasp_std           00000000008D8711  Unknown               Unknown  Unknown
vasp_std           0000000000EF8674  Unknown               Unknown  Unknown
vasp_std           000000000161C771  Unknown               Unknown  Unknown
vasp_std           00000000015F6996  Unknown               Unknown  Unknown
vasp_std           000000000040758E  Unknown               Unknown  Unknown
libc-2.28.so       000014DAB3DC0493  __libc_start_main     Unknown  Unknown
vasp_std           00000000004074A9  Unknown               Unknown  Unknown
