forrtl: error (69): process interrupted (SIGINT)
Image              PC                Routine            Line        Source             
vasp_std           0000000001778ABE  Unknown               Unknown  Unknown
libpthread-2.28.s  000014CC510E7C20  Unknown               Unknown  Unknown
libmpi.so.12.0     000014CC517F7271  Unknown               Unknown  Unknown
libmpi.so.12       000014CC517F1D6E  PMPIDI_CH3I_Progr     Unknown  Unknown
libmpi.so.12       000014CC51904339  MPIC_Wait             Unknown  Unknown
libmpi.so.12       000014CC519040F8  MPIC_Sendrecv         Unknown  Unknown
libmpi.so.12       000014CC517D6B81  MPIR_Barrier_intr     Unknown  Unknown
libmpi.so.12       000014CC517D6537  I_MPIR_Barrier_in     Unknown  Unknown
libmpi.so.12       000014CC517D636C  MPIR_Barrier          Unknown  Unknown
libmpi.so.12       000014CC517D629C  MPIR_Barrier_impl     Unknown  Unknown
libmpi.so.12       000014CC517D813B  PMPI_Barrier          Unknown  Unknown
libmpifort.so.12.  000014CC51EA5A1C  PMPI_BARRIER          Unknown  Unknown
vasp_std           0000000000EF1577  Unknown               Unknown  Unknown
vasp_std           000000000161C771  Unknown               Unknown  Unknown
vasp_std           00000000015F6996  Unknown               Unknown  Unknown
vasp_std           000000000040758E  Unknown               Unknown  Unknown
libc-2.28.so       000014CC509B1493  __libc_start_main     Unknown  Unknown
vasp_std           00000000004074A9  Unknown               Unknown  Unknown
forrtl: error (69): process interrupted (SIGINT)
Image              PC                Routine            Line        Source             
vasp_std           0000000001778ABE  Unknown               Unknown  Unknown
libpthread-2.28.s  000015171C319C20  Unknown               Unknown  Unknown
libmpi.so.12.0     000015171CA29271  Unknown               Unknown  Unknown
libmpi.so.12       000015171CA23D6E  PMPIDI_CH3I_Progr     Unknown  Unknown
libmpi.so.12       000015171CB36339  MPIC_Wait             Unknown  Unknown
libmpi.so.12       000015171CB360F8  MPIC_Sendrecv         Unknown  Unknown
libmpi.so.12       000015171CA08B81  MPIR_Barrier_intr     Unknown  Unknown
libmpi.so.12       000015171CA08537  I_MPIR_Barrier_in     Unknown  Unknown
libmpi.so.12       000015171CA0836C  MPIR_Barrier          Unknown  Unknown
libmpi.so.12       000015171CA0829C  MPIR_Barrier_impl     Unknown  Unknown
libmpi.so.12       000015171CA0A13B  PMPI_Barrier          Unknown  Unknown
libmpifort.so.12.  000015171D0D7A1C  PMPI_BARRIER          Unknown  Unknown
vasp_std           0000000000EF1577  Unknown               Unknown  Unknown
vasp_std           000000000161C771  Unknown               Unknown  Unknown
vasp_std           00000000015F6996  Unknown               Unknown  Unknown
vasp_std           000000000040758E  Unknown               Unknown  Unknown
libc-2.28.so       000015171BBE3493  __libc_start_main     Unknown  Unknown
vasp_std           00000000004074A9  Unknown               Unknown  Unknown
forrtl: error (69): process interrupted (SIGINT)
Image              PC                Routine            Line        Source             
vasp_std           0000000001778ABE  Unknown               Unknown  Unknown
libpthread-2.28.s  0000145F24013C20  Unknown               Unknown  Unknown
libmpi.so.12.0     0000145F24723271  Unknown               Unknown  Unknown
libmpi.so.12       0000145F2471DD6E  PMPIDI_CH3I_Progr     Unknown  Unknown
libmpi.so.12       0000145F24830339  MPIC_Wait             Unknown  Unknown
libmpi.so.12       0000145F248300F8  MPIC_Sendrecv         Unknown  Unknown
libmpi.so.12       0000145F24702B81  MPIR_Barrier_intr     Unknown  Unknown
libmpi.so.12       0000145F24702537  I_MPIR_Barrier_in     Unknown  Unknown
libmpi.so.12       0000145F2470236C  MPIR_Barrier          Unknown  Unknown
libmpi.so.12       0000145F2470229C  MPIR_Barrier_impl     Unknown  Unknown
libmpi.so.12       0000145F2470413B  PMPI_Barrier          Unknown  Unknown
libmpifort.so.12.  0000145F24DD1A1C  PMPI_BARRIER          Unknown  Unknown
vasp_std           0000000000EF1577  Unknown               Unknown  Unknown
vasp_std           000000000161C771  Unknown               Unknown  Unknown
vasp_std           00000000015F6996  Unknown               Unknown  Unknown
vasp_std           000000000040758E  Unknown               Unknown  Unknown
libc-2.28.so       0000145F238DD493  __libc_start_main     Unknown  Unknown
vasp_std           00000000004074A9  Unknown               Unknown  Unknown
forrtl: error (69): process interrupted (SIGINT)
Image              PC                Routine            Line        Source             
vasp_std           0000000001778ABE  Unknown               Unknown  Unknown
libpthread-2.28.s  0000153F5976EC20  Unknown               Unknown  Unknown
libmpi.so.12.0     0000153F59E7E27B  Unknown               Unknown  Unknown
libmpi.so.12       0000153F59E78D6E  PMPIDI_CH3I_Progr     Unknown  Unknown
libmpi.so.12       0000153F59F8B339  MPIC_Wait             Unknown  Unknown
libmpi.so.12       0000153F59F8B0F8  MPIC_Sendrecv         Unknown  Unknown
libmpi.so.12       0000153F59E5DB81  MPIR_Barrier_intr     Unknown  Unknown
libmpi.so.12       0000153F59E5D537  I_MPIR_Barrier_in     Unknown  Unknown
libmpi.so.12       0000153F59E5D36C  MPIR_Barrier          Unknown  Unknown
libmpi.so.12       0000153F59E5D29C  MPIR_Barrier_impl     Unknown  Unknown
libmpi.so.12       0000153F59E5F13B  PMPI_Barrier          Unknown  Unknown
libmpifort.so.12.  0000153F5A52CA1C  PMPI_BARRIER          Unknown  Unknown
vasp_std           0000000000EF1577  Unknown               Unknown  Unknown
vasp_std           000000000161C771  Unknown               Unknown  Unknown
vasp_std           00000000015F6996  Unknown               Unknown  Unknown
vasp_std           000000000040758E  Unknown               Unknown  Unknown
libc-2.28.so       0000153F59038493  __libc_start_main     Unknown  Unknown
vasp_std           00000000004074A9  Unknown               Unknown  Unknown
forrtl: error (69): process interrupted (SIGINT)
Image              PC                Routine            Line        Source             
vasp_std           0000000001778ABE  Unknown               Unknown  Unknown
libpthread-2.28.s  000014A19049CC20  Unknown               Unknown  Unknown
libmpi.so.12.0     000014A190BAC271  Unknown               Unknown  Unknown
libmpi.so.12       000014A190BA6D6E  PMPIDI_CH3I_Progr     Unknown  Unknown
libmpi.so.12       000014A190CB9339  MPIC_Wait             Unknown  Unknown
libmpi.so.12       000014A190CB90F8  MPIC_Sendrecv         Unknown  Unknown
libmpi.so.12       000014A190B8BB81  MPIR_Barrier_intr     Unknown  Unknown
libmpi.so.12       000014A190B8B537  I_MPIR_Barrier_in     Unknown  Unknown
libmpi.so.12       000014A190B8B36C  MPIR_Barrier          Unknown  Unknown
libmpi.so.12       000014A190B8B29C  MPIR_Barrier_impl     Unknown  Unknown
libmpi.so.12       000014A190B8D13B  PMPI_Barrier          Unknown  Unknown
libmpifort.so.12.  000014A19125AA1C  PMPI_BARRIER          Unknown  Unknown
vasp_std           0000000000EF1577  Unknown               Unknown  Unknown
vasp_std           000000000161C771  Unknown               Unknown  Unknown
vasp_std           00000000015F6996  Unknown               Unknown  Unknown
vasp_std           000000000040758E  Unknown               Unknown  Unknown
libc-2.28.so       000014A18FD66493  __libc_start_main     Unknown  Unknown
vasp_std           00000000004074A9  Unknown               Unknown  Unknown
forrtl: error (69): process interrupted (SIGINT)
Image              PC                Routine            Line        Source             
vasp_std           0000000001778ABE  Unknown               Unknown  Unknown
libpthread-2.28.s  0000150F71F94C20  Unknown               Unknown  Unknown
libmpi.so.12.0     0000150F726A427B  Unknown               Unknown  Unknown
libmpi.so.12       0000150F7269ED6E  PMPIDI_CH3I_Progr     Unknown  Unknown
libmpi.so.12       0000150F727B1339  MPIC_Wait             Unknown  Unknown
libmpi.so.12       0000150F727B10F8  MPIC_Sendrecv         Unknown  Unknown
libmpi.so.12       0000150F72683B81  MPIR_Barrier_intr     Unknown  Unknown
libmpi.so.12       0000150F72683537  I_MPIR_Barrier_in     Unknown  Unknown
libmpi.so.12       0000150F7268336C  MPIR_Barrier          Unknown  Unknown
libmpi.so.12       0000150F7268329C  MPIR_Barrier_impl     Unknown  Unknown
libmpi.so.12       0000150F7268513B  PMPI_Barrier          Unknown  Unknown
libmpifort.so.12.  0000150F72D52A1C  PMPI_BARRIER          Unknown  Unknown
vasp_std           0000000000EF1577  Unknown               Unknown  Unknown
vasp_std           000000000161C771  Unknown               Unknown  Unknown
vasp_std           00000000015F6996  Unknown               Unknown  Unknown
vasp_std           000000000040758E  Unknown               Unknown  Unknown
libc-2.28.so       0000150F7185E493  __libc_start_main     Unknown  Unknown
vasp_std           00000000004074A9  Unknown               Unknown  Unknown
forrtl: error (69): process interrupted (SIGINT)
Image              PC                Routine            Line        Source             
vasp_std           0000000001778ABE  Unknown               Unknown  Unknown
libpthread-2.28.s  00001550A223DC20  Unknown               Unknown  Unknown
libmpi.so.12.0     00001550A294D271  Unknown               Unknown  Unknown
libmpi.so.12       00001550A2947D6E  PMPIDI_CH3I_Progr     Unknown  Unknown
libmpi.so.12       00001550A2A5A339  MPIC_Wait             Unknown  Unknown
libmpi.so.12       00001550A2A5A0F8  MPIC_Sendrecv         Unknown  Unknown
libmpi.so.12       00001550A292CB81  MPIR_Barrier_intr     Unknown  Unknown
libmpi.so.12       00001550A292C537  I_MPIR_Barrier_in     Unknown  Unknown
libmpi.so.12       00001550A292C36C  MPIR_Barrier          Unknown  Unknown
libmpi.so.12       00001550A292C29C  MPIR_Barrier_impl     Unknown  Unknown
libmpi.so.12       00001550A292E13B  PMPI_Barrier          Unknown  Unknown
libmpifort.so.12.  00001550A2FFBA1C  PMPI_BARRIER          Unknown  Unknown
vasp_std           0000000000EF1577  Unknown               Unknown  Unknown
vasp_std           000000000161C771  Unknown               Unknown  Unknown
vasp_std           00000000015F6996  Unknown               Unknown  Unknown
vasp_std           000000000040758E  Unknown               Unknown  Unknown
libc-2.28.so       00001550A1B07493  __libc_start_main     Unknown  Unknown
vasp_std           00000000004074A9  Unknown               Unknown  Unknown
forrtl: error (69): process interrupted (SIGINT)
Image              PC                Routine            Line        Source             
vasp_std           0000000001778ABE  Unknown               Unknown  Unknown
libpthread-2.28.s  0000153B9AAACC20  Unknown               Unknown  Unknown
libc-2.28.so       0000153B9A448E5B  ftruncate             Unknown  Unknown
vasp_std           00000000017902DD  Unknown               Unknown  Unknown
vasp_std           00000000017BF0DE  Unknown               Unknown  Unknown
vasp_std           00000000017BDEC2  Unknown               Unknown  Unknown
vasp_std           00000000004233AA  Unknown               Unknown  Unknown
vasp_std           00000000015F698D  Unknown               Unknown  Unknown
vasp_std           000000000040758E  Unknown               Unknown  Unknown
libc-2.28.so       0000153B9A376493  __libc_start_main     Unknown  Unknown
vasp_std           00000000004074A9  Unknown               Unknown  Unknown
