forrtl: error (69): process interrupted (SIGINT)
Image              PC                Routine            Line        Source             
vasp_std           0000000001778ABE  Unknown               Unknown  Unknown
libpthread-2.28.s  000014EE966FBC20  Unknown               Unknown  Unknown
vasp_std           000000000063896C  Unknown               Unknown  Unknown
vasp_std           000000000063A1D8  Unknown               Unknown  Unknown
vasp_std           00000000006699F9  Unknown               Unknown  Unknown
vasp_std           0000000000E8029D  Unknown               Unknown  Unknown
vasp_std           0000000000EF8360  Unknown               Unknown  Unknown
vasp_std           000000000161C771  Unknown               Unknown  Unknown
vasp_std           00000000015F6996  Unknown               Unknown  Unknown
vasp_std           000000000040758E  Unknown               Unknown  Unknown
libc-2.28.so       000014EE95FC5493  __libc_start_main     Unknown  Unknown
vasp_std           00000000004074A9  Unknown               Unknown  Unknown
forrtl: error (69): process interrupted (SIGINT)
Image              PC                Routine            Line        Source             
vasp_std           0000000001778ABE  Unknown               Unknown  Unknown
libpthread-2.28.s  0000154778504C20  Unknown               Unknown  Unknown
libmkl_avx512.so   000015476FB4BDE5  mkl_blas_avx512_d     Unknown  Unknown
forrtl: error (69): process interrupted (SIGINT)
Image              PC                Routine            Line        Source             
vasp_std           0000000001778ABE  Unknown               Unknown  Unknown
libpthread-2.28.s  0000148AACA86C20  Unknown               Unknown  Unknown
libmkl_avx512.so   0000148AA40CDBBF  mkl_blas_avx512_d     Unknown  Unknown
forrtl: error (69): process interrupted (SIGINT)
Image              PC                Routine            Line        Source             
vasp_std           0000000001778ABE  Unknown               Unknown  Unknown
libpthread-2.28.s  000014BEBD5CCC20  Unknown               Unknown  Unknown
libmkl_avx512.so   000014BEB4C13CAD  mkl_blas_avx512_d     Unknown  Unknown
forrtl: error (69): process interrupted (SIGINT)
Image              PC                Routine            Line        Source             
vasp_std           0000000001778ABE  Unknown               Unknown  Unknown
libpthread-2.28.s  00001540E5FAFC20  Unknown               Unknown  Unknown
vasp_std           00000000006388C1  Unknown               Unknown  Unknown
vasp_std           000000000063A1D8  Unknown               Unknown  Unknown
vasp_std           00000000006699F9  Unknown               Unknown  Unknown
vasp_std           0000000000E8029D  Unknown               Unknown  Unknown
vasp_std           0000000000EF8360  Unknown               Unknown  Unknown
vasp_std           000000000161C771  Unknown               Unknown  Unknown
vasp_std           00000000015F6996  Unknown               Unknown  Unknown
vasp_std           000000000040758E  Unknown               Unknown  Unknown
libc-2.28.so       00001540E5879493  __libc_start_main     Unknown  Unknown
vasp_std           00000000004074A9  Unknown               Unknown  Unknown
forrtl: error (69): process interrupted (SIGINT)
Image              PC                Routine            Line        Source             
vasp_std           0000000001778ABE  Unknown               Unknown  Unknown
libpthread-2.28.s  000014AD79182C20  Unknown               Unknown  Unknown
vasp_std           00000000006388C1  Unknown               Unknown  Unknown
vasp_std           000000000063A1D8  Unknown               Unknown  Unknown
vasp_std           00000000006699F9  Unknown               Unknown  Unknown
vasp_std           0000000000E8029D  Unknown               Unknown  Unknown
vasp_std           0000000000EF8360  Unknown               Unknown  Unknown
vasp_std           000000000161C771  Unknown               Unknown  Unknown
vasp_std           00000000015F6996  Unknown               Unknown  Unknown
vasp_std           000000000040758E  Unknown               Unknown  Unknown
libc-2.28.so       000014AD78A4C493  __libc_start_main     Unknown  Unknown
vasp_std           00000000004074A9  Unknown               Unknown  Unknown
forrtl: error (69): process interrupted (SIGINT)
Image              PC                Routine            Line        Source             
vasp_std           0000000001778ABE  Unknown               Unknown  Unknown
libpthread-2.28.s  0000149CB20C3C20  Unknown               Unknown  Unknown
vasp_std           0000000001778510  Unknown               Unknown  Unknown
libpthread-2.28.s  0000149CB20C3C20  Unknown               Unknown  Unknown
vasp_std           000000000063896C  Unknown               Unknown  Unknown
vasp_std           000000000063A1D8  Unknown               Unknown  Unknown
vasp_std           00000000006699F9  Unknown               Unknown  Unknown
vasp_std           0000000000E8029D  Unknown               Unknown  Unknown
vasp_std           0000000000EF8360  Unknown               Unknown  Unknown
vasp_std           000000000161C771  Unknown               Unknown  Unknown
vasp_std           00000000015F6996  Unknown               Unknown  Unknown
vasp_std           000000000040758E  Unknown               Unknown  Unknown
libc-2.28.so       0000149CB198D493  __libc_start_main     Unknown  Unknown
vasp_std           00000000004074A9  Unknown               Unknown  Unknown
forrtl: error (69): process interrupted (SIGINT)
Image              PC                Routine            Line        Source             
vasp_std           0000000001778ABE  Unknown               Unknown  Unknown
libpthread-2.28.s  000014BBDCEB9C20  Unknown               Unknown  Unknown
vasp_std           000000000063895F  Unknown               Unknown  Unknown
vasp_std           000000000063A1D8  Unknown               Unknown  Unknown
vasp_std           00000000006699F9  Unknown               Unknown  Unknown
vasp_std           0000000000E8029D  Unknown               Unknown  Unknown
vasp_std           0000000000EF8360  Unknown               Unknown  Unknown
vasp_std           000000000161C771  Unknown               Unknown  Unknown
vasp_std           00000000015F6996  Unknown               Unknown  Unknown
vasp_std           000000000040758E  Unknown               Unknown  Unknown
libc-2.28.so       000014BBDC783493  __libc_start_main     Unknown  Unknown
vasp_std           00000000004074A9  Unknown               Unknown  Unknown
