forrtl: error (69): process interrupted (SIGINT)
Image              PC                Routine            Line        Source             
vasp_std           0000000001778ABE  Unknown               Unknown  Unknown
libpthread-2.28.s  000014DC20518C20  Unknown               Unknown  Unknown
libc-2.28.so       000014DC1FEB4E5B  ftruncate             Unknown  Unknown
vasp_std           00000000017902DD  Unknown               Unknown  Unknown
vasp_std           00000000017BF0DE  Unknown               Unknown  Unknown
vasp_std           00000000017BDEC2  Unknown               Unknown  Unknown
vasp_std           00000000004233AA  Unknown               Unknown  Unknown
vasp_std           00000000015F698D  Unknown               Unknown  Unknown
vasp_std           000000000040758E  Unknown               Unknown  Unknown
libc-2.28.so       000014DC1FDE2493  __libc_start_main     Unknown  Unknown
vasp_std           00000000004074A9  Unknown               Unknown  Unknown
forrtl: error (69): process interrupted (SIGINT)
Image              PC                Routine            Line        Source             
vasp_std           0000000001778ABE  Unknown               Unknown  Unknown
libpthread-2.28.s  000014D140055C20  Unknown               Unknown  Unknown
libmpi.so.12.0     000014D140765271  Unknown               Unknown  Unknown
libmpi.so.12       000014D14075FD6E  PMPIDI_CH3I_Progr     Unknown  Unknown
libmpi.so.12       000014D140872339  MPIC_Wait             Unknown  Unknown
libmpi.so.12       000014D1408720F8  MPIC_Sendrecv         Unknown  Unknown
libmpi.so.12       000014D140744B81  MPIR_Barrier_intr     Unknown  Unknown
libmpi.so.12       000014D140744537  I_MPIR_Barrier_in     Unknown  Unknown
libmpi.so.12       000014D14074436C  MPIR_Barrier          Unknown  Unknown
libmpi.so.12       000014D14074429C  MPIR_Barrier_impl     Unknown  Unknown
libmpi.so.12       000014D14074613B  PMPI_Barrier          Unknown  Unknown
libmpifort.so.12.  000014D140E13A1C  PMPI_BARRIER          Unknown  Unknown
vasp_std           0000000000EF1577  Unknown               Unknown  Unknown
vasp_std           000000000161C771  Unknown               Unknown  Unknown
vasp_std           00000000015F6996  Unknown               Unknown  Unknown
vasp_std           000000000040758E  Unknown               Unknown  Unknown
libc-2.28.so       000014D13F91F493  __libc_start_main     Unknown  Unknown
vasp_std           00000000004074A9  Unknown               Unknown  Unknown
forrtl: error (69): process interrupted (SIGINT)
Image              PC                Routine            Line        Source             
vasp_std           0000000001778ABE  Unknown               Unknown  Unknown
libpthread-2.28.s  000014EC12914C20  Unknown               Unknown  Unknown
libmpi.so.12.0     000014EC13024271  Unknown               Unknown  Unknown
libmpi.so.12       000014EC1301ED6E  PMPIDI_CH3I_Progr     Unknown  Unknown
libmpi.so.12       000014EC13131339  MPIC_Wait             Unknown  Unknown
libmpi.so.12       000014EC131310F8  MPIC_Sendrecv         Unknown  Unknown
libmpi.so.12       000014EC13003B81  MPIR_Barrier_intr     Unknown  Unknown
libmpi.so.12       000014EC13003537  I_MPIR_Barrier_in     Unknown  Unknown
libmpi.so.12       000014EC1300336C  MPIR_Barrier          Unknown  Unknown
libmpi.so.12       000014EC1300329C  MPIR_Barrier_impl     Unknown  Unknown
libmpi.so.12       000014EC1300513B  PMPI_Barrier          Unknown  Unknown
libmpifort.so.12.  000014EC136D2A1C  PMPI_BARRIER          Unknown  Unknown
vasp_std           0000000000EF1577  Unknown               Unknown  Unknown
vasp_std           000000000161C771  Unknown               Unknown  Unknown
vasp_std           00000000015F6996  Unknown               Unknown  Unknown
vasp_std           000000000040758E  Unknown               Unknown  Unknown
libc-2.28.so       000014EC121DE493  __libc_start_main     Unknown  Unknown
vasp_std           00000000004074A9  Unknown               Unknown  Unknown
forrtl: error (69): process interrupted (SIGINT)
Image              PC                Routine            Line        Source             
vasp_std           0000000001778ABE  Unknown               Unknown  Unknown
libpthread-2.28.s  00001537F544DC20  Unknown               Unknown  Unknown
libmpi.so.12.0     00001537F5B5D645  Unknown               Unknown  Unknown
libmpi.so.12       00001537F5B57D6E  PMPIDI_CH3I_Progr     Unknown  Unknown
libmpi.so.12       00001537F5C6A339  MPIC_Wait             Unknown  Unknown
libmpi.so.12       00001537F5C6A0F8  MPIC_Sendrecv         Unknown  Unknown
libmpi.so.12       00001537F5B3CB81  MPIR_Barrier_intr     Unknown  Unknown
libmpi.so.12       00001537F5B3C537  I_MPIR_Barrier_in     Unknown  Unknown
libmpi.so.12       00001537F5B3C36C  MPIR_Barrier          Unknown  Unknown
libmpi.so.12       00001537F5B3C29C  MPIR_Barrier_impl     Unknown  Unknown
libmpi.so.12       00001537F5B3E13B  PMPI_Barrier          Unknown  Unknown
libmpifort.so.12.  00001537F620BA1C  PMPI_BARRIER          Unknown  Unknown
vasp_std           0000000000EF1577  Unknown               Unknown  Unknown
vasp_std           000000000161C771  Unknown               Unknown  Unknown
vasp_std           00000000015F6996  Unknown               Unknown  Unknown
vasp_std           000000000040758E  Unknown               Unknown  Unknown
libc-2.28.so       00001537F4D17493  __libc_start_main     Unknown  Unknown
vasp_std           00000000004074A9  Unknown               Unknown  Unknown
forrtl: error (69): process interrupted (SIGINT)
Image              PC                Routine            Line        Source             
vasp_std           0000000001778ABE  Unknown               Unknown  Unknown
libpthread-2.28.s  000014B95FF24C20  Unknown               Unknown  Unknown
libmpi.so.12.0     000014B960634271  Unknown               Unknown  Unknown
libmpi.so.12       000014B96062ED6E  PMPIDI_CH3I_Progr     Unknown  Unknown
libmpi.so.12       000014B960741339  MPIC_Wait             Unknown  Unknown
libmpi.so.12       000014B9607410F8  MPIC_Sendrecv         Unknown  Unknown
libmpi.so.12       000014B960613B81  MPIR_Barrier_intr     Unknown  Unknown
libmpi.so.12       000014B960613537  I_MPIR_Barrier_in     Unknown  Unknown
libmpi.so.12       000014B96061336C  MPIR_Barrier          Unknown  Unknown
libmpi.so.12       000014B96061329C  MPIR_Barrier_impl     Unknown  Unknown
libmpi.so.12       000014B96061513B  PMPI_Barrier          Unknown  Unknown
libmpifort.so.12.  000014B960CE2A1C  PMPI_BARRIER          Unknown  Unknown
vasp_std           0000000000EF1577  Unknown               Unknown  Unknown
vasp_std           000000000161C771  Unknown               Unknown  Unknown
vasp_std           00000000015F6996  Unknown               Unknown  Unknown
vasp_std           000000000040758E  Unknown               Unknown  Unknown
libc-2.28.so       000014B95F7EE493  __libc_start_main     Unknown  Unknown
vasp_std           00000000004074A9  Unknown               Unknown  Unknown
forrtl: error (69): process interrupted (SIGINT)
Image              PC                Routine            Line        Source             
vasp_std           0000000001778ABE  Unknown               Unknown  Unknown
libpthread-2.28.s  000014A1849AEC20  Unknown               Unknown  Unknown
libmpi.so.12.0     000014A1850BE58B  Unknown               Unknown  Unknown
libmpi.so.12       000014A1850B8D6E  PMPIDI_CH3I_Progr     Unknown  Unknown
libmpi.so.12       000014A1851CB339  MPIC_Wait             Unknown  Unknown
libmpi.so.12       000014A1851CB0F8  MPIC_Sendrecv         Unknown  Unknown
libmpi.so.12       000014A18509DB81  MPIR_Barrier_intr     Unknown  Unknown
libmpi.so.12       000014A18509D537  I_MPIR_Barrier_in     Unknown  Unknown
libmpi.so.12       000014A18509D36C  MPIR_Barrier          Unknown  Unknown
libmpi.so.12       000014A18509D29C  MPIR_Barrier_impl     Unknown  Unknown
libmpi.so.12       000014A18509F13B  PMPI_Barrier          Unknown  Unknown
libmpifort.so.12.  000014A18576CA1C  PMPI_BARRIER          Unknown  Unknown
vasp_std           0000000000EF1577  Unknown               Unknown  Unknown
vasp_std           000000000161C771  Unknown               Unknown  Unknown
vasp_std           00000000015F6996  Unknown               Unknown  Unknown
vasp_std           000000000040758E  Unknown               Unknown  Unknown
libc-2.28.so       000014A184278493  __libc_start_main     Unknown  Unknown
vasp_std           00000000004074A9  Unknown               Unknown  Unknown
forrtl: error (69): process interrupted (SIGINT)
Image              PC                Routine            Line        Source             
vasp_std           0000000001778ABE  Unknown               Unknown  Unknown
libpthread-2.28.s  000015039EC76C20  Unknown               Unknown  Unknown
libmpi.so.12.0     000015039F3867FB  Unknown               Unknown  Unknown
libmpi.so.12       000015039F380D6E  PMPIDI_CH3I_Progr     Unknown  Unknown
libmpi.so.12       000015039F493339  MPIC_Wait             Unknown  Unknown
libmpi.so.12       000015039F4930F8  MPIC_Sendrecv         Unknown  Unknown
libmpi.so.12       000015039F365B81  MPIR_Barrier_intr     Unknown  Unknown
libmpi.so.12       000015039F365537  I_MPIR_Barrier_in     Unknown  Unknown
libmpi.so.12       000015039F36536C  MPIR_Barrier          Unknown  Unknown
libmpi.so.12       000015039F36529C  MPIR_Barrier_impl     Unknown  Unknown
libmpi.so.12       000015039F36713B  PMPI_Barrier          Unknown  Unknown
libmpifort.so.12.  000015039FA34A1C  PMPI_BARRIER          Unknown  Unknown
vasp_std           0000000000EF1577  Unknown               Unknown  Unknown
vasp_std           000000000161C771  Unknown               Unknown  Unknown
vasp_std           00000000015F6996  Unknown               Unknown  Unknown
vasp_std           000000000040758E  Unknown               Unknown  Unknown
libc-2.28.so       000015039E540493  __libc_start_main     Unknown  Unknown
vasp_std           00000000004074A9  Unknown               Unknown  Unknown
forrtl: error (69): process interrupted (SIGINT)
Image              PC                Routine            Line        Source             
vasp_std           0000000001778ABE  Unknown               Unknown  Unknown
libpthread-2.28.s  000014C6587F0C20  Unknown               Unknown  Unknown
libmpi.so.12.0     000014C658F00271  Unknown               Unknown  Unknown
libmpi.so.12       000014C658EFAD6E  PMPIDI_CH3I_Progr     Unknown  Unknown
libmpi.so.12       000014C65900D339  MPIC_Wait             Unknown  Unknown
libmpi.so.12       000014C65900D0F8  MPIC_Sendrecv         Unknown  Unknown
libmpi.so.12       000014C658EDFB81  MPIR_Barrier_intr     Unknown  Unknown
libmpi.so.12       000014C658EDF537  I_MPIR_Barrier_in     Unknown  Unknown
libmpi.so.12       000014C658EDF36C  MPIR_Barrier          Unknown  Unknown
libmpi.so.12       000014C658EDF29C  MPIR_Barrier_impl     Unknown  Unknown
libmpi.so.12       000014C658EE113B  PMPI_Barrier          Unknown  Unknown
libmpifort.so.12.  000014C6595AEA1C  PMPI_BARRIER          Unknown  Unknown
vasp_std           0000000000EF1577  Unknown               Unknown  Unknown
vasp_std           000000000161C771  Unknown               Unknown  Unknown
vasp_std           00000000015F6996  Unknown               Unknown  Unknown
vasp_std           000000000040758E  Unknown               Unknown  Unknown
libc-2.28.so       000014C6580BA493  __libc_start_main     Unknown  Unknown
vasp_std           00000000004074A9  Unknown               Unknown  Unknown
