forrtl: error (69): process interrupted (SIGINT)
Image              PC                Routine            Line        Source             
vasp_std           0000000001778ABE  Unknown               Unknown  Unknown
libpthread-2.28.s  0000153742D9CC20  Unknown               Unknown  Unknown
vasp_std           00000000006388BA  Unknown               Unknown  Unknown
vasp_std           000000000063A1D8  Unknown               Unknown  Unknown
vasp_std           00000000006699F9  Unknown               Unknown  Unknown
vasp_std           0000000000E8029D  Unknown               Unknown  Unknown
vasp_std           0000000000EF8360  Unknown               Unknown  Unknown
vasp_std           000000000161C771  Unknown               Unknown  Unknown
vasp_std           00000000015F6996  Unknown               Unknown  Unknown
vasp_std           000000000040758E  Unknown               Unknown  Unknown
libc-2.28.so       0000153742666493  __libc_start_main     Unknown  Unknown
vasp_std           00000000004074A9  Unknown               Unknown  Unknown
forrtl: error (69): process interrupted (SIGINT)
Image              PC                Routine            Line        Source             
vasp_std           0000000001778ABE  Unknown               Unknown  Unknown
libpthread-2.28.s  0000152F5A4B1C20  Unknown               Unknown  Unknown
vasp_std           00000000006388FA  Unknown               Unknown  Unknown
vasp_std           000000000063A1D8  Unknown               Unknown  Unknown
vasp_std           00000000006699F9  Unknown               Unknown  Unknown
vasp_std           0000000000E8029D  Unknown               Unknown  Unknown
vasp_std           0000000000EF8360  Unknown               Unknown  Unknown
vasp_std           000000000161C771  Unknown               Unknown  Unknown
vasp_std           00000000015F6996  Unknown               Unknown  Unknown
vasp_std           000000000040758E  Unknown               Unknown  Unknown
libc-2.28.so       0000152F59D7B493  __libc_start_main     Unknown  Unknown
vasp_std           00000000004074A9  Unknown               Unknown  Unknown
forrtl: error (69): process interrupted (SIGINT)
Image              PC                Routine            Line        Source             
vasp_std           0000000001778ABE  Unknown               Unknown  Unknown
libpthread-2.28.s  000014E749B95C20  Unknown               Unknown  Unknown
libmkl_avx512.so   000014E7411DCBAB  mkl_blas_avx512_d     Unknown  Unknown
forrtl: error (69): process interrupted (SIGINT)
Image              PC                Routine            Line        Source             
vasp_std           0000000001778ABE  Unknown               Unknown  Unknown
libpthread-2.28.s  0000149A9C9A9C20  Unknown               Unknown  Unknown
libmkl_avx512.so   0000149A93FF0AD6  mkl_blas_avx512_d     Unknown  Unknown
forrtl: error (69): process interrupted (SIGINT)
Image              PC                Routine            Line        Source             
vasp_std           0000000001778ABE  Unknown               Unknown  Unknown
libpthread-2.28.s  000014684B9F6C20  Unknown               Unknown  Unknown
libmkl_avx512.so   000014684303DC03  mkl_blas_avx512_d     Unknown  Unknown
forrtl: error (69): process interrupted (SIGINT)
Image              PC                Routine            Line        Source             
vasp_std           0000000001778ABE  Unknown               Unknown  Unknown
libpthread-2.28.s  00001543853DBC20  Unknown               Unknown  Unknown
libmkl_avx512.so   000015437CA22DD7  mkl_blas_avx512_d     Unknown  Unknown
forrtl: error (69): process interrupted (SIGINT)
Image              PC                Routine            Line        Source             
vasp_std           0000000001778ABE  Unknown               Unknown  Unknown
libpthread-2.28.s  000014D81313AC20  Unknown               Unknown  Unknown
libmkl_avx512.so   000014D80B0CD24E  mkl_dft_avx512_mg     Unknown  Unknown
libmkl_avx512.so   000014D80B08112C  Unknown               Unknown  Unknown
libmkl_intel_lp64  000014D81B248F27  DftiComputeForwar     Unknown  Unknown
libmkl_intel_lp64  000014D81B24EA1F  fftw_execute_dft      Unknown  Unknown
vasp_std           0000000001592B24  Unknown               Unknown  Unknown
vasp_std           000000000159397A  Unknown               Unknown  Unknown
vasp_std           00000000015944CF  Unknown               Unknown  Unknown
vasp_std           000000000066A032  Unknown               Unknown  Unknown
vasp_std           0000000000E8029D  Unknown               Unknown  Unknown
vasp_std           0000000000EF8360  Unknown               Unknown  Unknown
vasp_std           000000000161C771  Unknown               Unknown  Unknown
vasp_std           00000000015F6996  Unknown               Unknown  Unknown
vasp_std           000000000040758E  Unknown               Unknown  Unknown
libc-2.28.so       000014D812A04493  __libc_start_main     Unknown  Unknown
vasp_std           00000000004074A9  Unknown               Unknown  Unknown
forrtl: error (69): process interrupted (SIGINT)
Image              PC                Routine            Line        Source             
vasp_std           0000000001778ABE  Unknown               Unknown  Unknown
libpthread-2.28.s  00001500E2B9BC20  Unknown               Unknown  Unknown
libmkl_avx512.so   00001500DAB2E2A3  mkl_dft_avx512_mg     Unknown  Unknown
libmkl_avx512.so   00001500DAAE212C  Unknown               Unknown  Unknown
libmkl_intel_lp64  00001500EACA9F27  DftiComputeForwar     Unknown  Unknown
libmkl_intel_lp64  00001500EACAFA1F  fftw_execute_dft      Unknown  Unknown
vasp_std           0000000001592B24  Unknown               Unknown  Unknown
vasp_std           000000000159397A  Unknown               Unknown  Unknown
vasp_std           00000000015944CF  Unknown               Unknown  Unknown
vasp_std           000000000066A032  Unknown               Unknown  Unknown
vasp_std           0000000000E8029D  Unknown               Unknown  Unknown
vasp_std           0000000000EF8360  Unknown               Unknown  Unknown
vasp_std           000000000161C771  Unknown               Unknown  Unknown
vasp_std           00000000015F6996  Unknown               Unknown  Unknown
vasp_std           000000000040758E  Unknown               Unknown  Unknown
libc-2.28.so       00001500E2465493  __libc_start_main     Unknown  Unknown
vasp_std           00000000004074A9  Unknown               Unknown  Unknown
