forrtl: error (69): process interrupted (SIGINT)
Image              PC                Routine            Line        Source             
vasp_std           0000000001778ABE  Unknown               Unknown  Unknown
libpthread-2.28.s  00001459F3341C20  Unknown               Unknown  Unknown
libmkl_avx512.so   00001459EB4420FA  mkl_dft_avx512_co     Unknown  Unknown
libmkl_avx512.so   00001459EB2778E2  Unknown               Unknown  Unknown
libmkl_intel_lp64  00001459FB44F339  DftiComputeBackwa     Unknown  Unknown
libmkl_intel_lp64  00001459FB455A1F  fftw_execute_dft      Unknown  Unknown
vasp_std           0000000001592CA3  Unknown               Unknown  Unknown
vasp_std           000000000159397A  Unknown               Unknown  Unknown
vasp_std           0000000001593276  Unknown               Unknown  Unknown
vasp_std           000000000058F5A4  Unknown               Unknown  Unknown
vasp_std           0000000000E84338  Unknown               Unknown  Unknown
vasp_std           0000000000EF8360  Unknown               Unknown  Unknown
vasp_std           000000000161C771  Unknown               Unknown  Unknown
vasp_std           00000000015F6996  Unknown               Unknown  Unknown
vasp_std           000000000040758E  Unknown               Unknown  Unknown
libc-2.28.so       00001459F2C0B493  __libc_start_main     Unknown  Unknown
vasp_std           00000000004074A9  Unknown               Unknown  Unknown
forrtl: error (69): process interrupted (SIGINT)
Image              PC                Routine            Line        Source             
vasp_std           0000000001778ABE  Unknown               Unknown  Unknown
libpthread-2.28.s  000015311FC79C20  Unknown               Unknown  Unknown
libmkl_avx512.so   0000153117D7A0FA  mkl_dft_avx512_co     Unknown  Unknown
libmkl_avx512.so   0000153117BAF8E2  Unknown               Unknown  Unknown
libmkl_intel_lp64  0000153127D87339  DftiComputeBackwa     Unknown  Unknown
libmkl_intel_lp64  0000153127D8DA1F  fftw_execute_dft      Unknown  Unknown
vasp_std           0000000001592CA3  Unknown               Unknown  Unknown
vasp_std           000000000159397A  Unknown               Unknown  Unknown
vasp_std           0000000001593276  Unknown               Unknown  Unknown
vasp_std           000000000058F5A4  Unknown               Unknown  Unknown
vasp_std           0000000000E84338  Unknown               Unknown  Unknown
vasp_std           0000000000EF8360  Unknown               Unknown  Unknown
vasp_std           000000000161C771  Unknown               Unknown  Unknown
vasp_std           00000000015F6996  Unknown               Unknown  Unknown
vasp_std           000000000040758E  Unknown               Unknown  Unknown
libc-2.28.so       000015311F543493  __libc_start_main     Unknown  Unknown
vasp_std           00000000004074A9  Unknown               Unknown  Unknown
forrtl: error (69): process interrupted (SIGINT)
Image              PC                Routine            Line        Source             
vasp_std           0000000001778ABE  Unknown               Unknown  Unknown
libpthread-2.28.s  000014F247AB4C20  Unknown               Unknown  Unknown
libmkl_avx512.so   000014F23FBB512A  mkl_dft_avx512_co     Unknown  Unknown
libmkl_avx512.so   000014F23F9EA8E2  Unknown               Unknown  Unknown
libmkl_intel_lp64  000014F24FBC2339  DftiComputeBackwa     Unknown  Unknown
libmkl_intel_lp64  000014F24FBC8A1F  fftw_execute_dft      Unknown  Unknown
vasp_std           0000000001592CA3  Unknown               Unknown  Unknown
vasp_std           000000000159397A  Unknown               Unknown  Unknown
vasp_std           0000000001593276  Unknown               Unknown  Unknown
vasp_std           000000000058F5A4  Unknown               Unknown  Unknown
vasp_std           0000000000E84338  Unknown               Unknown  Unknown
vasp_std           0000000000EF8360  Unknown               Unknown  Unknown
vasp_std           000000000161C771  Unknown               Unknown  Unknown
vasp_std           00000000015F6996  Unknown               Unknown  Unknown
vasp_std           000000000040758E  Unknown               Unknown  Unknown
libc-2.28.so       000014F24737E493  __libc_start_main     Unknown  Unknown
vasp_std           00000000004074A9  Unknown               Unknown  Unknown
forrtl: error (69): process interrupted (SIGINT)
Image              PC                Routine            Line        Source             
vasp_std           0000000001778ABE  Unknown               Unknown  Unknown
libpthread-2.28.s  00001520D2C98C20  Unknown               Unknown  Unknown
libmkl_avx512.so   00001520CAD99108  mkl_dft_avx512_co     Unknown  Unknown
libmkl_avx512.so   00001520CABCE8E2  Unknown               Unknown  Unknown
libmkl_intel_lp64  00001520DADA6339  DftiComputeBackwa     Unknown  Unknown
libmkl_intel_lp64  00001520DADACA1F  fftw_execute_dft      Unknown  Unknown
vasp_std           0000000001592CA3  Unknown               Unknown  Unknown
vasp_std           000000000159397A  Unknown               Unknown  Unknown
vasp_std           0000000001593276  Unknown               Unknown  Unknown
vasp_std           000000000058F5A4  Unknown               Unknown  Unknown
vasp_std           0000000000E84338  Unknown               Unknown  Unknown
vasp_std           0000000000EF8360  Unknown               Unknown  Unknown
vasp_std           000000000161C771  Unknown               Unknown  Unknown
vasp_std           00000000015F6996  Unknown               Unknown  Unknown
vasp_std           000000000040758E  Unknown               Unknown  Unknown
libc-2.28.so       00001520D2562493  __libc_start_main     Unknown  Unknown
vasp_std           00000000004074A9  Unknown               Unknown  Unknown
forrtl: error (69): process interrupted (SIGINT)
Image              PC                Routine            Line        Source             
vasp_std           0000000001778ABE  Unknown               Unknown  Unknown
libpthread-2.28.s  000014CA93EA3C20  Unknown               Unknown  Unknown
libmkl_avx512.so   000014CA8C0D485C  mkl_dft_avx512_co     Unknown  Unknown
libmkl_avx512.so   000014CA8BDD8EA1  Unknown               Unknown  Unknown
libmkl_intel_lp64  000014CA9BFB1339  DftiComputeBackwa     Unknown  Unknown
libmkl_intel_lp64  000014CA9BFB7A1F  fftw_execute_dft      Unknown  Unknown
vasp_std           0000000001592CA3  Unknown               Unknown  Unknown
vasp_std           000000000159397A  Unknown               Unknown  Unknown
vasp_std           0000000001593276  Unknown               Unknown  Unknown
vasp_std           000000000058F5A4  Unknown               Unknown  Unknown
vasp_std           0000000000E84338  Unknown               Unknown  Unknown
vasp_std           0000000000EF8360  Unknown               Unknown  Unknown
vasp_std           000000000161C771  Unknown               Unknown  Unknown
vasp_std           00000000015F6996  Unknown               Unknown  Unknown
vasp_std           000000000040758E  Unknown               Unknown  Unknown
libc-2.28.so       000014CA9376D493  __libc_start_main     Unknown  Unknown
vasp_std           00000000004074A9  Unknown               Unknown  Unknown
forrtl: error (69): process interrupted (SIGINT)
Image              PC                Routine            Line        Source             
vasp_std           0000000001778ABE  Unknown               Unknown  Unknown
libpthread-2.28.s  0000148287986C20  Unknown               Unknown  Unknown
libmkl_avx512.so   000014827F8BBE56  Unknown               Unknown  Unknown
libmkl_intel_lp64  000014828FA94339  DftiComputeBackwa     Unknown  Unknown
libmkl_intel_lp64  000014828FA9AA1F  fftw_execute_dft      Unknown  Unknown
vasp_std           0000000001592CA3  Unknown               Unknown  Unknown
vasp_std           000000000159397A  Unknown               Unknown  Unknown
vasp_std           0000000001593276  Unknown               Unknown  Unknown
vasp_std           000000000058F5A4  Unknown               Unknown  Unknown
vasp_std           0000000000E84338  Unknown               Unknown  Unknown
vasp_std           0000000000EF8360  Unknown               Unknown  Unknown
vasp_std           000000000161C771  Unknown               Unknown  Unknown
vasp_std           00000000015F6996  Unknown               Unknown  Unknown
vasp_std           000000000040758E  Unknown               Unknown  Unknown
libc-2.28.so       0000148287250493  __libc_start_main     Unknown  Unknown
vasp_std           00000000004074A9  Unknown               Unknown  Unknown
forrtl: error (69): process interrupted (SIGINT)
Image              PC                Routine            Line        Source             
vasp_std           0000000001778ABE  Unknown               Unknown  Unknown
libpthread-2.28.s  0000148F5CDA3C20  Unknown               Unknown  Unknown
libmkl_avx512.so   0000148F54EA410F  mkl_dft_avx512_co     Unknown  Unknown
libmkl_avx512.so   0000148F54CD98E2  Unknown               Unknown  Unknown
libmkl_intel_lp64  0000148F64EB1339  DftiComputeBackwa     Unknown  Unknown
libmkl_intel_lp64  0000148F64EB7A1F  fftw_execute_dft      Unknown  Unknown
vasp_std           0000000001592CA3  Unknown               Unknown  Unknown
vasp_std           000000000159397A  Unknown               Unknown  Unknown
vasp_std           0000000001593276  Unknown               Unknown  Unknown
vasp_std           000000000058F5A4  Unknown               Unknown  Unknown
vasp_std           0000000000E84338  Unknown               Unknown  Unknown
vasp_std           0000000000EF8360  Unknown               Unknown  Unknown
vasp_std           000000000161C771  Unknown               Unknown  Unknown
vasp_std           00000000015F6996  Unknown               Unknown  Unknown
vasp_std           000000000040758E  Unknown               Unknown  Unknown
libc-2.28.so       0000148F5C66D493  __libc_start_main     Unknown  Unknown
vasp_std           00000000004074A9  Unknown               Unknown  Unknown
forrtl: error (69): process interrupted (SIGINT)
Image              PC                Routine            Line        Source             
vasp_std           0000000001778ABE  Unknown               Unknown  Unknown
libpthread-2.28.s  0000154842BC2C20  Unknown               Unknown  Unknown
libmkl_avx512.so   000015483ACC30FA  mkl_dft_avx512_co     Unknown  Unknown
libmkl_avx512.so   000015483AAF88E2  Unknown               Unknown  Unknown
libmkl_intel_lp64  000015484ACD0339  DftiComputeBackwa     Unknown  Unknown
libmkl_intel_lp64  000015484ACD6A1F  fftw_execute_dft      Unknown  Unknown
vasp_std           0000000001592CA3  Unknown               Unknown  Unknown
vasp_std           000000000159397A  Unknown               Unknown  Unknown
vasp_std           0000000001593276  Unknown               Unknown  Unknown
vasp_std           000000000058F5A4  Unknown               Unknown  Unknown
vasp_std           0000000000E84338  Unknown               Unknown  Unknown
vasp_std           0000000000EF8360  Unknown               Unknown  Unknown
vasp_std           000000000161C771  Unknown               Unknown  Unknown
vasp_std           00000000015F6996  Unknown               Unknown  Unknown
vasp_std           000000000040758E  Unknown               Unknown  Unknown
libc-2.28.so       000015484248C493  __libc_start_main     Unknown  Unknown
vasp_std           00000000004074A9  Unknown               Unknown  Unknown
